[0.041s] Invoking command in '/home/acl3-ubuntu/holohover_ws/src/holohover/build/holohover_msgs': CMAKE_PREFIX_PATH=${CMAKE_PREFIX_PATH}:/opt/ros/humble /usr/bin/cmake /home/acl3-ubuntu/holohover_ws/src/holohover/holohover_msgs -DCMAKE_INSTALL_PREFIX=/home/acl3-ubuntu/holohover_ws/src/holohover/install/holohover_msgs
[0.160s] -- The C compiler identification is GNU 11.3.0
[0.261s] -- The CXX compiler identification is GNU 11.3.0
[0.271s] -- Detecting C compiler ABI info
[0.403s] -- Detecting C compiler ABI info - done
[0.418s] -- Check for working C compiler: /usr/bin/cc - skipped
[0.419s] -- Detecting C compile features
[0.419s] -- Detecting C compile features - done
[0.425s] -- Detecting CXX compiler ABI info
[0.572s] -- Detecting CXX compiler ABI info - done
[0.594s] -- Check for working CXX compiler: /usr/bin/c++ - skipped
[0.595s] -- Detecting CXX compile features
[0.596s] -- Detecting CXX compile features - done
[0.604s] -- Found ament_cmake: 1.3.3 (/opt/ros/humble/share/ament_cmake/cmake)
[0.911s] -- Found Python3: /usr/bin/python3.10 (found version "3.10.6") found components: Interpreter 
[1.091s] -- Found ament_lint_auto: 0.12.5 (/opt/ros/humble/share/ament_lint_auto/cmake)
[1.242s] -- Found rosidl_default_generators: 1.2.0 (/opt/ros/humble/share/rosidl_default_generators/cmake)
[1.254s] -- Using all available rosidl_typesupport_c: rosidl_typesupport_fastrtps_c;rosidl_typesupport_introspection_c
[1.272s] -- Found rosidl_adapter: 3.1.4 (/opt/ros/humble/share/rosidl_adapter/cmake)
[1.358s] -- Using all available rosidl_typesupport_cpp: rosidl_typesupport_fastrtps_cpp;rosidl_typesupport_introspection_cpp
[1.438s] -- Found std_msgs: 4.2.3 (/opt/ros/humble/share/std_msgs/cmake)
[1.550s] -- Found geometry_msgs: 4.2.3 (/opt/ros/humble/share/geometry_msgs/cmake)
[2.289s] -- Found ament_cmake_ros: 0.10.0 (/opt/ros/humble/share/ament_cmake_ros/cmake)
[2.968s] -- Using all available rosidl_typesupport_c: rosidl_typesupport_fastrtps_c;rosidl_typesupport_introspection_c
[4.371s] -- Using all available rosidl_typesupport_cpp: rosidl_typesupport_fastrtps_cpp;rosidl_typesupport_introspection_cpp
[4.530s] -- Found PythonInterp: /usr/bin/python3 (found suitable version "3.10.6", minimum required is "3.6") 
[4.536s] -- Found python_cmake_module: 0.10.0 (/opt/ros/humble/share/python_cmake_module/cmake)
[4.697s] -- Found PythonLibs: /usr/lib/x86_64-linux-gnu/libpython3.10.so (found suitable version "3.10.6", minimum required is "3.5") 
[4.697s] -- Using PYTHON_EXECUTABLE: /usr/bin/python3
[4.697s] -- Using PYTHON_INCLUDE_DIRS: /usr/include/python3.10
[4.697s] -- Using PYTHON_LIBRARIES: /usr/lib/x86_64-linux-gnu/libpython3.10.so
[4.775s] -- Found PythonExtra: .so  
[5.208s] -- Added test 'copyright' to check source files copyright and LICENSE
[5.213s] -- Added test 'lint_cmake' to check CMake code style
[5.215s] -- Added test 'xmllint' to check XML markup files
[5.244s] -- Configuring done
[5.396s] -- Generating done
[5.400s] -- Build files have been written to: /home/acl3-ubuntu/holohover_ws/src/holohover/build/holohover_msgs
[5.422s] Invoked command in '/home/acl3-ubuntu/holohover_ws/src/holohover/build/holohover_msgs' returned '0': CMAKE_PREFIX_PATH=${CMAKE_PREFIX_PATH}:/opt/ros/humble /usr/bin/cmake /home/acl3-ubuntu/holohover_ws/src/holohover/holohover_msgs -DCMAKE_INSTALL_PREFIX=/home/acl3-ubuntu/holohover_ws/src/holohover/install/holohover_msgs
[5.422s] Invoking command in '/home/acl3-ubuntu/holohover_ws/src/holohover/build/holohover_msgs': CMAKE_PREFIX_PATH=${CMAKE_PREFIX_PATH}:/opt/ros/humble /usr/bin/cmake --build /home/acl3-ubuntu/holohover_ws/src/holohover/build/holohover_msgs -- -j8 -l8
[7.920s] [  1%] [34m[1mGenerating C code for ROS interfaces[0m
[7.920s] [  3%] [34m[1mGenerating C++ code for ROS interfaces[0m
[7.920s] [  3%] Built target ament_cmake_python_copy_holohover_msgs
[8.072s] running egg_info
[8.082s] creating holohover_msgs.egg-info
[8.082s] writing holohover_msgs.egg-info/PKG-INFO
[8.082s] writing dependency_links to holohover_msgs.egg-info/dependency_links.txt
[8.086s] writing top-level names to holohover_msgs.egg-info/top_level.txt
[8.086s] writing manifest file 'holohover_msgs.egg-info/SOURCES.txt'
[8.111s] reading manifest file 'holohover_msgs.egg-info/SOURCES.txt'
[8.116s] writing manifest file 'holohover_msgs.egg-info/SOURCES.txt'
[8.483s] [  4%] [32mBuilding C object CMakeFiles/holohover_msgs__rosidl_generator_c.dir/rosidl_generator_c/holohover_msgs/msg/detail/attitude__functions.c.o[0m
[8.524s] [  4%] Built target ament_cmake_python_build_holohover_msgs_egg
[8.528s] [  6%] [32mBuilding C object CMakeFiles/holohover_msgs__rosidl_generator_c.dir/rosidl_generator_c/holohover_msgs/msg/detail/holohover_imu_stamped__functions.c.o[0m
[8.560s] [  7%] [32mBuilding C object CMakeFiles/holohover_msgs__rosidl_generator_c.dir/rosidl_generator_c/holohover_msgs/msg/detail/holohover_control_stamped__functions.c.o[0m
[8.563s] [  9%] [32mBuilding C object CMakeFiles/holohover_msgs__rosidl_generator_c.dir/rosidl_generator_c/holohover_msgs/msg/detail/holohover_mouse_stamped__functions.c.o[0m
[8.567s] [ 11%] [32mBuilding C object CMakeFiles/holohover_msgs__rosidl_generator_c.dir/rosidl_generator_c/holohover_msgs/msg/detail/holohover_state_stamped__functions.c.o[0m
[9.140s] [ 12%] [32m[1mLinking C shared library libholohover_msgs__rosidl_generator_c.so[0m
[9.276s] [ 12%] Built target holohover_msgs__cpp
[9.339s] [ 14%] [34m[1mGenerating C++ type support for eProsima Fast-RTPS[0m
[9.372s] [ 15%] [34m[1mGenerating C++ type support dispatch for ROS interfaces[0m
[9.472s] [ 17%] [34m[1mGenerating C++ introspection for ROS interfaces[0m
[9.472s] [ 17%] Built target holohover_msgs__rosidl_generator_c
[9.559s] [ 19%] [34m[1mGenerating C type support for eProsima Fast-RTPS[0m
[9.603s] [ 20%] [34m[1mGenerating C introspection for ROS interfaces[0m
[9.603s] [ 22%] [34m[1mGenerating C type support dispatch for ROS interfaces[0m
[11.191s] [ 23%] [32mBuilding CXX object CMakeFiles/holohover_msgs__rosidl_typesupport_introspection_cpp.dir/rosidl_typesupport_introspection_cpp/holohover_msgs/msg/detail/holohover_imu_stamped__type_support.cpp.o[0m
[11.202s] [ 25%] [32mBuilding CXX object CMakeFiles/holohover_msgs__rosidl_typesupport_introspection_cpp.dir/rosidl_typesupport_introspection_cpp/holohover_msgs/msg/detail/attitude__type_support.cpp.o[0m
[11.216s] [ 26%] [32mBuilding CXX object CMakeFiles/holohover_msgs__rosidl_typesupport_introspection_cpp.dir/rosidl_typesupport_introspection_cpp/holohover_msgs/msg/detail/holohover_mouse_stamped__type_support.cpp.o[0m
[12.343s] [ 28%] [32mBuilding CXX object CMakeFiles/holohover_msgs__rosidl_typesupport_cpp.dir/rosidl_typesupport_cpp/holohover_msgs/msg/attitude__type_support.cpp.o[0m
[13.180s] [ 30%] [32mBuilding CXX object CMakeFiles/holohover_msgs__rosidl_typesupport_c.dir/rosidl_typesupport_c/holohover_msgs/msg/attitude__type_support.cpp.o[0m
[13.471s] [ 31%] [32mBuilding CXX object CMakeFiles/holohover_msgs__rosidl_typesupport_fastrtps_cpp.dir/rosidl_typesupport_fastrtps_cpp/holohover_msgs/msg/detail/dds_fastrtps/attitude__type_support.cpp.o[0m
[13.531s] [ 33%] [32mBuilding CXX object CMakeFiles/holohover_msgs__rosidl_typesupport_c.dir/rosidl_typesupport_c/holohover_msgs/msg/holohover_imu_stamped__type_support.cpp.o[0m
[13.784s] [ 34%] [32mBuilding CXX object CMakeFiles/holohover_msgs__rosidl_typesupport_cpp.dir/rosidl_typesupport_cpp/holohover_msgs/msg/holohover_imu_stamped__type_support.cpp.o[0m
[13.806s] [ 36%] [32mBuilding CXX object CMakeFiles/holohover_msgs__rosidl_typesupport_c.dir/rosidl_typesupport_c/holohover_msgs/msg/holohover_mouse_stamped__type_support.cpp.o[0m
[13.838s] [ 38%] [32mBuilding CXX object CMakeFiles/holohover_msgs__rosidl_typesupport_introspection_cpp.dir/rosidl_typesupport_introspection_cpp/holohover_msgs/msg/detail/holohover_control_stamped__type_support.cpp.o[0m
[14.092s] [ 39%] [32mBuilding CXX object CMakeFiles/holohover_msgs__rosidl_typesupport_c.dir/rosidl_typesupport_c/holohover_msgs/msg/holohover_control_stamped__type_support.cpp.o[0m
[14.200s] [ 41%] [32mBuilding CXX object CMakeFiles/holohover_msgs__rosidl_typesupport_fastrtps_c.dir/rosidl_typesupport_fastrtps_c/holohover_msgs/msg/detail/attitude__type_support_c.cpp.o[0m
[14.223s] [ 42%] [32mBuilding C object CMakeFiles/holohover_msgs__rosidl_typesupport_introspection_c.dir/rosidl_typesupport_introspection_c/holohover_msgs/msg/detail/attitude__type_support.c.o[0m
[14.291s] [ 44%] [32mBuilding CXX object CMakeFiles/holohover_msgs__rosidl_typesupport_cpp.dir/rosidl_typesupport_cpp/holohover_msgs/msg/holohover_mouse_stamped__type_support.cpp.o[0m
[14.343s] [ 46%] [32mBuilding CXX object CMakeFiles/holohover_msgs__rosidl_typesupport_c.dir/rosidl_typesupport_c/holohover_msgs/msg/holohover_state_stamped__type_support.cpp.o[0m
[14.405s] [ 47%] [32mBuilding CXX object CMakeFiles/holohover_msgs__rosidl_typesupport_fastrtps_c.dir/rosidl_typesupport_fastrtps_c/holohover_msgs/msg/detail/holohover_imu_stamped__type_support_c.cpp.o[0m
[14.438s] [ 49%] [32mBuilding C object CMakeFiles/holohover_msgs__rosidl_typesupport_introspection_c.dir/rosidl_typesupport_introspection_c/holohover_msgs/msg/detail/holohover_imu_stamped__type_support.c.o[0m
[14.496s] [ 50%] [32m[1mLinking CXX shared library libholohover_msgs__rosidl_typesupport_c.so[0m
[14.604s] [ 52%] [32mBuilding C object CMakeFiles/holohover_msgs__rosidl_typesupport_introspection_c.dir/rosidl_typesupport_introspection_c/holohover_msgs/msg/detail/holohover_mouse_stamped__type_support.c.o[0m
[14.774s] [ 53%] [32mBuilding C object CMakeFiles/holohover_msgs__rosidl_typesupport_introspection_c.dir/rosidl_typesupport_introspection_c/holohover_msgs/msg/detail/holohover_control_stamped__type_support.c.o[0m
[14.802s] [ 55%] [32mBuilding C object CMakeFiles/holohover_msgs__rosidl_typesupport_introspection_c.dir/rosidl_typesupport_introspection_c/holohover_msgs/msg/detail/holohover_state_stamped__type_support.c.o[0m
[14.928s] [ 55%] Built target holohover_msgs__rosidl_typesupport_c
[14.963s] [ 57%] [32m[1mLinking C shared library libholohover_msgs__rosidl_typesupport_introspection_c.so[0m
[14.977s] [ 58%] [32mBuilding CXX object CMakeFiles/holohover_msgs__rosidl_typesupport_fastrtps_cpp.dir/rosidl_typesupport_fastrtps_cpp/holohover_msgs/msg/detail/dds_fastrtps/holohover_imu_stamped__type_support.cpp.o[0m
[15.035s] [ 60%] [32mBuilding CXX object CMakeFiles/holohover_msgs__rosidl_typesupport_cpp.dir/rosidl_typesupport_cpp/holohover_msgs/msg/holohover_control_stamped__type_support.cpp.o[0m
[15.037s] [ 61%] [32mBuilding CXX object CMakeFiles/holohover_msgs__rosidl_typesupport_cpp.dir/rosidl_typesupport_cpp/holohover_msgs/msg/holohover_state_stamped__type_support.cpp.o[0m
[15.323s] [ 61%] Built target holohover_msgs__rosidl_typesupport_introspection_c
[15.387s] [ 63%] [32mBuilding CXX object CMakeFiles/holohover_msgs__rosidl_typesupport_fastrtps_cpp.dir/rosidl_typesupport_fastrtps_cpp/holohover_msgs/msg/detail/dds_fastrtps/holohover_mouse_stamped__type_support.cpp.o[0m
[15.475s] [ 65%] [32mBuilding CXX object CMakeFiles/holohover_msgs__rosidl_typesupport_introspection_cpp.dir/rosidl_typesupport_introspection_cpp/holohover_msgs/msg/detail/holohover_state_stamped__type_support.cpp.o[0m
[16.803s] [ 66%] [32mBuilding CXX object CMakeFiles/holohover_msgs__rosidl_typesupport_fastrtps_cpp.dir/rosidl_typesupport_fastrtps_cpp/holohover_msgs/msg/detail/dds_fastrtps/holohover_control_stamped__type_support.cpp.o[0m
[16.989s] [ 68%] [32mBuilding CXX object CMakeFiles/holohover_msgs__rosidl_typesupport_fastrtps_cpp.dir/rosidl_typesupport_fastrtps_cpp/holohover_msgs/msg/detail/dds_fastrtps/holohover_state_stamped__type_support.cpp.o[0m
[17.222s] [ 69%] [32mBuilding CXX object CMakeFiles/holohover_msgs__rosidl_typesupport_fastrtps_c.dir/rosidl_typesupport_fastrtps_c/holohover_msgs/msg/detail/holohover_mouse_stamped__type_support_c.cpp.o[0m
[17.228s] [ 71%] [32m[1mLinking CXX shared library libholohover_msgs__rosidl_typesupport_cpp.so[0m
[17.272s] [ 73%] [32mBuilding CXX object CMakeFiles/holohover_msgs__rosidl_typesupport_fastrtps_c.dir/rosidl_typesupport_fastrtps_c/holohover_msgs/msg/detail/holohover_control_stamped__type_support_c.cpp.o[0m
[17.469s] [ 73%] Built target holohover_msgs__rosidl_typesupport_cpp
[17.602s] [ 74%] [32mBuilding CXX object CMakeFiles/holohover_msgs__rosidl_typesupport_fastrtps_c.dir/rosidl_typesupport_fastrtps_c/holohover_msgs/msg/detail/holohover_state_stamped__type_support_c.cpp.o[0m
[18.001s] [ 76%] [32m[1mLinking CXX shared library libholohover_msgs__rosidl_typesupport_introspection_cpp.so[0m
[18.164s] [ 76%] Built target holohover_msgs__rosidl_typesupport_introspection_cpp
[19.587s] [ 77%] [32m[1mLinking CXX shared library libholohover_msgs__rosidl_typesupport_fastrtps_c.so[0m
[19.665s] [ 79%] [32m[1mLinking CXX shared library libholohover_msgs__rosidl_typesupport_fastrtps_cpp.so[0m
[19.824s] [ 79%] Built target holohover_msgs__rosidl_typesupport_fastrtps_c
[19.985s] [ 79%] Built target holohover_msgs__rosidl_typesupport_fastrtps_cpp
[20.022s] [ 79%] Built target holohover_msgs
[20.155s] [ 80%] [34m[1mGenerating Python code for ROS interfaces[0m
[22.902s] [ 80%] Built target holohover_msgs__py
[23.007s] [ 82%] [32mBuilding C object CMakeFiles/holohover_msgs__rosidl_generator_py.dir/rosidl_generator_py/holohover_msgs/msg/_attitude_s.c.o[0m
[23.340s] [ 84%] [32mBuilding C object CMakeFiles/holohover_msgs__rosidl_generator_py.dir/rosidl_generator_py/holohover_msgs/msg/_holohover_state_stamped_s.c.o[0m
[23.615s] [ 85%] [32mBuilding C object CMakeFiles/holohover_msgs__rosidl_generator_py.dir/rosidl_generator_py/holohover_msgs/msg/_holohover_control_stamped_s.c.o[0m
[23.876s] [ 87%] [32mBuilding C object CMakeFiles/holohover_msgs__rosidl_generator_py.dir/rosidl_generator_py/holohover_msgs/msg/_holohover_mouse_stamped_s.c.o[0m
[24.149s] [ 88%] [32mBuilding C object CMakeFiles/holohover_msgs__rosidl_generator_py.dir/rosidl_generator_py/holohover_msgs/msg/_holohover_imu_stamped_s.c.o[0m
[24.405s] [ 90%] [32m[1mLinking C shared library rosidl_generator_py/holohover_msgs/libholohover_msgs__rosidl_generator_py.so[0m
[24.531s] [ 90%] Built target holohover_msgs__rosidl_generator_py
[24.579s] [ 92%] [32mBuilding C object CMakeFiles/holohover_msgs__rosidl_typesupport_fastrtps_c__pyext.dir/rosidl_generator_py/holohover_msgs/_holohover_msgs_s.ep.rosidl_typesupport_fastrtps_c.c.o[0m
[24.959s] [ 93%] [32m[1mLinking C shared library rosidl_generator_py/holohover_msgs/holohover_msgs_s__rosidl_typesupport_fastrtps_c.cpython-310-x86_64-linux-gnu.so[0m
[25.139s] [ 93%] Built target holohover_msgs__rosidl_typesupport_fastrtps_c__pyext
[25.202s] [ 95%] [32mBuilding C object CMakeFiles/holohover_msgs__rosidl_typesupport_c__pyext.dir/rosidl_generator_py/holohover_msgs/_holohover_msgs_s.ep.rosidl_typesupport_c.c.o[0m
[25.402s] [ 96%] [32m[1mLinking C shared library rosidl_generator_py/holohover_msgs/holohover_msgs_s__rosidl_typesupport_c.cpython-310-x86_64-linux-gnu.so[0m
[25.469s] [ 96%] Built target holohover_msgs__rosidl_typesupport_c__pyext
[25.495s] [ 98%] [32mBuilding C object CMakeFiles/holohover_msgs__rosidl_typesupport_introspection_c__pyext.dir/rosidl_generator_py/holohover_msgs/_holohover_msgs_s.ep.rosidl_typesupport_introspection_c.c.o[0m
[25.659s] [100%] [32m[1mLinking C shared library rosidl_generator_py/holohover_msgs/holohover_msgs_s__rosidl_typesupport_introspection_c.cpython-310-x86_64-linux-gnu.so[0m
[25.730s] [100%] Built target holohover_msgs__rosidl_typesupport_introspection_c__pyext
[25.760s] Invoked command in '/home/acl3-ubuntu/holohover_ws/src/holohover/build/holohover_msgs' returned '0': CMAKE_PREFIX_PATH=${CMAKE_PREFIX_PATH}:/opt/ros/humble /usr/bin/cmake --build /home/acl3-ubuntu/holohover_ws/src/holohover/build/holohover_msgs -- -j8 -l8
[26.180s] Invoking command in '/home/acl3-ubuntu/holohover_ws/src/holohover/build/holohover_msgs': CMAKE_PREFIX_PATH=${CMAKE_PREFIX_PATH}:/opt/ros/humble /usr/bin/cmake --install /home/acl3-ubuntu/holohover_ws/src/holohover/build/holohover_msgs
[26.217s] -- Install configuration: ""
[26.217s] -- Installing: /home/acl3-ubuntu/holohover_ws/src/holohover/install/holohover_msgs/share/ament_index/resource_index/rosidl_interfaces/holohover_msgs
[26.217s] -- Up-to-date: /home/acl3-ubuntu/holohover_ws/src/holohover/install/holohover_msgs/include/holohover_msgs/holohover_msgs
[26.218s] -- Up-to-date: /home/acl3-ubuntu/holohover_ws/src/holohover/install/holohover_msgs/include/holohover_msgs/holohover_msgs/msg
[26.218s] -- Installing: /home/acl3-ubuntu/holohover_ws/src/holohover/install/holohover_msgs/include/holohover_msgs/holohover_msgs/msg/rosidl_generator_c__visibility_control.h
[26.218s] -- Installing: /home/acl3-ubuntu/holohover_ws/src/holohover/install/holohover_msgs/include/holohover_msgs/holohover_msgs/msg/holohover_control_stamped.h
[26.218s] -- Up-to-date: /home/acl3-ubuntu/holohover_ws/src/holohover/install/holohover_msgs/include/holohover_msgs/holohover_msgs/msg/detail
[26.218s] -- Installing: /home/acl3-ubuntu/holohover_ws/src/holohover/install/holohover_msgs/include/holohover_msgs/holohover_msgs/msg/detail/holohover_imu_stamped__type_support.h
[26.218s] -- Installing: /home/acl3-ubuntu/holohover_ws/src/holohover/install/holohover_msgs/include/holohover_msgs/holohover_msgs/msg/detail/holohover_imu_stamped__struct.h
[26.218s] -- Installing: /home/acl3-ubuntu/holohover_ws/src/holohover/install/holohover_msgs/include/holohover_msgs/holohover_msgs/msg/detail/attitude__struct.h
[26.218s] -- Installing: /home/acl3-ubuntu/holohover_ws/src/holohover/install/holohover_msgs/include/holohover_msgs/holohover_msgs/msg/detail/holohover_mouse_stamped__type_support.h
[26.219s] -- Installing: /home/acl3-ubuntu/holohover_ws/src/holohover/install/holohover_msgs/include/holohover_msgs/holohover_msgs/msg/detail/holohover_control_stamped__struct.h
[26.219s] -- Installing: /home/acl3-ubuntu/holohover_ws/src/holohover/install/holohover_msgs/include/holohover_msgs/holohover_msgs/msg/detail/holohover_imu_stamped__functions.c
[26.219s] -- Installing: /home/acl3-ubuntu/holohover_ws/src/holohover/install/holohover_msgs/include/holohover_msgs/holohover_msgs/msg/detail/attitude__functions.c
[26.219s] -- Installing: /home/acl3-ubuntu/holohover_ws/src/holohover/install/holohover_msgs/include/holohover_msgs/holohover_msgs/msg/detail/holohover_mouse_stamped__struct.h
[26.219s] -- Installing: /home/acl3-ubuntu/holohover_ws/src/holohover/install/holohover_msgs/include/holohover_msgs/holohover_msgs/msg/detail/holohover_imu_stamped__functions.h
[26.219s] -- Installing: /home/acl3-ubuntu/holohover_ws/src/holohover/install/holohover_msgs/include/holohover_msgs/holohover_msgs/msg/detail/holohover_state_stamped__struct.h
[26.219s] -- Installing: /home/acl3-ubuntu/holohover_ws/src/holohover/install/holohover_msgs/include/holohover_msgs/holohover_msgs/msg/detail/holohover_control_stamped__functions.c
[26.219s] -- Installing: /home/acl3-ubuntu/holohover_ws/src/holohover/install/holohover_msgs/include/holohover_msgs/holohover_msgs/msg/detail/attitude__type_support.h
[26.219s] -- Installing: /home/acl3-ubuntu/holohover_ws/src/holohover/install/holohover_msgs/include/holohover_msgs/holohover_msgs/msg/detail/holohover_mouse_stamped__functions.c
[26.219s] -- Installing: /home/acl3-ubuntu/holohover_ws/src/holohover/install/holohover_msgs/include/holohover_msgs/holohover_msgs/msg/detail/holohover_mouse_stamped__functions.h
[26.220s] -- Installing: /home/acl3-ubuntu/holohover_ws/src/holohover/install/holohover_msgs/include/holohover_msgs/holohover_msgs/msg/detail/holohover_control_stamped__functions.h
[26.220s] -- Installing: /home/acl3-ubuntu/holohover_ws/src/holohover/install/holohover_msgs/include/holohover_msgs/holohover_msgs/msg/detail/holohover_state_stamped__type_support.h
[26.220s] -- Installing: /home/acl3-ubuntu/holohover_ws/src/holohover/install/holohover_msgs/include/holohover_msgs/holohover_msgs/msg/detail/holohover_state_stamped__functions.h
[26.220s] -- Installing: /home/acl3-ubuntu/holohover_ws/src/holohover/install/holohover_msgs/include/holohover_msgs/holohover_msgs/msg/detail/attitude__functions.h
[26.220s] -- Installing: /home/acl3-ubuntu/holohover_ws/src/holohover/install/holohover_msgs/include/holohover_msgs/holohover_msgs/msg/detail/holohover_state_stamped__functions.c
[26.220s] -- Installing: /home/acl3-ubuntu/holohover_ws/src/holohover/install/holohover_msgs/include/holohover_msgs/holohover_msgs/msg/detail/holohover_control_stamped__type_support.h
[26.220s] -- Installing: /home/acl3-ubuntu/holohover_ws/src/holohover/install/holohover_msgs/include/holohover_msgs/holohover_msgs/msg/holohover_mouse_stamped.h
[26.220s] -- Installing: /home/acl3-ubuntu/holohover_ws/src/holohover/install/holohover_msgs/include/holohover_msgs/holohover_msgs/msg/holohover_imu_stamped.h
[26.220s] -- Installing: /home/acl3-ubuntu/holohover_ws/src/holohover/install/holohover_msgs/include/holohover_msgs/holohover_msgs/msg/holohover_state_stamped.h
[26.220s] -- Installing: /home/acl3-ubuntu/holohover_ws/src/holohover/install/holohover_msgs/include/holohover_msgs/holohover_msgs/msg/attitude.h
[26.221s] -- Installing: /home/acl3-ubuntu/holohover_ws/src/holohover/install/holohover_msgs/share/holohover_msgs/environment/library_path.sh
[26.221s] -- Installing: /home/acl3-ubuntu/holohover_ws/src/holohover/install/holohover_msgs/share/holohover_msgs/environment/library_path.dsv
[26.221s] -- Installing: /home/acl3-ubuntu/holohover_ws/src/holohover/install/holohover_msgs/lib/libholohover_msgs__rosidl_generator_c.so
[26.221s] -- Set runtime path of "/home/acl3-ubuntu/holohover_ws/src/holohover/install/holohover_msgs/lib/libholohover_msgs__rosidl_generator_c.so" to ""
[26.221s] -- Up-to-date: /home/acl3-ubuntu/holohover_ws/src/holohover/install/holohover_msgs/include/holohover_msgs/holohover_msgs
[26.221s] -- Up-to-date: /home/acl3-ubuntu/holohover_ws/src/holohover/install/holohover_msgs/include/holohover_msgs/holohover_msgs/msg
[26.221s] -- Up-to-date: /home/acl3-ubuntu/holohover_ws/src/holohover/install/holohover_msgs/include/holohover_msgs/holohover_msgs/msg/detail
[26.221s] -- Installing: /home/acl3-ubuntu/holohover_ws/src/holohover/install/holohover_msgs/include/holohover_msgs/holohover_msgs/msg/detail/holohover_control_stamped__rosidl_typesupport_fastrtps_c.h
[26.221s] -- Installing: /home/acl3-ubuntu/holohover_ws/src/holohover/install/holohover_msgs/include/holohover_msgs/holohover_msgs/msg/detail/holohover_state_stamped__rosidl_typesupport_fastrtps_c.h
[26.221s] -- Installing: /home/acl3-ubuntu/holohover_ws/src/holohover/install/holohover_msgs/include/holohover_msgs/holohover_msgs/msg/detail/holohover_imu_stamped__rosidl_typesupport_fastrtps_c.h
[26.222s] -- Installing: /home/acl3-ubuntu/holohover_ws/src/holohover/install/holohover_msgs/include/holohover_msgs/holohover_msgs/msg/detail/holohover_mouse_stamped__rosidl_typesupport_fastrtps_c.h
[26.224s] -- Installing: /home/acl3-ubuntu/holohover_ws/src/holohover/install/holohover_msgs/include/holohover_msgs/holohover_msgs/msg/detail/attitude__rosidl_typesupport_fastrtps_c.h
[26.224s] -- Installing: /home/acl3-ubuntu/holohover_ws/src/holohover/install/holohover_msgs/include/holohover_msgs/holohover_msgs/msg/rosidl_typesupport_fastrtps_c__visibility_control.h
[26.224s] -- Installing: /home/acl3-ubuntu/holohover_ws/src/holohover/install/holohover_msgs/lib/libholohover_msgs__rosidl_typesupport_fastrtps_c.so
[26.224s] -- Set runtime path of "/home/acl3-ubuntu/holohover_ws/src/holohover/install/holohover_msgs/lib/libholohover_msgs__rosidl_typesupport_fastrtps_c.so" to ""
[26.224s] -- Up-to-date: /home/acl3-ubuntu/holohover_ws/src/holohover/install/holohover_msgs/include/holohover_msgs/holohover_msgs
[26.224s] -- Up-to-date: /home/acl3-ubuntu/holohover_ws/src/holohover/install/holohover_msgs/include/holohover_msgs/holohover_msgs/msg
[26.224s] -- Up-to-date: /home/acl3-ubuntu/holohover_ws/src/holohover/install/holohover_msgs/include/holohover_msgs/holohover_msgs/msg/detail
[26.225s] -- Installing: /home/acl3-ubuntu/holohover_ws/src/holohover/install/holohover_msgs/include/holohover_msgs/holohover_msgs/msg/detail/holohover_state_stamped__rosidl_typesupport_introspection_c.h
[26.225s] -- Installing: /home/acl3-ubuntu/holohover_ws/src/holohover/install/holohover_msgs/include/holohover_msgs/holohover_msgs/msg/detail/holohover_mouse_stamped__type_support.c
[26.225s] -- Installing: /home/acl3-ubuntu/holohover_ws/src/holohover/install/holohover_msgs/include/holohover_msgs/holohover_msgs/msg/detail/holohover_mouse_stamped__rosidl_typesupport_introspection_c.h
[26.225s] -- Installing: /home/acl3-ubuntu/holohover_ws/src/holohover/install/holohover_msgs/include/holohover_msgs/holohover_msgs/msg/detail/holohover_imu_stamped__type_support.c
[26.225s] -- Installing: /home/acl3-ubuntu/holohover_ws/src/holohover/install/holohover_msgs/include/holohover_msgs/holohover_msgs/msg/detail/holohover_state_stamped__type_support.c
[26.225s] -- Installing: /home/acl3-ubuntu/holohover_ws/src/holohover/install/holohover_msgs/include/holohover_msgs/holohover_msgs/msg/detail/holohover_control_stamped__rosidl_typesupport_introspection_c.h
[26.225s] -- Installing: /home/acl3-ubuntu/holohover_ws/src/holohover/install/holohover_msgs/include/holohover_msgs/holohover_msgs/msg/detail/attitude__type_support.c
[26.225s] -- Installing: /home/acl3-ubuntu/holohover_ws/src/holohover/install/holohover_msgs/include/holohover_msgs/holohover_msgs/msg/detail/holohover_control_stamped__type_support.c
[26.226s] -- Installing: /home/acl3-ubuntu/holohover_ws/src/holohover/install/holohover_msgs/include/holohover_msgs/holohover_msgs/msg/detail/attitude__rosidl_typesupport_introspection_c.h
[26.226s] -- Installing: /home/acl3-ubuntu/holohover_ws/src/holohover/install/holohover_msgs/include/holohover_msgs/holohover_msgs/msg/detail/holohover_imu_stamped__rosidl_typesupport_introspection_c.h
[26.226s] -- Installing: /home/acl3-ubuntu/holohover_ws/src/holohover/install/holohover_msgs/include/holohover_msgs/holohover_msgs/msg/rosidl_typesupport_introspection_c__visibility_control.h
[26.226s] -- Installing: /home/acl3-ubuntu/holohover_ws/src/holohover/install/holohover_msgs/lib/libholohover_msgs__rosidl_typesupport_introspection_c.so
[26.226s] -- Set runtime path of "/home/acl3-ubuntu/holohover_ws/src/holohover/install/holohover_msgs/lib/libholohover_msgs__rosidl_typesupport_introspection_c.so" to ""
[26.226s] -- Installing: /home/acl3-ubuntu/holohover_ws/src/holohover/install/holohover_msgs/lib/libholohover_msgs__rosidl_typesupport_c.so
[26.226s] -- Set runtime path of "/home/acl3-ubuntu/holohover_ws/src/holohover/install/holohover_msgs/lib/libholohover_msgs__rosidl_typesupport_c.so" to ""
[26.226s] -- Up-to-date: /home/acl3-ubuntu/holohover_ws/src/holohover/install/holohover_msgs/include/holohover_msgs/holohover_msgs
[26.227s] -- Up-to-date: /home/acl3-ubuntu/holohover_ws/src/holohover/install/holohover_msgs/include/holohover_msgs/holohover_msgs/msg
[26.227s] -- Up-to-date: /home/acl3-ubuntu/holohover_ws/src/holohover/install/holohover_msgs/include/holohover_msgs/holohover_msgs/msg/detail
[26.227s] -- Installing: /home/acl3-ubuntu/holohover_ws/src/holohover/install/holohover_msgs/include/holohover_msgs/holohover_msgs/msg/detail/attitude__traits.hpp
[26.227s] -- Installing: /home/acl3-ubuntu/holohover_ws/src/holohover/install/holohover_msgs/include/holohover_msgs/holohover_msgs/msg/detail/attitude__builder.hpp
[26.227s] -- Installing: /home/acl3-ubuntu/holohover_ws/src/holohover/install/holohover_msgs/include/holohover_msgs/holohover_msgs/msg/detail/holohover_control_stamped__builder.hpp
[26.227s] -- Installing: /home/acl3-ubuntu/holohover_ws/src/holohover/install/holohover_msgs/include/holohover_msgs/holohover_msgs/msg/detail/holohover_state_stamped__builder.hpp
[26.227s] -- Installing: /home/acl3-ubuntu/holohover_ws/src/holohover/install/holohover_msgs/include/holohover_msgs/holohover_msgs/msg/detail/holohover_imu_stamped__builder.hpp
[26.228s] -- Installing: /home/acl3-ubuntu/holohover_ws/src/holohover/install/holohover_msgs/include/holohover_msgs/holohover_msgs/msg/detail/holohover_state_stamped__traits.hpp
[26.228s] -- Installing: /home/acl3-ubuntu/holohover_ws/src/holohover/install/holohover_msgs/include/holohover_msgs/holohover_msgs/msg/detail/attitude__struct.hpp
[26.228s] -- Installing: /home/acl3-ubuntu/holohover_ws/src/holohover/install/holohover_msgs/include/holohover_msgs/holohover_msgs/msg/detail/holohover_mouse_stamped__builder.hpp
[26.228s] -- Installing: /home/acl3-ubuntu/holohover_ws/src/holohover/install/holohover_msgs/include/holohover_msgs/holohover_msgs/msg/detail/holohover_control_stamped__traits.hpp
[26.228s] -- Installing: /home/acl3-ubuntu/holohover_ws/src/holohover/install/holohover_msgs/include/holohover_msgs/holohover_msgs/msg/detail/holohover_state_stamped__struct.hpp
[26.228s] -- Installing: /home/acl3-ubuntu/holohover_ws/src/holohover/install/holohover_msgs/include/holohover_msgs/holohover_msgs/msg/detail/holohover_imu_stamped__struct.hpp
[26.228s] -- Installing: /home/acl3-ubuntu/holohover_ws/src/holohover/install/holohover_msgs/include/holohover_msgs/holohover_msgs/msg/detail/holohover_imu_stamped__traits.hpp
[26.228s] -- Installing: /home/acl3-ubuntu/holohover_ws/src/holohover/install/holohover_msgs/include/holohover_msgs/holohover_msgs/msg/detail/holohover_control_stamped__struct.hpp
[26.228s] -- Installing: /home/acl3-ubuntu/holohover_ws/src/holohover/install/holohover_msgs/include/holohover_msgs/holohover_msgs/msg/detail/holohover_mouse_stamped__struct.hpp
[26.229s] -- Installing: /home/acl3-ubuntu/holohover_ws/src/holohover/install/holohover_msgs/include/holohover_msgs/holohover_msgs/msg/detail/holohover_mouse_stamped__traits.hpp
[26.229s] -- Installing: /home/acl3-ubuntu/holohover_ws/src/holohover/install/holohover_msgs/include/holohover_msgs/holohover_msgs/msg/holohover_control_stamped.hpp
[26.229s] -- Installing: /home/acl3-ubuntu/holohover_ws/src/holohover/install/holohover_msgs/include/holohover_msgs/holohover_msgs/msg/holohover_imu_stamped.hpp
[26.229s] -- Installing: /home/acl3-ubuntu/holohover_ws/src/holohover/install/holohover_msgs/include/holohover_msgs/holohover_msgs/msg/holohover_mouse_stamped.hpp
[26.229s] -- Installing: /home/acl3-ubuntu/holohover_ws/src/holohover/install/holohover_msgs/include/holohover_msgs/holohover_msgs/msg/attitude.hpp
[26.229s] -- Installing: /home/acl3-ubuntu/holohover_ws/src/holohover/install/holohover_msgs/include/holohover_msgs/holohover_msgs/msg/holohover_state_stamped.hpp
[26.229s] -- Up-to-date: /home/acl3-ubuntu/holohover_ws/src/holohover/install/holohover_msgs/include/holohover_msgs/holohover_msgs
[26.229s] -- Up-to-date: /home/acl3-ubuntu/holohover_ws/src/holohover/install/holohover_msgs/include/holohover_msgs/holohover_msgs/msg
[26.229s] -- Installing: /home/acl3-ubuntu/holohover_ws/src/holohover/install/holohover_msgs/include/holohover_msgs/holohover_msgs/msg/rosidl_typesupport_fastrtps_cpp__visibility_control.h
[26.229s] -- Up-to-date: /home/acl3-ubuntu/holohover_ws/src/holohover/install/holohover_msgs/include/holohover_msgs/holohover_msgs/msg/detail
[26.230s] -- Installing: /home/acl3-ubuntu/holohover_ws/src/holohover/install/holohover_msgs/include/holohover_msgs/holohover_msgs/msg/detail/holohover_imu_stamped__rosidl_typesupport_fastrtps_cpp.hpp
[26.230s] -- Up-to-date: /home/acl3-ubuntu/holohover_ws/src/holohover/install/holohover_msgs/include/holohover_msgs/holohover_msgs/msg/detail/dds_fastrtps
[26.230s] -- Installing: /home/acl3-ubuntu/holohover_ws/src/holohover/install/holohover_msgs/include/holohover_msgs/holohover_msgs/msg/detail/attitude__rosidl_typesupport_fastrtps_cpp.hpp
[26.230s] -- Installing: /home/acl3-ubuntu/holohover_ws/src/holohover/install/holohover_msgs/include/holohover_msgs/holohover_msgs/msg/detail/holohover_state_stamped__rosidl_typesupport_fastrtps_cpp.hpp
[26.231s] -- Installing: /home/acl3-ubuntu/holohover_ws/src/holohover/install/holohover_msgs/include/holohover_msgs/holohover_msgs/msg/detail/holohover_mouse_stamped__rosidl_typesupport_fastrtps_cpp.hpp
[26.231s] -- Installing: /home/acl3-ubuntu/holohover_ws/src/holohover/install/holohover_msgs/include/holohover_msgs/holohover_msgs/msg/detail/holohover_control_stamped__rosidl_typesupport_fastrtps_cpp.hpp
[26.231s] -- Installing: /home/acl3-ubuntu/holohover_ws/src/holohover/install/holohover_msgs/lib/libholohover_msgs__rosidl_typesupport_fastrtps_cpp.so
[26.231s] -- Set runtime path of "/home/acl3-ubuntu/holohover_ws/src/holohover/install/holohover_msgs/lib/libholohover_msgs__rosidl_typesupport_fastrtps_cpp.so" to ""
[26.231s] -- Up-to-date: /home/acl3-ubuntu/holohover_ws/src/holohover/install/holohover_msgs/include/holohover_msgs/holohover_msgs
[26.231s] -- Up-to-date: /home/acl3-ubuntu/holohover_ws/src/holohover/install/holohover_msgs/include/holohover_msgs/holohover_msgs/msg
[26.231s] -- Up-to-date: /home/acl3-ubuntu/holohover_ws/src/holohover/install/holohover_msgs/include/holohover_msgs/holohover_msgs/msg/detail
[26.231s] -- Installing: /home/acl3-ubuntu/holohover_ws/src/holohover/install/holohover_msgs/include/holohover_msgs/holohover_msgs/msg/detail/attitude__type_support.cpp
[26.231s] -- Installing: /home/acl3-ubuntu/holohover_ws/src/holohover/install/holohover_msgs/include/holohover_msgs/holohover_msgs/msg/detail/holohover_state_stamped__type_support.cpp
[26.232s] -- Installing: /home/acl3-ubuntu/holohover_ws/src/holohover/install/holohover_msgs/include/holohover_msgs/holohover_msgs/msg/detail/holohover_control_stamped__rosidl_typesupport_introspection_cpp.hpp
[26.232s] -- Installing: /home/acl3-ubuntu/holohover_ws/src/holohover/install/holohover_msgs/include/holohover_msgs/holohover_msgs/msg/detail/attitude__rosidl_typesupport_introspection_cpp.hpp
[26.232s] -- Installing: /home/acl3-ubuntu/holohover_ws/src/holohover/install/holohover_msgs/include/holohover_msgs/holohover_msgs/msg/detail/holohover_mouse_stamped__rosidl_typesupport_introspection_cpp.hpp
[26.232s] -- Installing: /home/acl3-ubuntu/holohover_ws/src/holohover/install/holohover_msgs/include/holohover_msgs/holohover_msgs/msg/detail/holohover_control_stamped__type_support.cpp
[26.232s] -- Installing: /home/acl3-ubuntu/holohover_ws/src/holohover/install/holohover_msgs/include/holohover_msgs/holohover_msgs/msg/detail/holohover_state_stamped__rosidl_typesupport_introspection_cpp.hpp
[26.232s] -- Installing: /home/acl3-ubuntu/holohover_ws/src/holohover/install/holohover_msgs/include/holohover_msgs/holohover_msgs/msg/detail/holohover_mouse_stamped__type_support.cpp
[26.232s] -- Installing: /home/acl3-ubuntu/holohover_ws/src/holohover/install/holohover_msgs/include/holohover_msgs/holohover_msgs/msg/detail/holohover_imu_stamped__rosidl_typesupport_introspection_cpp.hpp
[26.232s] -- Installing: /home/acl3-ubuntu/holohover_ws/src/holohover/install/holohover_msgs/include/holohover_msgs/holohover_msgs/msg/detail/holohover_imu_stamped__type_support.cpp
[26.233s] -- Installing: /home/acl3-ubuntu/holohover_ws/src/holohover/install/holohover_msgs/lib/libholohover_msgs__rosidl_typesupport_introspection_cpp.so
[26.233s] -- Set runtime path of "/home/acl3-ubuntu/holohover_ws/src/holohover/install/holohover_msgs/lib/libholohover_msgs__rosidl_typesupport_introspection_cpp.so" to ""
[26.233s] -- Installing: /home/acl3-ubuntu/holohover_ws/src/holohover/install/holohover_msgs/lib/libholohover_msgs__rosidl_typesupport_cpp.so
[26.233s] -- Set runtime path of "/home/acl3-ubuntu/holohover_ws/src/holohover/install/holohover_msgs/lib/libholohover_msgs__rosidl_typesupport_cpp.so" to ""
[26.233s] -- Installing: /home/acl3-ubuntu/holohover_ws/src/holohover/install/holohover_msgs/share/holohover_msgs/environment/pythonpath.sh
[26.234s] -- Installing: /home/acl3-ubuntu/holohover_ws/src/holohover/install/holohover_msgs/share/holohover_msgs/environment/pythonpath.dsv
[26.234s] -- Installing: /home/acl3-ubuntu/holohover_ws/src/holohover/install/holohover_msgs/local/lib/python3.10/dist-packages/holohover_msgs-0.0.0-py3.10.egg-info
[26.234s] -- Installing: /home/acl3-ubuntu/holohover_ws/src/holohover/install/holohover_msgs/local/lib/python3.10/dist-packages/holohover_msgs-0.0.0-py3.10.egg-info/top_level.txt
[26.234s] -- Installing: /home/acl3-ubuntu/holohover_ws/src/holohover/install/holohover_msgs/local/lib/python3.10/dist-packages/holohover_msgs-0.0.0-py3.10.egg-info/dependency_links.txt
[26.234s] -- Installing: /home/acl3-ubuntu/holohover_ws/src/holohover/install/holohover_msgs/local/lib/python3.10/dist-packages/holohover_msgs-0.0.0-py3.10.egg-info/SOURCES.txt
[26.234s] -- Installing: /home/acl3-ubuntu/holohover_ws/src/holohover/install/holohover_msgs/local/lib/python3.10/dist-packages/holohover_msgs-0.0.0-py3.10.egg-info/PKG-INFO
[26.235s] -- Up-to-date: /home/acl3-ubuntu/holohover_ws/src/holohover/install/holohover_msgs/local/lib/python3.10/dist-packages/holohover_msgs
[26.235s] -- Installing: /home/acl3-ubuntu/holohover_ws/src/holohover/install/holohover_msgs/local/lib/python3.10/dist-packages/holohover_msgs/_holohover_msgs_s.ep.rosidl_typesupport_introspection_c.c
[26.235s] -- Installing: /home/acl3-ubuntu/holohover_ws/src/holohover/install/holohover_msgs/local/lib/python3.10/dist-packages/holohover_msgs/__init__.py
[26.235s] -- Installing: /home/acl3-ubuntu/holohover_ws/src/holohover/install/holohover_msgs/local/lib/python3.10/dist-packages/holohover_msgs/holohover_msgs_s__rosidl_typesupport_c.cpython-310-x86_64-linux-gnu.so
[26.235s] -- Installing: /home/acl3-ubuntu/holohover_ws/src/holohover/install/holohover_msgs/local/lib/python3.10/dist-packages/holohover_msgs/libholohover_msgs__rosidl_generator_py.so
[26.235s] -- Installing: /home/acl3-ubuntu/holohover_ws/src/holohover/install/holohover_msgs/local/lib/python3.10/dist-packages/holohover_msgs/_holohover_msgs_s.ep.rosidl_typesupport_fastrtps_c.c
[26.235s] -- Installing: /home/acl3-ubuntu/holohover_ws/src/holohover/install/holohover_msgs/local/lib/python3.10/dist-packages/holohover_msgs/holohover_msgs_s__rosidl_typesupport_introspection_c.cpython-310-x86_64-linux-gnu.so
[26.235s] -- Installing: /home/acl3-ubuntu/holohover_ws/src/holohover/install/holohover_msgs/local/lib/python3.10/dist-packages/holohover_msgs/_holohover_msgs_s.ep.rosidl_typesupport_c.c
[26.235s] -- Installing: /home/acl3-ubuntu/holohover_ws/src/holohover/install/holohover_msgs/local/lib/python3.10/dist-packages/holohover_msgs/holohover_msgs_s__rosidl_typesupport_fastrtps_c.cpython-310-x86_64-linux-gnu.so
[26.236s] -- Up-to-date: /home/acl3-ubuntu/holohover_ws/src/holohover/install/holohover_msgs/local/lib/python3.10/dist-packages/holohover_msgs/msg
[26.236s] -- Installing: /home/acl3-ubuntu/holohover_ws/src/holohover/install/holohover_msgs/local/lib/python3.10/dist-packages/holohover_msgs/msg/_holohover_mouse_stamped.py
[26.236s] -- Installing: /home/acl3-ubuntu/holohover_ws/src/holohover/install/holohover_msgs/local/lib/python3.10/dist-packages/holohover_msgs/msg/__init__.py
[26.236s] -- Installing: /home/acl3-ubuntu/holohover_ws/src/holohover/install/holohover_msgs/local/lib/python3.10/dist-packages/holohover_msgs/msg/_attitude_s.c
[26.236s] -- Installing: /home/acl3-ubuntu/holohover_ws/src/holohover/install/holohover_msgs/local/lib/python3.10/dist-packages/holohover_msgs/msg/_holohover_imu_stamped.py
[26.236s] -- Installing: /home/acl3-ubuntu/holohover_ws/src/holohover/install/holohover_msgs/local/lib/python3.10/dist-packages/holohover_msgs/msg/_attitude.py
[26.236s] -- Installing: /home/acl3-ubuntu/holohover_ws/src/holohover/install/holohover_msgs/local/lib/python3.10/dist-packages/holohover_msgs/msg/_holohover_control_stamped_s.c
[26.236s] -- Installing: /home/acl3-ubuntu/holohover_ws/src/holohover/install/holohover_msgs/local/lib/python3.10/dist-packages/holohover_msgs/msg/_holohover_state_stamped_s.c
[26.236s] -- Installing: /home/acl3-ubuntu/holohover_ws/src/holohover/install/holohover_msgs/local/lib/python3.10/dist-packages/holohover_msgs/msg/_holohover_state_stamped.py
[26.237s] -- Installing: /home/acl3-ubuntu/holohover_ws/src/holohover/install/holohover_msgs/local/lib/python3.10/dist-packages/holohover_msgs/msg/_holohover_imu_stamped_s.c
[26.237s] -- Installing: /home/acl3-ubuntu/holohover_ws/src/holohover/install/holohover_msgs/local/lib/python3.10/dist-packages/holohover_msgs/msg/_holohover_mouse_stamped_s.c
[26.237s] -- Installing: /home/acl3-ubuntu/holohover_ws/src/holohover/install/holohover_msgs/local/lib/python3.10/dist-packages/holohover_msgs/msg/_holohover_control_stamped.py
[26.335s] Listing '/home/acl3-ubuntu/holohover_ws/src/holohover/install/holohover_msgs/local/lib/python3.10/dist-packages/holohover_msgs'...
[26.335s] Compiling '/home/acl3-ubuntu/holohover_ws/src/holohover/install/holohover_msgs/local/lib/python3.10/dist-packages/holohover_msgs/__init__.py'...
[26.335s] Listing '/home/acl3-ubuntu/holohover_ws/src/holohover/install/holohover_msgs/local/lib/python3.10/dist-packages/holohover_msgs/msg'...
[26.335s] Compiling '/home/acl3-ubuntu/holohover_ws/src/holohover/install/holohover_msgs/local/lib/python3.10/dist-packages/holohover_msgs/msg/__init__.py'...
[26.335s] Compiling '/home/acl3-ubuntu/holohover_ws/src/holohover/install/holohover_msgs/local/lib/python3.10/dist-packages/holohover_msgs/msg/_attitude.py'...
[26.335s] Compiling '/home/acl3-ubuntu/holohover_ws/src/holohover/install/holohover_msgs/local/lib/python3.10/dist-packages/holohover_msgs/msg/_holohover_control_stamped.py'...
[26.336s] Compiling '/home/acl3-ubuntu/holohover_ws/src/holohover/install/holohover_msgs/local/lib/python3.10/dist-packages/holohover_msgs/msg/_holohover_imu_stamped.py'...
[26.336s] Compiling '/home/acl3-ubuntu/holohover_ws/src/holohover/install/holohover_msgs/local/lib/python3.10/dist-packages/holohover_msgs/msg/_holohover_mouse_stamped.py'...
[26.336s] Compiling '/home/acl3-ubuntu/holohover_ws/src/holohover/install/holohover_msgs/local/lib/python3.10/dist-packages/holohover_msgs/msg/_holohover_state_stamped.py'...
[26.347s] -- Installing: /home/acl3-ubuntu/holohover_ws/src/holohover/install/holohover_msgs/local/lib/python3.10/dist-packages/holohover_msgs/holohover_msgs_s__rosidl_typesupport_fastrtps_c.cpython-310-x86_64-linux-gnu.so
[26.347s] -- Set runtime path of "/home/acl3-ubuntu/holohover_ws/src/holohover/install/holohover_msgs/local/lib/python3.10/dist-packages/holohover_msgs/holohover_msgs_s__rosidl_typesupport_fastrtps_c.cpython-310-x86_64-linux-gnu.so" to ""
[26.347s] -- Installing: /home/acl3-ubuntu/holohover_ws/src/holohover/install/holohover_msgs/local/lib/python3.10/dist-packages/holohover_msgs/holohover_msgs_s__rosidl_typesupport_introspection_c.cpython-310-x86_64-linux-gnu.so
[26.348s] -- Set runtime path of "/home/acl3-ubuntu/holohover_ws/src/holohover/install/holohover_msgs/local/lib/python3.10/dist-packages/holohover_msgs/holohover_msgs_s__rosidl_typesupport_introspection_c.cpython-310-x86_64-linux-gnu.so" to ""
[26.348s] -- Installing: /home/acl3-ubuntu/holohover_ws/src/holohover/install/holohover_msgs/local/lib/python3.10/dist-packages/holohover_msgs/holohover_msgs_s__rosidl_typesupport_c.cpython-310-x86_64-linux-gnu.so
[26.348s] -- Set runtime path of "/home/acl3-ubuntu/holohover_ws/src/holohover/install/holohover_msgs/local/lib/python3.10/dist-packages/holohover_msgs/holohover_msgs_s__rosidl_typesupport_c.cpython-310-x86_64-linux-gnu.so" to ""
[26.348s] -- Installing: /home/acl3-ubuntu/holohover_ws/src/holohover/install/holohover_msgs/lib/libholohover_msgs__rosidl_generator_py.so
[26.349s] -- Set runtime path of "/home/acl3-ubuntu/holohover_ws/src/holohover/install/holohover_msgs/lib/libholohover_msgs__rosidl_generator_py.so" to ""
[26.349s] -- Installing: /home/acl3-ubuntu/holohover_ws/src/holohover/install/holohover_msgs/share/holohover_msgs/msg/Attitude.idl
[26.349s] -- Installing: /home/acl3-ubuntu/holohover_ws/src/holohover/install/holohover_msgs/share/holohover_msgs/msg/HolohoverIMUStamped.idl
[26.350s] -- Installing: /home/acl3-ubuntu/holohover_ws/src/holohover/install/holohover_msgs/share/holohover_msgs/msg/HolohoverMouseStamped.idl
[26.350s] -- Installing: /home/acl3-ubuntu/holohover_ws/src/holohover/install/holohover_msgs/share/holohover_msgs/msg/HolohoverControlStamped.idl
[26.350s] -- Installing: /home/acl3-ubuntu/holohover_ws/src/holohover/install/holohover_msgs/share/holohover_msgs/msg/HolohoverStateStamped.idl
[26.350s] -- Installing: /home/acl3-ubuntu/holohover_ws/src/holohover/install/holohover_msgs/share/holohover_msgs/msg/Attitude.msg
[26.350s] -- Installing: /home/acl3-ubuntu/holohover_ws/src/holohover/install/holohover_msgs/share/holohover_msgs/msg/HolohoverIMUStamped.msg
[26.351s] -- Installing: /home/acl3-ubuntu/holohover_ws/src/holohover/install/holohover_msgs/share/holohover_msgs/msg/HolohoverMouseStamped.msg
[26.351s] -- Installing: /home/acl3-ubuntu/holohover_ws/src/holohover/install/holohover_msgs/share/holohover_msgs/msg/HolohoverControlStamped.msg
[26.351s] -- Installing: /home/acl3-ubuntu/holohover_ws/src/holohover/install/holohover_msgs/share/holohover_msgs/msg/HolohoverStateStamped.msg
[26.351s] -- Installing: /home/acl3-ubuntu/holohover_ws/src/holohover/install/holohover_msgs/share/ament_index/resource_index/package_run_dependencies/holohover_msgs
[26.352s] -- Installing: /home/acl3-ubuntu/holohover_ws/src/holohover/install/holohover_msgs/share/ament_index/resource_index/parent_prefix_path/holohover_msgs
[26.352s] -- Installing: /home/acl3-ubuntu/holohover_ws/src/holohover/install/holohover_msgs/share/holohover_msgs/environment/ament_prefix_path.sh
[26.352s] -- Installing: /home/acl3-ubuntu/holohover_ws/src/holohover/install/holohover_msgs/share/holohover_msgs/environment/ament_prefix_path.dsv
[26.352s] -- Installing: /home/acl3-ubuntu/holohover_ws/src/holohover/install/holohover_msgs/share/holohover_msgs/environment/path.sh
[26.352s] -- Installing: /home/acl3-ubuntu/holohover_ws/src/holohover/install/holohover_msgs/share/holohover_msgs/environment/path.dsv
[26.353s] -- Installing: /home/acl3-ubuntu/holohover_ws/src/holohover/install/holohover_msgs/share/holohover_msgs/local_setup.bash
[26.353s] -- Installing: /home/acl3-ubuntu/holohover_ws/src/holohover/install/holohover_msgs/share/holohover_msgs/local_setup.sh
[26.353s] -- Installing: /home/acl3-ubuntu/holohover_ws/src/holohover/install/holohover_msgs/share/holohover_msgs/local_setup.zsh
[26.353s] -- Installing: /home/acl3-ubuntu/holohover_ws/src/holohover/install/holohover_msgs/share/holohover_msgs/local_setup.dsv
[26.353s] -- Installing: /home/acl3-ubuntu/holohover_ws/src/holohover/install/holohover_msgs/share/holohover_msgs/package.dsv
[26.354s] -- Installing: /home/acl3-ubuntu/holohover_ws/src/holohover/install/holohover_msgs/share/ament_index/resource_index/packages/holohover_msgs
[26.354s] -- Installing: /home/acl3-ubuntu/holohover_ws/src/holohover/install/holohover_msgs/share/holohover_msgs/cmake/export_holohover_msgs__rosidl_generator_cExport.cmake
[26.354s] -- Installing: /home/acl3-ubuntu/holohover_ws/src/holohover/install/holohover_msgs/share/holohover_msgs/cmake/export_holohover_msgs__rosidl_generator_cExport-noconfig.cmake
[26.354s] -- Installing: /home/acl3-ubuntu/holohover_ws/src/holohover/install/holohover_msgs/share/holohover_msgs/cmake/export_holohover_msgs__rosidl_typesupport_fastrtps_cExport.cmake
[26.354s] -- Installing: /home/acl3-ubuntu/holohover_ws/src/holohover/install/holohover_msgs/share/holohover_msgs/cmake/export_holohover_msgs__rosidl_typesupport_fastrtps_cExport-noconfig.cmake
[26.354s] -- Installing: /home/acl3-ubuntu/holohover_ws/src/holohover/install/holohover_msgs/share/holohover_msgs/cmake/holohover_msgs__rosidl_typesupport_introspection_cExport.cmake
[26.355s] -- Installing: /home/acl3-ubuntu/holohover_ws/src/holohover/install/holohover_msgs/share/holohover_msgs/cmake/holohover_msgs__rosidl_typesupport_introspection_cExport-noconfig.cmake
[26.355s] -- Installing: /home/acl3-ubuntu/holohover_ws/src/holohover/install/holohover_msgs/share/holohover_msgs/cmake/holohover_msgs__rosidl_typesupport_cExport.cmake
[26.355s] -- Installing: /home/acl3-ubuntu/holohover_ws/src/holohover/install/holohover_msgs/share/holohover_msgs/cmake/holohover_msgs__rosidl_typesupport_cExport-noconfig.cmake
[26.355s] -- Installing: /home/acl3-ubuntu/holohover_ws/src/holohover/install/holohover_msgs/share/holohover_msgs/cmake/export_holohover_msgs__rosidl_generator_cppExport.cmake
[26.356s] -- Installing: /home/acl3-ubuntu/holohover_ws/src/holohover/install/holohover_msgs/share/holohover_msgs/cmake/export_holohover_msgs__rosidl_typesupport_fastrtps_cppExport.cmake
[26.356s] -- Installing: /home/acl3-ubuntu/holohover_ws/src/holohover/install/holohover_msgs/share/holohover_msgs/cmake/export_holohover_msgs__rosidl_typesupport_fastrtps_cppExport-noconfig.cmake
[26.356s] -- Installing: /home/acl3-ubuntu/holohover_ws/src/holohover/install/holohover_msgs/share/holohover_msgs/cmake/holohover_msgs__rosidl_typesupport_introspection_cppExport.cmake
[26.356s] -- Installing: /home/acl3-ubuntu/holohover_ws/src/holohover/install/holohover_msgs/share/holohover_msgs/cmake/holohover_msgs__rosidl_typesupport_introspection_cppExport-noconfig.cmake
[26.356s] -- Installing: /home/acl3-ubuntu/holohover_ws/src/holohover/install/holohover_msgs/share/holohover_msgs/cmake/holohover_msgs__rosidl_typesupport_cppExport.cmake
[26.357s] -- Installing: /home/acl3-ubuntu/holohover_ws/src/holohover/install/holohover_msgs/share/holohover_msgs/cmake/holohover_msgs__rosidl_typesupport_cppExport-noconfig.cmake
[26.357s] -- Installing: /home/acl3-ubuntu/holohover_ws/src/holohover/install/holohover_msgs/share/holohover_msgs/cmake/export_holohover_msgs__rosidl_generator_pyExport.cmake
[26.357s] -- Installing: /home/acl3-ubuntu/holohover_ws/src/holohover/install/holohover_msgs/share/holohover_msgs/cmake/export_holohover_msgs__rosidl_generator_pyExport-noconfig.cmake
[26.357s] -- Installing: /home/acl3-ubuntu/holohover_ws/src/holohover/install/holohover_msgs/share/holohover_msgs/cmake/rosidl_cmake-extras.cmake
[26.358s] -- Installing: /home/acl3-ubuntu/holohover_ws/src/holohover/install/holohover_msgs/share/holohover_msgs/cmake/ament_cmake_export_dependencies-extras.cmake
[26.358s] -- Installing: /home/acl3-ubuntu/holohover_ws/src/holohover/install/holohover_msgs/share/holohover_msgs/cmake/ament_cmake_export_include_directories-extras.cmake
[26.358s] -- Installing: /home/acl3-ubuntu/holohover_ws/src/holohover/install/holohover_msgs/share/holohover_msgs/cmake/ament_cmake_export_libraries-extras.cmake
[26.358s] -- Installing: /home/acl3-ubuntu/holohover_ws/src/holohover/install/holohover_msgs/share/holohover_msgs/cmake/ament_cmake_export_targets-extras.cmake
[26.358s] -- Installing: /home/acl3-ubuntu/holohover_ws/src/holohover/install/holohover_msgs/share/holohover_msgs/cmake/rosidl_cmake_export_typesupport_targets-extras.cmake
[26.359s] -- Installing: /home/acl3-ubuntu/holohover_ws/src/holohover/install/holohover_msgs/share/holohover_msgs/cmake/rosidl_cmake_export_typesupport_libraries-extras.cmake
[26.359s] -- Installing: /home/acl3-ubuntu/holohover_ws/src/holohover/install/holohover_msgs/share/holohover_msgs/cmake/holohover_msgsConfig.cmake
[26.359s] -- Installing: /home/acl3-ubuntu/holohover_ws/src/holohover/install/holohover_msgs/share/holohover_msgs/cmake/holohover_msgsConfig-version.cmake
[26.359s] -- Installing: /home/acl3-ubuntu/holohover_ws/src/holohover/install/holohover_msgs/share/holohover_msgs/package.xml
[26.368s] Invoked command in '/home/acl3-ubuntu/holohover_ws/src/holohover/build/holohover_msgs' returned '0': CMAKE_PREFIX_PATH=${CMAKE_PREFIX_PATH}:/opt/ros/humble /usr/bin/cmake --install /home/acl3-ubuntu/holohover_ws/src/holohover/build/holohover_msgs
