[  2%] Built target mocap_optitrack__cpp
[  9%] Built target mocap_optitrack__rosidl_generator_c
[  9%] Built target ament_cmake_python_copy_mocap_optitrack
[ 17%] Built target mocap_optitrack__rosidl_typesupport_cpp
[ 24%] Built target mocap_optitrack__rosidl_typesupport_fastrtps_cpp
[ 31%] Built target mocap_optitrack__rosidl_typesupport_introspection_cpp
[ 39%] Built target mocap_optitrack__rosidl_typesupport_fastrtps_c
[ 46%] Built target mocap_optitrack__rosidl_typesupport_introspection_c
[ 53%] Built target mocap_optitrack__rosidl_typesupport_c
[ 53%] Built target mocap_optitrack
[ 78%] Built target mocap_optitrack_mocap_node
[ 80%] Built target mocap_optitrack__py
[ 85%] Built target mocap_optitrack__rosidl_generator_py
[ 90%] Built target mocap_optitrack__rosidl_typesupport_introspection_c__pyext
[ 95%] Built target mocap_optitrack__rosidl_typesupport_fastrtps_c__pyext
[100%] Built target mocap_optitrack__rosidl_typesupport_c__pyext
running egg_info
writing mocap_optitrack.egg-info/PKG-INFO
writing dependency_links to mocap_optitrack.egg-info/dependency_links.txt
writing top-level names to mocap_optitrack.egg-info/top_level.txt
reading manifest file 'mocap_optitrack.egg-info/SOURCES.txt'
writing manifest file 'mocap_optitrack.egg-info/SOURCES.txt'
[100%] Built target ament_cmake_python_build_mocap_optitrack_egg
-- Install configuration: ""
-- Up-to-date: /home/acl3-ubuntu/holohover_ws/src/holohover/install/mocap_optitrack/share/ament_index/resource_index/rosidl_interfaces/mocap_optitrack
-- Up-to-date: /home/acl3-ubuntu/holohover_ws/src/holohover/install/mocap_optitrack/include/mocap_optitrack/mocap_optitrack
-- Up-to-date: /home/acl3-ubuntu/holohover_ws/src/holohover/install/mocap_optitrack/include/mocap_optitrack/mocap_optitrack/msg
-- Up-to-date: /home/acl3-ubuntu/holohover_ws/src/holohover/install/mocap_optitrack/include/mocap_optitrack/mocap_optitrack/msg/rosidl_generator_c__visibility_control.h
-- Up-to-date: /home/acl3-ubuntu/holohover_ws/src/holohover/install/mocap_optitrack/include/mocap_optitrack/mocap_optitrack/msg/detail
-- Up-to-date: /home/acl3-ubuntu/holohover_ws/src/holohover/install/mocap_optitrack/include/mocap_optitrack/mocap_optitrack/msg/detail/point_array_stamped__functions.h
-- Up-to-date: /home/acl3-ubuntu/holohover_ws/src/holohover/install/mocap_optitrack/include/mocap_optitrack/mocap_optitrack/msg/detail/point_array_stamped__functions.c
-- Up-to-date: /home/acl3-ubuntu/holohover_ws/src/holohover/install/mocap_optitrack/include/mocap_optitrack/mocap_optitrack/msg/detail/point_array_stamped__type_support.h
-- Up-to-date: /home/acl3-ubuntu/holohover_ws/src/holohover/install/mocap_optitrack/include/mocap_optitrack/mocap_optitrack/msg/detail/point_array_stamped__struct.h
-- Up-to-date: /home/acl3-ubuntu/holohover_ws/src/holohover/install/mocap_optitrack/include/mocap_optitrack/mocap_optitrack/msg/point_array_stamped.h
-- Up-to-date: /home/acl3-ubuntu/holohover_ws/src/holohover/install/mocap_optitrack/share/mocap_optitrack/environment/library_path.sh
-- Up-to-date: /home/acl3-ubuntu/holohover_ws/src/holohover/install/mocap_optitrack/share/mocap_optitrack/environment/library_path.dsv
-- Up-to-date: /home/acl3-ubuntu/holohover_ws/src/holohover/install/mocap_optitrack/lib/libmocap_optitrack__rosidl_generator_c.so
-- Up-to-date: /home/acl3-ubuntu/holohover_ws/src/holohover/install/mocap_optitrack/include/mocap_optitrack/mocap_optitrack
-- Up-to-date: /home/acl3-ubuntu/holohover_ws/src/holohover/install/mocap_optitrack/include/mocap_optitrack/mocap_optitrack/msg
-- Up-to-date: /home/acl3-ubuntu/holohover_ws/src/holohover/install/mocap_optitrack/include/mocap_optitrack/mocap_optitrack/msg/detail
-- Up-to-date: /home/acl3-ubuntu/holohover_ws/src/holohover/install/mocap_optitrack/include/mocap_optitrack/mocap_optitrack/msg/detail/point_array_stamped__rosidl_typesupport_fastrtps_c.h
-- Up-to-date: /home/acl3-ubuntu/holohover_ws/src/holohover/install/mocap_optitrack/include/mocap_optitrack/mocap_optitrack/msg/rosidl_typesupport_fastrtps_c__visibility_control.h
-- Up-to-date: /home/acl3-ubuntu/holohover_ws/src/holohover/install/mocap_optitrack/lib/libmocap_optitrack__rosidl_typesupport_fastrtps_c.so
-- Up-to-date: /home/acl3-ubuntu/holohover_ws/src/holohover/install/mocap_optitrack/include/mocap_optitrack/mocap_optitrack
-- Up-to-date: /home/acl3-ubuntu/holohover_ws/src/holohover/install/mocap_optitrack/include/mocap_optitrack/mocap_optitrack/msg
-- Up-to-date: /home/acl3-ubuntu/holohover_ws/src/holohover/install/mocap_optitrack/include/mocap_optitrack/mocap_optitrack/msg/point_array_stamped.hpp
-- Up-to-date: /home/acl3-ubuntu/holohover_ws/src/holohover/install/mocap_optitrack/include/mocap_optitrack/mocap_optitrack/msg/detail
-- Up-to-date: /home/acl3-ubuntu/holohover_ws/src/holohover/install/mocap_optitrack/include/mocap_optitrack/mocap_optitrack/msg/detail/point_array_stamped__struct.hpp
-- Up-to-date: /home/acl3-ubuntu/holohover_ws/src/holohover/install/mocap_optitrack/include/mocap_optitrack/mocap_optitrack/msg/detail/point_array_stamped__builder.hpp
-- Up-to-date: /home/acl3-ubuntu/holohover_ws/src/holohover/install/mocap_optitrack/include/mocap_optitrack/mocap_optitrack/msg/detail/point_array_stamped__traits.hpp
-- Up-to-date: /home/acl3-ubuntu/holohover_ws/src/holohover/install/mocap_optitrack/include/mocap_optitrack/mocap_optitrack
-- Up-to-date: /home/acl3-ubuntu/holohover_ws/src/holohover/install/mocap_optitrack/include/mocap_optitrack/mocap_optitrack/msg
-- Up-to-date: /home/acl3-ubuntu/holohover_ws/src/holohover/install/mocap_optitrack/include/mocap_optitrack/mocap_optitrack/msg/rosidl_typesupport_fastrtps_cpp__visibility_control.h
-- Up-to-date: /home/acl3-ubuntu/holohover_ws/src/holohover/install/mocap_optitrack/include/mocap_optitrack/mocap_optitrack/msg/detail
-- Up-to-date: /home/acl3-ubuntu/holohover_ws/src/holohover/install/mocap_optitrack/include/mocap_optitrack/mocap_optitrack/msg/detail/dds_fastrtps
-- Up-to-date: /home/acl3-ubuntu/holohover_ws/src/holohover/install/mocap_optitrack/include/mocap_optitrack/mocap_optitrack/msg/detail/point_array_stamped__rosidl_typesupport_fastrtps_cpp.hpp
-- Up-to-date: /home/acl3-ubuntu/holohover_ws/src/holohover/install/mocap_optitrack/lib/libmocap_optitrack__rosidl_typesupport_fastrtps_cpp.so
-- Up-to-date: /home/acl3-ubuntu/holohover_ws/src/holohover/install/mocap_optitrack/include/mocap_optitrack/mocap_optitrack
-- Up-to-date: /home/acl3-ubuntu/holohover_ws/src/holohover/install/mocap_optitrack/include/mocap_optitrack/mocap_optitrack/msg
-- Up-to-date: /home/acl3-ubuntu/holohover_ws/src/holohover/install/mocap_optitrack/include/mocap_optitrack/mocap_optitrack/msg/detail
-- Up-to-date: /home/acl3-ubuntu/holohover_ws/src/holohover/install/mocap_optitrack/include/mocap_optitrack/mocap_optitrack/msg/detail/point_array_stamped__type_support.c
-- Up-to-date: /home/acl3-ubuntu/holohover_ws/src/holohover/install/mocap_optitrack/include/mocap_optitrack/mocap_optitrack/msg/detail/point_array_stamped__rosidl_typesupport_introspection_c.h
-- Up-to-date: /home/acl3-ubuntu/holohover_ws/src/holohover/install/mocap_optitrack/include/mocap_optitrack/mocap_optitrack/msg/rosidl_typesupport_introspection_c__visibility_control.h
-- Up-to-date: /home/acl3-ubuntu/holohover_ws/src/holohover/install/mocap_optitrack/lib/libmocap_optitrack__rosidl_typesupport_introspection_c.so
-- Up-to-date: /home/acl3-ubuntu/holohover_ws/src/holohover/install/mocap_optitrack/lib/libmocap_optitrack__rosidl_typesupport_c.so
-- Up-to-date: /home/acl3-ubuntu/holohover_ws/src/holohover/install/mocap_optitrack/include/mocap_optitrack/mocap_optitrack
-- Up-to-date: /home/acl3-ubuntu/holohover_ws/src/holohover/install/mocap_optitrack/include/mocap_optitrack/mocap_optitrack/msg
-- Up-to-date: /home/acl3-ubuntu/holohover_ws/src/holohover/install/mocap_optitrack/include/mocap_optitrack/mocap_optitrack/msg/detail
-- Up-to-date: /home/acl3-ubuntu/holohover_ws/src/holohover/install/mocap_optitrack/include/mocap_optitrack/mocap_optitrack/msg/detail/point_array_stamped__rosidl_typesupport_introspection_cpp.hpp
-- Up-to-date: /home/acl3-ubuntu/holohover_ws/src/holohover/install/mocap_optitrack/include/mocap_optitrack/mocap_optitrack/msg/detail/point_array_stamped__type_support.cpp
-- Up-to-date: /home/acl3-ubuntu/holohover_ws/src/holohover/install/mocap_optitrack/lib/libmocap_optitrack__rosidl_typesupport_introspection_cpp.so
-- Up-to-date: /home/acl3-ubuntu/holohover_ws/src/holohover/install/mocap_optitrack/lib/libmocap_optitrack__rosidl_typesupport_cpp.so
-- Up-to-date: /home/acl3-ubuntu/holohover_ws/src/holohover/install/mocap_optitrack/share/mocap_optitrack/environment/pythonpath.sh
-- Up-to-date: /home/acl3-ubuntu/holohover_ws/src/holohover/install/mocap_optitrack/share/mocap_optitrack/environment/pythonpath.dsv
-- Up-to-date: /home/acl3-ubuntu/holohover_ws/src/holohover/install/mocap_optitrack/local/lib/python3.10/dist-packages/mocap_optitrack-0.1.2-py3.10.egg-info
-- Installing: /home/acl3-ubuntu/holohover_ws/src/holohover/install/mocap_optitrack/local/lib/python3.10/dist-packages/mocap_optitrack-0.1.2-py3.10.egg-info/top_level.txt
-- Installing: /home/acl3-ubuntu/holohover_ws/src/holohover/install/mocap_optitrack/local/lib/python3.10/dist-packages/mocap_optitrack-0.1.2-py3.10.egg-info/dependency_links.txt
-- Installing: /home/acl3-ubuntu/holohover_ws/src/holohover/install/mocap_optitrack/local/lib/python3.10/dist-packages/mocap_optitrack-0.1.2-py3.10.egg-info/SOURCES.txt
-- Installing: /home/acl3-ubuntu/holohover_ws/src/holohover/install/mocap_optitrack/local/lib/python3.10/dist-packages/mocap_optitrack-0.1.2-py3.10.egg-info/PKG-INFO
-- Up-to-date: /home/acl3-ubuntu/holohover_ws/src/holohover/install/mocap_optitrack/local/lib/python3.10/dist-packages/mocap_optitrack
-- Up-to-date: /home/acl3-ubuntu/holohover_ws/src/holohover/install/mocap_optitrack/local/lib/python3.10/dist-packages/mocap_optitrack/_mocap_optitrack_s.ep.rosidl_typesupport_c.c
-- Up-to-date: /home/acl3-ubuntu/holohover_ws/src/holohover/install/mocap_optitrack/local/lib/python3.10/dist-packages/mocap_optitrack/mocap_optitrack_s__rosidl_typesupport_c.cpython-310-x86_64-linux-gnu.so
-- Up-to-date: /home/acl3-ubuntu/holohover_ws/src/holohover/install/mocap_optitrack/local/lib/python3.10/dist-packages/mocap_optitrack/__init__.py
-- Up-to-date: /home/acl3-ubuntu/holohover_ws/src/holohover/install/mocap_optitrack/local/lib/python3.10/dist-packages/mocap_optitrack/mocap_optitrack_s__rosidl_typesupport_fastrtps_c.cpython-310-x86_64-linux-gnu.so
-- Up-to-date: /home/acl3-ubuntu/holohover_ws/src/holohover/install/mocap_optitrack/local/lib/python3.10/dist-packages/mocap_optitrack/_mocap_optitrack_s.ep.rosidl_typesupport_introspection_c.c
-- Up-to-date: /home/acl3-ubuntu/holohover_ws/src/holohover/install/mocap_optitrack/local/lib/python3.10/dist-packages/mocap_optitrack/mocap_optitrack_s__rosidl_typesupport_introspection_c.cpython-310-x86_64-linux-gnu.so
-- Up-to-date: /home/acl3-ubuntu/holohover_ws/src/holohover/install/mocap_optitrack/local/lib/python3.10/dist-packages/mocap_optitrack/_mocap_optitrack_s.ep.rosidl_typesupport_fastrtps_c.c
-- Up-to-date: /home/acl3-ubuntu/holohover_ws/src/holohover/install/mocap_optitrack/local/lib/python3.10/dist-packages/mocap_optitrack/libmocap_optitrack__rosidl_generator_py.so
-- Up-to-date: /home/acl3-ubuntu/holohover_ws/src/holohover/install/mocap_optitrack/local/lib/python3.10/dist-packages/mocap_optitrack/msg
-- Up-to-date: /home/acl3-ubuntu/holohover_ws/src/holohover/install/mocap_optitrack/local/lib/python3.10/dist-packages/mocap_optitrack/msg/__init__.py
-- Up-to-date: /home/acl3-ubuntu/holohover_ws/src/holohover/install/mocap_optitrack/local/lib/python3.10/dist-packages/mocap_optitrack/msg/_point_array_stamped.py
-- Up-to-date: /home/acl3-ubuntu/holohover_ws/src/holohover/install/mocap_optitrack/local/lib/python3.10/dist-packages/mocap_optitrack/msg/_point_array_stamped_s.c
Listing '/home/acl3-ubuntu/holohover_ws/src/holohover/install/mocap_optitrack/local/lib/python3.10/dist-packages/mocap_optitrack'...
Listing '/home/acl3-ubuntu/holohover_ws/src/holohover/install/mocap_optitrack/local/lib/python3.10/dist-packages/mocap_optitrack/msg'...
-- Up-to-date: /home/acl3-ubuntu/holohover_ws/src/holohover/install/mocap_optitrack/local/lib/python3.10/dist-packages/mocap_optitrack/mocap_optitrack_s__rosidl_typesupport_fastrtps_c.cpython-310-x86_64-linux-gnu.so
-- Up-to-date: /home/acl3-ubuntu/holohover_ws/src/holohover/install/mocap_optitrack/local/lib/python3.10/dist-packages/mocap_optitrack/mocap_optitrack_s__rosidl_typesupport_introspection_c.cpython-310-x86_64-linux-gnu.so
-- Up-to-date: /home/acl3-ubuntu/holohover_ws/src/holohover/install/mocap_optitrack/local/lib/python3.10/dist-packages/mocap_optitrack/mocap_optitrack_s__rosidl_typesupport_c.cpython-310-x86_64-linux-gnu.so
-- Up-to-date: /home/acl3-ubuntu/holohover_ws/src/holohover/install/mocap_optitrack/lib/libmocap_optitrack__rosidl_generator_py.so
-- Up-to-date: /home/acl3-ubuntu/holohover_ws/src/holohover/install/mocap_optitrack/share/mocap_optitrack/msg/PointArrayStamped.idl
-- Up-to-date: /home/acl3-ubuntu/holohover_ws/src/holohover/install/mocap_optitrack/share/mocap_optitrack/msg/PointArrayStamped.msg
-- Up-to-date: /home/acl3-ubuntu/holohover_ws/src/holohover/install/mocap_optitrack/share/mocap_optitrack//launch
-- Up-to-date: /home/acl3-ubuntu/holohover_ws/src/holohover/install/mocap_optitrack/share/mocap_optitrack//launch/mocap.launch
-- Up-to-date: /home/acl3-ubuntu/holohover_ws/src/holohover/install/mocap_optitrack/share/mocap_optitrack//launch/mocap.launch.py
-- Up-to-date: /home/acl3-ubuntu/holohover_ws/src/holohover/install/mocap_optitrack/share/mocap_optitrack//config
-- Up-to-date: /home/acl3-ubuntu/holohover_ws/src/holohover/install/mocap_optitrack/share/mocap_optitrack//config/mocap.yaml
-- Up-to-date: /home/acl3-ubuntu/holohover_ws/src/holohover/install/mocap_optitrack/share/ament_index/resource_index/package_run_dependencies/mocap_optitrack
-- Up-to-date: /home/acl3-ubuntu/holohover_ws/src/holohover/install/mocap_optitrack/share/ament_index/resource_index/parent_prefix_path/mocap_optitrack
-- Up-to-date: /home/acl3-ubuntu/holohover_ws/src/holohover/install/mocap_optitrack/share/mocap_optitrack/environment/ament_prefix_path.sh
-- Up-to-date: /home/acl3-ubuntu/holohover_ws/src/holohover/install/mocap_optitrack/share/mocap_optitrack/environment/ament_prefix_path.dsv
-- Up-to-date: /home/acl3-ubuntu/holohover_ws/src/holohover/install/mocap_optitrack/share/mocap_optitrack/environment/path.sh
-- Up-to-date: /home/acl3-ubuntu/holohover_ws/src/holohover/install/mocap_optitrack/share/mocap_optitrack/environment/path.dsv
-- Up-to-date: /home/acl3-ubuntu/holohover_ws/src/holohover/install/mocap_optitrack/share/mocap_optitrack/local_setup.bash
-- Up-to-date: /home/acl3-ubuntu/holohover_ws/src/holohover/install/mocap_optitrack/share/mocap_optitrack/local_setup.sh
-- Up-to-date: /home/acl3-ubuntu/holohover_ws/src/holohover/install/mocap_optitrack/share/mocap_optitrack/local_setup.zsh
-- Up-to-date: /home/acl3-ubuntu/holohover_ws/src/holohover/install/mocap_optitrack/share/mocap_optitrack/local_setup.dsv
-- Installing: /home/acl3-ubuntu/holohover_ws/src/holohover/install/mocap_optitrack/share/mocap_optitrack/package.dsv
-- Up-to-date: /home/acl3-ubuntu/holohover_ws/src/holohover/install/mocap_optitrack/share/ament_index/resource_index/packages/mocap_optitrack
-- Up-to-date: /home/acl3-ubuntu/holohover_ws/src/holohover/install/mocap_optitrack/share/mocap_optitrack/cmake/export_mocap_optitrack__rosidl_generator_cExport.cmake
-- Up-to-date: /home/acl3-ubuntu/holohover_ws/src/holohover/install/mocap_optitrack/share/mocap_optitrack/cmake/export_mocap_optitrack__rosidl_generator_cExport-noconfig.cmake
-- Up-to-date: /home/acl3-ubuntu/holohover_ws/src/holohover/install/mocap_optitrack/share/mocap_optitrack/cmake/export_mocap_optitrack__rosidl_typesupport_fastrtps_cExport.cmake
-- Up-to-date: /home/acl3-ubuntu/holohover_ws/src/holohover/install/mocap_optitrack/share/mocap_optitrack/cmake/export_mocap_optitrack__rosidl_typesupport_fastrtps_cExport-noconfig.cmake
-- Up-to-date: /home/acl3-ubuntu/holohover_ws/src/holohover/install/mocap_optitrack/share/mocap_optitrack/cmake/export_mocap_optitrack__rosidl_generator_cppExport.cmake
-- Up-to-date: /home/acl3-ubuntu/holohover_ws/src/holohover/install/mocap_optitrack/share/mocap_optitrack/cmake/export_mocap_optitrack__rosidl_typesupport_fastrtps_cppExport.cmake
-- Up-to-date: /home/acl3-ubuntu/holohover_ws/src/holohover/install/mocap_optitrack/share/mocap_optitrack/cmake/export_mocap_optitrack__rosidl_typesupport_fastrtps_cppExport-noconfig.cmake
-- Up-to-date: /home/acl3-ubuntu/holohover_ws/src/holohover/install/mocap_optitrack/share/mocap_optitrack/cmake/mocap_optitrack__rosidl_typesupport_introspection_cExport.cmake
-- Up-to-date: /home/acl3-ubuntu/holohover_ws/src/holohover/install/mocap_optitrack/share/mocap_optitrack/cmake/mocap_optitrack__rosidl_typesupport_introspection_cExport-noconfig.cmake
-- Up-to-date: /home/acl3-ubuntu/holohover_ws/src/holohover/install/mocap_optitrack/share/mocap_optitrack/cmake/mocap_optitrack__rosidl_typesupport_cExport.cmake
-- Up-to-date: /home/acl3-ubuntu/holohover_ws/src/holohover/install/mocap_optitrack/share/mocap_optitrack/cmake/mocap_optitrack__rosidl_typesupport_cExport-noconfig.cmake
-- Up-to-date: /home/acl3-ubuntu/holohover_ws/src/holohover/install/mocap_optitrack/share/mocap_optitrack/cmake/mocap_optitrack__rosidl_typesupport_introspection_cppExport.cmake
-- Up-to-date: /home/acl3-ubuntu/holohover_ws/src/holohover/install/mocap_optitrack/share/mocap_optitrack/cmake/mocap_optitrack__rosidl_typesupport_introspection_cppExport-noconfig.cmake
-- Up-to-date: /home/acl3-ubuntu/holohover_ws/src/holohover/install/mocap_optitrack/share/mocap_optitrack/cmake/mocap_optitrack__rosidl_typesupport_cppExport.cmake
-- Up-to-date: /home/acl3-ubuntu/holohover_ws/src/holohover/install/mocap_optitrack/share/mocap_optitrack/cmake/mocap_optitrack__rosidl_typesupport_cppExport-noconfig.cmake
-- Up-to-date: /home/acl3-ubuntu/holohover_ws/src/holohover/install/mocap_optitrack/share/mocap_optitrack/cmake/export_mocap_optitrack__rosidl_generator_pyExport.cmake
-- Up-to-date: /home/acl3-ubuntu/holohover_ws/src/holohover/install/mocap_optitrack/share/mocap_optitrack/cmake/export_mocap_optitrack__rosidl_generator_pyExport-noconfig.cmake
-- Up-to-date: /home/acl3-ubuntu/holohover_ws/src/holohover/install/mocap_optitrack/share/mocap_optitrack/cmake/rosidl_cmake-extras.cmake
-- Up-to-date: /home/acl3-ubuntu/holohover_ws/src/holohover/install/mocap_optitrack/share/mocap_optitrack/cmake/ament_cmake_export_dependencies-extras.cmake
-- Up-to-date: /home/acl3-ubuntu/holohover_ws/src/holohover/install/mocap_optitrack/share/mocap_optitrack/cmake/ament_cmake_export_include_directories-extras.cmake
-- Up-to-date: /home/acl3-ubuntu/holohover_ws/src/holohover/install/mocap_optitrack/share/mocap_optitrack/cmake/ament_cmake_export_libraries-extras.cmake
-- Up-to-date: /home/acl3-ubuntu/holohover_ws/src/holohover/install/mocap_optitrack/share/mocap_optitrack/cmake/ament_cmake_export_targets-extras.cmake
-- Up-to-date: /home/acl3-ubuntu/holohover_ws/src/holohover/install/mocap_optitrack/share/mocap_optitrack/cmake/rosidl_cmake_export_typesupport_targets-extras.cmake
-- Up-to-date: /home/acl3-ubuntu/holohover_ws/src/holohover/install/mocap_optitrack/share/mocap_optitrack/cmake/rosidl_cmake_export_typesupport_libraries-extras.cmake
-- Up-to-date: /home/acl3-ubuntu/holohover_ws/src/holohover/install/mocap_optitrack/share/mocap_optitrack/cmake/mocap_optitrackConfig.cmake
-- Up-to-date: /home/acl3-ubuntu/holohover_ws/src/holohover/install/mocap_optitrack/share/mocap_optitrack/cmake/mocap_optitrackConfig-version.cmake
-- Up-to-date: /home/acl3-ubuntu/holohover_ws/src/holohover/install/mocap_optitrack/share/mocap_optitrack/package.xml
-- Up-to-date: /home/acl3-ubuntu/holohover_ws/src/holohover/install/mocap_optitrack/lib/mocap_optitrack/mocap_node
