[0.061s] Invoking command in '/home/acl3-ubuntu/holohover_ws/src/holohover/build/mocap_optitrack': CMAKE_PREFIX_PATH=${CMAKE_PREFIX_PATH}:/opt/ros/humble /usr/bin/cmake --build /home/acl3-ubuntu/holohover_ws/src/holohover/build/mocap_optitrack -- -j8 -l8
[0.145s] [  2%] Built target mocap_optitrack__cpp
[0.154s] [  9%] Built target mocap_optitrack__rosidl_generator_c
[0.173s] [  9%] Built target ament_cmake_python_copy_mocap_optitrack
[0.194s] [ 17%] Built target mocap_optitrack__rosidl_typesupport_cpp
[0.203s] [ 24%] Built target mocap_optitrack__rosidl_typesupport_fastrtps_cpp
[0.224s] [ 31%] Built target mocap_optitrack__rosidl_typesupport_introspection_cpp
[0.224s] [ 39%] Built target mocap_optitrack__rosidl_typesupport_fastrtps_c
[0.240s] [ 46%] Built target mocap_optitrack__rosidl_typesupport_introspection_c
[0.244s] [ 53%] Built target mocap_optitrack__rosidl_typesupport_c
[0.275s] [ 53%] Built target mocap_optitrack
[0.286s] [ 78%] Built target mocap_optitrack_mocap_node
[0.327s] [ 80%] Built target mocap_optitrack__py
[0.383s] [ 85%] Built target mocap_optitrack__rosidl_generator_py
[0.456s] [ 90%] Built target mocap_optitrack__rosidl_typesupport_introspection_c__pyext
[0.456s] [ 95%] Built target mocap_optitrack__rosidl_typesupport_fastrtps_c__pyext
[0.457s] [100%] Built target mocap_optitrack__rosidl_typesupport_c__pyext
[0.609s] running egg_info
[0.609s] writing mocap_optitrack.egg-info/PKG-INFO
[0.609s] writing dependency_links to mocap_optitrack.egg-info/dependency_links.txt
[0.609s] writing top-level names to mocap_optitrack.egg-info/top_level.txt
[0.610s] reading manifest file 'mocap_optitrack.egg-info/SOURCES.txt'
[0.610s] writing manifest file 'mocap_optitrack.egg-info/SOURCES.txt'
[0.664s] [100%] Built target ament_cmake_python_build_mocap_optitrack_egg
[0.729s] Invoked command in '/home/acl3-ubuntu/holohover_ws/src/holohover/build/mocap_optitrack' returned '0': CMAKE_PREFIX_PATH=${CMAKE_PREFIX_PATH}:/opt/ros/humble /usr/bin/cmake --build /home/acl3-ubuntu/holohover_ws/src/holohover/build/mocap_optitrack -- -j8 -l8
[0.779s] Invoking command in '/home/acl3-ubuntu/holohover_ws/src/holohover/build/mocap_optitrack': CMAKE_PREFIX_PATH=${CMAKE_PREFIX_PATH}:/opt/ros/humble /usr/bin/cmake --install /home/acl3-ubuntu/holohover_ws/src/holohover/build/mocap_optitrack
[0.790s] -- Install configuration: ""
[0.790s] -- Up-to-date: /home/acl3-ubuntu/holohover_ws/src/holohover/install/mocap_optitrack/share/ament_index/resource_index/rosidl_interfaces/mocap_optitrack
[0.791s] -- Up-to-date: /home/acl3-ubuntu/holohover_ws/src/holohover/install/mocap_optitrack/include/mocap_optitrack/mocap_optitrack
[0.791s] -- Up-to-date: /home/acl3-ubuntu/holohover_ws/src/holohover/install/mocap_optitrack/include/mocap_optitrack/mocap_optitrack/msg
[0.792s] -- Up-to-date: /home/acl3-ubuntu/holohover_ws/src/holohover/install/mocap_optitrack/include/mocap_optitrack/mocap_optitrack/msg/rosidl_generator_c__visibility_control.h
[0.792s] -- Up-to-date: /home/acl3-ubuntu/holohover_ws/src/holohover/install/mocap_optitrack/include/mocap_optitrack/mocap_optitrack/msg/detail
[0.792s] -- Up-to-date: /home/acl3-ubuntu/holohover_ws/src/holohover/install/mocap_optitrack/include/mocap_optitrack/mocap_optitrack/msg/detail/point_array_stamped__functions.h
[0.792s] -- Up-to-date: /home/acl3-ubuntu/holohover_ws/src/holohover/install/mocap_optitrack/include/mocap_optitrack/mocap_optitrack/msg/detail/point_array_stamped__functions.c
[0.792s] -- Up-to-date: /home/acl3-ubuntu/holohover_ws/src/holohover/install/mocap_optitrack/include/mocap_optitrack/mocap_optitrack/msg/detail/point_array_stamped__type_support.h
[0.793s] -- Up-to-date: /home/acl3-ubuntu/holohover_ws/src/holohover/install/mocap_optitrack/include/mocap_optitrack/mocap_optitrack/msg/detail/point_array_stamped__struct.h
[0.793s] -- Up-to-date: /home/acl3-ubuntu/holohover_ws/src/holohover/install/mocap_optitrack/include/mocap_optitrack/mocap_optitrack/msg/point_array_stamped.h
[0.793s] -- Up-to-date: /home/acl3-ubuntu/holohover_ws/src/holohover/install/mocap_optitrack/share/mocap_optitrack/environment/library_path.sh
[0.793s] -- Up-to-date: /home/acl3-ubuntu/holohover_ws/src/holohover/install/mocap_optitrack/share/mocap_optitrack/environment/library_path.dsv
[0.793s] -- Up-to-date: /home/acl3-ubuntu/holohover_ws/src/holohover/install/mocap_optitrack/lib/libmocap_optitrack__rosidl_generator_c.so
[0.793s] -- Up-to-date: /home/acl3-ubuntu/holohover_ws/src/holohover/install/mocap_optitrack/include/mocap_optitrack/mocap_optitrack
[0.793s] -- Up-to-date: /home/acl3-ubuntu/holohover_ws/src/holohover/install/mocap_optitrack/include/mocap_optitrack/mocap_optitrack/msg
[0.793s] -- Up-to-date: /home/acl3-ubuntu/holohover_ws/src/holohover/install/mocap_optitrack/include/mocap_optitrack/mocap_optitrack/msg/detail
[0.793s] -- Up-to-date: /home/acl3-ubuntu/holohover_ws/src/holohover/install/mocap_optitrack/include/mocap_optitrack/mocap_optitrack/msg/detail/point_array_stamped__rosidl_typesupport_fastrtps_c.h
[0.794s] -- Up-to-date: /home/acl3-ubuntu/holohover_ws/src/holohover/install/mocap_optitrack/include/mocap_optitrack/mocap_optitrack/msg/rosidl_typesupport_fastrtps_c__visibility_control.h
[0.794s] -- Up-to-date: /home/acl3-ubuntu/holohover_ws/src/holohover/install/mocap_optitrack/lib/libmocap_optitrack__rosidl_typesupport_fastrtps_c.so
[0.794s] -- Up-to-date: /home/acl3-ubuntu/holohover_ws/src/holohover/install/mocap_optitrack/include/mocap_optitrack/mocap_optitrack
[0.794s] -- Up-to-date: /home/acl3-ubuntu/holohover_ws/src/holohover/install/mocap_optitrack/include/mocap_optitrack/mocap_optitrack/msg
[0.794s] -- Up-to-date: /home/acl3-ubuntu/holohover_ws/src/holohover/install/mocap_optitrack/include/mocap_optitrack/mocap_optitrack/msg/point_array_stamped.hpp
[0.794s] -- Up-to-date: /home/acl3-ubuntu/holohover_ws/src/holohover/install/mocap_optitrack/include/mocap_optitrack/mocap_optitrack/msg/detail
[0.794s] -- Up-to-date: /home/acl3-ubuntu/holohover_ws/src/holohover/install/mocap_optitrack/include/mocap_optitrack/mocap_optitrack/msg/detail/point_array_stamped__struct.hpp
[0.794s] -- Up-to-date: /home/acl3-ubuntu/holohover_ws/src/holohover/install/mocap_optitrack/include/mocap_optitrack/mocap_optitrack/msg/detail/point_array_stamped__builder.hpp
[0.794s] -- Up-to-date: /home/acl3-ubuntu/holohover_ws/src/holohover/install/mocap_optitrack/include/mocap_optitrack/mocap_optitrack/msg/detail/point_array_stamped__traits.hpp
[0.795s] -- Up-to-date: /home/acl3-ubuntu/holohover_ws/src/holohover/install/mocap_optitrack/include/mocap_optitrack/mocap_optitrack
[0.795s] -- Up-to-date: /home/acl3-ubuntu/holohover_ws/src/holohover/install/mocap_optitrack/include/mocap_optitrack/mocap_optitrack/msg
[0.795s] -- Up-to-date: /home/acl3-ubuntu/holohover_ws/src/holohover/install/mocap_optitrack/include/mocap_optitrack/mocap_optitrack/msg/rosidl_typesupport_fastrtps_cpp__visibility_control.h
[0.795s] -- Up-to-date: /home/acl3-ubuntu/holohover_ws/src/holohover/install/mocap_optitrack/include/mocap_optitrack/mocap_optitrack/msg/detail
[0.795s] -- Up-to-date: /home/acl3-ubuntu/holohover_ws/src/holohover/install/mocap_optitrack/include/mocap_optitrack/mocap_optitrack/msg/detail/dds_fastrtps
[0.795s] -- Up-to-date: /home/acl3-ubuntu/holohover_ws/src/holohover/install/mocap_optitrack/include/mocap_optitrack/mocap_optitrack/msg/detail/point_array_stamped__rosidl_typesupport_fastrtps_cpp.hpp
[0.796s] -- Up-to-date: /home/acl3-ubuntu/holohover_ws/src/holohover/install/mocap_optitrack/lib/libmocap_optitrack__rosidl_typesupport_fastrtps_cpp.so
[0.796s] -- Up-to-date: /home/acl3-ubuntu/holohover_ws/src/holohover/install/mocap_optitrack/include/mocap_optitrack/mocap_optitrack
[0.796s] -- Up-to-date: /home/acl3-ubuntu/holohover_ws/src/holohover/install/mocap_optitrack/include/mocap_optitrack/mocap_optitrack/msg
[0.796s] -- Up-to-date: /home/acl3-ubuntu/holohover_ws/src/holohover/install/mocap_optitrack/include/mocap_optitrack/mocap_optitrack/msg/detail
[0.797s] -- Up-to-date: /home/acl3-ubuntu/holohover_ws/src/holohover/install/mocap_optitrack/include/mocap_optitrack/mocap_optitrack/msg/detail/point_array_stamped__type_support.c
[0.797s] -- Up-to-date: /home/acl3-ubuntu/holohover_ws/src/holohover/install/mocap_optitrack/include/mocap_optitrack/mocap_optitrack/msg/detail/point_array_stamped__rosidl_typesupport_introspection_c.h
[0.797s] -- Up-to-date: /home/acl3-ubuntu/holohover_ws/src/holohover/install/mocap_optitrack/include/mocap_optitrack/mocap_optitrack/msg/rosidl_typesupport_introspection_c__visibility_control.h
[0.797s] -- Up-to-date: /home/acl3-ubuntu/holohover_ws/src/holohover/install/mocap_optitrack/lib/libmocap_optitrack__rosidl_typesupport_introspection_c.so
[0.797s] -- Up-to-date: /home/acl3-ubuntu/holohover_ws/src/holohover/install/mocap_optitrack/lib/libmocap_optitrack__rosidl_typesupport_c.so
[0.797s] -- Up-to-date: /home/acl3-ubuntu/holohover_ws/src/holohover/install/mocap_optitrack/include/mocap_optitrack/mocap_optitrack
[0.797s] -- Up-to-date: /home/acl3-ubuntu/holohover_ws/src/holohover/install/mocap_optitrack/include/mocap_optitrack/mocap_optitrack/msg
[0.797s] -- Up-to-date: /home/acl3-ubuntu/holohover_ws/src/holohover/install/mocap_optitrack/include/mocap_optitrack/mocap_optitrack/msg/detail
[0.798s] -- Up-to-date: /home/acl3-ubuntu/holohover_ws/src/holohover/install/mocap_optitrack/include/mocap_optitrack/mocap_optitrack/msg/detail/point_array_stamped__rosidl_typesupport_introspection_cpp.hpp
[0.798s] -- Up-to-date: /home/acl3-ubuntu/holohover_ws/src/holohover/install/mocap_optitrack/include/mocap_optitrack/mocap_optitrack/msg/detail/point_array_stamped__type_support.cpp
[0.798s] -- Up-to-date: /home/acl3-ubuntu/holohover_ws/src/holohover/install/mocap_optitrack/lib/libmocap_optitrack__rosidl_typesupport_introspection_cpp.so
[0.798s] -- Up-to-date: /home/acl3-ubuntu/holohover_ws/src/holohover/install/mocap_optitrack/lib/libmocap_optitrack__rosidl_typesupport_cpp.so
[0.798s] -- Up-to-date: /home/acl3-ubuntu/holohover_ws/src/holohover/install/mocap_optitrack/share/mocap_optitrack/environment/pythonpath.sh
[0.798s] -- Up-to-date: /home/acl3-ubuntu/holohover_ws/src/holohover/install/mocap_optitrack/share/mocap_optitrack/environment/pythonpath.dsv
[0.798s] -- Up-to-date: /home/acl3-ubuntu/holohover_ws/src/holohover/install/mocap_optitrack/local/lib/python3.10/dist-packages/mocap_optitrack-0.1.2-py3.10.egg-info
[0.798s] -- Installing: /home/acl3-ubuntu/holohover_ws/src/holohover/install/mocap_optitrack/local/lib/python3.10/dist-packages/mocap_optitrack-0.1.2-py3.10.egg-info/top_level.txt
[0.798s] -- Installing: /home/acl3-ubuntu/holohover_ws/src/holohover/install/mocap_optitrack/local/lib/python3.10/dist-packages/mocap_optitrack-0.1.2-py3.10.egg-info/dependency_links.txt
[0.798s] -- Installing: /home/acl3-ubuntu/holohover_ws/src/holohover/install/mocap_optitrack/local/lib/python3.10/dist-packages/mocap_optitrack-0.1.2-py3.10.egg-info/SOURCES.txt
[0.798s] -- Installing: /home/acl3-ubuntu/holohover_ws/src/holohover/install/mocap_optitrack/local/lib/python3.10/dist-packages/mocap_optitrack-0.1.2-py3.10.egg-info/PKG-INFO
[0.798s] -- Up-to-date: /home/acl3-ubuntu/holohover_ws/src/holohover/install/mocap_optitrack/local/lib/python3.10/dist-packages/mocap_optitrack
[0.799s] -- Up-to-date: /home/acl3-ubuntu/holohover_ws/src/holohover/install/mocap_optitrack/local/lib/python3.10/dist-packages/mocap_optitrack/_mocap_optitrack_s.ep.rosidl_typesupport_c.c
[0.799s] -- Up-to-date: /home/acl3-ubuntu/holohover_ws/src/holohover/install/mocap_optitrack/local/lib/python3.10/dist-packages/mocap_optitrack/mocap_optitrack_s__rosidl_typesupport_c.cpython-310-x86_64-linux-gnu.so
[0.799s] -- Up-to-date: /home/acl3-ubuntu/holohover_ws/src/holohover/install/mocap_optitrack/local/lib/python3.10/dist-packages/mocap_optitrack/__init__.py
[0.799s] -- Up-to-date: /home/acl3-ubuntu/holohover_ws/src/holohover/install/mocap_optitrack/local/lib/python3.10/dist-packages/mocap_optitrack/mocap_optitrack_s__rosidl_typesupport_fastrtps_c.cpython-310-x86_64-linux-gnu.so
[0.799s] -- Up-to-date: /home/acl3-ubuntu/holohover_ws/src/holohover/install/mocap_optitrack/local/lib/python3.10/dist-packages/mocap_optitrack/_mocap_optitrack_s.ep.rosidl_typesupport_introspection_c.c
[0.799s] -- Up-to-date: /home/acl3-ubuntu/holohover_ws/src/holohover/install/mocap_optitrack/local/lib/python3.10/dist-packages/mocap_optitrack/mocap_optitrack_s__rosidl_typesupport_introspection_c.cpython-310-x86_64-linux-gnu.so
[0.799s] -- Up-to-date: /home/acl3-ubuntu/holohover_ws/src/holohover/install/mocap_optitrack/local/lib/python3.10/dist-packages/mocap_optitrack/_mocap_optitrack_s.ep.rosidl_typesupport_fastrtps_c.c
[0.799s] -- Up-to-date: /home/acl3-ubuntu/holohover_ws/src/holohover/install/mocap_optitrack/local/lib/python3.10/dist-packages/mocap_optitrack/libmocap_optitrack__rosidl_generator_py.so
[0.799s] -- Up-to-date: /home/acl3-ubuntu/holohover_ws/src/holohover/install/mocap_optitrack/local/lib/python3.10/dist-packages/mocap_optitrack/msg
[0.799s] -- Up-to-date: /home/acl3-ubuntu/holohover_ws/src/holohover/install/mocap_optitrack/local/lib/python3.10/dist-packages/mocap_optitrack/msg/__init__.py
[0.799s] -- Up-to-date: /home/acl3-ubuntu/holohover_ws/src/holohover/install/mocap_optitrack/local/lib/python3.10/dist-packages/mocap_optitrack/msg/_point_array_stamped.py
[0.799s] -- Up-to-date: /home/acl3-ubuntu/holohover_ws/src/holohover/install/mocap_optitrack/local/lib/python3.10/dist-packages/mocap_optitrack/msg/_point_array_stamped_s.c
[0.835s] Listing '/home/acl3-ubuntu/holohover_ws/src/holohover/install/mocap_optitrack/local/lib/python3.10/dist-packages/mocap_optitrack'...
[0.835s] Listing '/home/acl3-ubuntu/holohover_ws/src/holohover/install/mocap_optitrack/local/lib/python3.10/dist-packages/mocap_optitrack/msg'...
[0.841s] -- Up-to-date: /home/acl3-ubuntu/holohover_ws/src/holohover/install/mocap_optitrack/local/lib/python3.10/dist-packages/mocap_optitrack/mocap_optitrack_s__rosidl_typesupport_fastrtps_c.cpython-310-x86_64-linux-gnu.so
[0.842s] -- Up-to-date: /home/acl3-ubuntu/holohover_ws/src/holohover/install/mocap_optitrack/local/lib/python3.10/dist-packages/mocap_optitrack/mocap_optitrack_s__rosidl_typesupport_introspection_c.cpython-310-x86_64-linux-gnu.so
[0.843s] -- Up-to-date: /home/acl3-ubuntu/holohover_ws/src/holohover/install/mocap_optitrack/local/lib/python3.10/dist-packages/mocap_optitrack/mocap_optitrack_s__rosidl_typesupport_c.cpython-310-x86_64-linux-gnu.so
[0.843s] -- Up-to-date: /home/acl3-ubuntu/holohover_ws/src/holohover/install/mocap_optitrack/lib/libmocap_optitrack__rosidl_generator_py.so
[0.843s] -- Up-to-date: /home/acl3-ubuntu/holohover_ws/src/holohover/install/mocap_optitrack/share/mocap_optitrack/msg/PointArrayStamped.idl
[0.844s] -- Up-to-date: /home/acl3-ubuntu/holohover_ws/src/holohover/install/mocap_optitrack/share/mocap_optitrack/msg/PointArrayStamped.msg
[0.844s] -- Up-to-date: /home/acl3-ubuntu/holohover_ws/src/holohover/install/mocap_optitrack/share/mocap_optitrack//launch
[0.844s] -- Up-to-date: /home/acl3-ubuntu/holohover_ws/src/holohover/install/mocap_optitrack/share/mocap_optitrack//launch/mocap.launch
[0.844s] -- Up-to-date: /home/acl3-ubuntu/holohover_ws/src/holohover/install/mocap_optitrack/share/mocap_optitrack//launch/mocap.launch.py
[0.845s] -- Up-to-date: /home/acl3-ubuntu/holohover_ws/src/holohover/install/mocap_optitrack/share/mocap_optitrack//config
[0.845s] -- Up-to-date: /home/acl3-ubuntu/holohover_ws/src/holohover/install/mocap_optitrack/share/mocap_optitrack//config/mocap.yaml
[0.846s] -- Up-to-date: /home/acl3-ubuntu/holohover_ws/src/holohover/install/mocap_optitrack/share/ament_index/resource_index/package_run_dependencies/mocap_optitrack
[0.846s] -- Up-to-date: /home/acl3-ubuntu/holohover_ws/src/holohover/install/mocap_optitrack/share/ament_index/resource_index/parent_prefix_path/mocap_optitrack
[0.846s] -- Up-to-date: /home/acl3-ubuntu/holohover_ws/src/holohover/install/mocap_optitrack/share/mocap_optitrack/environment/ament_prefix_path.sh
[0.846s] -- Up-to-date: /home/acl3-ubuntu/holohover_ws/src/holohover/install/mocap_optitrack/share/mocap_optitrack/environment/ament_prefix_path.dsv
[0.846s] -- Up-to-date: /home/acl3-ubuntu/holohover_ws/src/holohover/install/mocap_optitrack/share/mocap_optitrack/environment/path.sh
[0.847s] -- Up-to-date: /home/acl3-ubuntu/holohover_ws/src/holohover/install/mocap_optitrack/share/mocap_optitrack/environment/path.dsv
[0.848s] -- Up-to-date: /home/acl3-ubuntu/holohover_ws/src/holohover/install/mocap_optitrack/share/mocap_optitrack/local_setup.bash
[0.849s] -- Up-to-date: /home/acl3-ubuntu/holohover_ws/src/holohover/install/mocap_optitrack/share/mocap_optitrack/local_setup.sh
[0.850s] -- Up-to-date: /home/acl3-ubuntu/holohover_ws/src/holohover/install/mocap_optitrack/share/mocap_optitrack/local_setup.zsh
[0.850s] -- Up-to-date: /home/acl3-ubuntu/holohover_ws/src/holohover/install/mocap_optitrack/share/mocap_optitrack/local_setup.dsv
[0.855s] -- Installing: /home/acl3-ubuntu/holohover_ws/src/holohover/install/mocap_optitrack/share/mocap_optitrack/package.dsv
[0.855s] -- Up-to-date: /home/acl3-ubuntu/holohover_ws/src/holohover/install/mocap_optitrack/share/ament_index/resource_index/packages/mocap_optitrack
[0.855s] -- Up-to-date: /home/acl3-ubuntu/holohover_ws/src/holohover/install/mocap_optitrack/share/mocap_optitrack/cmake/export_mocap_optitrack__rosidl_generator_cExport.cmake
[0.855s] -- Up-to-date: /home/acl3-ubuntu/holohover_ws/src/holohover/install/mocap_optitrack/share/mocap_optitrack/cmake/export_mocap_optitrack__rosidl_generator_cExport-noconfig.cmake
[0.856s] -- Up-to-date: /home/acl3-ubuntu/holohover_ws/src/holohover/install/mocap_optitrack/share/mocap_optitrack/cmake/export_mocap_optitrack__rosidl_typesupport_fastrtps_cExport.cmake
[0.856s] -- Up-to-date: /home/acl3-ubuntu/holohover_ws/src/holohover/install/mocap_optitrack/share/mocap_optitrack/cmake/export_mocap_optitrack__rosidl_typesupport_fastrtps_cExport-noconfig.cmake
[0.856s] -- Up-to-date: /home/acl3-ubuntu/holohover_ws/src/holohover/install/mocap_optitrack/share/mocap_optitrack/cmake/export_mocap_optitrack__rosidl_generator_cppExport.cmake
[0.856s] -- Up-to-date: /home/acl3-ubuntu/holohover_ws/src/holohover/install/mocap_optitrack/share/mocap_optitrack/cmake/export_mocap_optitrack__rosidl_typesupport_fastrtps_cppExport.cmake
[0.856s] -- Up-to-date: /home/acl3-ubuntu/holohover_ws/src/holohover/install/mocap_optitrack/share/mocap_optitrack/cmake/export_mocap_optitrack__rosidl_typesupport_fastrtps_cppExport-noconfig.cmake
[0.856s] -- Up-to-date: /home/acl3-ubuntu/holohover_ws/src/holohover/install/mocap_optitrack/share/mocap_optitrack/cmake/mocap_optitrack__rosidl_typesupport_introspection_cExport.cmake
[0.856s] -- Up-to-date: /home/acl3-ubuntu/holohover_ws/src/holohover/install/mocap_optitrack/share/mocap_optitrack/cmake/mocap_optitrack__rosidl_typesupport_introspection_cExport-noconfig.cmake
[0.856s] -- Up-to-date: /home/acl3-ubuntu/holohover_ws/src/holohover/install/mocap_optitrack/share/mocap_optitrack/cmake/mocap_optitrack__rosidl_typesupport_cExport.cmake
[0.856s] -- Up-to-date: /home/acl3-ubuntu/holohover_ws/src/holohover/install/mocap_optitrack/share/mocap_optitrack/cmake/mocap_optitrack__rosidl_typesupport_cExport-noconfig.cmake
[0.856s] -- Up-to-date: /home/acl3-ubuntu/holohover_ws/src/holohover/install/mocap_optitrack/share/mocap_optitrack/cmake/mocap_optitrack__rosidl_typesupport_introspection_cppExport.cmake
[0.856s] -- Up-to-date: /home/acl3-ubuntu/holohover_ws/src/holohover/install/mocap_optitrack/share/mocap_optitrack/cmake/mocap_optitrack__rosidl_typesupport_introspection_cppExport-noconfig.cmake
[0.856s] -- Up-to-date: /home/acl3-ubuntu/holohover_ws/src/holohover/install/mocap_optitrack/share/mocap_optitrack/cmake/mocap_optitrack__rosidl_typesupport_cppExport.cmake
[0.856s] -- Up-to-date: /home/acl3-ubuntu/holohover_ws/src/holohover/install/mocap_optitrack/share/mocap_optitrack/cmake/mocap_optitrack__rosidl_typesupport_cppExport-noconfig.cmake
[0.856s] -- Up-to-date: /home/acl3-ubuntu/holohover_ws/src/holohover/install/mocap_optitrack/share/mocap_optitrack/cmake/export_mocap_optitrack__rosidl_generator_pyExport.cmake
[0.857s] -- Up-to-date: /home/acl3-ubuntu/holohover_ws/src/holohover/install/mocap_optitrack/share/mocap_optitrack/cmake/export_mocap_optitrack__rosidl_generator_pyExport-noconfig.cmake
[0.857s] -- Up-to-date: /home/acl3-ubuntu/holohover_ws/src/holohover/install/mocap_optitrack/share/mocap_optitrack/cmake/rosidl_cmake-extras.cmake
[0.857s] -- Up-to-date: /home/acl3-ubuntu/holohover_ws/src/holohover/install/mocap_optitrack/share/mocap_optitrack/cmake/ament_cmake_export_dependencies-extras.cmake
[0.857s] -- Up-to-date: /home/acl3-ubuntu/holohover_ws/src/holohover/install/mocap_optitrack/share/mocap_optitrack/cmake/ament_cmake_export_include_directories-extras.cmake
[0.857s] -- Up-to-date: /home/acl3-ubuntu/holohover_ws/src/holohover/install/mocap_optitrack/share/mocap_optitrack/cmake/ament_cmake_export_libraries-extras.cmake
[0.857s] -- Up-to-date: /home/acl3-ubuntu/holohover_ws/src/holohover/install/mocap_optitrack/share/mocap_optitrack/cmake/ament_cmake_export_targets-extras.cmake
[0.857s] -- Up-to-date: /home/acl3-ubuntu/holohover_ws/src/holohover/install/mocap_optitrack/share/mocap_optitrack/cmake/rosidl_cmake_export_typesupport_targets-extras.cmake
[0.857s] -- Up-to-date: /home/acl3-ubuntu/holohover_ws/src/holohover/install/mocap_optitrack/share/mocap_optitrack/cmake/rosidl_cmake_export_typesupport_libraries-extras.cmake
[0.857s] -- Up-to-date: /home/acl3-ubuntu/holohover_ws/src/holohover/install/mocap_optitrack/share/mocap_optitrack/cmake/mocap_optitrackConfig.cmake
[0.857s] -- Up-to-date: /home/acl3-ubuntu/holohover_ws/src/holohover/install/mocap_optitrack/share/mocap_optitrack/cmake/mocap_optitrackConfig-version.cmake
[0.857s] -- Up-to-date: /home/acl3-ubuntu/holohover_ws/src/holohover/install/mocap_optitrack/share/mocap_optitrack/package.xml
[0.857s] -- Up-to-date: /home/acl3-ubuntu/holohover_ws/src/holohover/install/mocap_optitrack/lib/mocap_optitrack/mocap_node
[0.860s] Invoked command in '/home/acl3-ubuntu/holohover_ws/src/holohover/build/mocap_optitrack' returned '0': CMAKE_PREFIX_PATH=${CMAKE_PREFIX_PATH}:/opt/ros/humble /usr/bin/cmake --install /home/acl3-ubuntu/holohover_ws/src/holohover/build/mocap_optitrack
