[  1%] Built target holohover_msgs__cpp
[ 12%] Built target holohover_msgs__rosidl_generator_c
[ 12%] Built target ament_cmake_python_copy_holohover_msgs
[ 23%] Built target holohover_msgs__rosidl_typesupport_fastrtps_cpp
[ 36%] Built target holohover_msgs__rosidl_typesupport_introspection_cpp
[ 46%] Built target holohover_msgs__rosidl_typesupport_cpp
[ 57%] Built target holohover_msgs__rosidl_typesupport_fastrtps_c
[ 68%] Built target holohover_msgs__rosidl_typesupport_c
[ 79%] Built target holohover_msgs__rosidl_typesupport_introspection_c
[ 79%] Built target holohover_msgs
[ 80%] Built target holohover_msgs__py
[ 90%] Built target holohover_msgs__rosidl_generator_py
[ 93%] Built target holohover_msgs__rosidl_typesupport_fastrtps_c__pyext
[ 96%] Built target holohover_msgs__rosidl_typesupport_introspection_c__pyext
[100%] Built target holohover_msgs__rosidl_typesupport_c__pyext
running egg_info
writing holohover_msgs.egg-info/PKG-INFO
writing dependency_links to holohover_msgs.egg-info/dependency_links.txt
writing top-level names to holohover_msgs.egg-info/top_level.txt
reading manifest file 'holohover_msgs.egg-info/SOURCES.txt'
writing manifest file 'holohover_msgs.egg-info/SOURCES.txt'
[100%] Built target ament_cmake_python_build_holohover_msgs_egg
-- Install configuration: ""
-- Up-to-date: /home/acl3-ubuntu/holohover_ws/src/holohover/install/holohover_msgs/share/ament_index/resource_index/rosidl_interfaces/holohover_msgs
-- Up-to-date: /home/acl3-ubuntu/holohover_ws/src/holohover/install/holohover_msgs/include/holohover_msgs/holohover_msgs
-- Up-to-date: /home/acl3-ubuntu/holohover_ws/src/holohover/install/holohover_msgs/include/holohover_msgs/holohover_msgs/msg
-- Up-to-date: /home/acl3-ubuntu/holohover_ws/src/holohover/install/holohover_msgs/include/holohover_msgs/holohover_msgs/msg/rosidl_generator_c__visibility_control.h
-- Up-to-date: /home/acl3-ubuntu/holohover_ws/src/holohover/install/holohover_msgs/include/holohover_msgs/holohover_msgs/msg/holohover_control_stamped.h
-- Up-to-date: /home/acl3-ubuntu/holohover_ws/src/holohover/install/holohover_msgs/include/holohover_msgs/holohover_msgs/msg/detail
-- Up-to-date: /home/acl3-ubuntu/holohover_ws/src/holohover/install/holohover_msgs/include/holohover_msgs/holohover_msgs/msg/detail/holohover_imu_stamped__type_support.h
-- Up-to-date: /home/acl3-ubuntu/holohover_ws/src/holohover/install/holohover_msgs/include/holohover_msgs/holohover_msgs/msg/detail/holohover_imu_stamped__struct.h
-- Up-to-date: /home/acl3-ubuntu/holohover_ws/src/holohover/install/holohover_msgs/include/holohover_msgs/holohover_msgs/msg/detail/holohover_imu__functions.c
-- Up-to-date: /home/acl3-ubuntu/holohover_ws/src/holohover/install/holohover_msgs/include/holohover_msgs/holohover_msgs/msg/detail/attitude__struct.h
-- Up-to-date: /home/acl3-ubuntu/holohover_ws/src/holohover/install/holohover_msgs/include/holohover_msgs/holohover_msgs/msg/detail/holohover_mouse_stamped__type_support.h
-- Up-to-date: /home/acl3-ubuntu/holohover_ws/src/holohover/install/holohover_msgs/include/holohover_msgs/holohover_msgs/msg/detail/holohover_control_stamped__struct.h
-- Up-to-date: /home/acl3-ubuntu/holohover_ws/src/holohover/install/holohover_msgs/include/holohover_msgs/holohover_msgs/msg/detail/holohover_imu_stamped__functions.c
-- Up-to-date: /home/acl3-ubuntu/holohover_ws/src/holohover/install/holohover_msgs/include/holohover_msgs/holohover_msgs/msg/detail/attitude__functions.c
-- Up-to-date: /home/acl3-ubuntu/holohover_ws/src/holohover/install/holohover_msgs/include/holohover_msgs/holohover_msgs/msg/detail/holohover_mouse_stamped__struct.h
-- Up-to-date: /home/acl3-ubuntu/holohover_ws/src/holohover/install/holohover_msgs/include/holohover_msgs/holohover_msgs/msg/detail/holohover_mouse__type_support.h
-- Up-to-date: /home/acl3-ubuntu/holohover_ws/src/holohover/install/holohover_msgs/include/holohover_msgs/holohover_msgs/msg/detail/holohover_control__functions.c
-- Up-to-date: /home/acl3-ubuntu/holohover_ws/src/holohover/install/holohover_msgs/include/holohover_msgs/holohover_msgs/msg/detail/holohover_imu__functions.h
-- Up-to-date: /home/acl3-ubuntu/holohover_ws/src/holohover/install/holohover_msgs/include/holohover_msgs/holohover_msgs/msg/detail/holohover_imu_stamped__functions.h
-- Up-to-date: /home/acl3-ubuntu/holohover_ws/src/holohover/install/holohover_msgs/include/holohover_msgs/holohover_msgs/msg/detail/holohover_state_stamped__struct.h
-- Up-to-date: /home/acl3-ubuntu/holohover_ws/src/holohover/install/holohover_msgs/include/holohover_msgs/holohover_msgs/msg/detail/holohover_control_stamped__functions.c
-- Up-to-date: /home/acl3-ubuntu/holohover_ws/src/holohover/install/holohover_msgs/include/holohover_msgs/holohover_msgs/msg/detail/attitude__type_support.h
-- Up-to-date: /home/acl3-ubuntu/holohover_ws/src/holohover/install/holohover_msgs/include/holohover_msgs/holohover_msgs/msg/detail/holohover_control__functions.h
-- Up-to-date: /home/acl3-ubuntu/holohover_ws/src/holohover/install/holohover_msgs/include/holohover_msgs/holohover_msgs/msg/detail/holohover_mouse_stamped__functions.c
-- Up-to-date: /home/acl3-ubuntu/holohover_ws/src/holohover/install/holohover_msgs/include/holohover_msgs/holohover_msgs/msg/detail/holohover_mouse_stamped__functions.h
-- Up-to-date: /home/acl3-ubuntu/holohover_ws/src/holohover/install/holohover_msgs/include/holohover_msgs/holohover_msgs/msg/detail/holohover_control__type_support.h
-- Up-to-date: /home/acl3-ubuntu/holohover_ws/src/holohover/install/holohover_msgs/include/holohover_msgs/holohover_msgs/msg/detail/holohover_control_stamped__functions.h
-- Up-to-date: /home/acl3-ubuntu/holohover_ws/src/holohover/install/holohover_msgs/include/holohover_msgs/holohover_msgs/msg/detail/holohover_state_stamped__type_support.h
-- Up-to-date: /home/acl3-ubuntu/holohover_ws/src/holohover/install/holohover_msgs/include/holohover_msgs/holohover_msgs/msg/detail/holohover_state_stamped__functions.h
-- Up-to-date: /home/acl3-ubuntu/holohover_ws/src/holohover/install/holohover_msgs/include/holohover_msgs/holohover_msgs/msg/detail/attitude__functions.h
-- Up-to-date: /home/acl3-ubuntu/holohover_ws/src/holohover/install/holohover_msgs/include/holohover_msgs/holohover_msgs/msg/detail/holohover_imu__struct.h
-- Up-to-date: /home/acl3-ubuntu/holohover_ws/src/holohover/install/holohover_msgs/include/holohover_msgs/holohover_msgs/msg/detail/holohover_state__struct.h
-- Up-to-date: /home/acl3-ubuntu/holohover_ws/src/holohover/install/holohover_msgs/include/holohover_msgs/holohover_msgs/msg/detail/holohover_imu__type_support.h
-- Up-to-date: /home/acl3-ubuntu/holohover_ws/src/holohover/install/holohover_msgs/include/holohover_msgs/holohover_msgs/msg/detail/holohover_state__type_support.h
-- Up-to-date: /home/acl3-ubuntu/holohover_ws/src/holohover/install/holohover_msgs/include/holohover_msgs/holohover_msgs/msg/detail/holohover_state__functions.h
-- Up-to-date: /home/acl3-ubuntu/holohover_ws/src/holohover/install/holohover_msgs/include/holohover_msgs/holohover_msgs/msg/detail/holohover_mouse__struct.h
-- Up-to-date: /home/acl3-ubuntu/holohover_ws/src/holohover/install/holohover_msgs/include/holohover_msgs/holohover_msgs/msg/detail/holohover_mouse__functions.c
-- Up-to-date: /home/acl3-ubuntu/holohover_ws/src/holohover/install/holohover_msgs/include/holohover_msgs/holohover_msgs/msg/detail/holohover_mouse__functions.h
-- Up-to-date: /home/acl3-ubuntu/holohover_ws/src/holohover/install/holohover_msgs/include/holohover_msgs/holohover_msgs/msg/detail/holohover_state_stamped__functions.c
-- Up-to-date: /home/acl3-ubuntu/holohover_ws/src/holohover/install/holohover_msgs/include/holohover_msgs/holohover_msgs/msg/detail/holohover_state__functions.c
-- Up-to-date: /home/acl3-ubuntu/holohover_ws/src/holohover/install/holohover_msgs/include/holohover_msgs/holohover_msgs/msg/detail/holohover_control__struct.h
-- Up-to-date: /home/acl3-ubuntu/holohover_ws/src/holohover/install/holohover_msgs/include/holohover_msgs/holohover_msgs/msg/detail/holohover_control_stamped__type_support.h
-- Up-to-date: /home/acl3-ubuntu/holohover_ws/src/holohover/install/holohover_msgs/include/holohover_msgs/holohover_msgs/msg/holohover_mouse_stamped.h
-- Up-to-date: /home/acl3-ubuntu/holohover_ws/src/holohover/install/holohover_msgs/include/holohover_msgs/holohover_msgs/msg/holohover_control.h
-- Up-to-date: /home/acl3-ubuntu/holohover_ws/src/holohover/install/holohover_msgs/include/holohover_msgs/holohover_msgs/msg/holohover_imu_stamped.h
-- Up-to-date: /home/acl3-ubuntu/holohover_ws/src/holohover/install/holohover_msgs/include/holohover_msgs/holohover_msgs/msg/holohover_state_stamped.h
-- Up-to-date: /home/acl3-ubuntu/holohover_ws/src/holohover/install/holohover_msgs/include/holohover_msgs/holohover_msgs/msg/attitude.h
-- Up-to-date: /home/acl3-ubuntu/holohover_ws/src/holohover/install/holohover_msgs/include/holohover_msgs/holohover_msgs/msg/holohover_mouse.h
-- Up-to-date: /home/acl3-ubuntu/holohover_ws/src/holohover/install/holohover_msgs/include/holohover_msgs/holohover_msgs/msg/holohover_imu.h
-- Up-to-date: /home/acl3-ubuntu/holohover_ws/src/holohover/install/holohover_msgs/include/holohover_msgs/holohover_msgs/msg/holohover_state.h
-- Up-to-date: /home/acl3-ubuntu/holohover_ws/src/holohover/install/holohover_msgs/share/holohover_msgs/environment/library_path.sh
-- Up-to-date: /home/acl3-ubuntu/holohover_ws/src/holohover/install/holohover_msgs/share/holohover_msgs/environment/library_path.dsv
-- Up-to-date: /home/acl3-ubuntu/holohover_ws/src/holohover/install/holohover_msgs/lib/libholohover_msgs__rosidl_generator_c.so
-- Up-to-date: /home/acl3-ubuntu/holohover_ws/src/holohover/install/holohover_msgs/include/holohover_msgs/holohover_msgs
-- Up-to-date: /home/acl3-ubuntu/holohover_ws/src/holohover/install/holohover_msgs/include/holohover_msgs/holohover_msgs/msg
-- Up-to-date: /home/acl3-ubuntu/holohover_ws/src/holohover/install/holohover_msgs/include/holohover_msgs/holohover_msgs/msg/detail
-- Up-to-date: /home/acl3-ubuntu/holohover_ws/src/holohover/install/holohover_msgs/include/holohover_msgs/holohover_msgs/msg/detail/holohover_state__rosidl_typesupport_fastrtps_c.h
-- Up-to-date: /home/acl3-ubuntu/holohover_ws/src/holohover/install/holohover_msgs/include/holohover_msgs/holohover_msgs/msg/detail/holohover_control_stamped__rosidl_typesupport_fastrtps_c.h
-- Up-to-date: /home/acl3-ubuntu/holohover_ws/src/holohover/install/holohover_msgs/include/holohover_msgs/holohover_msgs/msg/detail/holohover_state_stamped__rosidl_typesupport_fastrtps_c.h
-- Up-to-date: /home/acl3-ubuntu/holohover_ws/src/holohover/install/holohover_msgs/include/holohover_msgs/holohover_msgs/msg/detail/holohover_imu_stamped__rosidl_typesupport_fastrtps_c.h
-- Up-to-date: /home/acl3-ubuntu/holohover_ws/src/holohover/install/holohover_msgs/include/holohover_msgs/holohover_msgs/msg/detail/holohover_mouse_stamped__rosidl_typesupport_fastrtps_c.h
-- Up-to-date: /home/acl3-ubuntu/holohover_ws/src/holohover/install/holohover_msgs/include/holohover_msgs/holohover_msgs/msg/detail/attitude__rosidl_typesupport_fastrtps_c.h
-- Up-to-date: /home/acl3-ubuntu/holohover_ws/src/holohover/install/holohover_msgs/include/holohover_msgs/holohover_msgs/msg/detail/holohover_imu__rosidl_typesupport_fastrtps_c.h
-- Up-to-date: /home/acl3-ubuntu/holohover_ws/src/holohover/install/holohover_msgs/include/holohover_msgs/holohover_msgs/msg/detail/holohover_mouse__rosidl_typesupport_fastrtps_c.h
-- Up-to-date: /home/acl3-ubuntu/holohover_ws/src/holohover/install/holohover_msgs/include/holohover_msgs/holohover_msgs/msg/detail/holohover_control__rosidl_typesupport_fastrtps_c.h
-- Up-to-date: /home/acl3-ubuntu/holohover_ws/src/holohover/install/holohover_msgs/include/holohover_msgs/holohover_msgs/msg/rosidl_typesupport_fastrtps_c__visibility_control.h
-- Up-to-date: /home/acl3-ubuntu/holohover_ws/src/holohover/install/holohover_msgs/lib/libholohover_msgs__rosidl_typesupport_fastrtps_c.so
-- Up-to-date: /home/acl3-ubuntu/holohover_ws/src/holohover/install/holohover_msgs/include/holohover_msgs/holohover_msgs
-- Up-to-date: /home/acl3-ubuntu/holohover_ws/src/holohover/install/holohover_msgs/include/holohover_msgs/holohover_msgs/msg
-- Up-to-date: /home/acl3-ubuntu/holohover_ws/src/holohover/install/holohover_msgs/include/holohover_msgs/holohover_msgs/msg/detail
-- Up-to-date: /home/acl3-ubuntu/holohover_ws/src/holohover/install/holohover_msgs/include/holohover_msgs/holohover_msgs/msg/detail/holohover_state_stamped__rosidl_typesupport_introspection_c.h
-- Up-to-date: /home/acl3-ubuntu/holohover_ws/src/holohover/install/holohover_msgs/include/holohover_msgs/holohover_msgs/msg/detail/holohover_state__rosidl_typesupport_introspection_c.h
-- Up-to-date: /home/acl3-ubuntu/holohover_ws/src/holohover/install/holohover_msgs/include/holohover_msgs/holohover_msgs/msg/detail/holohover_mouse_stamped__type_support.c
-- Up-to-date: /home/acl3-ubuntu/holohover_ws/src/holohover/install/holohover_msgs/include/holohover_msgs/holohover_msgs/msg/detail/holohover_control__rosidl_typesupport_introspection_c.h
-- Up-to-date: /home/acl3-ubuntu/holohover_ws/src/holohover/install/holohover_msgs/include/holohover_msgs/holohover_msgs/msg/detail/holohover_state__type_support.c
-- Up-to-date: /home/acl3-ubuntu/holohover_ws/src/holohover/install/holohover_msgs/include/holohover_msgs/holohover_msgs/msg/detail/holohover_mouse_stamped__rosidl_typesupport_introspection_c.h
-- Up-to-date: /home/acl3-ubuntu/holohover_ws/src/holohover/install/holohover_msgs/include/holohover_msgs/holohover_msgs/msg/detail/holohover_imu__rosidl_typesupport_introspection_c.h
-- Up-to-date: /home/acl3-ubuntu/holohover_ws/src/holohover/install/holohover_msgs/include/holohover_msgs/holohover_msgs/msg/detail/holohover_imu_stamped__type_support.c
-- Up-to-date: /home/acl3-ubuntu/holohover_ws/src/holohover/install/holohover_msgs/include/holohover_msgs/holohover_msgs/msg/detail/holohover_state_stamped__type_support.c
-- Up-to-date: /home/acl3-ubuntu/holohover_ws/src/holohover/install/holohover_msgs/include/holohover_msgs/holohover_msgs/msg/detail/holohover_control_stamped__rosidl_typesupport_introspection_c.h
-- Up-to-date: /home/acl3-ubuntu/holohover_ws/src/holohover/install/holohover_msgs/include/holohover_msgs/holohover_msgs/msg/detail/attitude__type_support.c
-- Up-to-date: /home/acl3-ubuntu/holohover_ws/src/holohover/install/holohover_msgs/include/holohover_msgs/holohover_msgs/msg/detail/holohover_control_stamped__type_support.c
-- Up-to-date: /home/acl3-ubuntu/holohover_ws/src/holohover/install/holohover_msgs/include/holohover_msgs/holohover_msgs/msg/detail/holohover_mouse__rosidl_typesupport_introspection_c.h
-- Up-to-date: /home/acl3-ubuntu/holohover_ws/src/holohover/install/holohover_msgs/include/holohover_msgs/holohover_msgs/msg/detail/attitude__rosidl_typesupport_introspection_c.h
-- Up-to-date: /home/acl3-ubuntu/holohover_ws/src/holohover/install/holohover_msgs/include/holohover_msgs/holohover_msgs/msg/detail/holohover_mouse__type_support.c
-- Up-to-date: /home/acl3-ubuntu/holohover_ws/src/holohover/install/holohover_msgs/include/holohover_msgs/holohover_msgs/msg/detail/holohover_imu_stamped__rosidl_typesupport_introspection_c.h
-- Up-to-date: /home/acl3-ubuntu/holohover_ws/src/holohover/install/holohover_msgs/include/holohover_msgs/holohover_msgs/msg/detail/holohover_control__type_support.c
-- Up-to-date: /home/acl3-ubuntu/holohover_ws/src/holohover/install/holohover_msgs/include/holohover_msgs/holohover_msgs/msg/detail/holohover_imu__type_support.c
-- Up-to-date: /home/acl3-ubuntu/holohover_ws/src/holohover/install/holohover_msgs/include/holohover_msgs/holohover_msgs/msg/rosidl_typesupport_introspection_c__visibility_control.h
-- Up-to-date: /home/acl3-ubuntu/holohover_ws/src/holohover/install/holohover_msgs/lib/libholohover_msgs__rosidl_typesupport_introspection_c.so
-- Up-to-date: /home/acl3-ubuntu/holohover_ws/src/holohover/install/holohover_msgs/lib/libholohover_msgs__rosidl_typesupport_c.so
-- Up-to-date: /home/acl3-ubuntu/holohover_ws/src/holohover/install/holohover_msgs/include/holohover_msgs/holohover_msgs
-- Up-to-date: /home/acl3-ubuntu/holohover_ws/src/holohover/install/holohover_msgs/include/holohover_msgs/holohover_msgs/msg
-- Up-to-date: /home/acl3-ubuntu/holohover_ws/src/holohover/install/holohover_msgs/include/holohover_msgs/holohover_msgs/msg/holohover_control.hpp
-- Up-to-date: /home/acl3-ubuntu/holohover_ws/src/holohover/install/holohover_msgs/include/holohover_msgs/holohover_msgs/msg/detail
-- Up-to-date: /home/acl3-ubuntu/holohover_ws/src/holohover/install/holohover_msgs/include/holohover_msgs/holohover_msgs/msg/detail/holohover_control__builder.hpp
-- Up-to-date: /home/acl3-ubuntu/holohover_ws/src/holohover/install/holohover_msgs/include/holohover_msgs/holohover_msgs/msg/detail/holohover_mouse__builder.hpp
-- Up-to-date: /home/acl3-ubuntu/holohover_ws/src/holohover/install/holohover_msgs/include/holohover_msgs/holohover_msgs/msg/detail/attitude__traits.hpp
-- Up-to-date: /home/acl3-ubuntu/holohover_ws/src/holohover/install/holohover_msgs/include/holohover_msgs/holohover_msgs/msg/detail/holohover_imu__builder.hpp
-- Up-to-date: /home/acl3-ubuntu/holohover_ws/src/holohover/install/holohover_msgs/include/holohover_msgs/holohover_msgs/msg/detail/attitude__builder.hpp
-- Up-to-date: /home/acl3-ubuntu/holohover_ws/src/holohover/install/holohover_msgs/include/holohover_msgs/holohover_msgs/msg/detail/holohover_control_stamped__builder.hpp
-- Up-to-date: /home/acl3-ubuntu/holohover_ws/src/holohover/install/holohover_msgs/include/holohover_msgs/holohover_msgs/msg/detail/holohover_state__builder.hpp
-- Up-to-date: /home/acl3-ubuntu/holohover_ws/src/holohover/install/holohover_msgs/include/holohover_msgs/holohover_msgs/msg/detail/holohover_state_stamped__builder.hpp
-- Up-to-date: /home/acl3-ubuntu/holohover_ws/src/holohover/install/holohover_msgs/include/holohover_msgs/holohover_msgs/msg/detail/holohover_state__traits.hpp
-- Up-to-date: /home/acl3-ubuntu/holohover_ws/src/holohover/install/holohover_msgs/include/holohover_msgs/holohover_msgs/msg/detail/holohover_imu_stamped__builder.hpp
-- Up-to-date: /home/acl3-ubuntu/holohover_ws/src/holohover/install/holohover_msgs/include/holohover_msgs/holohover_msgs/msg/detail/holohover_state_stamped__traits.hpp
-- Up-to-date: /home/acl3-ubuntu/holohover_ws/src/holohover/install/holohover_msgs/include/holohover_msgs/holohover_msgs/msg/detail/holohover_imu__traits.hpp
-- Up-to-date: /home/acl3-ubuntu/holohover_ws/src/holohover/install/holohover_msgs/include/holohover_msgs/holohover_msgs/msg/detail/holohover_mouse__struct.hpp
-- Up-to-date: /home/acl3-ubuntu/holohover_ws/src/holohover/install/holohover_msgs/include/holohover_msgs/holohover_msgs/msg/detail/attitude__struct.hpp
-- Up-to-date: /home/acl3-ubuntu/holohover_ws/src/holohover/install/holohover_msgs/include/holohover_msgs/holohover_msgs/msg/detail/holohover_mouse_stamped__builder.hpp
-- Up-to-date: /home/acl3-ubuntu/holohover_ws/src/holohover/install/holohover_msgs/include/holohover_msgs/holohover_msgs/msg/detail/holohover_control_stamped__traits.hpp
-- Up-to-date: /home/acl3-ubuntu/holohover_ws/src/holohover/install/holohover_msgs/include/holohover_msgs/holohover_msgs/msg/detail/holohover_state_stamped__struct.hpp
-- Up-to-date: /home/acl3-ubuntu/holohover_ws/src/holohover/install/holohover_msgs/include/holohover_msgs/holohover_msgs/msg/detail/holohover_imu_stamped__struct.hpp
-- Up-to-date: /home/acl3-ubuntu/holohover_ws/src/holohover/install/holohover_msgs/include/holohover_msgs/holohover_msgs/msg/detail/holohover_imu_stamped__traits.hpp
-- Up-to-date: /home/acl3-ubuntu/holohover_ws/src/holohover/install/holohover_msgs/include/holohover_msgs/holohover_msgs/msg/detail/holohover_mouse__traits.hpp
-- Up-to-date: /home/acl3-ubuntu/holohover_ws/src/holohover/install/holohover_msgs/include/holohover_msgs/holohover_msgs/msg/detail/holohover_control_stamped__struct.hpp
-- Up-to-date: /home/acl3-ubuntu/holohover_ws/src/holohover/install/holohover_msgs/include/holohover_msgs/holohover_msgs/msg/detail/holohover_control__traits.hpp
-- Up-to-date: /home/acl3-ubuntu/holohover_ws/src/holohover/install/holohover_msgs/include/holohover_msgs/holohover_msgs/msg/detail/holohover_mouse_stamped__struct.hpp
-- Up-to-date: /home/acl3-ubuntu/holohover_ws/src/holohover/install/holohover_msgs/include/holohover_msgs/holohover_msgs/msg/detail/holohover_control__struct.hpp
-- Up-to-date: /home/acl3-ubuntu/holohover_ws/src/holohover/install/holohover_msgs/include/holohover_msgs/holohover_msgs/msg/detail/holohover_imu__struct.hpp
-- Up-to-date: /home/acl3-ubuntu/holohover_ws/src/holohover/install/holohover_msgs/include/holohover_msgs/holohover_msgs/msg/detail/holohover_mouse_stamped__traits.hpp
-- Up-to-date: /home/acl3-ubuntu/holohover_ws/src/holohover/install/holohover_msgs/include/holohover_msgs/holohover_msgs/msg/detail/holohover_state__struct.hpp
-- Up-to-date: /home/acl3-ubuntu/holohover_ws/src/holohover/install/holohover_msgs/include/holohover_msgs/holohover_msgs/msg/holohover_state.hpp
-- Up-to-date: /home/acl3-ubuntu/holohover_ws/src/holohover/install/holohover_msgs/include/holohover_msgs/holohover_msgs/msg/holohover_control_stamped.hpp
-- Up-to-date: /home/acl3-ubuntu/holohover_ws/src/holohover/install/holohover_msgs/include/holohover_msgs/holohover_msgs/msg/holohover_mouse.hpp
-- Up-to-date: /home/acl3-ubuntu/holohover_ws/src/holohover/install/holohover_msgs/include/holohover_msgs/holohover_msgs/msg/holohover_imu_stamped.hpp
-- Up-to-date: /home/acl3-ubuntu/holohover_ws/src/holohover/install/holohover_msgs/include/holohover_msgs/holohover_msgs/msg/holohover_imu.hpp
-- Up-to-date: /home/acl3-ubuntu/holohover_ws/src/holohover/install/holohover_msgs/include/holohover_msgs/holohover_msgs/msg/holohover_mouse_stamped.hpp
-- Up-to-date: /home/acl3-ubuntu/holohover_ws/src/holohover/install/holohover_msgs/include/holohover_msgs/holohover_msgs/msg/attitude.hpp
-- Up-to-date: /home/acl3-ubuntu/holohover_ws/src/holohover/install/holohover_msgs/include/holohover_msgs/holohover_msgs/msg/holohover_state_stamped.hpp
-- Up-to-date: /home/acl3-ubuntu/holohover_ws/src/holohover/install/holohover_msgs/include/holohover_msgs/holohover_msgs
-- Up-to-date: /home/acl3-ubuntu/holohover_ws/src/holohover/install/holohover_msgs/include/holohover_msgs/holohover_msgs/msg
-- Up-to-date: /home/acl3-ubuntu/holohover_ws/src/holohover/install/holohover_msgs/include/holohover_msgs/holohover_msgs/msg/rosidl_typesupport_fastrtps_cpp__visibility_control.h
-- Up-to-date: /home/acl3-ubuntu/holohover_ws/src/holohover/install/holohover_msgs/include/holohover_msgs/holohover_msgs/msg/detail
-- Up-to-date: /home/acl3-ubuntu/holohover_ws/src/holohover/install/holohover_msgs/include/holohover_msgs/holohover_msgs/msg/detail/holohover_mouse__rosidl_typesupport_fastrtps_cpp.hpp
-- Up-to-date: /home/acl3-ubuntu/holohover_ws/src/holohover/install/holohover_msgs/include/holohover_msgs/holohover_msgs/msg/detail/holohover_imu_stamped__rosidl_typesupport_fastrtps_cpp.hpp
-- Up-to-date: /home/acl3-ubuntu/holohover_ws/src/holohover/install/holohover_msgs/include/holohover_msgs/holohover_msgs/msg/detail/dds_fastrtps
-- Up-to-date: /home/acl3-ubuntu/holohover_ws/src/holohover/install/holohover_msgs/include/holohover_msgs/holohover_msgs/msg/detail/holohover_state__rosidl_typesupport_fastrtps_cpp.hpp
-- Up-to-date: /home/acl3-ubuntu/holohover_ws/src/holohover/install/holohover_msgs/include/holohover_msgs/holohover_msgs/msg/detail/attitude__rosidl_typesupport_fastrtps_cpp.hpp
-- Up-to-date: /home/acl3-ubuntu/holohover_ws/src/holohover/install/holohover_msgs/include/holohover_msgs/holohover_msgs/msg/detail/holohover_control__rosidl_typesupport_fastrtps_cpp.hpp
-- Up-to-date: /home/acl3-ubuntu/holohover_ws/src/holohover/install/holohover_msgs/include/holohover_msgs/holohover_msgs/msg/detail/holohover_state_stamped__rosidl_typesupport_fastrtps_cpp.hpp
-- Up-to-date: /home/acl3-ubuntu/holohover_ws/src/holohover/install/holohover_msgs/include/holohover_msgs/holohover_msgs/msg/detail/holohover_mouse_stamped__rosidl_typesupport_fastrtps_cpp.hpp
-- Up-to-date: /home/acl3-ubuntu/holohover_ws/src/holohover/install/holohover_msgs/include/holohover_msgs/holohover_msgs/msg/detail/holohover_control_stamped__rosidl_typesupport_fastrtps_cpp.hpp
-- Up-to-date: /home/acl3-ubuntu/holohover_ws/src/holohover/install/holohover_msgs/include/holohover_msgs/holohover_msgs/msg/detail/holohover_imu__rosidl_typesupport_fastrtps_cpp.hpp
-- Up-to-date: /home/acl3-ubuntu/holohover_ws/src/holohover/install/holohover_msgs/lib/libholohover_msgs__rosidl_typesupport_fastrtps_cpp.so
-- Up-to-date: /home/acl3-ubuntu/holohover_ws/src/holohover/install/holohover_msgs/include/holohover_msgs/holohover_msgs
-- Up-to-date: /home/acl3-ubuntu/holohover_ws/src/holohover/install/holohover_msgs/include/holohover_msgs/holohover_msgs/msg
-- Up-to-date: /home/acl3-ubuntu/holohover_ws/src/holohover/install/holohover_msgs/include/holohover_msgs/holohover_msgs/msg/detail
-- Up-to-date: /home/acl3-ubuntu/holohover_ws/src/holohover/install/holohover_msgs/include/holohover_msgs/holohover_msgs/msg/detail/attitude__type_support.cpp
-- Up-to-date: /home/acl3-ubuntu/holohover_ws/src/holohover/install/holohover_msgs/include/holohover_msgs/holohover_msgs/msg/detail/holohover_imu__type_support.cpp
-- Up-to-date: /home/acl3-ubuntu/holohover_ws/src/holohover/install/holohover_msgs/include/holohover_msgs/holohover_msgs/msg/detail/holohover_state_stamped__type_support.cpp
-- Up-to-date: /home/acl3-ubuntu/holohover_ws/src/holohover/install/holohover_msgs/include/holohover_msgs/holohover_msgs/msg/detail/holohover_control_stamped__rosidl_typesupport_introspection_cpp.hpp
-- Up-to-date: /home/acl3-ubuntu/holohover_ws/src/holohover/install/holohover_msgs/include/holohover_msgs/holohover_msgs/msg/detail/attitude__rosidl_typesupport_introspection_cpp.hpp
-- Up-to-date: /home/acl3-ubuntu/holohover_ws/src/holohover/install/holohover_msgs/include/holohover_msgs/holohover_msgs/msg/detail/holohover_control__type_support.cpp
-- Up-to-date: /home/acl3-ubuntu/holohover_ws/src/holohover/install/holohover_msgs/include/holohover_msgs/holohover_msgs/msg/detail/holohover_control__rosidl_typesupport_introspection_cpp.hpp
-- Up-to-date: /home/acl3-ubuntu/holohover_ws/src/holohover/install/holohover_msgs/include/holohover_msgs/holohover_msgs/msg/detail/holohover_mouse_stamped__rosidl_typesupport_introspection_cpp.hpp
-- Up-to-date: /home/acl3-ubuntu/holohover_ws/src/holohover/install/holohover_msgs/include/holohover_msgs/holohover_msgs/msg/detail/holohover_control_stamped__type_support.cpp
-- Up-to-date: /home/acl3-ubuntu/holohover_ws/src/holohover/install/holohover_msgs/include/holohover_msgs/holohover_msgs/msg/detail/holohover_mouse__type_support.cpp
-- Up-to-date: /home/acl3-ubuntu/holohover_ws/src/holohover/install/holohover_msgs/include/holohover_msgs/holohover_msgs/msg/detail/holohover_state_stamped__rosidl_typesupport_introspection_cpp.hpp
-- Up-to-date: /home/acl3-ubuntu/holohover_ws/src/holohover/install/holohover_msgs/include/holohover_msgs/holohover_msgs/msg/detail/holohover_state__type_support.cpp
-- Up-to-date: /home/acl3-ubuntu/holohover_ws/src/holohover/install/holohover_msgs/include/holohover_msgs/holohover_msgs/msg/detail/holohover_state__rosidl_typesupport_introspection_cpp.hpp
-- Up-to-date: /home/acl3-ubuntu/holohover_ws/src/holohover/install/holohover_msgs/include/holohover_msgs/holohover_msgs/msg/detail/holohover_mouse_stamped__type_support.cpp
-- Up-to-date: /home/acl3-ubuntu/holohover_ws/src/holohover/install/holohover_msgs/include/holohover_msgs/holohover_msgs/msg/detail/holohover_mouse__rosidl_typesupport_introspection_cpp.hpp
-- Up-to-date: /home/acl3-ubuntu/holohover_ws/src/holohover/install/holohover_msgs/include/holohover_msgs/holohover_msgs/msg/detail/holohover_imu_stamped__rosidl_typesupport_introspection_cpp.hpp
-- Up-to-date: /home/acl3-ubuntu/holohover_ws/src/holohover/install/holohover_msgs/include/holohover_msgs/holohover_msgs/msg/detail/holohover_imu__rosidl_typesupport_introspection_cpp.hpp
-- Up-to-date: /home/acl3-ubuntu/holohover_ws/src/holohover/install/holohover_msgs/include/holohover_msgs/holohover_msgs/msg/detail/holohover_imu_stamped__type_support.cpp
-- Up-to-date: /home/acl3-ubuntu/holohover_ws/src/holohover/install/holohover_msgs/lib/libholohover_msgs__rosidl_typesupport_introspection_cpp.so
-- Up-to-date: /home/acl3-ubuntu/holohover_ws/src/holohover/install/holohover_msgs/lib/libholohover_msgs__rosidl_typesupport_cpp.so
-- Up-to-date: /home/acl3-ubuntu/holohover_ws/src/holohover/install/holohover_msgs/share/holohover_msgs/environment/pythonpath.sh
-- Up-to-date: /home/acl3-ubuntu/holohover_ws/src/holohover/install/holohover_msgs/share/holohover_msgs/environment/pythonpath.dsv
-- Up-to-date: /home/acl3-ubuntu/holohover_ws/src/holohover/install/holohover_msgs/local/lib/python3.10/dist-packages/holohover_msgs-0.0.0-py3.10.egg-info
-- Installing: /home/acl3-ubuntu/holohover_ws/src/holohover/install/holohover_msgs/local/lib/python3.10/dist-packages/holohover_msgs-0.0.0-py3.10.egg-info/top_level.txt
-- Installing: /home/acl3-ubuntu/holohover_ws/src/holohover/install/holohover_msgs/local/lib/python3.10/dist-packages/holohover_msgs-0.0.0-py3.10.egg-info/dependency_links.txt
-- Installing: /home/acl3-ubuntu/holohover_ws/src/holohover/install/holohover_msgs/local/lib/python3.10/dist-packages/holohover_msgs-0.0.0-py3.10.egg-info/SOURCES.txt
-- Installing: /home/acl3-ubuntu/holohover_ws/src/holohover/install/holohover_msgs/local/lib/python3.10/dist-packages/holohover_msgs-0.0.0-py3.10.egg-info/PKG-INFO
-- Up-to-date: /home/acl3-ubuntu/holohover_ws/src/holohover/install/holohover_msgs/local/lib/python3.10/dist-packages/holohover_msgs
-- Up-to-date: /home/acl3-ubuntu/holohover_ws/src/holohover/install/holohover_msgs/local/lib/python3.10/dist-packages/holohover_msgs/_holohover_msgs_s.ep.rosidl_typesupport_introspection_c.c
-- Up-to-date: /home/acl3-ubuntu/holohover_ws/src/holohover/install/holohover_msgs/local/lib/python3.10/dist-packages/holohover_msgs/__init__.py
-- Up-to-date: /home/acl3-ubuntu/holohover_ws/src/holohover/install/holohover_msgs/local/lib/python3.10/dist-packages/holohover_msgs/holohover_msgs_s__rosidl_typesupport_c.cpython-310-x86_64-linux-gnu.so
-- Up-to-date: /home/acl3-ubuntu/holohover_ws/src/holohover/install/holohover_msgs/local/lib/python3.10/dist-packages/holohover_msgs/libholohover_msgs__rosidl_generator_py.so
-- Up-to-date: /home/acl3-ubuntu/holohover_ws/src/holohover/install/holohover_msgs/local/lib/python3.10/dist-packages/holohover_msgs/_holohover_msgs_s.ep.rosidl_typesupport_fastrtps_c.c
-- Up-to-date: /home/acl3-ubuntu/holohover_ws/src/holohover/install/holohover_msgs/local/lib/python3.10/dist-packages/holohover_msgs/holohover_msgs_s__rosidl_typesupport_introspection_c.cpython-310-x86_64-linux-gnu.so
-- Up-to-date: /home/acl3-ubuntu/holohover_ws/src/holohover/install/holohover_msgs/local/lib/python3.10/dist-packages/holohover_msgs/_holohover_msgs_s.ep.rosidl_typesupport_c.c
-- Up-to-date: /home/acl3-ubuntu/holohover_ws/src/holohover/install/holohover_msgs/local/lib/python3.10/dist-packages/holohover_msgs/holohover_msgs_s__rosidl_typesupport_fastrtps_c.cpython-310-x86_64-linux-gnu.so
-- Up-to-date: /home/acl3-ubuntu/holohover_ws/src/holohover/install/holohover_msgs/local/lib/python3.10/dist-packages/holohover_msgs/msg
-- Up-to-date: /home/acl3-ubuntu/holohover_ws/src/holohover/install/holohover_msgs/local/lib/python3.10/dist-packages/holohover_msgs/msg/_holohover_mouse_stamped.py
-- Up-to-date: /home/acl3-ubuntu/holohover_ws/src/holohover/install/holohover_msgs/local/lib/python3.10/dist-packages/holohover_msgs/msg/_holohover_imu_s.c
-- Up-to-date: /home/acl3-ubuntu/holohover_ws/src/holohover/install/holohover_msgs/local/lib/python3.10/dist-packages/holohover_msgs/msg/_holohover_control.py
-- Up-to-date: /home/acl3-ubuntu/holohover_ws/src/holohover/install/holohover_msgs/local/lib/python3.10/dist-packages/holohover_msgs/msg/_holohover_state_s.c
-- Up-to-date: /home/acl3-ubuntu/holohover_ws/src/holohover/install/holohover_msgs/local/lib/python3.10/dist-packages/holohover_msgs/msg/_holohover_control_s.c
-- Up-to-date: /home/acl3-ubuntu/holohover_ws/src/holohover/install/holohover_msgs/local/lib/python3.10/dist-packages/holohover_msgs/msg/__init__.py
-- Up-to-date: /home/acl3-ubuntu/holohover_ws/src/holohover/install/holohover_msgs/local/lib/python3.10/dist-packages/holohover_msgs/msg/_holohover_state.py
-- Up-to-date: /home/acl3-ubuntu/holohover_ws/src/holohover/install/holohover_msgs/local/lib/python3.10/dist-packages/holohover_msgs/msg/_holohover_imu.py
-- Up-to-date: /home/acl3-ubuntu/holohover_ws/src/holohover/install/holohover_msgs/local/lib/python3.10/dist-packages/holohover_msgs/msg/_attitude_s.c
-- Up-to-date: /home/acl3-ubuntu/holohover_ws/src/holohover/install/holohover_msgs/local/lib/python3.10/dist-packages/holohover_msgs/msg/_holohover_mouse_s.c
-- Up-to-date: /home/acl3-ubuntu/holohover_ws/src/holohover/install/holohover_msgs/local/lib/python3.10/dist-packages/holohover_msgs/msg/_holohover_imu_stamped.py
-- Up-to-date: /home/acl3-ubuntu/holohover_ws/src/holohover/install/holohover_msgs/local/lib/python3.10/dist-packages/holohover_msgs/msg/_attitude.py
-- Up-to-date: /home/acl3-ubuntu/holohover_ws/src/holohover/install/holohover_msgs/local/lib/python3.10/dist-packages/holohover_msgs/msg/_holohover_control_stamped_s.c
-- Up-to-date: /home/acl3-ubuntu/holohover_ws/src/holohover/install/holohover_msgs/local/lib/python3.10/dist-packages/holohover_msgs/msg/_holohover_state_stamped_s.c
-- Up-to-date: /home/acl3-ubuntu/holohover_ws/src/holohover/install/holohover_msgs/local/lib/python3.10/dist-packages/holohover_msgs/msg/_holohover_state_stamped.py
-- Up-to-date: /home/acl3-ubuntu/holohover_ws/src/holohover/install/holohover_msgs/local/lib/python3.10/dist-packages/holohover_msgs/msg/_holohover_mouse.py
-- Up-to-date: /home/acl3-ubuntu/holohover_ws/src/holohover/install/holohover_msgs/local/lib/python3.10/dist-packages/holohover_msgs/msg/_holohover_imu_stamped_s.c
-- Up-to-date: /home/acl3-ubuntu/holohover_ws/src/holohover/install/holohover_msgs/local/lib/python3.10/dist-packages/holohover_msgs/msg/_holohover_mouse_stamped_s.c
-- Up-to-date: /home/acl3-ubuntu/holohover_ws/src/holohover/install/holohover_msgs/local/lib/python3.10/dist-packages/holohover_msgs/msg/_holohover_control_stamped.py
Listing '/home/acl3-ubuntu/holohover_ws/src/holohover/install/holohover_msgs/local/lib/python3.10/dist-packages/holohover_msgs'...
Listing '/home/acl3-ubuntu/holohover_ws/src/holohover/install/holohover_msgs/local/lib/python3.10/dist-packages/holohover_msgs/msg'...
-- Up-to-date: /home/acl3-ubuntu/holohover_ws/src/holohover/install/holohover_msgs/local/lib/python3.10/dist-packages/holohover_msgs/holohover_msgs_s__rosidl_typesupport_fastrtps_c.cpython-310-x86_64-linux-gnu.so
-- Up-to-date: /home/acl3-ubuntu/holohover_ws/src/holohover/install/holohover_msgs/local/lib/python3.10/dist-packages/holohover_msgs/holohover_msgs_s__rosidl_typesupport_introspection_c.cpython-310-x86_64-linux-gnu.so
-- Up-to-date: /home/acl3-ubuntu/holohover_ws/src/holohover/install/holohover_msgs/local/lib/python3.10/dist-packages/holohover_msgs/holohover_msgs_s__rosidl_typesupport_c.cpython-310-x86_64-linux-gnu.so
-- Up-to-date: /home/acl3-ubuntu/holohover_ws/src/holohover/install/holohover_msgs/lib/libholohover_msgs__rosidl_generator_py.so
-- Up-to-date: /home/acl3-ubuntu/holohover_ws/src/holohover/install/holohover_msgs/share/holohover_msgs/msg/Attitude.idl
-- Up-to-date: /home/acl3-ubuntu/holohover_ws/src/holohover/install/holohover_msgs/share/holohover_msgs/msg/HolohoverIMU.idl
-- Up-to-date: /home/acl3-ubuntu/holohover_ws/src/holohover/install/holohover_msgs/share/holohover_msgs/msg/HolohoverMouse.idl
-- Up-to-date: /home/acl3-ubuntu/holohover_ws/src/holohover/install/holohover_msgs/share/holohover_msgs/msg/HolohoverControl.idl
-- Up-to-date: /home/acl3-ubuntu/holohover_ws/src/holohover/install/holohover_msgs/share/holohover_msgs/msg/HolohoverState.idl
-- Up-to-date: /home/acl3-ubuntu/holohover_ws/src/holohover/install/holohover_msgs/share/holohover_msgs/msg/Attitude.msg
-- Up-to-date: /home/acl3-ubuntu/holohover_ws/src/holohover/install/holohover_msgs/share/holohover_msgs/msg/HolohoverIMU.msg
-- Up-to-date: /home/acl3-ubuntu/holohover_ws/src/holohover/install/holohover_msgs/share/holohover_msgs/msg/HolohoverMouse.msg
-- Up-to-date: /home/acl3-ubuntu/holohover_ws/src/holohover/install/holohover_msgs/share/holohover_msgs/msg/HolohoverControl.msg
-- Up-to-date: /home/acl3-ubuntu/holohover_ws/src/holohover/install/holohover_msgs/share/holohover_msgs/msg/HolohoverState.msg
-- Up-to-date: /home/acl3-ubuntu/holohover_ws/src/holohover/install/holohover_msgs/share/ament_index/resource_index/package_run_dependencies/holohover_msgs
-- Up-to-date: /home/acl3-ubuntu/holohover_ws/src/holohover/install/holohover_msgs/share/ament_index/resource_index/parent_prefix_path/holohover_msgs
-- Up-to-date: /home/acl3-ubuntu/holohover_ws/src/holohover/install/holohover_msgs/share/holohover_msgs/environment/ament_prefix_path.sh
-- Up-to-date: /home/acl3-ubuntu/holohover_ws/src/holohover/install/holohover_msgs/share/holohover_msgs/environment/ament_prefix_path.dsv
-- Up-to-date: /home/acl3-ubuntu/holohover_ws/src/holohover/install/holohover_msgs/share/holohover_msgs/environment/path.sh
-- Up-to-date: /home/acl3-ubuntu/holohover_ws/src/holohover/install/holohover_msgs/share/holohover_msgs/environment/path.dsv
-- Up-to-date: /home/acl3-ubuntu/holohover_ws/src/holohover/install/holohover_msgs/share/holohover_msgs/local_setup.bash
-- Up-to-date: /home/acl3-ubuntu/holohover_ws/src/holohover/install/holohover_msgs/share/holohover_msgs/local_setup.sh
-- Up-to-date: /home/acl3-ubuntu/holohover_ws/src/holohover/install/holohover_msgs/share/holohover_msgs/local_setup.zsh
-- Up-to-date: /home/acl3-ubuntu/holohover_ws/src/holohover/install/holohover_msgs/share/holohover_msgs/local_setup.dsv
-- Installing: /home/acl3-ubuntu/holohover_ws/src/holohover/install/holohover_msgs/share/holohover_msgs/package.dsv
-- Up-to-date: /home/acl3-ubuntu/holohover_ws/src/holohover/install/holohover_msgs/share/ament_index/resource_index/packages/holohover_msgs
-- Up-to-date: /home/acl3-ubuntu/holohover_ws/src/holohover/install/holohover_msgs/share/holohover_msgs/cmake/export_holohover_msgs__rosidl_generator_cExport.cmake
-- Up-to-date: /home/acl3-ubuntu/holohover_ws/src/holohover/install/holohover_msgs/share/holohover_msgs/cmake/export_holohover_msgs__rosidl_generator_cExport-noconfig.cmake
-- Up-to-date: /home/acl3-ubuntu/holohover_ws/src/holohover/install/holohover_msgs/share/holohover_msgs/cmake/export_holohover_msgs__rosidl_typesupport_fastrtps_cExport.cmake
-- Up-to-date: /home/acl3-ubuntu/holohover_ws/src/holohover/install/holohover_msgs/share/holohover_msgs/cmake/export_holohover_msgs__rosidl_typesupport_fastrtps_cExport-noconfig.cmake
-- Up-to-date: /home/acl3-ubuntu/holohover_ws/src/holohover/install/holohover_msgs/share/holohover_msgs/cmake/holohover_msgs__rosidl_typesupport_introspection_cExport.cmake
-- Up-to-date: /home/acl3-ubuntu/holohover_ws/src/holohover/install/holohover_msgs/share/holohover_msgs/cmake/holohover_msgs__rosidl_typesupport_introspection_cExport-noconfig.cmake
-- Up-to-date: /home/acl3-ubuntu/holohover_ws/src/holohover/install/holohover_msgs/share/holohover_msgs/cmake/holohover_msgs__rosidl_typesupport_cExport.cmake
-- Up-to-date: /home/acl3-ubuntu/holohover_ws/src/holohover/install/holohover_msgs/share/holohover_msgs/cmake/holohover_msgs__rosidl_typesupport_cExport-noconfig.cmake
-- Up-to-date: /home/acl3-ubuntu/holohover_ws/src/holohover/install/holohover_msgs/share/holohover_msgs/cmake/export_holohover_msgs__rosidl_generator_cppExport.cmake
-- Up-to-date: /home/acl3-ubuntu/holohover_ws/src/holohover/install/holohover_msgs/share/holohover_msgs/cmake/export_holohover_msgs__rosidl_typesupport_fastrtps_cppExport.cmake
-- Up-to-date: /home/acl3-ubuntu/holohover_ws/src/holohover/install/holohover_msgs/share/holohover_msgs/cmake/export_holohover_msgs__rosidl_typesupport_fastrtps_cppExport-noconfig.cmake
-- Up-to-date: /home/acl3-ubuntu/holohover_ws/src/holohover/install/holohover_msgs/share/holohover_msgs/cmake/holohover_msgs__rosidl_typesupport_introspection_cppExport.cmake
-- Up-to-date: /home/acl3-ubuntu/holohover_ws/src/holohover/install/holohover_msgs/share/holohover_msgs/cmake/holohover_msgs__rosidl_typesupport_introspection_cppExport-noconfig.cmake
-- Up-to-date: /home/acl3-ubuntu/holohover_ws/src/holohover/install/holohover_msgs/share/holohover_msgs/cmake/holohover_msgs__rosidl_typesupport_cppExport.cmake
-- Up-to-date: /home/acl3-ubuntu/holohover_ws/src/holohover/install/holohover_msgs/share/holohover_msgs/cmake/holohover_msgs__rosidl_typesupport_cppExport-noconfig.cmake
-- Up-to-date: /home/acl3-ubuntu/holohover_ws/src/holohover/install/holohover_msgs/share/holohover_msgs/cmake/export_holohover_msgs__rosidl_generator_pyExport.cmake
-- Up-to-date: /home/acl3-ubuntu/holohover_ws/src/holohover/install/holohover_msgs/share/holohover_msgs/cmake/export_holohover_msgs__rosidl_generator_pyExport-noconfig.cmake
-- Up-to-date: /home/acl3-ubuntu/holohover_ws/src/holohover/install/holohover_msgs/share/holohover_msgs/cmake/rosidl_cmake-extras.cmake
-- Up-to-date: /home/acl3-ubuntu/holohover_ws/src/holohover/install/holohover_msgs/share/holohover_msgs/cmake/ament_cmake_export_dependencies-extras.cmake
-- Up-to-date: /home/acl3-ubuntu/holohover_ws/src/holohover/install/holohover_msgs/share/holohover_msgs/cmake/ament_cmake_export_include_directories-extras.cmake
-- Up-to-date: /home/acl3-ubuntu/holohover_ws/src/holohover/install/holohover_msgs/share/holohover_msgs/cmake/ament_cmake_export_libraries-extras.cmake
-- Up-to-date: /home/acl3-ubuntu/holohover_ws/src/holohover/install/holohover_msgs/share/holohover_msgs/cmake/ament_cmake_export_targets-extras.cmake
-- Up-to-date: /home/acl3-ubuntu/holohover_ws/src/holohover/install/holohover_msgs/share/holohover_msgs/cmake/rosidl_cmake_export_typesupport_targets-extras.cmake
-- Up-to-date: /home/acl3-ubuntu/holohover_ws/src/holohover/install/holohover_msgs/share/holohover_msgs/cmake/rosidl_cmake_export_typesupport_libraries-extras.cmake
-- Up-to-date: /home/acl3-ubuntu/holohover_ws/src/holohover/install/holohover_msgs/share/holohover_msgs/cmake/holohover_msgsConfig.cmake
-- Up-to-date: /home/acl3-ubuntu/holohover_ws/src/holohover/install/holohover_msgs/share/holohover_msgs/cmake/holohover_msgsConfig-version.cmake
-- Up-to-date: /home/acl3-ubuntu/holohover_ws/src/holohover/install/holohover_msgs/share/holohover_msgs/package.xml
