[ 68%] Built target soem
[ 78%] Built target eepromtool
[ 89%] Built target slaveinfo
[100%] Built target simple_test
-- Install configuration: ""
-- Up-to-date: /home/acl3-ubuntu/holohover_ws/src/holohover/install/soem/share/soem/environment/library_path.sh
-- Up-to-date: /home/acl3-ubuntu/holohover_ws/src/holohover/install/soem/share/soem/environment/library_path.dsv
-- Up-to-date: /home/acl3-ubuntu/holohover_ws/src/holohover/install/soem/include/ethercat.h
-- Up-to-date: /home/acl3-ubuntu/holohover_ws/src/holohover/install/soem/include/ethercatbase.h
-- Up-to-date: /home/acl3-ubuntu/holohover_ws/src/holohover/install/soem/include/ethercatcoe.h
-- Up-to-date: /home/acl3-ubuntu/holohover_ws/src/holohover/install/soem/include/ethercatconfig.h
-- Up-to-date: /home/acl3-ubuntu/holohover_ws/src/holohover/install/soem/include/ethercatconfiglist.h
-- Up-to-date: /home/acl3-ubuntu/holohover_ws/src/holohover/install/soem/include/ethercatdc.h
-- Up-to-date: /home/acl3-ubuntu/holohover_ws/src/holohover/install/soem/include/ethercateoe.h
-- Up-to-date: /home/acl3-ubuntu/holohover_ws/src/holohover/install/soem/include/ethercatfoe.h
-- Up-to-date: /home/acl3-ubuntu/holohover_ws/src/holohover/install/soem/include/ethercatmain.h
-- Up-to-date: /home/acl3-ubuntu/holohover_ws/src/holohover/install/soem/include/ethercatprint.h
-- Up-to-date: /home/acl3-ubuntu/holohover_ws/src/holohover/install/soem/include/ethercatsoe.h
-- Up-to-date: /home/acl3-ubuntu/holohover_ws/src/holohover/install/soem/include/ethercattype.h
-- Up-to-date: /home/acl3-ubuntu/holohover_ws/src/holohover/install/soem/include/osal_defs.h
-- Up-to-date: /home/acl3-ubuntu/holohover_ws/src/holohover/install/soem/include/osal.h
-- Up-to-date: /home/acl3-ubuntu/holohover_ws/src/holohover/install/soem/include/nicdrv.h
-- Up-to-date: /home/acl3-ubuntu/holohover_ws/src/holohover/install/soem/include/oshw.h
-- Up-to-date: /home/acl3-ubuntu/holohover_ws/src/holohover/install/soem/lib/libsoem.a
-- Up-to-date: /home/acl3-ubuntu/holohover_ws/src/holohover/install/soem/share/ament_index/resource_index/package_run_dependencies/soem
-- Up-to-date: /home/acl3-ubuntu/holohover_ws/src/holohover/install/soem/share/ament_index/resource_index/parent_prefix_path/soem
-- Up-to-date: /home/acl3-ubuntu/holohover_ws/src/holohover/install/soem/share/soem/environment/ament_prefix_path.sh
-- Up-to-date: /home/acl3-ubuntu/holohover_ws/src/holohover/install/soem/share/soem/environment/ament_prefix_path.dsv
-- Up-to-date: /home/acl3-ubuntu/holohover_ws/src/holohover/install/soem/share/soem/environment/path.sh
-- Up-to-date: /home/acl3-ubuntu/holohover_ws/src/holohover/install/soem/share/soem/environment/path.dsv
-- Up-to-date: /home/acl3-ubuntu/holohover_ws/src/holohover/install/soem/share/soem/local_setup.bash
-- Up-to-date: /home/acl3-ubuntu/holohover_ws/src/holohover/install/soem/share/soem/local_setup.sh
-- Up-to-date: /home/acl3-ubuntu/holohover_ws/src/holohover/install/soem/share/soem/local_setup.zsh
-- Up-to-date: /home/acl3-ubuntu/holohover_ws/src/holohover/install/soem/share/soem/local_setup.dsv
-- Installing: /home/acl3-ubuntu/holohover_ws/src/holohover/install/soem/share/soem/package.dsv
-- Up-to-date: /home/acl3-ubuntu/holohover_ws/src/holohover/install/soem/share/ament_index/resource_index/packages/soem
-- Up-to-date: /home/acl3-ubuntu/holohover_ws/src/holohover/install/soem/share/soem/cmake/export_soemExport.cmake
-- Up-to-date: /home/acl3-ubuntu/holohover_ws/src/holohover/install/soem/share/soem/cmake/export_soemExport-noconfig.cmake
-- Up-to-date: /home/acl3-ubuntu/holohover_ws/src/holohover/install/soem/share/soem/cmake/ament_cmake_export_include_directories-extras.cmake
-- Up-to-date: /home/acl3-ubuntu/holohover_ws/src/holohover/install/soem/share/soem/cmake/ament_cmake_export_libraries-extras.cmake
-- Up-to-date: /home/acl3-ubuntu/holohover_ws/src/holohover/install/soem/share/soem/cmake/ament_cmake_export_targets-extras.cmake
-- Up-to-date: /home/acl3-ubuntu/holohover_ws/src/holohover/install/soem/share/soem/cmake/soemConfig.cmake
-- Up-to-date: /home/acl3-ubuntu/holohover_ws/src/holohover/install/soem/share/soem/cmake/soemConfig-version.cmake
-- Up-to-date: /home/acl3-ubuntu/holohover_ws/src/holohover/install/soem/share/soem/package.xml
-- Up-to-date: /home/acl3-ubuntu/holohover_ws/src/holohover/install/soem/lib/libsoem.a
-- Up-to-date: /home/acl3-ubuntu/holohover_ws/src/holohover/install/soem/include/soem/ethercat.h
-- Up-to-date: /home/acl3-ubuntu/holohover_ws/src/holohover/install/soem/include/soem/ethercatbase.h
-- Up-to-date: /home/acl3-ubuntu/holohover_ws/src/holohover/install/soem/include/soem/ethercatcoe.h
-- Up-to-date: /home/acl3-ubuntu/holohover_ws/src/holohover/install/soem/include/soem/ethercatconfig.h
-- Up-to-date: /home/acl3-ubuntu/holohover_ws/src/holohover/install/soem/include/soem/ethercatconfiglist.h
-- Up-to-date: /home/acl3-ubuntu/holohover_ws/src/holohover/install/soem/include/soem/ethercatdc.h
-- Up-to-date: /home/acl3-ubuntu/holohover_ws/src/holohover/install/soem/include/soem/ethercateoe.h
-- Up-to-date: /home/acl3-ubuntu/holohover_ws/src/holohover/install/soem/include/soem/ethercatfoe.h
-- Up-to-date: /home/acl3-ubuntu/holohover_ws/src/holohover/install/soem/include/soem/ethercatmain.h
-- Up-to-date: /home/acl3-ubuntu/holohover_ws/src/holohover/install/soem/include/soem/ethercatprint.h
-- Up-to-date: /home/acl3-ubuntu/holohover_ws/src/holohover/install/soem/include/soem/ethercatsoe.h
-- Up-to-date: /home/acl3-ubuntu/holohover_ws/src/holohover/install/soem/include/soem/ethercattype.h
-- Up-to-date: /home/acl3-ubuntu/holohover_ws/src/holohover/install/soem/include/soem/osal_defs.h
-- Up-to-date: /home/acl3-ubuntu/holohover_ws/src/holohover/install/soem/include/soem/osal.h
-- Up-to-date: /home/acl3-ubuntu/holohover_ws/src/holohover/install/soem/include/soem/nicdrv.h
-- Up-to-date: /home/acl3-ubuntu/holohover_ws/src/holohover/install/soem/include/soem/oshw.h
-- Up-to-date: /home/acl3-ubuntu/holohover_ws/src/holohover/install/soem/bin/slaveinfo
-- Up-to-date: /home/acl3-ubuntu/holohover_ws/src/holohover/install/soem/bin/eepromtool
-- Up-to-date: /home/acl3-ubuntu/holohover_ws/src/holohover/install/soem/bin/simple_test
