[0.047s] Invoking command in '/home/acl3-ubuntu/holohover_ws/src/holohover/build/soem': CMAKE_PREFIX_PATH=${CMAKE_PREFIX_PATH}:/opt/ros/humble /usr/bin/cmake --build /home/acl3-ubuntu/holohover_ws/src/holohover/build/soem -- -j8 -l8
[0.136s] [ 68%] Built target soem
[0.179s] [ 78%] Built target eepromtool
[0.185s] [ 89%] Built target simple_test
[0.215s] [100%] Built target slaveinfo
[0.238s] Invoked command in '/home/acl3-ubuntu/holohover_ws/src/holohover/build/soem' returned '0': CMAKE_PREFIX_PATH=${CMAKE_PREFIX_PATH}:/opt/ros/humble /usr/bin/cmake --build /home/acl3-ubuntu/holohover_ws/src/holohover/build/soem -- -j8 -l8
[0.368s] Invoking command in '/home/acl3-ubuntu/holohover_ws/src/holohover/build/soem': CMAKE_PREFIX_PATH=${CMAKE_PREFIX_PATH}:/opt/ros/humble /usr/bin/cmake --install /home/acl3-ubuntu/holohover_ws/src/holohover/build/soem
[0.387s] -- Install configuration: ""
[0.387s] -- Up-to-date: /home/acl3-ubuntu/holohover_ws/src/holohover/install/soem/share/soem/environment/library_path.sh
[0.387s] -- Up-to-date: /home/acl3-ubuntu/holohover_ws/src/holohover/install/soem/share/soem/environment/library_path.dsv
[0.388s] -- Up-to-date: /home/acl3-ubuntu/holohover_ws/src/holohover/install/soem/include/ethercat.h
[0.388s] -- Up-to-date: /home/acl3-ubuntu/holohover_ws/src/holohover/install/soem/include/ethercatbase.h
[0.388s] -- Up-to-date: /home/acl3-ubuntu/holohover_ws/src/holohover/install/soem/include/ethercatcoe.h
[0.388s] -- Up-to-date: /home/acl3-ubuntu/holohover_ws/src/holohover/install/soem/include/ethercatconfig.h
[0.388s] -- Up-to-date: /home/acl3-ubuntu/holohover_ws/src/holohover/install/soem/include/ethercatconfiglist.h
[0.388s] -- Up-to-date: /home/acl3-ubuntu/holohover_ws/src/holohover/install/soem/include/ethercatdc.h
[0.388s] -- Up-to-date: /home/acl3-ubuntu/holohover_ws/src/holohover/install/soem/include/ethercateoe.h
[0.388s] -- Up-to-date: /home/acl3-ubuntu/holohover_ws/src/holohover/install/soem/include/ethercatfoe.h
[0.388s] -- Up-to-date: /home/acl3-ubuntu/holohover_ws/src/holohover/install/soem/include/ethercatmain.h
[0.388s] -- Up-to-date: /home/acl3-ubuntu/holohover_ws/src/holohover/install/soem/include/ethercatprint.h
[0.389s] -- Up-to-date: /home/acl3-ubuntu/holohover_ws/src/holohover/install/soem/include/ethercatsoe.h
[0.389s] -- Up-to-date: /home/acl3-ubuntu/holohover_ws/src/holohover/install/soem/include/ethercattype.h
[0.389s] -- Up-to-date: /home/acl3-ubuntu/holohover_ws/src/holohover/install/soem/include/osal_defs.h
[0.389s] -- Up-to-date: /home/acl3-ubuntu/holohover_ws/src/holohover/install/soem/include/osal.h
[0.389s] -- Up-to-date: /home/acl3-ubuntu/holohover_ws/src/holohover/install/soem/include/nicdrv.h
[0.389s] -- Up-to-date: /home/acl3-ubuntu/holohover_ws/src/holohover/install/soem/include/oshw.h
[0.389s] -- Up-to-date: /home/acl3-ubuntu/holohover_ws/src/holohover/install/soem/lib/libsoem.a
[0.389s] -- Up-to-date: /home/acl3-ubuntu/holohover_ws/src/holohover/install/soem/share/ament_index/resource_index/package_run_dependencies/soem
[0.389s] -- Up-to-date: /home/acl3-ubuntu/holohover_ws/src/holohover/install/soem/share/ament_index/resource_index/parent_prefix_path/soem
[0.390s] -- Up-to-date: /home/acl3-ubuntu/holohover_ws/src/holohover/install/soem/share/soem/environment/ament_prefix_path.sh
[0.390s] -- Up-to-date: /home/acl3-ubuntu/holohover_ws/src/holohover/install/soem/share/soem/environment/ament_prefix_path.dsv
[0.390s] -- Up-to-date: /home/acl3-ubuntu/holohover_ws/src/holohover/install/soem/share/soem/environment/path.sh
[0.390s] -- Up-to-date: /home/acl3-ubuntu/holohover_ws/src/holohover/install/soem/share/soem/environment/path.dsv
[0.390s] -- Up-to-date: /home/acl3-ubuntu/holohover_ws/src/holohover/install/soem/share/soem/local_setup.bash
[0.390s] -- Up-to-date: /home/acl3-ubuntu/holohover_ws/src/holohover/install/soem/share/soem/local_setup.sh
[0.390s] -- Up-to-date: /home/acl3-ubuntu/holohover_ws/src/holohover/install/soem/share/soem/local_setup.zsh
[0.391s] -- Up-to-date: /home/acl3-ubuntu/holohover_ws/src/holohover/install/soem/share/soem/local_setup.dsv
[0.391s] -- Installing: /home/acl3-ubuntu/holohover_ws/src/holohover/install/soem/share/soem/package.dsv
[0.391s] -- Up-to-date: /home/acl3-ubuntu/holohover_ws/src/holohover/install/soem/share/ament_index/resource_index/packages/soem
[0.391s] -- Up-to-date: /home/acl3-ubuntu/holohover_ws/src/holohover/install/soem/share/soem/cmake/export_soemExport.cmake
[0.391s] -- Up-to-date: /home/acl3-ubuntu/holohover_ws/src/holohover/install/soem/share/soem/cmake/export_soemExport-noconfig.cmake
[0.391s] -- Up-to-date: /home/acl3-ubuntu/holohover_ws/src/holohover/install/soem/share/soem/cmake/ament_cmake_export_include_directories-extras.cmake
[0.391s] -- Up-to-date: /home/acl3-ubuntu/holohover_ws/src/holohover/install/soem/share/soem/cmake/ament_cmake_export_libraries-extras.cmake
[0.391s] -- Up-to-date: /home/acl3-ubuntu/holohover_ws/src/holohover/install/soem/share/soem/cmake/ament_cmake_export_targets-extras.cmake
[0.392s] -- Up-to-date: /home/acl3-ubuntu/holohover_ws/src/holohover/install/soem/share/soem/cmake/soemConfig.cmake
[0.392s] -- Up-to-date: /home/acl3-ubuntu/holohover_ws/src/holohover/install/soem/share/soem/cmake/soemConfig-version.cmake
[0.392s] -- Up-to-date: /home/acl3-ubuntu/holohover_ws/src/holohover/install/soem/share/soem/package.xml
[0.392s] -- Up-to-date: /home/acl3-ubuntu/holohover_ws/src/holohover/install/soem/lib/libsoem.a
[0.392s] -- Up-to-date: /home/acl3-ubuntu/holohover_ws/src/holohover/install/soem/include/soem/ethercat.h
[0.392s] -- Up-to-date: /home/acl3-ubuntu/holohover_ws/src/holohover/install/soem/include/soem/ethercatbase.h
[0.392s] -- Up-to-date: /home/acl3-ubuntu/holohover_ws/src/holohover/install/soem/include/soem/ethercatcoe.h
[0.392s] -- Up-to-date: /home/acl3-ubuntu/holohover_ws/src/holohover/install/soem/include/soem/ethercatconfig.h
[0.392s] -- Up-to-date: /home/acl3-ubuntu/holohover_ws/src/holohover/install/soem/include/soem/ethercatconfiglist.h
[0.393s] -- Up-to-date: /home/acl3-ubuntu/holohover_ws/src/holohover/install/soem/include/soem/ethercatdc.h
[0.393s] -- Up-to-date: /home/acl3-ubuntu/holohover_ws/src/holohover/install/soem/include/soem/ethercateoe.h
[0.393s] -- Up-to-date: /home/acl3-ubuntu/holohover_ws/src/holohover/install/soem/include/soem/ethercatfoe.h
[0.393s] -- Up-to-date: /home/acl3-ubuntu/holohover_ws/src/holohover/install/soem/include/soem/ethercatmain.h
[0.393s] -- Up-to-date: /home/acl3-ubuntu/holohover_ws/src/holohover/install/soem/include/soem/ethercatprint.h
[0.393s] -- Up-to-date: /home/acl3-ubuntu/holohover_ws/src/holohover/install/soem/include/soem/ethercatsoe.h
[0.393s] -- Up-to-date: /home/acl3-ubuntu/holohover_ws/src/holohover/install/soem/include/soem/ethercattype.h
[0.393s] -- Up-to-date: /home/acl3-ubuntu/holohover_ws/src/holohover/install/soem/include/soem/osal_defs.h
[0.393s] -- Up-to-date: /home/acl3-ubuntu/holohover_ws/src/holohover/install/soem/include/soem/osal.h
[0.394s] -- Up-to-date: /home/acl3-ubuntu/holohover_ws/src/holohover/install/soem/include/soem/nicdrv.h
[0.394s] -- Up-to-date: /home/acl3-ubuntu/holohover_ws/src/holohover/install/soem/include/soem/oshw.h
[0.394s] -- Up-to-date: /home/acl3-ubuntu/holohover_ws/src/holohover/install/soem/bin/slaveinfo
[0.394s] -- Up-to-date: /home/acl3-ubuntu/holohover_ws/src/holohover/install/soem/bin/eepromtool
[0.394s] -- Up-to-date: /home/acl3-ubuntu/holohover_ws/src/holohover/install/soem/bin/simple_test
[0.449s] Invoked command in '/home/acl3-ubuntu/holohover_ws/src/holohover/build/soem' returned '0': CMAKE_PREFIX_PATH=${CMAKE_PREFIX_PATH}:/opt/ros/humble /usr/bin/cmake --install /home/acl3-ubuntu/holohover_ws/src/holohover/build/soem
