[ 25%] Built target bota_node
[ 50%] Built target gtest
[ 75%] Built target gtest_main
[100%] Built target test_bota_node
-- Install configuration: ""
-- Up-to-date: /home/acl3-ubuntu/holohover_ws/src/holohover/install/bota_node/include/bota_node
-- Up-to-date: /home/acl3-ubuntu/holohover_ws/src/holohover/install/bota_node/include/bota_node/Node.hpp
-- Up-to-date: /home/acl3-ubuntu/holohover_ws/src/holohover/install/bota_node/include/bota_node/bota_node.hpp
-- Up-to-date: /home/acl3-ubuntu/holohover_ws/src/holohover/install/bota_node/include/bota_node/Nodewrap.hpp
-- Up-to-date: /home/acl3-ubuntu/holohover_ws/src/holohover/install/bota_node/lib/libbota_node.a
-- Up-to-date: /home/acl3-ubuntu/holohover_ws/src/holohover/install/bota_node/share/bota_node/environment/library_path.sh
-- Up-to-date: /home/acl3-ubuntu/holohover_ws/src/holohover/install/bota_node/share/bota_node/environment/library_path.dsv
-- Up-to-date: /home/acl3-ubuntu/holohover_ws/src/holohover/install/bota_node/share/ament_index/resource_index/package_run_dependencies/bota_node
-- Up-to-date: /home/acl3-ubuntu/holohover_ws/src/holohover/install/bota_node/share/ament_index/resource_index/parent_prefix_path/bota_node
-- Up-to-date: /home/acl3-ubuntu/holohover_ws/src/holohover/install/bota_node/share/bota_node/environment/ament_prefix_path.sh
-- Up-to-date: /home/acl3-ubuntu/holohover_ws/src/holohover/install/bota_node/share/bota_node/environment/ament_prefix_path.dsv
-- Up-to-date: /home/acl3-ubuntu/holohover_ws/src/holohover/install/bota_node/share/bota_node/environment/path.sh
-- Up-to-date: /home/acl3-ubuntu/holohover_ws/src/holohover/install/bota_node/share/bota_node/environment/path.dsv
-- Up-to-date: /home/acl3-ubuntu/holohover_ws/src/holohover/install/bota_node/share/bota_node/local_setup.bash
-- Up-to-date: /home/acl3-ubuntu/holohover_ws/src/holohover/install/bota_node/share/bota_node/local_setup.sh
-- Up-to-date: /home/acl3-ubuntu/holohover_ws/src/holohover/install/bota_node/share/bota_node/local_setup.zsh
-- Up-to-date: /home/acl3-ubuntu/holohover_ws/src/holohover/install/bota_node/share/bota_node/local_setup.dsv
-- Installing: /home/acl3-ubuntu/holohover_ws/src/holohover/install/bota_node/share/bota_node/package.dsv
-- Up-to-date: /home/acl3-ubuntu/holohover_ws/src/holohover/install/bota_node/share/ament_index/resource_index/packages/bota_node
-- Up-to-date: /home/acl3-ubuntu/holohover_ws/src/holohover/install/bota_node/share/bota_node/cmake/ament_cmake_export_dependencies-extras.cmake
-- Up-to-date: /home/acl3-ubuntu/holohover_ws/src/holohover/install/bota_node/share/bota_node/cmake/ament_cmake_export_include_directories-extras.cmake
-- Up-to-date: /home/acl3-ubuntu/holohover_ws/src/holohover/install/bota_node/share/bota_node/cmake/ament_cmake_export_libraries-extras.cmake
-- Up-to-date: /home/acl3-ubuntu/holohover_ws/src/holohover/install/bota_node/share/bota_node/cmake/bota_nodeConfig.cmake
-- Up-to-date: /home/acl3-ubuntu/holohover_ws/src/holohover/install/bota_node/share/bota_node/cmake/bota_nodeConfig-version.cmake
-- Up-to-date: /home/acl3-ubuntu/holohover_ws/src/holohover/install/bota_node/share/bota_node/package.xml
