[ 40%] Built target control_exp
[ 40%] Built target control_lqr
[ 80%] Built target simulation
[ 80%] Built target navigation
[100%] Built target control_signal
-- Install configuration: ""
-- Up-to-date: /home/acl3-ubuntu/holohover_ws/src/holohover/install/holohover_gnc/include
-- Up-to-date: /home/acl3-ubuntu/holohover_ws/src/holohover/install/holohover_gnc/include/holohover_gnc
-- Up-to-date: /home/acl3-ubuntu/holohover_ws/src/holohover/install/holohover_gnc/include/holohover_gnc/utils
-- Up-to-date: /home/acl3-ubuntu/holohover_ws/src/holohover/install/holohover_gnc/include/holohover_gnc/utils/load_holohover_props.hpp
-- Up-to-date: /home/acl3-ubuntu/holohover_ws/src/holohover/install/holohover_gnc/include/holohover_gnc/riccati_solver.hpp
-- Up-to-date: /home/acl3-ubuntu/holohover_ws/src/holohover/install/holohover_gnc/include/holohover_gnc/models
-- Up-to-date: /home/acl3-ubuntu/holohover_ws/src/holohover/install/holohover_gnc/include/holohover_gnc/models/holohover_model.hpp
-- Up-to-date: /home/acl3-ubuntu/holohover_ws/src/holohover/install/holohover_gnc/share/holohover_gnc/config
-- Up-to-date: /home/acl3-ubuntu/holohover_ws/src/holohover/install/holohover_gnc/share/holohover_gnc/config/simulation_config.yaml
-- Up-to-date: /home/acl3-ubuntu/holohover_ws/src/holohover/install/holohover_gnc/share/holohover_gnc/config/navigation_config.yaml
-- Up-to-date: /home/acl3-ubuntu/holohover_ws/src/holohover/install/holohover_gnc/share/holohover_gnc/config/control_lqr_config.yaml
-- Up-to-date: /home/acl3-ubuntu/holohover_ws/src/holohover/install/holohover_gnc/share/holohover_gnc/config/control_P_config.yaml
-- Up-to-date: /home/acl3-ubuntu/holohover_ws/src/holohover/install/holohover_gnc/share/holohover_gnc/config/holohover_params.yaml
-- Up-to-date: /home/acl3-ubuntu/holohover_ws/src/holohover/install/holohover_gnc/share/holohover_gnc/config/navigation_config_old.yaml
-- Up-to-date: /home/acl3-ubuntu/holohover_ws/src/holohover/install/holohover_gnc/lib/holohover_gnc/simulation
-- Up-to-date: /home/acl3-ubuntu/holohover_ws/src/holohover/install/holohover_gnc/lib/holohover_gnc/navigation
-- Up-to-date: /home/acl3-ubuntu/holohover_ws/src/holohover/install/holohover_gnc/lib/holohover_gnc/control_lqr
-- Up-to-date: /home/acl3-ubuntu/holohover_ws/src/holohover/install/holohover_gnc/lib/holohover_gnc/control_signal
-- Up-to-date: /home/acl3-ubuntu/holohover_ws/src/holohover/install/holohover_gnc/lib/holohover_gnc/control_exp
-- Up-to-date: /home/acl3-ubuntu/holohover_ws/src/holohover/install/holohover_gnc/share/ament_index/resource_index/package_run_dependencies/holohover_gnc
-- Up-to-date: /home/acl3-ubuntu/holohover_ws/src/holohover/install/holohover_gnc/share/ament_index/resource_index/parent_prefix_path/holohover_gnc
-- Up-to-date: /home/acl3-ubuntu/holohover_ws/src/holohover/install/holohover_gnc/share/holohover_gnc/environment/ament_prefix_path.sh
-- Up-to-date: /home/acl3-ubuntu/holohover_ws/src/holohover/install/holohover_gnc/share/holohover_gnc/environment/ament_prefix_path.dsv
-- Up-to-date: /home/acl3-ubuntu/holohover_ws/src/holohover/install/holohover_gnc/share/holohover_gnc/environment/path.sh
-- Up-to-date: /home/acl3-ubuntu/holohover_ws/src/holohover/install/holohover_gnc/share/holohover_gnc/environment/path.dsv
-- Up-to-date: /home/acl3-ubuntu/holohover_ws/src/holohover/install/holohover_gnc/share/holohover_gnc/local_setup.bash
-- Up-to-date: /home/acl3-ubuntu/holohover_ws/src/holohover/install/holohover_gnc/share/holohover_gnc/local_setup.sh
-- Up-to-date: /home/acl3-ubuntu/holohover_ws/src/holohover/install/holohover_gnc/share/holohover_gnc/local_setup.zsh
-- Up-to-date: /home/acl3-ubuntu/holohover_ws/src/holohover/install/holohover_gnc/share/holohover_gnc/local_setup.dsv
-- Installing: /home/acl3-ubuntu/holohover_ws/src/holohover/install/holohover_gnc/share/holohover_gnc/package.dsv
-- Up-to-date: /home/acl3-ubuntu/holohover_ws/src/holohover/install/holohover_gnc/share/ament_index/resource_index/packages/holohover_gnc
-- Up-to-date: /home/acl3-ubuntu/holohover_ws/src/holohover/install/holohover_gnc/share/holohover_gnc/cmake/ament_cmake_export_include_directories-extras.cmake
-- Up-to-date: /home/acl3-ubuntu/holohover_ws/src/holohover/install/holohover_gnc/share/holohover_gnc/cmake/holohover_gncConfig.cmake
-- Up-to-date: /home/acl3-ubuntu/holohover_ws/src/holohover/install/holohover_gnc/share/holohover_gnc/cmake/holohover_gncConfig-version.cmake
-- Up-to-date: /home/acl3-ubuntu/holohover_ws/src/holohover/install/holohover_gnc/share/holohover_gnc/package.xml
