[0.019s] Invoking command in '/home/acl3-ubuntu/holohover_ws/src/holohover/build/holohover_gnc': AMENT_PREFIX_PATH=/home/acl3-ubuntu/holohover_ws/src/holohover/install/ros_polympc:/home/acl3-ubuntu/holohover_ws/src/holohover/install/holohover_msgs:${AMENT_PREFIX_PATH} CMAKE_PREFIX_PATH=/home/acl3-ubuntu/holohover_ws/src/holohover/install/ros_polympc:/home/acl3-ubuntu/holohover_ws/src/holohover/install/holohover_msgs:/home/acl3-ubuntu/holohover_ws/install/bota_driver_testing:/home/acl3-ubuntu/holohover_ws/install/bota_driver:/home/acl3-ubuntu/holohover_ws/install/rokubimini_ethercat:/home/acl3-ubuntu/holohover_ws/install/soem:/home/acl3-ubuntu/holohover_ws/install/holohover_utils:/home/acl3-ubuntu/holohover_ws/install/holohover_gnc:/home/acl3-ubuntu/holohover_ws/install/ros_polympc:/home/acl3-ubuntu/holohover_ws/install/rokubimini_serial:/home/acl3-ubuntu/holohover_ws/install/rokubimini_msgs:/home/acl3-ubuntu/holohover_ws/install/rokubimini_description:/home/acl3-ubuntu/holohover_ws/install/rokubimini_bus_manager:/home/acl3-ubuntu/holohover_ws/install/rokubimini:/home/acl3-ubuntu/holohover_ws/install/mocap_optitrack:/home/acl3-ubuntu/holohover_ws/install/micro_ros_setup:/home/acl3-ubuntu/holohover_ws/install/micro_ros_agent:/home/acl3-ubuntu/holohover_ws/install/micro_ros_msgs:/home/acl3-ubuntu/holohover_ws/install/holohover_msgs:/home/acl3-ubuntu/holohover_ws/install/bota_node:/home/acl3-ubuntu/holohover_ws/install/bota_worker:/home/acl3-ubuntu/holohover_ws/install/bota_signal_handler:/opt/ros/humble LD_LIBRARY_PATH=/home/acl3-ubuntu/holohover_ws/src/holohover/install/holohover_msgs/lib:${LD_LIBRARY_PATH} PYTHONPATH=/home/acl3-ubuntu/holohover_ws/src/holohover/install/holohover_msgs/local/lib/python3.10/dist-packages:${PYTHONPATH} /usr/bin/cmake --build /home/acl3-ubuntu/holohover_ws/src/holohover/build/holohover_gnc -- -j8 -l8
[0.097s] [ 40%] Built target control_exp
[0.098s] [ 40%] Built target control_lqr
[0.099s] [ 80%] Built target simulation
[0.100s] [ 80%] Built target navigation
[0.100s] [100%] Built target control_signal
[0.111s] Invoked command in '/home/acl3-ubuntu/holohover_ws/src/holohover/build/holohover_gnc' returned '0': AMENT_PREFIX_PATH=/home/acl3-ubuntu/holohover_ws/src/holohover/install/ros_polympc:/home/acl3-ubuntu/holohover_ws/src/holohover/install/holohover_msgs:${AMENT_PREFIX_PATH} CMAKE_PREFIX_PATH=/home/acl3-ubuntu/holohover_ws/src/holohover/install/ros_polympc:/home/acl3-ubuntu/holohover_ws/src/holohover/install/holohover_msgs:/home/acl3-ubuntu/holohover_ws/install/bota_driver_testing:/home/acl3-ubuntu/holohover_ws/install/bota_driver:/home/acl3-ubuntu/holohover_ws/install/rokubimini_ethercat:/home/acl3-ubuntu/holohover_ws/install/soem:/home/acl3-ubuntu/holohover_ws/install/holohover_utils:/home/acl3-ubuntu/holohover_ws/install/holohover_gnc:/home/acl3-ubuntu/holohover_ws/install/ros_polympc:/home/acl3-ubuntu/holohover_ws/install/rokubimini_serial:/home/acl3-ubuntu/holohover_ws/install/rokubimini_msgs:/home/acl3-ubuntu/holohover_ws/install/rokubimini_description:/home/acl3-ubuntu/holohover_ws/install/rokubimini_bus_manager:/home/acl3-ubuntu/holohover_ws/install/rokubimini:/home/acl3-ubuntu/holohover_ws/install/mocap_optitrack:/home/acl3-ubuntu/holohover_ws/install/micro_ros_setup:/home/acl3-ubuntu/holohover_ws/install/micro_ros_agent:/home/acl3-ubuntu/holohover_ws/install/micro_ros_msgs:/home/acl3-ubuntu/holohover_ws/install/holohover_msgs:/home/acl3-ubuntu/holohover_ws/install/bota_node:/home/acl3-ubuntu/holohover_ws/install/bota_worker:/home/acl3-ubuntu/holohover_ws/install/bota_signal_handler:/opt/ros/humble LD_LIBRARY_PATH=/home/acl3-ubuntu/holohover_ws/src/holohover/install/holohover_msgs/lib:${LD_LIBRARY_PATH} PYTHONPATH=/home/acl3-ubuntu/holohover_ws/src/holohover/install/holohover_msgs/local/lib/python3.10/dist-packages:${PYTHONPATH} /usr/bin/cmake --build /home/acl3-ubuntu/holohover_ws/src/holohover/build/holohover_gnc -- -j8 -l8
[0.174s] Invoking command in '/home/acl3-ubuntu/holohover_ws/src/holohover/build/holohover_gnc': AMENT_PREFIX_PATH=/home/acl3-ubuntu/holohover_ws/src/holohover/install/ros_polympc:/home/acl3-ubuntu/holohover_ws/src/holohover/install/holohover_msgs:${AMENT_PREFIX_PATH} CMAKE_PREFIX_PATH=/home/acl3-ubuntu/holohover_ws/src/holohover/install/ros_polympc:/home/acl3-ubuntu/holohover_ws/src/holohover/install/holohover_msgs:/home/acl3-ubuntu/holohover_ws/install/bota_driver_testing:/home/acl3-ubuntu/holohover_ws/install/bota_driver:/home/acl3-ubuntu/holohover_ws/install/rokubimini_ethercat:/home/acl3-ubuntu/holohover_ws/install/soem:/home/acl3-ubuntu/holohover_ws/install/holohover_utils:/home/acl3-ubuntu/holohover_ws/install/holohover_gnc:/home/acl3-ubuntu/holohover_ws/install/ros_polympc:/home/acl3-ubuntu/holohover_ws/install/rokubimini_serial:/home/acl3-ubuntu/holohover_ws/install/rokubimini_msgs:/home/acl3-ubuntu/holohover_ws/install/rokubimini_description:/home/acl3-ubuntu/holohover_ws/install/rokubimini_bus_manager:/home/acl3-ubuntu/holohover_ws/install/rokubimini:/home/acl3-ubuntu/holohover_ws/install/mocap_optitrack:/home/acl3-ubuntu/holohover_ws/install/micro_ros_setup:/home/acl3-ubuntu/holohover_ws/install/micro_ros_agent:/home/acl3-ubuntu/holohover_ws/install/micro_ros_msgs:/home/acl3-ubuntu/holohover_ws/install/holohover_msgs:/home/acl3-ubuntu/holohover_ws/install/bota_node:/home/acl3-ubuntu/holohover_ws/install/bota_worker:/home/acl3-ubuntu/holohover_ws/install/bota_signal_handler:/opt/ros/humble LD_LIBRARY_PATH=/home/acl3-ubuntu/holohover_ws/src/holohover/install/holohover_msgs/lib:${LD_LIBRARY_PATH} PYTHONPATH=/home/acl3-ubuntu/holohover_ws/src/holohover/install/holohover_msgs/local/lib/python3.10/dist-packages:${PYTHONPATH} /usr/bin/cmake --install /home/acl3-ubuntu/holohover_ws/src/holohover/build/holohover_gnc
[0.186s] -- Install configuration: ""
[0.187s] -- Up-to-date: /home/acl3-ubuntu/holohover_ws/src/holohover/install/holohover_gnc/include
[0.187s] -- Up-to-date: /home/acl3-ubuntu/holohover_ws/src/holohover/install/holohover_gnc/include/holohover_gnc
[0.187s] -- Up-to-date: /home/acl3-ubuntu/holohover_ws/src/holohover/install/holohover_gnc/include/holohover_gnc/utils
[0.187s] -- Up-to-date: /home/acl3-ubuntu/holohover_ws/src/holohover/install/holohover_gnc/include/holohover_gnc/utils/load_holohover_props.hpp
[0.188s] -- Up-to-date: /home/acl3-ubuntu/holohover_ws/src/holohover/install/holohover_gnc/include/holohover_gnc/riccati_solver.hpp
[0.188s] -- Up-to-date: /home/acl3-ubuntu/holohover_ws/src/holohover/install/holohover_gnc/include/holohover_gnc/models
[0.188s] -- Up-to-date: /home/acl3-ubuntu/holohover_ws/src/holohover/install/holohover_gnc/include/holohover_gnc/models/holohover_model.hpp
[0.188s] -- Up-to-date: /home/acl3-ubuntu/holohover_ws/src/holohover/install/holohover_gnc/share/holohover_gnc/config
[0.189s] -- Up-to-date: /home/acl3-ubuntu/holohover_ws/src/holohover/install/holohover_gnc/share/holohover_gnc/config/simulation_config.yaml
[0.189s] -- Up-to-date: /home/acl3-ubuntu/holohover_ws/src/holohover/install/holohover_gnc/share/holohover_gnc/config/navigation_config.yaml
[0.189s] -- Up-to-date: /home/acl3-ubuntu/holohover_ws/src/holohover/install/holohover_gnc/share/holohover_gnc/config/control_lqr_config.yaml
[0.189s] -- Up-to-date: /home/acl3-ubuntu/holohover_ws/src/holohover/install/holohover_gnc/share/holohover_gnc/config/control_P_config.yaml
[0.189s] -- Up-to-date: /home/acl3-ubuntu/holohover_ws/src/holohover/install/holohover_gnc/share/holohover_gnc/config/holohover_params.yaml
[0.189s] -- Up-to-date: /home/acl3-ubuntu/holohover_ws/src/holohover/install/holohover_gnc/share/holohover_gnc/config/navigation_config_old.yaml
[0.190s] -- Up-to-date: /home/acl3-ubuntu/holohover_ws/src/holohover/install/holohover_gnc/lib/holohover_gnc/simulation
[0.190s] -- Up-to-date: /home/acl3-ubuntu/holohover_ws/src/holohover/install/holohover_gnc/lib/holohover_gnc/navigation
[0.192s] -- Up-to-date: /home/acl3-ubuntu/holohover_ws/src/holohover/install/holohover_gnc/lib/holohover_gnc/control_lqr
[0.192s] -- Up-to-date: /home/acl3-ubuntu/holohover_ws/src/holohover/install/holohover_gnc/lib/holohover_gnc/control_signal
[0.194s] -- Up-to-date: /home/acl3-ubuntu/holohover_ws/src/holohover/install/holohover_gnc/lib/holohover_gnc/control_exp
[0.194s] -- Up-to-date: /home/acl3-ubuntu/holohover_ws/src/holohover/install/holohover_gnc/share/ament_index/resource_index/package_run_dependencies/holohover_gnc
[0.194s] -- Up-to-date: /home/acl3-ubuntu/holohover_ws/src/holohover/install/holohover_gnc/share/ament_index/resource_index/parent_prefix_path/holohover_gnc
[0.195s] -- Up-to-date: /home/acl3-ubuntu/holohover_ws/src/holohover/install/holohover_gnc/share/holohover_gnc/environment/ament_prefix_path.sh
[0.195s] -- Up-to-date: /home/acl3-ubuntu/holohover_ws/src/holohover/install/holohover_gnc/share/holohover_gnc/environment/ament_prefix_path.dsv
[0.195s] -- Up-to-date: /home/acl3-ubuntu/holohover_ws/src/holohover/install/holohover_gnc/share/holohover_gnc/environment/path.sh
[0.195s] -- Up-to-date: /home/acl3-ubuntu/holohover_ws/src/holohover/install/holohover_gnc/share/holohover_gnc/environment/path.dsv
[0.195s] -- Up-to-date: /home/acl3-ubuntu/holohover_ws/src/holohover/install/holohover_gnc/share/holohover_gnc/local_setup.bash
[0.196s] -- Up-to-date: /home/acl3-ubuntu/holohover_ws/src/holohover/install/holohover_gnc/share/holohover_gnc/local_setup.sh
[0.196s] -- Up-to-date: /home/acl3-ubuntu/holohover_ws/src/holohover/install/holohover_gnc/share/holohover_gnc/local_setup.zsh
[0.196s] -- Up-to-date: /home/acl3-ubuntu/holohover_ws/src/holohover/install/holohover_gnc/share/holohover_gnc/local_setup.dsv
[0.196s] -- Installing: /home/acl3-ubuntu/holohover_ws/src/holohover/install/holohover_gnc/share/holohover_gnc/package.dsv
[0.196s] -- Up-to-date: /home/acl3-ubuntu/holohover_ws/src/holohover/install/holohover_gnc/share/ament_index/resource_index/packages/holohover_gnc
[0.197s] -- Up-to-date: /home/acl3-ubuntu/holohover_ws/src/holohover/install/holohover_gnc/share/holohover_gnc/cmake/ament_cmake_export_include_directories-extras.cmake
[0.197s] -- Up-to-date: /home/acl3-ubuntu/holohover_ws/src/holohover/install/holohover_gnc/share/holohover_gnc/cmake/holohover_gncConfig.cmake
[0.197s] -- Up-to-date: /home/acl3-ubuntu/holohover_ws/src/holohover/install/holohover_gnc/share/holohover_gnc/cmake/holohover_gncConfig-version.cmake
[0.197s] -- Up-to-date: /home/acl3-ubuntu/holohover_ws/src/holohover/install/holohover_gnc/share/holohover_gnc/package.xml
[0.201s] Invoked command in '/home/acl3-ubuntu/holohover_ws/src/holohover/build/holohover_gnc' returned '0': AMENT_PREFIX_PATH=/home/acl3-ubuntu/holohover_ws/src/holohover/install/ros_polympc:/home/acl3-ubuntu/holohover_ws/src/holohover/install/holohover_msgs:${AMENT_PREFIX_PATH} CMAKE_PREFIX_PATH=/home/acl3-ubuntu/holohover_ws/src/holohover/install/ros_polympc:/home/acl3-ubuntu/holohover_ws/src/holohover/install/holohover_msgs:/home/acl3-ubuntu/holohover_ws/install/bota_driver_testing:/home/acl3-ubuntu/holohover_ws/install/bota_driver:/home/acl3-ubuntu/holohover_ws/install/rokubimini_ethercat:/home/acl3-ubuntu/holohover_ws/install/soem:/home/acl3-ubuntu/holohover_ws/install/holohover_utils:/home/acl3-ubuntu/holohover_ws/install/holohover_gnc:/home/acl3-ubuntu/holohover_ws/install/ros_polympc:/home/acl3-ubuntu/holohover_ws/install/rokubimini_serial:/home/acl3-ubuntu/holohover_ws/install/rokubimini_msgs:/home/acl3-ubuntu/holohover_ws/install/rokubimini_description:/home/acl3-ubuntu/holohover_ws/install/rokubimini_bus_manager:/home/acl3-ubuntu/holohover_ws/install/rokubimini:/home/acl3-ubuntu/holohover_ws/install/mocap_optitrack:/home/acl3-ubuntu/holohover_ws/install/micro_ros_setup:/home/acl3-ubuntu/holohover_ws/install/micro_ros_agent:/home/acl3-ubuntu/holohover_ws/install/micro_ros_msgs:/home/acl3-ubuntu/holohover_ws/install/holohover_msgs:/home/acl3-ubuntu/holohover_ws/install/bota_node:/home/acl3-ubuntu/holohover_ws/install/bota_worker:/home/acl3-ubuntu/holohover_ws/install/bota_signal_handler:/opt/ros/humble LD_LIBRARY_PATH=/home/acl3-ubuntu/holohover_ws/src/holohover/install/holohover_msgs/lib:${LD_LIBRARY_PATH} PYTHONPATH=/home/acl3-ubuntu/holohover_ws/src/holohover/install/holohover_msgs/local/lib/python3.10/dist-packages:${PYTHONPATH} /usr/bin/cmake --install /home/acl3-ubuntu/holohover_ws/src/holohover/build/holohover_gnc
