-- The C compiler identification is GNU 11.3.0
-- The CXX compiler identification is GNU 11.3.0
-- Detecting C compiler ABI info
-- Detecting C compiler ABI info - done
-- Check for working C compiler: /usr/bin/cc - skipped
-- Detecting C compile features
-- Detecting C compile features - done
-- Detecting CXX compiler ABI info
-- Detecting CXX compiler ABI info - done
-- Check for working CXX compiler: /usr/bin/c++ - skipped
-- Detecting CXX compile features
-- Detecting CXX compile features - done
-- Found ament_cmake: 1.3.3 (/opt/ros/humble/share/ament_cmake/cmake)
-- Found Python3: /usr/bin/python3.10 (found version "3.10.6") found components: Interpreter 
-- Found ament_cmake_gtest: 1.3.3 (/opt/ros/humble/share/ament_cmake_gtest/cmake)
-- Found gtest sources under '/opt/ros/humble/src/gtest_vendor': C++ tests using 'Google Test' will be built
-- Looking for pthread.h
-- Looking for pthread.h - found
-- Performing Test CMAKE_HAVE_LIBC_PTHREAD
-- Performing Test CMAKE_HAVE_LIBC_PTHREAD - Success
-- Found Threads: TRUE  
-- Configuring done
-- Generating done
-- Build files have been written to: /home/acl3-ubuntu/holohover_ws/src/holohover/build/bota_signal_handler
[ 12%] [32mBuilding CXX object gtest/CMakeFiles/gtest.dir/src/gtest-all.cc.o[0m
[ 25%] [32mBuilding CXX object CMakeFiles/bota_signal_handler.dir/src/SignalHandler.cpp.o[0m
[ 37%] [32mBuilding CXX object gtest/CMakeFiles/gtest_main.dir/src/gtest_main.cc.o[0m
[ 50%] [32m[1mLinking CXX static library libbota_signal_handler.a[0m
[ 50%] Built target bota_signal_handler
[ 62%] [32m[1mLinking CXX static library libgtest_main.a[0m
[ 62%] Built target gtest_main
[ 75%] [32m[1mLinking CXX static library libgtest.a[0m
[ 75%] Built target gtest
[ 87%] [32mBuilding CXX object CMakeFiles/test_bota_signal_handler.dir/test/EmptyTests.cpp.o[0m
[100%] [32m[1mLinking CXX executable test_bota_signal_handler[0m
[100%] Built target test_bota_signal_handler
-- Install configuration: ""
-- Installing: /home/acl3-ubuntu/holohover_ws/src/holohover/install/bota_signal_handler/include/bota_signal_handler
-- Installing: /home/acl3-ubuntu/holohover_ws/src/holohover/install/bota_signal_handler/include/bota_signal_handler/SignalHandler.hpp
-- Installing: /home/acl3-ubuntu/holohover_ws/src/holohover/install/bota_signal_handler/lib/libbota_signal_handler.a
-- Installing: /home/acl3-ubuntu/holohover_ws/src/holohover/install/bota_signal_handler/share/bota_signal_handler/environment/library_path.sh
-- Installing: /home/acl3-ubuntu/holohover_ws/src/holohover/install/bota_signal_handler/share/bota_signal_handler/environment/library_path.dsv
-- Installing: /home/acl3-ubuntu/holohover_ws/src/holohover/install/bota_signal_handler/share/ament_index/resource_index/package_run_dependencies/bota_signal_handler
-- Installing: /home/acl3-ubuntu/holohover_ws/src/holohover/install/bota_signal_handler/share/ament_index/resource_index/parent_prefix_path/bota_signal_handler
-- Installing: /home/acl3-ubuntu/holohover_ws/src/holohover/install/bota_signal_handler/share/bota_signal_handler/environment/ament_prefix_path.sh
-- Installing: /home/acl3-ubuntu/holohover_ws/src/holohover/install/bota_signal_handler/share/bota_signal_handler/environment/ament_prefix_path.dsv
-- Installing: /home/acl3-ubuntu/holohover_ws/src/holohover/install/bota_signal_handler/share/bota_signal_handler/environment/path.sh
-- Installing: /home/acl3-ubuntu/holohover_ws/src/holohover/install/bota_signal_handler/share/bota_signal_handler/environment/path.dsv
-- Installing: /home/acl3-ubuntu/holohover_ws/src/holohover/install/bota_signal_handler/share/bota_signal_handler/local_setup.bash
-- Installing: /home/acl3-ubuntu/holohover_ws/src/holohover/install/bota_signal_handler/share/bota_signal_handler/local_setup.sh
-- Installing: /home/acl3-ubuntu/holohover_ws/src/holohover/install/bota_signal_handler/share/bota_signal_handler/local_setup.zsh
-- Installing: /home/acl3-ubuntu/holohover_ws/src/holohover/install/bota_signal_handler/share/bota_signal_handler/local_setup.dsv
-- Installing: /home/acl3-ubuntu/holohover_ws/src/holohover/install/bota_signal_handler/share/bota_signal_handler/package.dsv
-- Installing: /home/acl3-ubuntu/holohover_ws/src/holohover/install/bota_signal_handler/share/ament_index/resource_index/packages/bota_signal_handler
-- Installing: /home/acl3-ubuntu/holohover_ws/src/holohover/install/bota_signal_handler/share/bota_signal_handler/cmake/ament_cmake_export_include_directories-extras.cmake
-- Installing: /home/acl3-ubuntu/holohover_ws/src/holohover/install/bota_signal_handler/share/bota_signal_handler/cmake/ament_cmake_export_libraries-extras.cmake
-- Installing: /home/acl3-ubuntu/holohover_ws/src/holohover/install/bota_signal_handler/share/bota_signal_handler/cmake/bota_signal_handlerConfig.cmake
-- Installing: /home/acl3-ubuntu/holohover_ws/src/holohover/install/bota_signal_handler/share/bota_signal_handler/cmake/bota_signal_handlerConfig-version.cmake
-- Installing: /home/acl3-ubuntu/holohover_ws/src/holohover/install/bota_signal_handler/share/bota_signal_handler/package.xml
