[0.070s] Invoking command in '/home/acl3-ubuntu/holohover_ws/src/holohover/build/bota_signal_handler': CMAKE_PREFIX_PATH=${CMAKE_PREFIX_PATH}:/opt/ros/humble /usr/bin/cmake /home/acl3-ubuntu/holohover_ws/src/holohover/bota_driver/bota_node/bota_signal_handler -DCMAKE_INSTALL_PREFIX=/home/acl3-ubuntu/holohover_ws/src/holohover/install/bota_signal_handler
[0.158s] -- The C compiler identification is GNU 11.3.0
[0.264s] -- The CXX compiler identification is GNU 11.3.0
[0.265s] -- Detecting C compiler ABI info
[0.384s] -- Detecting C compiler ABI info - done
[0.399s] -- Check for working C compiler: /usr/bin/cc - skipped
[0.400s] -- Detecting C compile features
[0.401s] -- Detecting C compile features - done
[0.408s] -- Detecting CXX compiler ABI info
[0.545s] -- Detecting CXX compiler ABI info - done
[0.574s] -- Check for working CXX compiler: /usr/bin/c++ - skipped
[0.574s] -- Detecting CXX compile features
[0.575s] -- Detecting CXX compile features - done
[0.581s] -- Found ament_cmake: 1.3.3 (/opt/ros/humble/share/ament_cmake/cmake)
[0.911s] -- Found Python3: /usr/bin/python3.10 (found version "3.10.6") found components: Interpreter 
[1.179s] -- Found ament_cmake_gtest: 1.3.3 (/opt/ros/humble/share/ament_cmake_gtest/cmake)
[1.185s] -- Found gtest sources under '/opt/ros/humble/src/gtest_vendor': C++ tests using 'Google Test' will be built
[1.189s] -- Looking for pthread.h
[1.331s] -- Looking for pthread.h - found
[1.331s] -- Performing Test CMAKE_HAVE_LIBC_PTHREAD
[1.456s] -- Performing Test CMAKE_HAVE_LIBC_PTHREAD - Success
[1.458s] -- Found Threads: TRUE  
[1.599s] -- Configuring done
[1.615s] -- Generating done
[1.617s] -- Build files have been written to: /home/acl3-ubuntu/holohover_ws/src/holohover/build/bota_signal_handler
[1.628s] Invoked command in '/home/acl3-ubuntu/holohover_ws/src/holohover/build/bota_signal_handler' returned '0': CMAKE_PREFIX_PATH=${CMAKE_PREFIX_PATH}:/opt/ros/humble /usr/bin/cmake /home/acl3-ubuntu/holohover_ws/src/holohover/bota_driver/bota_node/bota_signal_handler -DCMAKE_INSTALL_PREFIX=/home/acl3-ubuntu/holohover_ws/src/holohover/install/bota_signal_handler
[1.630s] Invoking command in '/home/acl3-ubuntu/holohover_ws/src/holohover/build/bota_signal_handler': CMAKE_PREFIX_PATH=${CMAKE_PREFIX_PATH}:/opt/ros/humble /usr/bin/cmake --build /home/acl3-ubuntu/holohover_ws/src/holohover/build/bota_signal_handler -- -j8 -l8
[2.731s] [ 12%] [32mBuilding CXX object gtest/CMakeFiles/gtest.dir/src/gtest-all.cc.o[0m
[2.731s] [ 25%] [32mBuilding CXX object CMakeFiles/bota_signal_handler.dir/src/SignalHandler.cpp.o[0m
[2.732s] [ 37%] [32mBuilding CXX object gtest/CMakeFiles/gtest_main.dir/src/gtest_main.cc.o[0m
[2.732s] [ 50%] [32m[1mLinking CXX static library libbota_signal_handler.a[0m
[2.781s] [ 50%] Built target bota_signal_handler
[3.116s] [ 62%] [32m[1mLinking CXX static library libgtest_main.a[0m
[3.304s] [ 62%] Built target gtest_main
[19.465s] [ 75%] [32m[1mLinking CXX static library libgtest.a[0m
[19.903s] [ 75%] Built target gtest
[20.015s] [ 87%] [32mBuilding CXX object CMakeFiles/test_bota_signal_handler.dir/test/EmptyTests.cpp.o[0m
[21.985s] [100%] [32m[1mLinking CXX executable test_bota_signal_handler[0m
[22.387s] [100%] Built target test_bota_signal_handler
[22.453s] Invoked command in '/home/acl3-ubuntu/holohover_ws/src/holohover/build/bota_signal_handler' returned '0': CMAKE_PREFIX_PATH=${CMAKE_PREFIX_PATH}:/opt/ros/humble /usr/bin/cmake --build /home/acl3-ubuntu/holohover_ws/src/holohover/build/bota_signal_handler -- -j8 -l8
[22.791s] Invoking command in '/home/acl3-ubuntu/holohover_ws/src/holohover/build/bota_signal_handler': CMAKE_PREFIX_PATH=${CMAKE_PREFIX_PATH}:/opt/ros/humble /usr/bin/cmake --install /home/acl3-ubuntu/holohover_ws/src/holohover/build/bota_signal_handler
[23.687s] -- Install configuration: ""
[23.688s] -- Installing: /home/acl3-ubuntu/holohover_ws/src/holohover/install/bota_signal_handler/include/bota_signal_handler
[23.688s] -- Installing: /home/acl3-ubuntu/holohover_ws/src/holohover/install/bota_signal_handler/include/bota_signal_handler/SignalHandler.hpp
[23.689s] -- Installing: /home/acl3-ubuntu/holohover_ws/src/holohover/install/bota_signal_handler/lib/libbota_signal_handler.a
[23.689s] -- Installing: /home/acl3-ubuntu/holohover_ws/src/holohover/install/bota_signal_handler/share/bota_signal_handler/environment/library_path.sh
[23.689s] -- Installing: /home/acl3-ubuntu/holohover_ws/src/holohover/install/bota_signal_handler/share/bota_signal_handler/environment/library_path.dsv
[23.689s] -- Installing: /home/acl3-ubuntu/holohover_ws/src/holohover/install/bota_signal_handler/share/ament_index/resource_index/package_run_dependencies/bota_signal_handler
[23.689s] -- Installing: /home/acl3-ubuntu/holohover_ws/src/holohover/install/bota_signal_handler/share/ament_index/resource_index/parent_prefix_path/bota_signal_handler
[23.689s] -- Installing: /home/acl3-ubuntu/holohover_ws/src/holohover/install/bota_signal_handler/share/bota_signal_handler/environment/ament_prefix_path.sh
[23.690s] -- Installing: /home/acl3-ubuntu/holohover_ws/src/holohover/install/bota_signal_handler/share/bota_signal_handler/environment/ament_prefix_path.dsv
[23.690s] -- Installing: /home/acl3-ubuntu/holohover_ws/src/holohover/install/bota_signal_handler/share/bota_signal_handler/environment/path.sh
[23.690s] -- Installing: /home/acl3-ubuntu/holohover_ws/src/holohover/install/bota_signal_handler/share/bota_signal_handler/environment/path.dsv
[23.690s] -- Installing: /home/acl3-ubuntu/holohover_ws/src/holohover/install/bota_signal_handler/share/bota_signal_handler/local_setup.bash
[23.690s] -- Installing: /home/acl3-ubuntu/holohover_ws/src/holohover/install/bota_signal_handler/share/bota_signal_handler/local_setup.sh
[23.690s] -- Installing: /home/acl3-ubuntu/holohover_ws/src/holohover/install/bota_signal_handler/share/bota_signal_handler/local_setup.zsh
[23.691s] -- Installing: /home/acl3-ubuntu/holohover_ws/src/holohover/install/bota_signal_handler/share/bota_signal_handler/local_setup.dsv
[23.691s] -- Installing: /home/acl3-ubuntu/holohover_ws/src/holohover/install/bota_signal_handler/share/bota_signal_handler/package.dsv
[23.691s] -- Installing: /home/acl3-ubuntu/holohover_ws/src/holohover/install/bota_signal_handler/share/ament_index/resource_index/packages/bota_signal_handler
[23.691s] -- Installing: /home/acl3-ubuntu/holohover_ws/src/holohover/install/bota_signal_handler/share/bota_signal_handler/cmake/ament_cmake_export_include_directories-extras.cmake
[23.691s] -- Installing: /home/acl3-ubuntu/holohover_ws/src/holohover/install/bota_signal_handler/share/bota_signal_handler/cmake/ament_cmake_export_libraries-extras.cmake
[23.691s] -- Installing: /home/acl3-ubuntu/holohover_ws/src/holohover/install/bota_signal_handler/share/bota_signal_handler/cmake/bota_signal_handlerConfig.cmake
[23.691s] -- Installing: /home/acl3-ubuntu/holohover_ws/src/holohover/install/bota_signal_handler/share/bota_signal_handler/cmake/bota_signal_handlerConfig-version.cmake
[23.692s] -- Installing: /home/acl3-ubuntu/holohover_ws/src/holohover/install/bota_signal_handler/share/bota_signal_handler/package.xml
[23.768s] Invoked command in '/home/acl3-ubuntu/holohover_ws/src/holohover/build/bota_signal_handler' returned '0': CMAKE_PREFIX_PATH=${CMAKE_PREFIX_PATH}:/opt/ros/humble /usr/bin/cmake --install /home/acl3-ubuntu/holohover_ws/src/holohover/build/bota_signal_handler
