[0.022s] Invoking command in '/home/acl3-ubuntu/holohover_ws/src/holohover/build/holohover_utils': AMENT_PREFIX_PATH=/home/acl3-ubuntu/holohover_ws/src/holohover/install/holohover_gnc:/home/acl3-ubuntu/holohover_ws/src/holohover/install/ros_polympc:/home/acl3-ubuntu/holohover_ws/src/holohover/install/mocap_optitrack:/home/acl3-ubuntu/holohover_ws/src/holohover/install/holohover_msgs:${AMENT_PREFIX_PATH} CMAKE_PREFIX_PATH=/home/acl3-ubuntu/holohover_ws/src/holohover/install/holohover_gnc:/home/acl3-ubuntu/holohover_ws/src/holohover/install/ros_polympc:/home/acl3-ubuntu/holohover_ws/src/holohover/install/mocap_optitrack:/home/acl3-ubuntu/holohover_ws/src/holohover/install/holohover_msgs:/home/acl3-ubuntu/holohover_ws/install/bota_driver_testing:/home/acl3-ubuntu/holohover_ws/install/bota_driver:/home/acl3-ubuntu/holohover_ws/install/rokubimini_ethercat:/home/acl3-ubuntu/holohover_ws/install/soem:/home/acl3-ubuntu/holohover_ws/install/holohover_utils:/home/acl3-ubuntu/holohover_ws/install/holohover_gnc:/home/acl3-ubuntu/holohover_ws/install/ros_polympc:/home/acl3-ubuntu/holohover_ws/install/rokubimini_serial:/home/acl3-ubuntu/holohover_ws/install/rokubimini_msgs:/home/acl3-ubuntu/holohover_ws/install/rokubimini_description:/home/acl3-ubuntu/holohover_ws/install/rokubimini_bus_manager:/home/acl3-ubuntu/holohover_ws/install/rokubimini:/home/acl3-ubuntu/holohover_ws/install/mocap_optitrack:/home/acl3-ubuntu/holohover_ws/install/micro_ros_setup:/home/acl3-ubuntu/holohover_ws/install/micro_ros_agent:/home/acl3-ubuntu/holohover_ws/install/micro_ros_msgs:/home/acl3-ubuntu/holohover_ws/install/holohover_msgs:/home/acl3-ubuntu/holohover_ws/install/bota_node:/home/acl3-ubuntu/holohover_ws/install/bota_worker:/home/acl3-ubuntu/holohover_ws/install/bota_signal_handler:/opt/ros/humble LD_LIBRARY_PATH=/home/acl3-ubuntu/holohover_ws/src/holohover/install/mocap_optitrack/lib:/home/acl3-ubuntu/holohover_ws/src/holohover/install/holohover_msgs/lib:${LD_LIBRARY_PATH} PYTHONPATH=/home/acl3-ubuntu/holohover_ws/src/holohover/install/mocap_optitrack/local/lib/python3.10/dist-packages:/home/acl3-ubuntu/holohover_ws/src/holohover/install/holohover_msgs/local/lib/python3.10/dist-packages:${PYTHONPATH} /usr/bin/cmake --build /home/acl3-ubuntu/holohover_ws/src/holohover/build/holohover_utils -- -j8 -l8
[0.076s] [35m[1mConsolidate compiler generated dependencies of target optitrack_interface[0m
[0.080s] [35m[1mConsolidate compiler generated dependencies of target rviz_interface[0m
[0.093s] [  0%] Built target ament_cmake_python_copy_holohover_utils
[0.098s] [ 50%] Built target optitrack_interface
[0.102s] [100%] Built target rviz_interface
[0.370s] running egg_info
[0.371s] writing holohover_utils.egg-info/PKG-INFO
[0.371s] writing dependency_links to holohover_utils.egg-info/dependency_links.txt
[0.371s] writing top-level names to holohover_utils.egg-info/top_level.txt
[0.373s] reading manifest file 'holohover_utils.egg-info/SOURCES.txt'
[0.374s] writing manifest file 'holohover_utils.egg-info/SOURCES.txt'
[0.411s] [100%] Built target ament_cmake_python_build_holohover_utils_egg
[0.424s] Invoked command in '/home/acl3-ubuntu/holohover_ws/src/holohover/build/holohover_utils' returned '0': AMENT_PREFIX_PATH=/home/acl3-ubuntu/holohover_ws/src/holohover/install/holohover_gnc:/home/acl3-ubuntu/holohover_ws/src/holohover/install/ros_polympc:/home/acl3-ubuntu/holohover_ws/src/holohover/install/mocap_optitrack:/home/acl3-ubuntu/holohover_ws/src/holohover/install/holohover_msgs:${AMENT_PREFIX_PATH} CMAKE_PREFIX_PATH=/home/acl3-ubuntu/holohover_ws/src/holohover/install/holohover_gnc:/home/acl3-ubuntu/holohover_ws/src/holohover/install/ros_polympc:/home/acl3-ubuntu/holohover_ws/src/holohover/install/mocap_optitrack:/home/acl3-ubuntu/holohover_ws/src/holohover/install/holohover_msgs:/home/acl3-ubuntu/holohover_ws/install/bota_driver_testing:/home/acl3-ubuntu/holohover_ws/install/bota_driver:/home/acl3-ubuntu/holohover_ws/install/rokubimini_ethercat:/home/acl3-ubuntu/holohover_ws/install/soem:/home/acl3-ubuntu/holohover_ws/install/holohover_utils:/home/acl3-ubuntu/holohover_ws/install/holohover_gnc:/home/acl3-ubuntu/holohover_ws/install/ros_polympc:/home/acl3-ubuntu/holohover_ws/install/rokubimini_serial:/home/acl3-ubuntu/holohover_ws/install/rokubimini_msgs:/home/acl3-ubuntu/holohover_ws/install/rokubimini_description:/home/acl3-ubuntu/holohover_ws/install/rokubimini_bus_manager:/home/acl3-ubuntu/holohover_ws/install/rokubimini:/home/acl3-ubuntu/holohover_ws/install/mocap_optitrack:/home/acl3-ubuntu/holohover_ws/install/micro_ros_setup:/home/acl3-ubuntu/holohover_ws/install/micro_ros_agent:/home/acl3-ubuntu/holohover_ws/install/micro_ros_msgs:/home/acl3-ubuntu/holohover_ws/install/holohover_msgs:/home/acl3-ubuntu/holohover_ws/install/bota_node:/home/acl3-ubuntu/holohover_ws/install/bota_worker:/home/acl3-ubuntu/holohover_ws/install/bota_signal_handler:/opt/ros/humble LD_LIBRARY_PATH=/home/acl3-ubuntu/holohover_ws/src/holohover/install/mocap_optitrack/lib:/home/acl3-ubuntu/holohover_ws/src/holohover/install/holohover_msgs/lib:${LD_LIBRARY_PATH} PYTHONPATH=/home/acl3-ubuntu/holohover_ws/src/holohover/install/mocap_optitrack/local/lib/python3.10/dist-packages:/home/acl3-ubuntu/holohover_ws/src/holohover/install/holohover_msgs/local/lib/python3.10/dist-packages:${PYTHONPATH} /usr/bin/cmake --build /home/acl3-ubuntu/holohover_ws/src/holohover/build/holohover_utils -- -j8 -l8
[0.459s] Invoking command in '/home/acl3-ubuntu/holohover_ws/src/holohover/build/holohover_utils': AMENT_PREFIX_PATH=/home/acl3-ubuntu/holohover_ws/src/holohover/install/holohover_gnc:/home/acl3-ubuntu/holohover_ws/src/holohover/install/ros_polympc:/home/acl3-ubuntu/holohover_ws/src/holohover/install/mocap_optitrack:/home/acl3-ubuntu/holohover_ws/src/holohover/install/holohover_msgs:${AMENT_PREFIX_PATH} CMAKE_PREFIX_PATH=/home/acl3-ubuntu/holohover_ws/src/holohover/install/holohover_gnc:/home/acl3-ubuntu/holohover_ws/src/holohover/install/ros_polympc:/home/acl3-ubuntu/holohover_ws/src/holohover/install/mocap_optitrack:/home/acl3-ubuntu/holohover_ws/src/holohover/install/holohover_msgs:/home/acl3-ubuntu/holohover_ws/install/bota_driver_testing:/home/acl3-ubuntu/holohover_ws/install/bota_driver:/home/acl3-ubuntu/holohover_ws/install/rokubimini_ethercat:/home/acl3-ubuntu/holohover_ws/install/soem:/home/acl3-ubuntu/holohover_ws/install/holohover_utils:/home/acl3-ubuntu/holohover_ws/install/holohover_gnc:/home/acl3-ubuntu/holohover_ws/install/ros_polympc:/home/acl3-ubuntu/holohover_ws/install/rokubimini_serial:/home/acl3-ubuntu/holohover_ws/install/rokubimini_msgs:/home/acl3-ubuntu/holohover_ws/install/rokubimini_description:/home/acl3-ubuntu/holohover_ws/install/rokubimini_bus_manager:/home/acl3-ubuntu/holohover_ws/install/rokubimini:/home/acl3-ubuntu/holohover_ws/install/mocap_optitrack:/home/acl3-ubuntu/holohover_ws/install/micro_ros_setup:/home/acl3-ubuntu/holohover_ws/install/micro_ros_agent:/home/acl3-ubuntu/holohover_ws/install/micro_ros_msgs:/home/acl3-ubuntu/holohover_ws/install/holohover_msgs:/home/acl3-ubuntu/holohover_ws/install/bota_node:/home/acl3-ubuntu/holohover_ws/install/bota_worker:/home/acl3-ubuntu/holohover_ws/install/bota_signal_handler:/opt/ros/humble LD_LIBRARY_PATH=/home/acl3-ubuntu/holohover_ws/src/holohover/install/mocap_optitrack/lib:/home/acl3-ubuntu/holohover_ws/src/holohover/install/holohover_msgs/lib:${LD_LIBRARY_PATH} PYTHONPATH=/home/acl3-ubuntu/holohover_ws/src/holohover/install/mocap_optitrack/local/lib/python3.10/dist-packages:/home/acl3-ubuntu/holohover_ws/src/holohover/install/holohover_msgs/local/lib/python3.10/dist-packages:${PYTHONPATH} /usr/bin/cmake --install /home/acl3-ubuntu/holohover_ws/src/holohover/build/holohover_utils
[0.468s] -- Install configuration: ""
[0.468s] -- Up-to-date: /home/acl3-ubuntu/holohover_ws/src/holohover/install/holohover_utils/share/holohover_utils/environment/pythonpath.sh
[0.468s] -- Up-to-date: /home/acl3-ubuntu/holohover_ws/src/holohover/install/holohover_utils/share/holohover_utils/environment/pythonpath.dsv
[0.468s] -- Up-to-date: /home/acl3-ubuntu/holohover_ws/src/holohover/install/holohover_utils/local/lib/python3.10/dist-packages/holohover_utils-0.0.0-py3.10.egg-info
[0.468s] -- Installing: /home/acl3-ubuntu/holohover_ws/src/holohover/install/holohover_utils/local/lib/python3.10/dist-packages/holohover_utils-0.0.0-py3.10.egg-info/top_level.txt
[0.468s] -- Installing: /home/acl3-ubuntu/holohover_ws/src/holohover/install/holohover_utils/local/lib/python3.10/dist-packages/holohover_utils-0.0.0-py3.10.egg-info/dependency_links.txt
[0.468s] -- Installing: /home/acl3-ubuntu/holohover_ws/src/holohover/install/holohover_utils/local/lib/python3.10/dist-packages/holohover_utils-0.0.0-py3.10.egg-info/SOURCES.txt
[0.468s] -- Installing: /home/acl3-ubuntu/holohover_ws/src/holohover/install/holohover_utils/local/lib/python3.10/dist-packages/holohover_utils-0.0.0-py3.10.egg-info/PKG-INFO
[0.468s] -- Up-to-date: /home/acl3-ubuntu/holohover_ws/src/holohover/install/holohover_utils/local/lib/python3.10/dist-packages/holohover_utils
[0.468s] -- Up-to-date: /home/acl3-ubuntu/holohover_ws/src/holohover/install/holohover_utils/local/lib/python3.10/dist-packages/holohover_utils/holohover_ping.py
[0.468s] -- Up-to-date: /home/acl3-ubuntu/holohover_ws/src/holohover/install/holohover_utils/local/lib/python3.10/dist-packages/holohover_utils/__init__.py
[0.501s] Listing '/home/acl3-ubuntu/holohover_ws/src/holohover/install/holohover_utils/local/lib/python3.10/dist-packages/holohover_utils'...
[0.505s] -- Up-to-date: /home/acl3-ubuntu/holohover_ws/src/holohover/install/holohover_utils/share/holohover_utils/config
[0.505s] -- Up-to-date: /home/acl3-ubuntu/holohover_ws/src/holohover/install/holohover_utils/share/holohover_utils/config/mocap_config.yaml
[0.505s] -- Up-to-date: /home/acl3-ubuntu/holohover_ws/src/holohover/install/holohover_utils/share/holohover_utils/config/vrpn_config.yaml
[0.505s] -- Up-to-date: /home/acl3-ubuntu/holohover_ws/src/holohover/install/holohover_utils/share/holohover_utils/gui
[0.505s] -- Up-to-date: /home/acl3-ubuntu/holohover_ws/src/holohover/install/holohover_utils/share/holohover_utils/gui/estimator.perspective
[0.505s] -- Up-to-date: /home/acl3-ubuntu/holohover_ws/src/holohover/install/holohover_utils/share/holohover_utils/gui/holohover.stl
[0.505s] -- Up-to-date: /home/acl3-ubuntu/holohover_ws/src/holohover/install/holohover_utils/share/holohover_utils/gui/holohover_config.rviz
[0.505s] -- Up-to-date: /home/acl3-ubuntu/holohover_ws/src/holohover/install/holohover_utils/share/holohover_utils/gui/controller.perspective
[0.505s] -- Up-to-date: /home/acl3-ubuntu/holohover_ws/src/holohover/install/holohover_utils/share/holohover_utils/launch
[0.505s] -- Up-to-date: /home/acl3-ubuntu/holohover_ws/src/holohover/install/holohover_utils/share/holohover_utils/launch/exp_simulation_delayed.launch.py
[0.506s] -- Up-to-date: /home/acl3-ubuntu/holohover_ws/src/holohover/install/holohover_utils/share/holohover_utils/launch/holohover_optitrack.launch.py
[0.506s] -- Up-to-date: /home/acl3-ubuntu/holohover_ws/src/holohover/install/holohover_utils/share/holohover_utils/launch/exp_simulation.launch.py
[0.506s] -- Up-to-date: /home/acl3-ubuntu/holohover_ws/src/holohover/install/holohover_utils/share/holohover_utils/launch/micro_agent.launch.py
[0.506s] -- Up-to-date: /home/acl3-ubuntu/holohover_ws/src/holohover/install/holohover_utils/share/holohover_utils/launch/exp_holohover_optitrack.launch.py
[0.506s] -- Installing: /home/acl3-ubuntu/holohover_ws/src/holohover/install/holohover_utils/share/holohover_utils/launch/simulation.launch.py
[0.506s] -- Up-to-date: /home/acl3-ubuntu/holohover_ws/src/holohover/install/holohover_utils/share/holohover_utils/launch/signal_simulation.launch.py
[0.506s] -- Up-to-date: /home/acl3-ubuntu/holohover_ws/src/holohover/install/holohover_utils/share/holohover_utils/launch/__pycache__
[0.506s] -- Up-to-date: /home/acl3-ubuntu/holohover_ws/src/holohover/install/holohover_utils/share/holohover_utils/launch/__pycache__/simulation.launch.cpython-310.pyc
[0.506s] -- Up-to-date: /home/acl3-ubuntu/holohover_ws/src/holohover/install/holohover_utils/share/holohover_utils/launch/signal_holohover_optitrack.launch.py
[0.506s] -- Up-to-date: /home/acl3-ubuntu/holohover_ws/src/holohover/install/holohover_utils/lib/holohover_utils/rviz_interface
[0.506s] -- Up-to-date: /home/acl3-ubuntu/holohover_ws/src/holohover/install/holohover_utils/lib/holohover_utils/optitrack_interface
[0.506s] -- Up-to-date: /home/acl3-ubuntu/holohover_ws/src/holohover/install/holohover_utils/lib/holohover_utils/holohover_ping.py
[0.507s] -- Up-to-date: /home/acl3-ubuntu/holohover_ws/src/holohover/install/holohover_utils/share/ament_index/resource_index/package_run_dependencies/holohover_utils
[0.507s] -- Up-to-date: /home/acl3-ubuntu/holohover_ws/src/holohover/install/holohover_utils/share/ament_index/resource_index/parent_prefix_path/holohover_utils
[0.507s] -- Up-to-date: /home/acl3-ubuntu/holohover_ws/src/holohover/install/holohover_utils/share/holohover_utils/environment/ament_prefix_path.sh
[0.507s] -- Up-to-date: /home/acl3-ubuntu/holohover_ws/src/holohover/install/holohover_utils/share/holohover_utils/environment/ament_prefix_path.dsv
[0.507s] -- Up-to-date: /home/acl3-ubuntu/holohover_ws/src/holohover/install/holohover_utils/share/holohover_utils/environment/path.sh
[0.507s] -- Up-to-date: /home/acl3-ubuntu/holohover_ws/src/holohover/install/holohover_utils/share/holohover_utils/environment/path.dsv
[0.507s] -- Up-to-date: /home/acl3-ubuntu/holohover_ws/src/holohover/install/holohover_utils/share/holohover_utils/local_setup.bash
[0.507s] -- Up-to-date: /home/acl3-ubuntu/holohover_ws/src/holohover/install/holohover_utils/share/holohover_utils/local_setup.sh
[0.507s] -- Up-to-date: /home/acl3-ubuntu/holohover_ws/src/holohover/install/holohover_utils/share/holohover_utils/local_setup.zsh
[0.507s] -- Up-to-date: /home/acl3-ubuntu/holohover_ws/src/holohover/install/holohover_utils/share/holohover_utils/local_setup.dsv
[0.507s] -- Installing: /home/acl3-ubuntu/holohover_ws/src/holohover/install/holohover_utils/share/holohover_utils/package.dsv
[0.507s] -- Up-to-date: /home/acl3-ubuntu/holohover_ws/src/holohover/install/holohover_utils/share/ament_index/resource_index/packages/holohover_utils
[0.507s] -- Up-to-date: /home/acl3-ubuntu/holohover_ws/src/holohover/install/holohover_utils/share/holohover_utils/cmake/holohover_utilsConfig.cmake
[0.507s] -- Up-to-date: /home/acl3-ubuntu/holohover_ws/src/holohover/install/holohover_utils/share/holohover_utils/cmake/holohover_utilsConfig-version.cmake
[0.507s] -- Up-to-date: /home/acl3-ubuntu/holohover_ws/src/holohover/install/holohover_utils/share/holohover_utils/package.xml
[0.510s] Invoked command in '/home/acl3-ubuntu/holohover_ws/src/holohover/build/holohover_utils' returned '0': AMENT_PREFIX_PATH=/home/acl3-ubuntu/holohover_ws/src/holohover/install/holohover_gnc:/home/acl3-ubuntu/holohover_ws/src/holohover/install/ros_polympc:/home/acl3-ubuntu/holohover_ws/src/holohover/install/mocap_optitrack:/home/acl3-ubuntu/holohover_ws/src/holohover/install/holohover_msgs:${AMENT_PREFIX_PATH} CMAKE_PREFIX_PATH=/home/acl3-ubuntu/holohover_ws/src/holohover/install/holohover_gnc:/home/acl3-ubuntu/holohover_ws/src/holohover/install/ros_polympc:/home/acl3-ubuntu/holohover_ws/src/holohover/install/mocap_optitrack:/home/acl3-ubuntu/holohover_ws/src/holohover/install/holohover_msgs:/home/acl3-ubuntu/holohover_ws/install/bota_driver_testing:/home/acl3-ubuntu/holohover_ws/install/bota_driver:/home/acl3-ubuntu/holohover_ws/install/rokubimini_ethercat:/home/acl3-ubuntu/holohover_ws/install/soem:/home/acl3-ubuntu/holohover_ws/install/holohover_utils:/home/acl3-ubuntu/holohover_ws/install/holohover_gnc:/home/acl3-ubuntu/holohover_ws/install/ros_polympc:/home/acl3-ubuntu/holohover_ws/install/rokubimini_serial:/home/acl3-ubuntu/holohover_ws/install/rokubimini_msgs:/home/acl3-ubuntu/holohover_ws/install/rokubimini_description:/home/acl3-ubuntu/holohover_ws/install/rokubimini_bus_manager:/home/acl3-ubuntu/holohover_ws/install/rokubimini:/home/acl3-ubuntu/holohover_ws/install/mocap_optitrack:/home/acl3-ubuntu/holohover_ws/install/micro_ros_setup:/home/acl3-ubuntu/holohover_ws/install/micro_ros_agent:/home/acl3-ubuntu/holohover_ws/install/micro_ros_msgs:/home/acl3-ubuntu/holohover_ws/install/holohover_msgs:/home/acl3-ubuntu/holohover_ws/install/bota_node:/home/acl3-ubuntu/holohover_ws/install/bota_worker:/home/acl3-ubuntu/holohover_ws/install/bota_signal_handler:/opt/ros/humble LD_LIBRARY_PATH=/home/acl3-ubuntu/holohover_ws/src/holohover/install/mocap_optitrack/lib:/home/acl3-ubuntu/holohover_ws/src/holohover/install/holohover_msgs/lib:${LD_LIBRARY_PATH} PYTHONPATH=/home/acl3-ubuntu/holohover_ws/src/holohover/install/mocap_optitrack/local/lib/python3.10/dist-packages:/home/acl3-ubuntu/holohover_ws/src/holohover/install/holohover_msgs/local/lib/python3.10/dist-packages:${PYTHONPATH} /usr/bin/cmake --install /home/acl3-ubuntu/holohover_ws/src/holohover/build/holohover_utils
