[ 18%] Built target gtest_main
[ 54%] Built target bota_worker
[ 72%] Built target gtest
[100%] Built target test_bota_worker
-- Install configuration: ""
-- Up-to-date: /home/acl3-ubuntu/holohover_ws/src/holohover/install/bota_worker/include/bota_worker
-- Up-to-date: /home/acl3-ubuntu/holohover_ws/src/holohover/install/bota_worker/include/bota_worker/WorkerEvent.hpp
-- Up-to-date: /home/acl3-ubuntu/holohover_ws/src/holohover/install/bota_worker/include/bota_worker/WorkerOptions.hpp
-- Up-to-date: /home/acl3-ubuntu/holohover_ws/src/holohover/install/bota_worker/include/bota_worker/Rate.hpp
-- Up-to-date: /home/acl3-ubuntu/holohover_ws/src/holohover/install/bota_worker/include/bota_worker/RateOptions.hpp
-- Up-to-date: /home/acl3-ubuntu/holohover_ws/src/holohover/install/bota_worker/include/bota_worker/Worker.hpp
-- Up-to-date: /home/acl3-ubuntu/holohover_ws/src/holohover/install/bota_worker/include/bota_worker/WorkerManager.hpp
-- Up-to-date: /home/acl3-ubuntu/holohover_ws/src/holohover/install/bota_worker/lib/libbota_worker.a
-- Up-to-date: /home/acl3-ubuntu/holohover_ws/src/holohover/install/bota_worker/share/bota_worker/environment/library_path.sh
-- Up-to-date: /home/acl3-ubuntu/holohover_ws/src/holohover/install/bota_worker/share/bota_worker/environment/library_path.dsv
-- Up-to-date: /home/acl3-ubuntu/holohover_ws/src/holohover/install/bota_worker/share/ament_index/resource_index/package_run_dependencies/bota_worker
-- Up-to-date: /home/acl3-ubuntu/holohover_ws/src/holohover/install/bota_worker/share/ament_index/resource_index/parent_prefix_path/bota_worker
-- Up-to-date: /home/acl3-ubuntu/holohover_ws/src/holohover/install/bota_worker/share/bota_worker/environment/ament_prefix_path.sh
-- Up-to-date: /home/acl3-ubuntu/holohover_ws/src/holohover/install/bota_worker/share/bota_worker/environment/ament_prefix_path.dsv
-- Up-to-date: /home/acl3-ubuntu/holohover_ws/src/holohover/install/bota_worker/share/bota_worker/environment/path.sh
-- Up-to-date: /home/acl3-ubuntu/holohover_ws/src/holohover/install/bota_worker/share/bota_worker/environment/path.dsv
-- Up-to-date: /home/acl3-ubuntu/holohover_ws/src/holohover/install/bota_worker/share/bota_worker/local_setup.bash
-- Up-to-date: /home/acl3-ubuntu/holohover_ws/src/holohover/install/bota_worker/share/bota_worker/local_setup.sh
-- Up-to-date: /home/acl3-ubuntu/holohover_ws/src/holohover/install/bota_worker/share/bota_worker/local_setup.zsh
-- Up-to-date: /home/acl3-ubuntu/holohover_ws/src/holohover/install/bota_worker/share/bota_worker/local_setup.dsv
-- Installing: /home/acl3-ubuntu/holohover_ws/src/holohover/install/bota_worker/share/bota_worker/package.dsv
-- Up-to-date: /home/acl3-ubuntu/holohover_ws/src/holohover/install/bota_worker/share/ament_index/resource_index/packages/bota_worker
-- Up-to-date: /home/acl3-ubuntu/holohover_ws/src/holohover/install/bota_worker/share/bota_worker/cmake/ament_cmake_export_dependencies-extras.cmake
-- Up-to-date: /home/acl3-ubuntu/holohover_ws/src/holohover/install/bota_worker/share/bota_worker/cmake/ament_cmake_export_include_directories-extras.cmake
-- Up-to-date: /home/acl3-ubuntu/holohover_ws/src/holohover/install/bota_worker/share/bota_worker/cmake/ament_cmake_export_libraries-extras.cmake
-- Up-to-date: /home/acl3-ubuntu/holohover_ws/src/holohover/install/bota_worker/share/bota_worker/cmake/bota_workerConfig.cmake
-- Up-to-date: /home/acl3-ubuntu/holohover_ws/src/holohover/install/bota_worker/share/bota_worker/cmake/bota_workerConfig-version.cmake
-- Up-to-date: /home/acl3-ubuntu/holohover_ws/src/holohover/install/bota_worker/share/bota_worker/package.xml
