[0.057s] Invoking command in '/home/acl3-ubuntu/holohover_ws/src/holohover/build/rokubimini_description': CMAKE_PREFIX_PATH=${CMAKE_PREFIX_PATH}:/opt/ros/humble /usr/bin/cmake --build /home/acl3-ubuntu/holohover_ws/src/holohover/build/rokubimini_description -- -j8 -l8
[0.126s] Invoked command in '/home/acl3-ubuntu/holohover_ws/src/holohover/build/rokubimini_description' returned '0': CMAKE_PREFIX_PATH=${CMAKE_PREFIX_PATH}:/opt/ros/humble /usr/bin/cmake --build /home/acl3-ubuntu/holohover_ws/src/holohover/build/rokubimini_description -- -j8 -l8
[0.233s] Invoking command in '/home/acl3-ubuntu/holohover_ws/src/holohover/build/rokubimini_description': CMAKE_PREFIX_PATH=${CMAKE_PREFIX_PATH}:/opt/ros/humble /usr/bin/cmake --install /home/acl3-ubuntu/holohover_ws/src/holohover/build/rokubimini_description
[0.244s] -- Install configuration: ""
[0.244s] -- Up-to-date: /home/acl3-ubuntu/holohover_ws/src/holohover/install/rokubimini_description/share/rokubimini_description/meshes
[0.244s] -- Up-to-date: /home/acl3-ubuntu/holohover_ws/src/holohover/install/rokubimini_description/share/rokubimini_description/meshes/BFT_SENS_M8
[0.245s] -- Up-to-date: /home/acl3-ubuntu/holohover_ws/src/holohover/install/rokubimini_description/share/rokubimini_description/meshes/BFT_SENS_M8/mounting.STL
[0.245s] -- Up-to-date: /home/acl3-ubuntu/holohover_ws/src/holohover/install/rokubimini_description/share/rokubimini_description/meshes/BFT_ROKA_M8
[0.245s] -- Up-to-date: /home/acl3-ubuntu/holohover_ws/src/holohover/install/rokubimini_description/share/rokubimini_description/meshes/BFT_ROKA_M8/wrench.STL
[0.246s] -- Up-to-date: /home/acl3-ubuntu/holohover_ws/src/holohover/install/rokubimini_description/share/rokubimini_description/meshes/BFT_ROKA_M8/mounting.STL
[0.246s] -- Up-to-date: /home/acl3-ubuntu/holohover_ws/src/holohover/install/rokubimini_description/share/rokubimini_description/meshes/realsense_adapter
[0.246s] -- Up-to-date: /home/acl3-ubuntu/holohover_ws/src/holohover/install/rokubimini_description/share/rokubimini_description/meshes/realsense_adapter/Realsense_adapter_mounting.STL
[0.246s] -- Up-to-date: /home/acl3-ubuntu/holohover_ws/src/holohover/install/rokubimini_description/share/rokubimini_description/meshes/BFT_MEDA_M8
[0.246s] -- Up-to-date: /home/acl3-ubuntu/holohover_ws/src/holohover/install/rokubimini_description/share/rokubimini_description/meshes/BFT_MEDA_M8/mounting.STL
[0.246s] -- Up-to-date: /home/acl3-ubuntu/holohover_ws/src/holohover/install/rokubimini_description/share/rokubimini_description/meshes/BFT_MEDS_M8
[0.247s] -- Up-to-date: /home/acl3-ubuntu/holohover_ws/src/holohover/install/rokubimini_description/share/rokubimini_description/meshes/BFT_MEDS_M8/mounting.STL
[0.247s] -- Up-to-date: /home/acl3-ubuntu/holohover_ws/src/holohover/install/rokubimini_description/share/rokubimini_description/meshes/BFT_LAXS_M8
[0.247s] -- Up-to-date: /home/acl3-ubuntu/holohover_ws/src/holohover/install/rokubimini_description/share/rokubimini_description/meshes/BFT_LAXS_M8/mounting.STL
[0.247s] -- Up-to-date: /home/acl3-ubuntu/holohover_ws/src/holohover/install/rokubimini_description/share/rokubimini_description/meshes/BFT_MEGS_M8
[0.247s] -- Up-to-date: /home/acl3-ubuntu/holohover_ws/src/holohover/install/rokubimini_description/share/rokubimini_description/meshes/BFT_MEGS_M8/mounting.STL
[0.248s] -- Up-to-date: /home/acl3-ubuntu/holohover_ws/src/holohover/install/rokubimini_description/share/rokubimini_description/meshes/BFT_ROKS_M8
[0.248s] -- Up-to-date: /home/acl3-ubuntu/holohover_ws/src/holohover/install/rokubimini_description/share/rokubimini_description/meshes/BFT_ROKS_M8/wrench.STL
[0.248s] -- Up-to-date: /home/acl3-ubuntu/holohover_ws/src/holohover/install/rokubimini_description/share/rokubimini_description/meshes/BFT_ROKS_M8/mounting.STL
[0.248s] -- Up-to-date: /home/acl3-ubuntu/holohover_ws/src/holohover/install/rokubimini_description/share/rokubimini_description/urdf
[0.248s] -- Up-to-date: /home/acl3-ubuntu/holohover_ws/src/holohover/install/rokubimini_description/share/rokubimini_description/urdf/BFT_MEGS_ECAT_M8_robot.urdf.xacro
[0.248s] -- Up-to-date: /home/acl3-ubuntu/holohover_ws/src/holohover/install/rokubimini_description/share/rokubimini_description/urdf/realsense_adapter.urdf.xacro
[0.248s] -- Up-to-date: /home/acl3-ubuntu/holohover_ws/src/holohover/install/rokubimini_description/share/rokubimini_description/urdf/BFT_ROKS_ECAT_M8_robot.urdf.xacro
[0.248s] -- Up-to-date: /home/acl3-ubuntu/holohover_ws/src/holohover/install/rokubimini_description/share/rokubimini_description/urdf/BFT_SENS_SER_M8.urdf.xacro
[0.249s] -- Up-to-date: /home/acl3-ubuntu/holohover_ws/src/holohover/install/rokubimini_description/share/rokubimini_description/urdf/BFT_ROKA_ECAT_M8.urdf.xacro
[0.249s] -- Up-to-date: /home/acl3-ubuntu/holohover_ws/src/holohover/install/rokubimini_description/share/rokubimini_description/urdf/BFT_ROKA_SER_M8.urdf.xacro
[0.249s] -- Up-to-date: /home/acl3-ubuntu/holohover_ws/src/holohover/install/rokubimini_description/share/rokubimini_description/urdf/BFT_ROKA_ECAT_M8_robot.urdf.xacro
[0.254s] -- Up-to-date: /home/acl3-ubuntu/holohover_ws/src/holohover/install/rokubimini_description/share/rokubimini_description/urdf/BFT_MEDS_ECAT_M8_robot.urdf.xacro
[0.254s] -- Up-to-date: /home/acl3-ubuntu/holohover_ws/src/holohover/install/rokubimini_description/share/rokubimini_description/urdf/BFT_ROKS_SER_M8_robot.urdf.xacro
[0.254s] -- Up-to-date: /home/acl3-ubuntu/holohover_ws/src/holohover/install/rokubimini_description/share/rokubimini_description/urdf/BFT_MEDA_SER_M8.urdf.xacro
[0.254s] -- Up-to-date: /home/acl3-ubuntu/holohover_ws/src/holohover/install/rokubimini_description/share/rokubimini_description/urdf/BFT_LAXS_ECAT_M8_robot.urdf.xacro
[0.255s] -- Up-to-date: /home/acl3-ubuntu/holohover_ws/src/holohover/install/rokubimini_description/share/rokubimini_description/urdf/BFT_LAXS_SER_M8_robot.urdf.xacro
[0.255s] -- Up-to-date: /home/acl3-ubuntu/holohover_ws/src/holohover/install/rokubimini_description/share/rokubimini_description/urdf/BFT_MEDS_SER_M8.urdf.xacro
[0.255s] -- Up-to-date: /home/acl3-ubuntu/holohover_ws/src/holohover/install/rokubimini_description/share/rokubimini_description/urdf/BFT_MEGS_ECAT_M8.urdf.xacro
[0.255s] -- Up-to-date: /home/acl3-ubuntu/holohover_ws/src/holohover/install/rokubimini_description/share/rokubimini_description/urdf/BFT_MEDA_ECAT_M8_robot.urdf.xacro
[0.255s] -- Up-to-date: /home/acl3-ubuntu/holohover_ws/src/holohover/install/rokubimini_description/share/rokubimini_description/urdf/BFT_MEDA_SER_M8_robot.urdf.xacro
[0.255s] -- Up-to-date: /home/acl3-ubuntu/holohover_ws/src/holohover/install/rokubimini_description/share/rokubimini_description/urdf/BFT_SENS_ECAT_M8.urdf.xacro
[0.255s] -- Up-to-date: /home/acl3-ubuntu/holohover_ws/src/holohover/install/rokubimini_description/share/rokubimini_description/urdf/BFT_SENS_ECAT_M8_robot.urdf.xacro
[0.256s] -- Up-to-date: /home/acl3-ubuntu/holohover_ws/src/holohover/install/rokubimini_description/share/rokubimini_description/urdf/BFT_MEDA_ECAT_M8.urdf.xacro
[0.256s] -- Up-to-date: /home/acl3-ubuntu/holohover_ws/src/holohover/install/rokubimini_description/share/rokubimini_description/urdf/BFT_LAXS_ECAT_M8.urdf.xacro
[0.256s] -- Up-to-date: /home/acl3-ubuntu/holohover_ws/src/holohover/install/rokubimini_description/share/rokubimini_description/urdf/BFT_MEGS_SER_M8_robot.urdf.xacro
[0.256s] -- Up-to-date: /home/acl3-ubuntu/holohover_ws/src/holohover/install/rokubimini_description/share/rokubimini_description/urdf/BFT_MEGS_SER_M8.urdf.xacro
[0.257s] -- Up-to-date: /home/acl3-ubuntu/holohover_ws/src/holohover/install/rokubimini_description/share/rokubimini_description/urdf/BFT_SENS_ECAT_M8_robot_realsense.urdf.xacro
[0.257s] -- Up-to-date: /home/acl3-ubuntu/holohover_ws/src/holohover/install/rokubimini_description/share/rokubimini_description/urdf/BFT_SENS_SER_M8_robot.urdf.xacro
[0.257s] -- Up-to-date: /home/acl3-ubuntu/holohover_ws/src/holohover/install/rokubimini_description/share/rokubimini_description/urdf/BFT_ROKS_SER_M8.urdf.xacro
[0.257s] -- Up-to-date: /home/acl3-ubuntu/holohover_ws/src/holohover/install/rokubimini_description/share/rokubimini_description/urdf/BFT_MEDS_ECAT_M8.urdf.xacro
[0.257s] -- Up-to-date: /home/acl3-ubuntu/holohover_ws/src/holohover/install/rokubimini_description/share/rokubimini_description/urdf/BFT_LAXS_SER_M8.urdf.xacro
[0.257s] -- Up-to-date: /home/acl3-ubuntu/holohover_ws/src/holohover/install/rokubimini_description/share/rokubimini_description/urdf/BFT_ROKA_SER_M8_robot.urdf.xacro
[0.258s] -- Up-to-date: /home/acl3-ubuntu/holohover_ws/src/holohover/install/rokubimini_description/share/rokubimini_description/urdf/BFT_ROKS_ECAT_M8.urdf.xacro
[0.258s] -- Up-to-date: /home/acl3-ubuntu/holohover_ws/src/holohover/install/rokubimini_description/share/rokubimini_description/urdf/BFT_MEDS_SER_M8_robot.urdf.xacro
[0.258s] -- Up-to-date: /home/acl3-ubuntu/holohover_ws/src/holohover/install/rokubimini_description/share/ament_index/resource_index/package_run_dependencies/rokubimini_description
[0.258s] -- Up-to-date: /home/acl3-ubuntu/holohover_ws/src/holohover/install/rokubimini_description/share/ament_index/resource_index/parent_prefix_path/rokubimini_description
[0.258s] -- Up-to-date: /home/acl3-ubuntu/holohover_ws/src/holohover/install/rokubimini_description/share/rokubimini_description/environment/ament_prefix_path.sh
[0.258s] -- Up-to-date: /home/acl3-ubuntu/holohover_ws/src/holohover/install/rokubimini_description/share/rokubimini_description/environment/ament_prefix_path.dsv
[0.258s] -- Up-to-date: /home/acl3-ubuntu/holohover_ws/src/holohover/install/rokubimini_description/share/rokubimini_description/environment/path.sh
[0.258s] -- Up-to-date: /home/acl3-ubuntu/holohover_ws/src/holohover/install/rokubimini_description/share/rokubimini_description/environment/path.dsv
[0.258s] -- Up-to-date: /home/acl3-ubuntu/holohover_ws/src/holohover/install/rokubimini_description/share/rokubimini_description/local_setup.bash
[0.258s] -- Up-to-date: /home/acl3-ubuntu/holohover_ws/src/holohover/install/rokubimini_description/share/rokubimini_description/local_setup.sh
[0.258s] -- Up-to-date: /home/acl3-ubuntu/holohover_ws/src/holohover/install/rokubimini_description/share/rokubimini_description/local_setup.zsh
[0.259s] -- Up-to-date: /home/acl3-ubuntu/holohover_ws/src/holohover/install/rokubimini_description/share/rokubimini_description/local_setup.dsv
[0.259s] -- Installing: /home/acl3-ubuntu/holohover_ws/src/holohover/install/rokubimini_description/share/rokubimini_description/package.dsv
[0.259s] -- Up-to-date: /home/acl3-ubuntu/holohover_ws/src/holohover/install/rokubimini_description/share/ament_index/resource_index/packages/rokubimini_description
[0.259s] -- Up-to-date: /home/acl3-ubuntu/holohover_ws/src/holohover/install/rokubimini_description/share/rokubimini_description/cmake/ament_cmake_export_dependencies-extras.cmake
[0.259s] -- Up-to-date: /home/acl3-ubuntu/holohover_ws/src/holohover/install/rokubimini_description/share/rokubimini_description/cmake/rokubimini_descriptionConfig.cmake
[0.259s] -- Up-to-date: /home/acl3-ubuntu/holohover_ws/src/holohover/install/rokubimini_description/share/rokubimini_description/cmake/rokubimini_descriptionConfig-version.cmake
[0.259s] -- Up-to-date: /home/acl3-ubuntu/holohover_ws/src/holohover/install/rokubimini_description/share/rokubimini_description/package.xml
[0.260s] Invoked command in '/home/acl3-ubuntu/holohover_ws/src/holohover/build/rokubimini_description' returned '0': CMAKE_PREFIX_PATH=${CMAKE_PREFIX_PATH}:/opt/ros/humble /usr/bin/cmake --install /home/acl3-ubuntu/holohover_ws/src/holohover/build/rokubimini_description
