-- Install configuration: ""
-- Up-to-date: /home/acl3-ubuntu/holohover_ws/src/holohover/install/ros_polympc/include
-- Up-to-date: /home/acl3-ubuntu/holohover_ws/src/holohover/install/ros_polympc/include/utils
-- Up-to-date: /home/acl3-ubuntu/holohover_ws/src/holohover/install/ros_polympc/include/utils/helpers.hpp
-- Up-to-date: /home/acl3-ubuntu/holohover_ws/src/holohover/install/ros_polympc/include/utils/Reshaped.h
-- Up-to-date: /home/acl3-ubuntu/holohover_ws/src/holohover/install/ros_polympc/include/chebyshev_soft.hpp
-- Up-to-date: /home/acl3-ubuntu/holohover_ws/src/holohover/install/ros_polympc/include/nmpc.hpp
-- Up-to-date: /home/acl3-ubuntu/holohover_ws/src/holohover/install/ros_polympc/include/CMakeLists.txt
-- Up-to-date: /home/acl3-ubuntu/holohover_ws/src/holohover/install/ros_polympc/include/chebyshev.hpp
-- Up-to-date: /home/acl3-ubuntu/holohover_ws/src/holohover/install/ros_polympc/include/polymath.cpp
-- Up-to-date: /home/acl3-ubuntu/holohover_ws/src/holohover/install/ros_polympc/include/autodiff
-- Up-to-date: /home/acl3-ubuntu/holohover_ws/src/holohover/install/ros_polympc/include/autodiff/CMakeLists.txt
-- Up-to-date: /home/acl3-ubuntu/holohover_ws/src/holohover/install/ros_polympc/include/autodiff/rbf_kernel.hpp
-- Up-to-date: /home/acl3-ubuntu/holohover_ws/src/holohover/install/ros_polympc/include/autodiff/AutoDiffScalar.h
-- Up-to-date: /home/acl3-ubuntu/holohover_ws/src/holohover/install/ros_polympc/include/polynomials
-- Up-to-date: /home/acl3-ubuntu/holohover_ws/src/holohover/install/ros_polympc/include/polynomials/splines.hpp
-- Up-to-date: /home/acl3-ubuntu/holohover_ws/src/holohover/install/ros_polympc/include/polynomials/polynomial_math.hpp
-- Up-to-date: /home/acl3-ubuntu/holohover_ws/src/holohover/install/ros_polympc/include/polynomials/CMakeLists.txt
-- Up-to-date: /home/acl3-ubuntu/holohover_ws/src/holohover/install/ros_polympc/include/polynomials/legendre.hpp
-- Up-to-date: /home/acl3-ubuntu/holohover_ws/src/holohover/install/ros_polympc/include/polynomials/ebyshev.hpp
-- Up-to-date: /home/acl3-ubuntu/holohover_ws/src/holohover/install/ros_polympc/include/polynomials/projection.hpp
-- Up-to-date: /home/acl3-ubuntu/holohover_ws/src/holohover/install/ros_polympc/include/solvers
-- Up-to-date: /home/acl3-ubuntu/holohover_ws/src/holohover/install/ros_polympc/include/solvers/utils.hpp
-- Up-to-date: /home/acl3-ubuntu/holohover_ws/src/holohover/install/ros_polympc/include/solvers/bfgs.hpp
-- Up-to-date: /home/acl3-ubuntu/holohover_ws/src/holohover/install/ros_polympc/include/solvers/admm.hpp
-- Up-to-date: /home/acl3-ubuntu/holohover_ws/src/holohover/install/ros_polympc/include/solvers/CMakeLists.txt
-- Up-to-date: /home/acl3-ubuntu/holohover_ws/src/holohover/install/ros_polympc/include/solvers/qp_preconditioners.hpp
-- Up-to-date: /home/acl3-ubuntu/holohover_ws/src/holohover/install/ros_polympc/include/solvers/nlproblem.hpp
-- Up-to-date: /home/acl3-ubuntu/holohover_ws/src/holohover/install/ros_polympc/include/solvers/qpmad_interface.hpp
-- Up-to-date: /home/acl3-ubuntu/holohover_ws/src/holohover/install/ros_polympc/include/solvers/osqp_interface.hpp
-- Up-to-date: /home/acl3-ubuntu/holohover_ws/src/holohover/install/ros_polympc/include/solvers/sr1.hpp
-- Up-to-date: /home/acl3-ubuntu/holohover_ws/src/holohover/install/ros_polympc/include/solvers/box_admm.hpp
-- Up-to-date: /home/acl3-ubuntu/holohover_ws/src/holohover/install/ros_polympc/include/solvers/line_search.hpp
-- Up-to-date: /home/acl3-ubuntu/holohover_ws/src/holohover/install/ros_polympc/include/solvers/trust_region_tests
-- Up-to-date: /home/acl3-ubuntu/holohover_ws/src/holohover/install/ros_polympc/include/solvers/trust_region_tests/trust_region_test.cpp
-- Up-to-date: /home/acl3-ubuntu/holohover_ws/src/holohover/install/ros_polympc/include/solvers/trust_region_tests/gradproj_test.cpp
-- Up-to-date: /home/acl3-ubuntu/holohover_ws/src/holohover/install/ros_polympc/include/solvers/qp_base.hpp
-- Up-to-date: /home/acl3-ubuntu/holohover_ws/src/holohover/install/ros_polympc/include/solvers/ipopt_interface.hpp
-- Up-to-date: /home/acl3-ubuntu/holohover_ws/src/holohover/install/ros_polympc/include/solvers/sqp_base.hpp
-- Up-to-date: /home/acl3-ubuntu/holohover_ws/src/holohover/install/ros_polympc/include/polymath.h
-- Up-to-date: /home/acl3-ubuntu/holohover_ws/src/holohover/install/ros_polympc/include/chebyshev_ms.hpp
-- Up-to-date: /home/acl3-ubuntu/holohover_ws/src/holohover/install/ros_polympc/include/control
-- Up-to-date: /home/acl3-ubuntu/holohover_ws/src/holohover/install/ros_polympc/include/control/problem.hpp
-- Up-to-date: /home/acl3-ubuntu/holohover_ws/src/holohover/install/ros_polympc/include/control/simple_robot_model.hpp
-- Up-to-date: /home/acl3-ubuntu/holohover_ws/src/holohover/install/ros_polympc/include/control/lqr.hpp
-- Up-to-date: /home/acl3-ubuntu/holohover_ws/src/holohover/install/ros_polympc/include/control/nmpc.hpp
-- Up-to-date: /home/acl3-ubuntu/holohover_ws/src/holohover/install/ros_polympc/include/control/CMakeLists.txt
-- Up-to-date: /home/acl3-ubuntu/holohover_ws/src/holohover/install/ros_polympc/include/control/cost_collocation.hpp
-- Up-to-date: /home/acl3-ubuntu/holohover_ws/src/holohover/install/ros_polympc/include/control/mpc_wrapper.hpp
-- Up-to-date: /home/acl3-ubuntu/holohover_ws/src/holohover/install/ros_polympc/include/control/continuous_ocp.hpp
-- Up-to-date: /home/acl3-ubuntu/holohover_ws/src/holohover/install/ros_polympc/include/control/constraints_collocation.hpp
-- Up-to-date: /home/acl3-ubuntu/holohover_ws/src/holohover/install/ros_polympc/include/control/sparse_ode_collocation.hpp
-- Up-to-date: /home/acl3-ubuntu/holohover_ws/src/holohover/install/ros_polympc/include/control/ode_collocation.hpp
-- Up-to-date: /home/acl3-ubuntu/holohover_ws/src/holohover/install/ros_polympc/include/integration
-- Up-to-date: /home/acl3-ubuntu/holohover_ws/src/holohover/install/ros_polympc/include/integration/CMakeLists.txt
-- Up-to-date: /home/acl3-ubuntu/holohover_ws/src/holohover/install/ros_polympc/include/integration/integrator.cpp
-- Up-to-date: /home/acl3-ubuntu/holohover_ws/src/holohover/install/ros_polympc/include/integration/chebyshev_integrator.hpp
-- Up-to-date: /home/acl3-ubuntu/holohover_ws/src/holohover/install/ros_polympc/include/integration/integrator.h
-- Up-to-date: /home/acl3-ubuntu/holohover_ws/src/holohover/install/ros_polympc/include/nmpf.hpp
-- Up-to-date: /home/acl3-ubuntu/holohover_ws/src/holohover/install/ros_polympc/include/generic_ocp.hpp
-- Up-to-date: /home/acl3-ubuntu/holohover_ws/src/holohover/install/ros_polympc/include/casadi_test.cpp
-- Up-to-date: /home/acl3-ubuntu/holohover_ws/src/holohover/install/ros_polympc/include/experimental
-- Up-to-date: /home/acl3-ubuntu/holohover_ws/src/holohover/install/ros_polympc/include/experimental/psarc.hpp
-- Up-to-date: /home/acl3-ubuntu/holohover_ws/src/holohover/install/ros_polympc/share/ament_index/resource_index/package_run_dependencies/ros_polympc
-- Up-to-date: /home/acl3-ubuntu/holohover_ws/src/holohover/install/ros_polympc/share/ament_index/resource_index/parent_prefix_path/ros_polympc
-- Up-to-date: /home/acl3-ubuntu/holohover_ws/src/holohover/install/ros_polympc/share/ros_polympc/environment/ament_prefix_path.sh
-- Up-to-date: /home/acl3-ubuntu/holohover_ws/src/holohover/install/ros_polympc/share/ros_polympc/environment/ament_prefix_path.dsv
-- Up-to-date: /home/acl3-ubuntu/holohover_ws/src/holohover/install/ros_polympc/share/ros_polympc/environment/path.sh
-- Up-to-date: /home/acl3-ubuntu/holohover_ws/src/holohover/install/ros_polympc/share/ros_polympc/environment/path.dsv
-- Up-to-date: /home/acl3-ubuntu/holohover_ws/src/holohover/install/ros_polympc/share/ros_polympc/local_setup.bash
-- Up-to-date: /home/acl3-ubuntu/holohover_ws/src/holohover/install/ros_polympc/share/ros_polympc/local_setup.sh
-- Up-to-date: /home/acl3-ubuntu/holohover_ws/src/holohover/install/ros_polympc/share/ros_polympc/local_setup.zsh
-- Up-to-date: /home/acl3-ubuntu/holohover_ws/src/holohover/install/ros_polympc/share/ros_polympc/local_setup.dsv
-- Installing: /home/acl3-ubuntu/holohover_ws/src/holohover/install/ros_polympc/share/ros_polympc/package.dsv
-- Up-to-date: /home/acl3-ubuntu/holohover_ws/src/holohover/install/ros_polympc/share/ament_index/resource_index/packages/ros_polympc
-- Up-to-date: /home/acl3-ubuntu/holohover_ws/src/holohover/install/ros_polympc/share/ros_polympc/cmake/ament_cmake_export_include_directories-extras.cmake
-- Up-to-date: /home/acl3-ubuntu/holohover_ws/src/holohover/install/ros_polympc/share/ros_polympc/cmake/ros_polympcConfig.cmake
-- Up-to-date: /home/acl3-ubuntu/holohover_ws/src/holohover/install/ros_polympc/share/ros_polympc/cmake/ros_polympcConfig-version.cmake
-- Up-to-date: /home/acl3-ubuntu/holohover_ws/src/holohover/install/ros_polympc/share/ros_polympc/package.xml
