[0.046s] Invoking command in '/home/acl3-ubuntu/holohover_ws/src/holohover/build/ros_polympc': CMAKE_PREFIX_PATH=${CMAKE_PREFIX_PATH}:/opt/ros/humble /usr/bin/cmake --build /home/acl3-ubuntu/holohover_ws/src/holohover/build/ros_polympc -- -j8 -l8
[0.268s] Invoked command in '/home/acl3-ubuntu/holohover_ws/src/holohover/build/ros_polympc' returned '0': CMAKE_PREFIX_PATH=${CMAKE_PREFIX_PATH}:/opt/ros/humble /usr/bin/cmake --build /home/acl3-ubuntu/holohover_ws/src/holohover/build/ros_polympc -- -j8 -l8
[0.365s] Invoking command in '/home/acl3-ubuntu/holohover_ws/src/holohover/build/ros_polympc': CMAKE_PREFIX_PATH=${CMAKE_PREFIX_PATH}:/opt/ros/humble /usr/bin/cmake --install /home/acl3-ubuntu/holohover_ws/src/holohover/build/ros_polympc
[0.384s] -- Install configuration: ""
[0.384s] -- Up-to-date: /home/acl3-ubuntu/holohover_ws/src/holohover/install/ros_polympc/include
[0.385s] -- Up-to-date: /home/acl3-ubuntu/holohover_ws/src/holohover/install/ros_polympc/include/utils
[0.385s] -- Up-to-date: /home/acl3-ubuntu/holohover_ws/src/holohover/install/ros_polympc/include/utils/helpers.hpp
[0.385s] -- Up-to-date: /home/acl3-ubuntu/holohover_ws/src/holohover/install/ros_polympc/include/utils/Reshaped.h
[0.386s] -- Up-to-date: /home/acl3-ubuntu/holohover_ws/src/holohover/install/ros_polympc/include/chebyshev_soft.hpp
[0.386s] -- Up-to-date: /home/acl3-ubuntu/holohover_ws/src/holohover/install/ros_polympc/include/nmpc.hpp
[0.386s] -- Up-to-date: /home/acl3-ubuntu/holohover_ws/src/holohover/install/ros_polympc/include/CMakeLists.txt
[0.387s] -- Up-to-date: /home/acl3-ubuntu/holohover_ws/src/holohover/install/ros_polympc/include/chebyshev.hpp
[0.387s] -- Up-to-date: /home/acl3-ubuntu/holohover_ws/src/holohover/install/ros_polympc/include/polymath.cpp
[0.387s] -- Up-to-date: /home/acl3-ubuntu/holohover_ws/src/holohover/install/ros_polympc/include/autodiff
[0.388s] -- Up-to-date: /home/acl3-ubuntu/holohover_ws/src/holohover/install/ros_polympc/include/autodiff/CMakeLists.txt
[0.388s] -- Up-to-date: /home/acl3-ubuntu/holohover_ws/src/holohover/install/ros_polympc/include/autodiff/rbf_kernel.hpp
[0.388s] -- Up-to-date: /home/acl3-ubuntu/holohover_ws/src/holohover/install/ros_polympc/include/autodiff/AutoDiffScalar.h
[0.389s] -- Up-to-date: /home/acl3-ubuntu/holohover_ws/src/holohover/install/ros_polympc/include/polynomials
[0.392s] -- Up-to-date: /home/acl3-ubuntu/holohover_ws/src/holohover/install/ros_polympc/include/polynomials/splines.hpp
[0.392s] -- Up-to-date: /home/acl3-ubuntu/holohover_ws/src/holohover/install/ros_polympc/include/polynomials/polynomial_math.hpp
[0.392s] -- Up-to-date: /home/acl3-ubuntu/holohover_ws/src/holohover/install/ros_polympc/include/polynomials/CMakeLists.txt
[0.392s] -- Up-to-date: /home/acl3-ubuntu/holohover_ws/src/holohover/install/ros_polympc/include/polynomials/legendre.hpp
[0.393s] -- Up-to-date: /home/acl3-ubuntu/holohover_ws/src/holohover/install/ros_polympc/include/polynomials/ebyshev.hpp
[0.393s] -- Up-to-date: /home/acl3-ubuntu/holohover_ws/src/holohover/install/ros_polympc/include/polynomials/projection.hpp
[0.393s] -- Up-to-date: /home/acl3-ubuntu/holohover_ws/src/holohover/install/ros_polympc/include/solvers
[0.394s] -- Up-to-date: /home/acl3-ubuntu/holohover_ws/src/holohover/install/ros_polympc/include/solvers/utils.hpp
[0.394s] -- Up-to-date: /home/acl3-ubuntu/holohover_ws/src/holohover/install/ros_polympc/include/solvers/bfgs.hpp
[0.394s] -- Up-to-date: /home/acl3-ubuntu/holohover_ws/src/holohover/install/ros_polympc/include/solvers/admm.hpp
[0.395s] -- Up-to-date: /home/acl3-ubuntu/holohover_ws/src/holohover/install/ros_polympc/include/solvers/CMakeLists.txt
[0.395s] -- Up-to-date: /home/acl3-ubuntu/holohover_ws/src/holohover/install/ros_polympc/include/solvers/qp_preconditioners.hpp
[0.396s] -- Up-to-date: /home/acl3-ubuntu/holohover_ws/src/holohover/install/ros_polympc/include/solvers/nlproblem.hpp
[0.396s] -- Up-to-date: /home/acl3-ubuntu/holohover_ws/src/holohover/install/ros_polympc/include/solvers/qpmad_interface.hpp
[0.396s] -- Up-to-date: /home/acl3-ubuntu/holohover_ws/src/holohover/install/ros_polympc/include/solvers/osqp_interface.hpp
[0.396s] -- Up-to-date: /home/acl3-ubuntu/holohover_ws/src/holohover/install/ros_polympc/include/solvers/sr1.hpp
[0.397s] -- Up-to-date: /home/acl3-ubuntu/holohover_ws/src/holohover/install/ros_polympc/include/solvers/box_admm.hpp
[0.398s] -- Up-to-date: /home/acl3-ubuntu/holohover_ws/src/holohover/install/ros_polympc/include/solvers/line_search.hpp
[0.398s] -- Up-to-date: /home/acl3-ubuntu/holohover_ws/src/holohover/install/ros_polympc/include/solvers/trust_region_tests
[0.398s] -- Up-to-date: /home/acl3-ubuntu/holohover_ws/src/holohover/install/ros_polympc/include/solvers/trust_region_tests/trust_region_test.cpp
[0.398s] -- Up-to-date: /home/acl3-ubuntu/holohover_ws/src/holohover/install/ros_polympc/include/solvers/trust_region_tests/gradproj_test.cpp
[0.398s] -- Up-to-date: /home/acl3-ubuntu/holohover_ws/src/holohover/install/ros_polympc/include/solvers/qp_base.hpp
[0.398s] -- Up-to-date: /home/acl3-ubuntu/holohover_ws/src/holohover/install/ros_polympc/include/solvers/ipopt_interface.hpp
[0.399s] -- Up-to-date: /home/acl3-ubuntu/holohover_ws/src/holohover/install/ros_polympc/include/solvers/sqp_base.hpp
[0.399s] -- Up-to-date: /home/acl3-ubuntu/holohover_ws/src/holohover/install/ros_polympc/include/polymath.h
[0.399s] -- Up-to-date: /home/acl3-ubuntu/holohover_ws/src/holohover/install/ros_polympc/include/chebyshev_ms.hpp
[0.399s] -- Up-to-date: /home/acl3-ubuntu/holohover_ws/src/holohover/install/ros_polympc/include/control
[0.399s] -- Up-to-date: /home/acl3-ubuntu/holohover_ws/src/holohover/install/ros_polympc/include/control/problem.hpp
[0.399s] -- Up-to-date: /home/acl3-ubuntu/holohover_ws/src/holohover/install/ros_polympc/include/control/simple_robot_model.hpp
[0.399s] -- Up-to-date: /home/acl3-ubuntu/holohover_ws/src/holohover/install/ros_polympc/include/control/lqr.hpp
[0.399s] -- Up-to-date: /home/acl3-ubuntu/holohover_ws/src/holohover/install/ros_polympc/include/control/nmpc.hpp
[0.399s] -- Up-to-date: /home/acl3-ubuntu/holohover_ws/src/holohover/install/ros_polympc/include/control/CMakeLists.txt
[0.399s] -- Up-to-date: /home/acl3-ubuntu/holohover_ws/src/holohover/install/ros_polympc/include/control/cost_collocation.hpp
[0.400s] -- Up-to-date: /home/acl3-ubuntu/holohover_ws/src/holohover/install/ros_polympc/include/control/mpc_wrapper.hpp
[0.400s] -- Up-to-date: /home/acl3-ubuntu/holohover_ws/src/holohover/install/ros_polympc/include/control/continuous_ocp.hpp
[0.400s] -- Up-to-date: /home/acl3-ubuntu/holohover_ws/src/holohover/install/ros_polympc/include/control/constraints_collocation.hpp
[0.400s] -- Up-to-date: /home/acl3-ubuntu/holohover_ws/src/holohover/install/ros_polympc/include/control/sparse_ode_collocation.hpp
[0.400s] -- Up-to-date: /home/acl3-ubuntu/holohover_ws/src/holohover/install/ros_polympc/include/control/ode_collocation.hpp
[0.400s] -- Up-to-date: /home/acl3-ubuntu/holohover_ws/src/holohover/install/ros_polympc/include/integration
[0.400s] -- Up-to-date: /home/acl3-ubuntu/holohover_ws/src/holohover/install/ros_polympc/include/integration/CMakeLists.txt
[0.400s] -- Up-to-date: /home/acl3-ubuntu/holohover_ws/src/holohover/install/ros_polympc/include/integration/integrator.cpp
[0.400s] -- Up-to-date: /home/acl3-ubuntu/holohover_ws/src/holohover/install/ros_polympc/include/integration/chebyshev_integrator.hpp
[0.401s] -- Up-to-date: /home/acl3-ubuntu/holohover_ws/src/holohover/install/ros_polympc/include/integration/integrator.h
[0.401s] -- Up-to-date: /home/acl3-ubuntu/holohover_ws/src/holohover/install/ros_polympc/include/nmpf.hpp
[0.401s] -- Up-to-date: /home/acl3-ubuntu/holohover_ws/src/holohover/install/ros_polympc/include/generic_ocp.hpp
[0.401s] -- Up-to-date: /home/acl3-ubuntu/holohover_ws/src/holohover/install/ros_polympc/include/casadi_test.cpp
[0.401s] -- Up-to-date: /home/acl3-ubuntu/holohover_ws/src/holohover/install/ros_polympc/include/experimental
[0.401s] -- Up-to-date: /home/acl3-ubuntu/holohover_ws/src/holohover/install/ros_polympc/include/experimental/psarc.hpp
[0.401s] -- Up-to-date: /home/acl3-ubuntu/holohover_ws/src/holohover/install/ros_polympc/share/ament_index/resource_index/package_run_dependencies/ros_polympc
[0.402s] -- Up-to-date: /home/acl3-ubuntu/holohover_ws/src/holohover/install/ros_polympc/share/ament_index/resource_index/parent_prefix_path/ros_polympc
[0.402s] -- Up-to-date: /home/acl3-ubuntu/holohover_ws/src/holohover/install/ros_polympc/share/ros_polympc/environment/ament_prefix_path.sh
[0.402s] -- Up-to-date: /home/acl3-ubuntu/holohover_ws/src/holohover/install/ros_polympc/share/ros_polympc/environment/ament_prefix_path.dsv
[0.402s] -- Up-to-date: /home/acl3-ubuntu/holohover_ws/src/holohover/install/ros_polympc/share/ros_polympc/environment/path.sh
[0.402s] -- Up-to-date: /home/acl3-ubuntu/holohover_ws/src/holohover/install/ros_polympc/share/ros_polympc/environment/path.dsv
[0.402s] -- Up-to-date: /home/acl3-ubuntu/holohover_ws/src/holohover/install/ros_polympc/share/ros_polympc/local_setup.bash
[0.402s] -- Up-to-date: /home/acl3-ubuntu/holohover_ws/src/holohover/install/ros_polympc/share/ros_polympc/local_setup.sh
[0.402s] -- Up-to-date: /home/acl3-ubuntu/holohover_ws/src/holohover/install/ros_polympc/share/ros_polympc/local_setup.zsh
[0.402s] -- Up-to-date: /home/acl3-ubuntu/holohover_ws/src/holohover/install/ros_polympc/share/ros_polympc/local_setup.dsv
[0.403s] -- Installing: /home/acl3-ubuntu/holohover_ws/src/holohover/install/ros_polympc/share/ros_polympc/package.dsv
[0.420s] -- Up-to-date: /home/acl3-ubuntu/holohover_ws/src/holohover/install/ros_polympc/share/ament_index/resource_index/packages/ros_polympc
[0.420s] -- Up-to-date: /home/acl3-ubuntu/holohover_ws/src/holohover/install/ros_polympc/share/ros_polympc/cmake/ament_cmake_export_include_directories-extras.cmake
[0.420s] -- Up-to-date: /home/acl3-ubuntu/holohover_ws/src/holohover/install/ros_polympc/share/ros_polympc/cmake/ros_polympcConfig.cmake
[0.421s] -- Up-to-date: /home/acl3-ubuntu/holohover_ws/src/holohover/install/ros_polympc/share/ros_polympc/cmake/ros_polympcConfig-version.cmake
[0.421s] -- Up-to-date: /home/acl3-ubuntu/holohover_ws/src/holohover/install/ros_polympc/share/ros_polympc/package.xml
[0.473s] Invoked command in '/home/acl3-ubuntu/holohover_ws/src/holohover/build/ros_polympc' returned '0': CMAKE_PREFIX_PATH=${CMAKE_PREFIX_PATH}:/opt/ros/humble /usr/bin/cmake --install /home/acl3-ubuntu/holohover_ws/src/holohover/build/ros_polympc
