[0.053s] Invoking command in '/home/acl3-ubuntu/holohover_ws/src/holohover/build/holohover_msgs': CMAKE_PREFIX_PATH=${CMAKE_PREFIX_PATH}:/opt/ros/humble /usr/bin/cmake --build /home/acl3-ubuntu/holohover_ws/src/holohover/build/holohover_msgs -- -j8 -l8
[0.220s] [  1%] Built target holohover_msgs__cpp
[0.243s] [ 12%] Built target holohover_msgs__rosidl_generator_c
[0.261s] [ 12%] Built target ament_cmake_python_copy_holohover_msgs
[0.363s] [ 23%] Built target holohover_msgs__rosidl_typesupport_cpp
[0.381s] [ 34%] Built target holohover_msgs__rosidl_typesupport_fastrtps_cpp
[0.384s] [ 46%] Built target holohover_msgs__rosidl_typesupport_introspection_cpp
[0.384s] [ 57%] Built target holohover_msgs__rosidl_typesupport_c
[0.388s] [ 68%] Built target holohover_msgs__rosidl_typesupport_fastrtps_c
[0.389s] [ 79%] Built target holohover_msgs__rosidl_typesupport_introspection_c
[0.425s] [ 79%] Built target holohover_msgs
[0.482s] [ 80%] Built target holohover_msgs__py
[0.530s] [ 90%] Built target holohover_msgs__rosidl_generator_py
[0.573s] [ 93%] Built target holohover_msgs__rosidl_typesupport_c__pyext
[0.598s] [ 96%] Built target holohover_msgs__rosidl_typesupport_fastrtps_c__pyext
[0.598s] [100%] Built target holohover_msgs__rosidl_typesupport_introspection_c__pyext
[0.762s] running egg_info
[0.764s] writing holohover_msgs.egg-info/PKG-INFO
[0.793s] writing dependency_links to holohover_msgs.egg-info/dependency_links.txt
[0.793s] writing top-level names to holohover_msgs.egg-info/top_level.txt
[0.801s] reading manifest file 'holohover_msgs.egg-info/SOURCES.txt'
[0.802s] writing manifest file 'holohover_msgs.egg-info/SOURCES.txt'
[0.892s] [100%] Built target ament_cmake_python_build_holohover_msgs_egg
[0.921s] Invoked command in '/home/acl3-ubuntu/holohover_ws/src/holohover/build/holohover_msgs' returned '0': CMAKE_PREFIX_PATH=${CMAKE_PREFIX_PATH}:/opt/ros/humble /usr/bin/cmake --build /home/acl3-ubuntu/holohover_ws/src/holohover/build/holohover_msgs -- -j8 -l8
[1.149s] Invoking command in '/home/acl3-ubuntu/holohover_ws/src/holohover/build/holohover_msgs': CMAKE_PREFIX_PATH=${CMAKE_PREFIX_PATH}:/opt/ros/humble /usr/bin/cmake --install /home/acl3-ubuntu/holohover_ws/src/holohover/build/holohover_msgs
[1.174s] -- Install configuration: ""
[1.174s] -- Up-to-date: /home/acl3-ubuntu/holohover_ws/src/holohover/install/holohover_msgs/share/ament_index/resource_index/rosidl_interfaces/holohover_msgs
[1.174s] -- Up-to-date: /home/acl3-ubuntu/holohover_ws/src/holohover/install/holohover_msgs/include/holohover_msgs/holohover_msgs
[1.174s] -- Up-to-date: /home/acl3-ubuntu/holohover_ws/src/holohover/install/holohover_msgs/include/holohover_msgs/holohover_msgs/msg
[1.174s] -- Up-to-date: /home/acl3-ubuntu/holohover_ws/src/holohover/install/holohover_msgs/include/holohover_msgs/holohover_msgs/msg/rosidl_generator_c__visibility_control.h
[1.176s] -- Up-to-date: /home/acl3-ubuntu/holohover_ws/src/holohover/install/holohover_msgs/include/holohover_msgs/holohover_msgs/msg/holohover_control_stamped.h
[1.177s] -- Up-to-date: /home/acl3-ubuntu/holohover_ws/src/holohover/install/holohover_msgs/include/holohover_msgs/holohover_msgs/msg/detail
[1.177s] -- Up-to-date: /home/acl3-ubuntu/holohover_ws/src/holohover/install/holohover_msgs/include/holohover_msgs/holohover_msgs/msg/detail/holohover_imu_stamped__type_support.h
[1.177s] -- Up-to-date: /home/acl3-ubuntu/holohover_ws/src/holohover/install/holohover_msgs/include/holohover_msgs/holohover_msgs/msg/detail/holohover_imu_stamped__struct.h
[1.177s] -- Up-to-date: /home/acl3-ubuntu/holohover_ws/src/holohover/install/holohover_msgs/include/holohover_msgs/holohover_msgs/msg/detail/holohover_imu__functions.c
[1.177s] -- Up-to-date: /home/acl3-ubuntu/holohover_ws/src/holohover/install/holohover_msgs/include/holohover_msgs/holohover_msgs/msg/detail/attitude__struct.h
[1.177s] -- Up-to-date: /home/acl3-ubuntu/holohover_ws/src/holohover/install/holohover_msgs/include/holohover_msgs/holohover_msgs/msg/detail/holohover_mouse_stamped__type_support.h
[1.177s] -- Up-to-date: /home/acl3-ubuntu/holohover_ws/src/holohover/install/holohover_msgs/include/holohover_msgs/holohover_msgs/msg/detail/holohover_control_stamped__struct.h
[1.177s] -- Up-to-date: /home/acl3-ubuntu/holohover_ws/src/holohover/install/holohover_msgs/include/holohover_msgs/holohover_msgs/msg/detail/holohover_imu_stamped__functions.c
[1.177s] -- Up-to-date: /home/acl3-ubuntu/holohover_ws/src/holohover/install/holohover_msgs/include/holohover_msgs/holohover_msgs/msg/detail/attitude__functions.c
[1.178s] -- Up-to-date: /home/acl3-ubuntu/holohover_ws/src/holohover/install/holohover_msgs/include/holohover_msgs/holohover_msgs/msg/detail/holohover_mouse_stamped__struct.h
[1.178s] -- Up-to-date: /home/acl3-ubuntu/holohover_ws/src/holohover/install/holohover_msgs/include/holohover_msgs/holohover_msgs/msg/detail/holohover_mouse__type_support.h
[1.179s] -- Up-to-date: /home/acl3-ubuntu/holohover_ws/src/holohover/install/holohover_msgs/include/holohover_msgs/holohover_msgs/msg/detail/holohover_control__functions.c
[1.179s] -- Up-to-date: /home/acl3-ubuntu/holohover_ws/src/holohover/install/holohover_msgs/include/holohover_msgs/holohover_msgs/msg/detail/holohover_imu__functions.h
[1.179s] -- Up-to-date: /home/acl3-ubuntu/holohover_ws/src/holohover/install/holohover_msgs/include/holohover_msgs/holohover_msgs/msg/detail/holohover_imu_stamped__functions.h
[1.180s] -- Up-to-date: /home/acl3-ubuntu/holohover_ws/src/holohover/install/holohover_msgs/include/holohover_msgs/holohover_msgs/msg/detail/holohover_state_stamped__struct.h
[1.180s] -- Up-to-date: /home/acl3-ubuntu/holohover_ws/src/holohover/install/holohover_msgs/include/holohover_msgs/holohover_msgs/msg/detail/holohover_control_stamped__functions.c
[1.180s] -- Up-to-date: /home/acl3-ubuntu/holohover_ws/src/holohover/install/holohover_msgs/include/holohover_msgs/holohover_msgs/msg/detail/attitude__type_support.h
[1.180s] -- Up-to-date: /home/acl3-ubuntu/holohover_ws/src/holohover/install/holohover_msgs/include/holohover_msgs/holohover_msgs/msg/detail/holohover_control__functions.h
[1.181s] -- Up-to-date: /home/acl3-ubuntu/holohover_ws/src/holohover/install/holohover_msgs/include/holohover_msgs/holohover_msgs/msg/detail/holohover_mouse_stamped__functions.c
[1.183s] -- Up-to-date: /home/acl3-ubuntu/holohover_ws/src/holohover/install/holohover_msgs/include/holohover_msgs/holohover_msgs/msg/detail/holohover_mouse_stamped__functions.h
[1.183s] -- Up-to-date: /home/acl3-ubuntu/holohover_ws/src/holohover/install/holohover_msgs/include/holohover_msgs/holohover_msgs/msg/detail/holohover_control__type_support.h
[1.183s] -- Up-to-date: /home/acl3-ubuntu/holohover_ws/src/holohover/install/holohover_msgs/include/holohover_msgs/holohover_msgs/msg/detail/holohover_control_stamped__functions.h
[1.184s] -- Up-to-date: /home/acl3-ubuntu/holohover_ws/src/holohover/install/holohover_msgs/include/holohover_msgs/holohover_msgs/msg/detail/holohover_state_stamped__type_support.h
[1.184s] -- Up-to-date: /home/acl3-ubuntu/holohover_ws/src/holohover/install/holohover_msgs/include/holohover_msgs/holohover_msgs/msg/detail/holohover_state_stamped__functions.h
[1.184s] -- Up-to-date: /home/acl3-ubuntu/holohover_ws/src/holohover/install/holohover_msgs/include/holohover_msgs/holohover_msgs/msg/detail/attitude__functions.h
[1.184s] -- Up-to-date: /home/acl3-ubuntu/holohover_ws/src/holohover/install/holohover_msgs/include/holohover_msgs/holohover_msgs/msg/detail/holohover_imu__struct.h
[1.187s] -- Up-to-date: /home/acl3-ubuntu/holohover_ws/src/holohover/install/holohover_msgs/include/holohover_msgs/holohover_msgs/msg/detail/holohover_state__struct.h
[1.187s] -- Up-to-date: /home/acl3-ubuntu/holohover_ws/src/holohover/install/holohover_msgs/include/holohover_msgs/holohover_msgs/msg/detail/holohover_imu__type_support.h
[1.187s] -- Up-to-date: /home/acl3-ubuntu/holohover_ws/src/holohover/install/holohover_msgs/include/holohover_msgs/holohover_msgs/msg/detail/holohover_state__type_support.h
[1.188s] -- Up-to-date: /home/acl3-ubuntu/holohover_ws/src/holohover/install/holohover_msgs/include/holohover_msgs/holohover_msgs/msg/detail/holohover_state__functions.h
[1.188s] -- Up-to-date: /home/acl3-ubuntu/holohover_ws/src/holohover/install/holohover_msgs/include/holohover_msgs/holohover_msgs/msg/detail/holohover_mouse__struct.h
[1.188s] -- Up-to-date: /home/acl3-ubuntu/holohover_ws/src/holohover/install/holohover_msgs/include/holohover_msgs/holohover_msgs/msg/detail/holohover_mouse__functions.c
[1.188s] -- Up-to-date: /home/acl3-ubuntu/holohover_ws/src/holohover/install/holohover_msgs/include/holohover_msgs/holohover_msgs/msg/detail/holohover_mouse__functions.h
[1.189s] -- Up-to-date: /home/acl3-ubuntu/holohover_ws/src/holohover/install/holohover_msgs/include/holohover_msgs/holohover_msgs/msg/detail/holohover_state_stamped__functions.c
[1.189s] -- Up-to-date: /home/acl3-ubuntu/holohover_ws/src/holohover/install/holohover_msgs/include/holohover_msgs/holohover_msgs/msg/detail/holohover_state__functions.c
[1.189s] -- Up-to-date: /home/acl3-ubuntu/holohover_ws/src/holohover/install/holohover_msgs/include/holohover_msgs/holohover_msgs/msg/detail/holohover_control__struct.h
[1.190s] -- Up-to-date: /home/acl3-ubuntu/holohover_ws/src/holohover/install/holohover_msgs/include/holohover_msgs/holohover_msgs/msg/detail/holohover_control_stamped__type_support.h
[1.190s] -- Up-to-date: /home/acl3-ubuntu/holohover_ws/src/holohover/install/holohover_msgs/include/holohover_msgs/holohover_msgs/msg/holohover_mouse_stamped.h
[1.190s] -- Up-to-date: /home/acl3-ubuntu/holohover_ws/src/holohover/install/holohover_msgs/include/holohover_msgs/holohover_msgs/msg/holohover_control.h
[1.191s] -- Up-to-date: /home/acl3-ubuntu/holohover_ws/src/holohover/install/holohover_msgs/include/holohover_msgs/holohover_msgs/msg/holohover_imu_stamped.h
[1.191s] -- Up-to-date: /home/acl3-ubuntu/holohover_ws/src/holohover/install/holohover_msgs/include/holohover_msgs/holohover_msgs/msg/holohover_state_stamped.h
[1.197s] -- Up-to-date: /home/acl3-ubuntu/holohover_ws/src/holohover/install/holohover_msgs/include/holohover_msgs/holohover_msgs/msg/attitude.h
[1.197s] -- Up-to-date: /home/acl3-ubuntu/holohover_ws/src/holohover/install/holohover_msgs/include/holohover_msgs/holohover_msgs/msg/holohover_mouse.h
[1.197s] -- Up-to-date: /home/acl3-ubuntu/holohover_ws/src/holohover/install/holohover_msgs/include/holohover_msgs/holohover_msgs/msg/holohover_imu.h
[1.197s] -- Up-to-date: /home/acl3-ubuntu/holohover_ws/src/holohover/install/holohover_msgs/include/holohover_msgs/holohover_msgs/msg/holohover_state.h
[1.197s] -- Up-to-date: /home/acl3-ubuntu/holohover_ws/src/holohover/install/holohover_msgs/share/holohover_msgs/environment/library_path.sh
[1.197s] -- Up-to-date: /home/acl3-ubuntu/holohover_ws/src/holohover/install/holohover_msgs/share/holohover_msgs/environment/library_path.dsv
[1.197s] -- Up-to-date: /home/acl3-ubuntu/holohover_ws/src/holohover/install/holohover_msgs/lib/libholohover_msgs__rosidl_generator_c.so
[1.197s] -- Up-to-date: /home/acl3-ubuntu/holohover_ws/src/holohover/install/holohover_msgs/include/holohover_msgs/holohover_msgs
[1.197s] -- Up-to-date: /home/acl3-ubuntu/holohover_ws/src/holohover/install/holohover_msgs/include/holohover_msgs/holohover_msgs/msg
[1.197s] -- Up-to-date: /home/acl3-ubuntu/holohover_ws/src/holohover/install/holohover_msgs/include/holohover_msgs/holohover_msgs/msg/detail
[1.197s] -- Up-to-date: /home/acl3-ubuntu/holohover_ws/src/holohover/install/holohover_msgs/include/holohover_msgs/holohover_msgs/msg/detail/holohover_state__rosidl_typesupport_fastrtps_c.h
[1.197s] -- Up-to-date: /home/acl3-ubuntu/holohover_ws/src/holohover/install/holohover_msgs/include/holohover_msgs/holohover_msgs/msg/detail/holohover_control_stamped__rosidl_typesupport_fastrtps_c.h
[1.198s] -- Up-to-date: /home/acl3-ubuntu/holohover_ws/src/holohover/install/holohover_msgs/include/holohover_msgs/holohover_msgs/msg/detail/holohover_state_stamped__rosidl_typesupport_fastrtps_c.h
[1.198s] -- Up-to-date: /home/acl3-ubuntu/holohover_ws/src/holohover/install/holohover_msgs/include/holohover_msgs/holohover_msgs/msg/detail/holohover_imu_stamped__rosidl_typesupport_fastrtps_c.h
[1.198s] -- Up-to-date: /home/acl3-ubuntu/holohover_ws/src/holohover/install/holohover_msgs/include/holohover_msgs/holohover_msgs/msg/detail/holohover_mouse_stamped__rosidl_typesupport_fastrtps_c.h
[1.198s] -- Up-to-date: /home/acl3-ubuntu/holohover_ws/src/holohover/install/holohover_msgs/include/holohover_msgs/holohover_msgs/msg/detail/attitude__rosidl_typesupport_fastrtps_c.h
[1.198s] -- Up-to-date: /home/acl3-ubuntu/holohover_ws/src/holohover/install/holohover_msgs/include/holohover_msgs/holohover_msgs/msg/detail/holohover_imu__rosidl_typesupport_fastrtps_c.h
[1.198s] -- Up-to-date: /home/acl3-ubuntu/holohover_ws/src/holohover/install/holohover_msgs/include/holohover_msgs/holohover_msgs/msg/detail/holohover_mouse__rosidl_typesupport_fastrtps_c.h
[1.198s] -- Up-to-date: /home/acl3-ubuntu/holohover_ws/src/holohover/install/holohover_msgs/include/holohover_msgs/holohover_msgs/msg/detail/holohover_control__rosidl_typesupport_fastrtps_c.h
[1.198s] -- Up-to-date: /home/acl3-ubuntu/holohover_ws/src/holohover/install/holohover_msgs/include/holohover_msgs/holohover_msgs/msg/rosidl_typesupport_fastrtps_c__visibility_control.h
[1.198s] -- Up-to-date: /home/acl3-ubuntu/holohover_ws/src/holohover/install/holohover_msgs/lib/libholohover_msgs__rosidl_typesupport_fastrtps_c.so
[1.198s] -- Up-to-date: /home/acl3-ubuntu/holohover_ws/src/holohover/install/holohover_msgs/include/holohover_msgs/holohover_msgs
[1.198s] -- Up-to-date: /home/acl3-ubuntu/holohover_ws/src/holohover/install/holohover_msgs/include/holohover_msgs/holohover_msgs/msg
[1.198s] -- Up-to-date: /home/acl3-ubuntu/holohover_ws/src/holohover/install/holohover_msgs/include/holohover_msgs/holohover_msgs/msg/detail
[1.198s] -- Up-to-date: /home/acl3-ubuntu/holohover_ws/src/holohover/install/holohover_msgs/include/holohover_msgs/holohover_msgs/msg/detail/holohover_state_stamped__rosidl_typesupport_introspection_c.h
[1.198s] -- Up-to-date: /home/acl3-ubuntu/holohover_ws/src/holohover/install/holohover_msgs/include/holohover_msgs/holohover_msgs/msg/detail/holohover_state__rosidl_typesupport_introspection_c.h
[1.199s] -- Up-to-date: /home/acl3-ubuntu/holohover_ws/src/holohover/install/holohover_msgs/include/holohover_msgs/holohover_msgs/msg/detail/holohover_mouse_stamped__type_support.c
[1.199s] -- Up-to-date: /home/acl3-ubuntu/holohover_ws/src/holohover/install/holohover_msgs/include/holohover_msgs/holohover_msgs/msg/detail/holohover_control__rosidl_typesupport_introspection_c.h
[1.199s] -- Up-to-date: /home/acl3-ubuntu/holohover_ws/src/holohover/install/holohover_msgs/include/holohover_msgs/holohover_msgs/msg/detail/holohover_state__type_support.c
[1.199s] -- Up-to-date: /home/acl3-ubuntu/holohover_ws/src/holohover/install/holohover_msgs/include/holohover_msgs/holohover_msgs/msg/detail/holohover_mouse_stamped__rosidl_typesupport_introspection_c.h
[1.200s] -- Up-to-date: /home/acl3-ubuntu/holohover_ws/src/holohover/install/holohover_msgs/include/holohover_msgs/holohover_msgs/msg/detail/holohover_imu__rosidl_typesupport_introspection_c.h
[1.200s] -- Up-to-date: /home/acl3-ubuntu/holohover_ws/src/holohover/install/holohover_msgs/include/holohover_msgs/holohover_msgs/msg/detail/holohover_imu_stamped__type_support.c
[1.200s] -- Up-to-date: /home/acl3-ubuntu/holohover_ws/src/holohover/install/holohover_msgs/include/holohover_msgs/holohover_msgs/msg/detail/holohover_state_stamped__type_support.c
[1.200s] -- Up-to-date: /home/acl3-ubuntu/holohover_ws/src/holohover/install/holohover_msgs/include/holohover_msgs/holohover_msgs/msg/detail/holohover_control_stamped__rosidl_typesupport_introspection_c.h
[1.200s] -- Up-to-date: /home/acl3-ubuntu/holohover_ws/src/holohover/install/holohover_msgs/include/holohover_msgs/holohover_msgs/msg/detail/attitude__type_support.c
[1.200s] -- Up-to-date: /home/acl3-ubuntu/holohover_ws/src/holohover/install/holohover_msgs/include/holohover_msgs/holohover_msgs/msg/detail/holohover_control_stamped__type_support.c
[1.200s] -- Up-to-date: /home/acl3-ubuntu/holohover_ws/src/holohover/install/holohover_msgs/include/holohover_msgs/holohover_msgs/msg/detail/holohover_mouse__rosidl_typesupport_introspection_c.h
[1.200s] -- Up-to-date: /home/acl3-ubuntu/holohover_ws/src/holohover/install/holohover_msgs/include/holohover_msgs/holohover_msgs/msg/detail/attitude__rosidl_typesupport_introspection_c.h
[1.200s] -- Up-to-date: /home/acl3-ubuntu/holohover_ws/src/holohover/install/holohover_msgs/include/holohover_msgs/holohover_msgs/msg/detail/holohover_mouse__type_support.c
[1.200s] -- Up-to-date: /home/acl3-ubuntu/holohover_ws/src/holohover/install/holohover_msgs/include/holohover_msgs/holohover_msgs/msg/detail/holohover_imu_stamped__rosidl_typesupport_introspection_c.h
[1.201s] -- Up-to-date: /home/acl3-ubuntu/holohover_ws/src/holohover/install/holohover_msgs/include/holohover_msgs/holohover_msgs/msg/detail/holohover_control__type_support.c
[1.201s] -- Up-to-date: /home/acl3-ubuntu/holohover_ws/src/holohover/install/holohover_msgs/include/holohover_msgs/holohover_msgs/msg/detail/holohover_imu__type_support.c
[1.201s] -- Up-to-date: /home/acl3-ubuntu/holohover_ws/src/holohover/install/holohover_msgs/include/holohover_msgs/holohover_msgs/msg/rosidl_typesupport_introspection_c__visibility_control.h
[1.201s] -- Up-to-date: /home/acl3-ubuntu/holohover_ws/src/holohover/install/holohover_msgs/lib/libholohover_msgs__rosidl_typesupport_introspection_c.so
[1.201s] -- Up-to-date: /home/acl3-ubuntu/holohover_ws/src/holohover/install/holohover_msgs/lib/libholohover_msgs__rosidl_typesupport_c.so
[1.201s] -- Up-to-date: /home/acl3-ubuntu/holohover_ws/src/holohover/install/holohover_msgs/include/holohover_msgs/holohover_msgs
[1.202s] -- Up-to-date: /home/acl3-ubuntu/holohover_ws/src/holohover/install/holohover_msgs/include/holohover_msgs/holohover_msgs/msg
[1.204s] -- Up-to-date: /home/acl3-ubuntu/holohover_ws/src/holohover/install/holohover_msgs/include/holohover_msgs/holohover_msgs/msg/holohover_control.hpp
[1.204s] -- Up-to-date: /home/acl3-ubuntu/holohover_ws/src/holohover/install/holohover_msgs/include/holohover_msgs/holohover_msgs/msg/detail
[1.205s] -- Up-to-date: /home/acl3-ubuntu/holohover_ws/src/holohover/install/holohover_msgs/include/holohover_msgs/holohover_msgs/msg/detail/holohover_control__builder.hpp
[1.206s] -- Up-to-date: /home/acl3-ubuntu/holohover_ws/src/holohover/install/holohover_msgs/include/holohover_msgs/holohover_msgs/msg/detail/holohover_mouse__builder.hpp
[1.206s] -- Up-to-date: /home/acl3-ubuntu/holohover_ws/src/holohover/install/holohover_msgs/include/holohover_msgs/holohover_msgs/msg/detail/attitude__traits.hpp
[1.207s] -- Up-to-date: /home/acl3-ubuntu/holohover_ws/src/holohover/install/holohover_msgs/include/holohover_msgs/holohover_msgs/msg/detail/holohover_imu__builder.hpp
[1.207s] -- Up-to-date: /home/acl3-ubuntu/holohover_ws/src/holohover/install/holohover_msgs/include/holohover_msgs/holohover_msgs/msg/detail/attitude__builder.hpp
[1.207s] -- Up-to-date: /home/acl3-ubuntu/holohover_ws/src/holohover/install/holohover_msgs/include/holohover_msgs/holohover_msgs/msg/detail/holohover_control_stamped__builder.hpp
[1.208s] -- Up-to-date: /home/acl3-ubuntu/holohover_ws/src/holohover/install/holohover_msgs/include/holohover_msgs/holohover_msgs/msg/detail/holohover_state__builder.hpp
[1.208s] -- Up-to-date: /home/acl3-ubuntu/holohover_ws/src/holohover/install/holohover_msgs/include/holohover_msgs/holohover_msgs/msg/detail/holohover_state_stamped__builder.hpp
[1.208s] -- Up-to-date: /home/acl3-ubuntu/holohover_ws/src/holohover/install/holohover_msgs/include/holohover_msgs/holohover_msgs/msg/detail/holohover_state__traits.hpp
[1.208s] -- Up-to-date: /home/acl3-ubuntu/holohover_ws/src/holohover/install/holohover_msgs/include/holohover_msgs/holohover_msgs/msg/detail/holohover_imu_stamped__builder.hpp
[1.208s] -- Up-to-date: /home/acl3-ubuntu/holohover_ws/src/holohover/install/holohover_msgs/include/holohover_msgs/holohover_msgs/msg/detail/holohover_state_stamped__traits.hpp
[1.208s] -- Up-to-date: /home/acl3-ubuntu/holohover_ws/src/holohover/install/holohover_msgs/include/holohover_msgs/holohover_msgs/msg/detail/holohover_imu__traits.hpp
[1.208s] -- Up-to-date: /home/acl3-ubuntu/holohover_ws/src/holohover/install/holohover_msgs/include/holohover_msgs/holohover_msgs/msg/detail/holohover_mouse__struct.hpp
[1.209s] -- Up-to-date: /home/acl3-ubuntu/holohover_ws/src/holohover/install/holohover_msgs/include/holohover_msgs/holohover_msgs/msg/detail/attitude__struct.hpp
[1.209s] -- Up-to-date: /home/acl3-ubuntu/holohover_ws/src/holohover/install/holohover_msgs/include/holohover_msgs/holohover_msgs/msg/detail/holohover_mouse_stamped__builder.hpp
[1.209s] -- Up-to-date: /home/acl3-ubuntu/holohover_ws/src/holohover/install/holohover_msgs/include/holohover_msgs/holohover_msgs/msg/detail/holohover_control_stamped__traits.hpp
[1.209s] -- Up-to-date: /home/acl3-ubuntu/holohover_ws/src/holohover/install/holohover_msgs/include/holohover_msgs/holohover_msgs/msg/detail/holohover_state_stamped__struct.hpp
[1.210s] -- Up-to-date: /home/acl3-ubuntu/holohover_ws/src/holohover/install/holohover_msgs/include/holohover_msgs/holohover_msgs/msg/detail/holohover_imu_stamped__struct.hpp
[1.210s] -- Up-to-date: /home/acl3-ubuntu/holohover_ws/src/holohover/install/holohover_msgs/include/holohover_msgs/holohover_msgs/msg/detail/holohover_imu_stamped__traits.hpp
[1.210s] -- Up-to-date: /home/acl3-ubuntu/holohover_ws/src/holohover/install/holohover_msgs/include/holohover_msgs/holohover_msgs/msg/detail/holohover_mouse__traits.hpp
[1.210s] -- Up-to-date: /home/acl3-ubuntu/holohover_ws/src/holohover/install/holohover_msgs/include/holohover_msgs/holohover_msgs/msg/detail/holohover_control_stamped__struct.hpp
[1.210s] -- Up-to-date: /home/acl3-ubuntu/holohover_ws/src/holohover/install/holohover_msgs/include/holohover_msgs/holohover_msgs/msg/detail/holohover_control__traits.hpp
[1.210s] -- Up-to-date: /home/acl3-ubuntu/holohover_ws/src/holohover/install/holohover_msgs/include/holohover_msgs/holohover_msgs/msg/detail/holohover_mouse_stamped__struct.hpp
[1.211s] -- Up-to-date: /home/acl3-ubuntu/holohover_ws/src/holohover/install/holohover_msgs/include/holohover_msgs/holohover_msgs/msg/detail/holohover_control__struct.hpp
[1.211s] -- Up-to-date: /home/acl3-ubuntu/holohover_ws/src/holohover/install/holohover_msgs/include/holohover_msgs/holohover_msgs/msg/detail/holohover_imu__struct.hpp
[1.211s] -- Up-to-date: /home/acl3-ubuntu/holohover_ws/src/holohover/install/holohover_msgs/include/holohover_msgs/holohover_msgs/msg/detail/holohover_mouse_stamped__traits.hpp
[1.211s] -- Up-to-date: /home/acl3-ubuntu/holohover_ws/src/holohover/install/holohover_msgs/include/holohover_msgs/holohover_msgs/msg/detail/holohover_state__struct.hpp
[1.212s] -- Up-to-date: /home/acl3-ubuntu/holohover_ws/src/holohover/install/holohover_msgs/include/holohover_msgs/holohover_msgs/msg/holohover_state.hpp
[1.212s] -- Up-to-date: /home/acl3-ubuntu/holohover_ws/src/holohover/install/holohover_msgs/include/holohover_msgs/holohover_msgs/msg/holohover_control_stamped.hpp
[1.212s] -- Up-to-date: /home/acl3-ubuntu/holohover_ws/src/holohover/install/holohover_msgs/include/holohover_msgs/holohover_msgs/msg/holohover_mouse.hpp
[1.213s] -- Up-to-date: /home/acl3-ubuntu/holohover_ws/src/holohover/install/holohover_msgs/include/holohover_msgs/holohover_msgs/msg/holohover_imu_stamped.hpp
[1.213s] -- Up-to-date: /home/acl3-ubuntu/holohover_ws/src/holohover/install/holohover_msgs/include/holohover_msgs/holohover_msgs/msg/holohover_imu.hpp
[1.213s] -- Up-to-date: /home/acl3-ubuntu/holohover_ws/src/holohover/install/holohover_msgs/include/holohover_msgs/holohover_msgs/msg/holohover_mouse_stamped.hpp
[1.213s] -- Up-to-date: /home/acl3-ubuntu/holohover_ws/src/holohover/install/holohover_msgs/include/holohover_msgs/holohover_msgs/msg/attitude.hpp
[1.213s] -- Up-to-date: /home/acl3-ubuntu/holohover_ws/src/holohover/install/holohover_msgs/include/holohover_msgs/holohover_msgs/msg/holohover_state_stamped.hpp
[1.214s] -- Up-to-date: /home/acl3-ubuntu/holohover_ws/src/holohover/install/holohover_msgs/include/holohover_msgs/holohover_msgs
[1.214s] -- Up-to-date: /home/acl3-ubuntu/holohover_ws/src/holohover/install/holohover_msgs/include/holohover_msgs/holohover_msgs/msg
[1.214s] -- Up-to-date: /home/acl3-ubuntu/holohover_ws/src/holohover/install/holohover_msgs/include/holohover_msgs/holohover_msgs/msg/rosidl_typesupport_fastrtps_cpp__visibility_control.h
[1.214s] -- Up-to-date: /home/acl3-ubuntu/holohover_ws/src/holohover/install/holohover_msgs/include/holohover_msgs/holohover_msgs/msg/detail
[1.215s] -- Up-to-date: /home/acl3-ubuntu/holohover_ws/src/holohover/install/holohover_msgs/include/holohover_msgs/holohover_msgs/msg/detail/holohover_mouse__rosidl_typesupport_fastrtps_cpp.hpp
[1.215s] -- Up-to-date: /home/acl3-ubuntu/holohover_ws/src/holohover/install/holohover_msgs/include/holohover_msgs/holohover_msgs/msg/detail/holohover_imu_stamped__rosidl_typesupport_fastrtps_cpp.hpp
[1.215s] -- Up-to-date: /home/acl3-ubuntu/holohover_ws/src/holohover/install/holohover_msgs/include/holohover_msgs/holohover_msgs/msg/detail/dds_fastrtps
[1.215s] -- Up-to-date: /home/acl3-ubuntu/holohover_ws/src/holohover/install/holohover_msgs/include/holohover_msgs/holohover_msgs/msg/detail/holohover_state__rosidl_typesupport_fastrtps_cpp.hpp
[1.215s] -- Up-to-date: /home/acl3-ubuntu/holohover_ws/src/holohover/install/holohover_msgs/include/holohover_msgs/holohover_msgs/msg/detail/attitude__rosidl_typesupport_fastrtps_cpp.hpp
[1.215s] -- Up-to-date: /home/acl3-ubuntu/holohover_ws/src/holohover/install/holohover_msgs/include/holohover_msgs/holohover_msgs/msg/detail/holohover_control__rosidl_typesupport_fastrtps_cpp.hpp
[1.215s] -- Up-to-date: /home/acl3-ubuntu/holohover_ws/src/holohover/install/holohover_msgs/include/holohover_msgs/holohover_msgs/msg/detail/holohover_state_stamped__rosidl_typesupport_fastrtps_cpp.hpp
[1.216s] -- Up-to-date: /home/acl3-ubuntu/holohover_ws/src/holohover/install/holohover_msgs/include/holohover_msgs/holohover_msgs/msg/detail/holohover_mouse_stamped__rosidl_typesupport_fastrtps_cpp.hpp
[1.216s] -- Up-to-date: /home/acl3-ubuntu/holohover_ws/src/holohover/install/holohover_msgs/include/holohover_msgs/holohover_msgs/msg/detail/holohover_control_stamped__rosidl_typesupport_fastrtps_cpp.hpp
[1.216s] -- Up-to-date: /home/acl3-ubuntu/holohover_ws/src/holohover/install/holohover_msgs/include/holohover_msgs/holohover_msgs/msg/detail/holohover_imu__rosidl_typesupport_fastrtps_cpp.hpp
[1.216s] -- Up-to-date: /home/acl3-ubuntu/holohover_ws/src/holohover/install/holohover_msgs/lib/libholohover_msgs__rosidl_typesupport_fastrtps_cpp.so
[1.216s] -- Up-to-date: /home/acl3-ubuntu/holohover_ws/src/holohover/install/holohover_msgs/include/holohover_msgs/holohover_msgs
[1.216s] -- Up-to-date: /home/acl3-ubuntu/holohover_ws/src/holohover/install/holohover_msgs/include/holohover_msgs/holohover_msgs/msg
[1.218s] -- Up-to-date: /home/acl3-ubuntu/holohover_ws/src/holohover/install/holohover_msgs/include/holohover_msgs/holohover_msgs/msg/detail
[1.218s] -- Up-to-date: /home/acl3-ubuntu/holohover_ws/src/holohover/install/holohover_msgs/include/holohover_msgs/holohover_msgs/msg/detail/attitude__type_support.cpp
[1.218s] -- Up-to-date: /home/acl3-ubuntu/holohover_ws/src/holohover/install/holohover_msgs/include/holohover_msgs/holohover_msgs/msg/detail/holohover_imu__type_support.cpp
[1.218s] -- Up-to-date: /home/acl3-ubuntu/holohover_ws/src/holohover/install/holohover_msgs/include/holohover_msgs/holohover_msgs/msg/detail/holohover_state_stamped__type_support.cpp
[1.218s] -- Up-to-date: /home/acl3-ubuntu/holohover_ws/src/holohover/install/holohover_msgs/include/holohover_msgs/holohover_msgs/msg/detail/holohover_control_stamped__rosidl_typesupport_introspection_cpp.hpp
[1.218s] -- Up-to-date: /home/acl3-ubuntu/holohover_ws/src/holohover/install/holohover_msgs/include/holohover_msgs/holohover_msgs/msg/detail/attitude__rosidl_typesupport_introspection_cpp.hpp
[1.218s] -- Up-to-date: /home/acl3-ubuntu/holohover_ws/src/holohover/install/holohover_msgs/include/holohover_msgs/holohover_msgs/msg/detail/holohover_control__type_support.cpp
[1.218s] -- Up-to-date: /home/acl3-ubuntu/holohover_ws/src/holohover/install/holohover_msgs/include/holohover_msgs/holohover_msgs/msg/detail/holohover_control__rosidl_typesupport_introspection_cpp.hpp
[1.218s] -- Up-to-date: /home/acl3-ubuntu/holohover_ws/src/holohover/install/holohover_msgs/include/holohover_msgs/holohover_msgs/msg/detail/holohover_mouse_stamped__rosidl_typesupport_introspection_cpp.hpp
[1.219s] -- Up-to-date: /home/acl3-ubuntu/holohover_ws/src/holohover/install/holohover_msgs/include/holohover_msgs/holohover_msgs/msg/detail/holohover_control_stamped__type_support.cpp
[1.219s] -- Up-to-date: /home/acl3-ubuntu/holohover_ws/src/holohover/install/holohover_msgs/include/holohover_msgs/holohover_msgs/msg/detail/holohover_mouse__type_support.cpp
[1.219s] -- Up-to-date: /home/acl3-ubuntu/holohover_ws/src/holohover/install/holohover_msgs/include/holohover_msgs/holohover_msgs/msg/detail/holohover_state_stamped__rosidl_typesupport_introspection_cpp.hpp
[1.219s] -- Up-to-date: /home/acl3-ubuntu/holohover_ws/src/holohover/install/holohover_msgs/include/holohover_msgs/holohover_msgs/msg/detail/holohover_state__type_support.cpp
[1.219s] -- Up-to-date: /home/acl3-ubuntu/holohover_ws/src/holohover/install/holohover_msgs/include/holohover_msgs/holohover_msgs/msg/detail/holohover_state__rosidl_typesupport_introspection_cpp.hpp
[1.219s] -- Up-to-date: /home/acl3-ubuntu/holohover_ws/src/holohover/install/holohover_msgs/include/holohover_msgs/holohover_msgs/msg/detail/holohover_mouse_stamped__type_support.cpp
[1.219s] -- Up-to-date: /home/acl3-ubuntu/holohover_ws/src/holohover/install/holohover_msgs/include/holohover_msgs/holohover_msgs/msg/detail/holohover_mouse__rosidl_typesupport_introspection_cpp.hpp
[1.219s] -- Up-to-date: /home/acl3-ubuntu/holohover_ws/src/holohover/install/holohover_msgs/include/holohover_msgs/holohover_msgs/msg/detail/holohover_imu_stamped__rosidl_typesupport_introspection_cpp.hpp
[1.219s] -- Up-to-date: /home/acl3-ubuntu/holohover_ws/src/holohover/install/holohover_msgs/include/holohover_msgs/holohover_msgs/msg/detail/holohover_imu__rosidl_typesupport_introspection_cpp.hpp
[1.219s] -- Up-to-date: /home/acl3-ubuntu/holohover_ws/src/holohover/install/holohover_msgs/include/holohover_msgs/holohover_msgs/msg/detail/holohover_imu_stamped__type_support.cpp
[1.219s] -- Up-to-date: /home/acl3-ubuntu/holohover_ws/src/holohover/install/holohover_msgs/lib/libholohover_msgs__rosidl_typesupport_introspection_cpp.so
[1.219s] -- Up-to-date: /home/acl3-ubuntu/holohover_ws/src/holohover/install/holohover_msgs/lib/libholohover_msgs__rosidl_typesupport_cpp.so
[1.219s] -- Up-to-date: /home/acl3-ubuntu/holohover_ws/src/holohover/install/holohover_msgs/share/holohover_msgs/environment/pythonpath.sh
[1.219s] -- Up-to-date: /home/acl3-ubuntu/holohover_ws/src/holohover/install/holohover_msgs/share/holohover_msgs/environment/pythonpath.dsv
[1.219s] -- Up-to-date: /home/acl3-ubuntu/holohover_ws/src/holohover/install/holohover_msgs/local/lib/python3.10/dist-packages/holohover_msgs-0.0.0-py3.10.egg-info
[1.219s] -- Installing: /home/acl3-ubuntu/holohover_ws/src/holohover/install/holohover_msgs/local/lib/python3.10/dist-packages/holohover_msgs-0.0.0-py3.10.egg-info/top_level.txt
[1.220s] -- Installing: /home/acl3-ubuntu/holohover_ws/src/holohover/install/holohover_msgs/local/lib/python3.10/dist-packages/holohover_msgs-0.0.0-py3.10.egg-info/dependency_links.txt
[1.220s] -- Installing: /home/acl3-ubuntu/holohover_ws/src/holohover/install/holohover_msgs/local/lib/python3.10/dist-packages/holohover_msgs-0.0.0-py3.10.egg-info/SOURCES.txt
[1.220s] -- Installing: /home/acl3-ubuntu/holohover_ws/src/holohover/install/holohover_msgs/local/lib/python3.10/dist-packages/holohover_msgs-0.0.0-py3.10.egg-info/PKG-INFO
[1.220s] -- Up-to-date: /home/acl3-ubuntu/holohover_ws/src/holohover/install/holohover_msgs/local/lib/python3.10/dist-packages/holohover_msgs
[1.220s] -- Up-to-date: /home/acl3-ubuntu/holohover_ws/src/holohover/install/holohover_msgs/local/lib/python3.10/dist-packages/holohover_msgs/_holohover_msgs_s.ep.rosidl_typesupport_introspection_c.c
[1.221s] -- Up-to-date: /home/acl3-ubuntu/holohover_ws/src/holohover/install/holohover_msgs/local/lib/python3.10/dist-packages/holohover_msgs/__init__.py
[1.221s] -- Up-to-date: /home/acl3-ubuntu/holohover_ws/src/holohover/install/holohover_msgs/local/lib/python3.10/dist-packages/holohover_msgs/holohover_msgs_s__rosidl_typesupport_c.cpython-310-x86_64-linux-gnu.so
[1.221s] -- Up-to-date: /home/acl3-ubuntu/holohover_ws/src/holohover/install/holohover_msgs/local/lib/python3.10/dist-packages/holohover_msgs/libholohover_msgs__rosidl_generator_py.so
[1.221s] -- Up-to-date: /home/acl3-ubuntu/holohover_ws/src/holohover/install/holohover_msgs/local/lib/python3.10/dist-packages/holohover_msgs/_holohover_msgs_s.ep.rosidl_typesupport_fastrtps_c.c
[1.221s] -- Up-to-date: /home/acl3-ubuntu/holohover_ws/src/holohover/install/holohover_msgs/local/lib/python3.10/dist-packages/holohover_msgs/holohover_msgs_s__rosidl_typesupport_introspection_c.cpython-310-x86_64-linux-gnu.so
[1.221s] -- Up-to-date: /home/acl3-ubuntu/holohover_ws/src/holohover/install/holohover_msgs/local/lib/python3.10/dist-packages/holohover_msgs/_holohover_msgs_s.ep.rosidl_typesupport_c.c
[1.221s] -- Up-to-date: /home/acl3-ubuntu/holohover_ws/src/holohover/install/holohover_msgs/local/lib/python3.10/dist-packages/holohover_msgs/holohover_msgs_s__rosidl_typesupport_fastrtps_c.cpython-310-x86_64-linux-gnu.so
[1.221s] -- Up-to-date: /home/acl3-ubuntu/holohover_ws/src/holohover/install/holohover_msgs/local/lib/python3.10/dist-packages/holohover_msgs/msg
[1.221s] -- Up-to-date: /home/acl3-ubuntu/holohover_ws/src/holohover/install/holohover_msgs/local/lib/python3.10/dist-packages/holohover_msgs/msg/_holohover_mouse_stamped.py
[1.221s] -- Up-to-date: /home/acl3-ubuntu/holohover_ws/src/holohover/install/holohover_msgs/local/lib/python3.10/dist-packages/holohover_msgs/msg/_holohover_imu_s.c
[1.221s] -- Up-to-date: /home/acl3-ubuntu/holohover_ws/src/holohover/install/holohover_msgs/local/lib/python3.10/dist-packages/holohover_msgs/msg/_holohover_control.py
[1.221s] -- Up-to-date: /home/acl3-ubuntu/holohover_ws/src/holohover/install/holohover_msgs/local/lib/python3.10/dist-packages/holohover_msgs/msg/_holohover_state_s.c
[1.221s] -- Up-to-date: /home/acl3-ubuntu/holohover_ws/src/holohover/install/holohover_msgs/local/lib/python3.10/dist-packages/holohover_msgs/msg/_holohover_control_s.c
[1.222s] -- Up-to-date: /home/acl3-ubuntu/holohover_ws/src/holohover/install/holohover_msgs/local/lib/python3.10/dist-packages/holohover_msgs/msg/__init__.py
[1.222s] -- Up-to-date: /home/acl3-ubuntu/holohover_ws/src/holohover/install/holohover_msgs/local/lib/python3.10/dist-packages/holohover_msgs/msg/_holohover_state.py
[1.222s] -- Up-to-date: /home/acl3-ubuntu/holohover_ws/src/holohover/install/holohover_msgs/local/lib/python3.10/dist-packages/holohover_msgs/msg/_holohover_imu.py
[1.222s] -- Up-to-date: /home/acl3-ubuntu/holohover_ws/src/holohover/install/holohover_msgs/local/lib/python3.10/dist-packages/holohover_msgs/msg/_attitude_s.c
[1.222s] -- Up-to-date: /home/acl3-ubuntu/holohover_ws/src/holohover/install/holohover_msgs/local/lib/python3.10/dist-packages/holohover_msgs/msg/_holohover_mouse_s.c
[1.222s] -- Up-to-date: /home/acl3-ubuntu/holohover_ws/src/holohover/install/holohover_msgs/local/lib/python3.10/dist-packages/holohover_msgs/msg/_holohover_imu_stamped.py
[1.222s] -- Up-to-date: /home/acl3-ubuntu/holohover_ws/src/holohover/install/holohover_msgs/local/lib/python3.10/dist-packages/holohover_msgs/msg/_attitude.py
[1.222s] -- Up-to-date: /home/acl3-ubuntu/holohover_ws/src/holohover/install/holohover_msgs/local/lib/python3.10/dist-packages/holohover_msgs/msg/_holohover_control_stamped_s.c
[1.222s] -- Up-to-date: /home/acl3-ubuntu/holohover_ws/src/holohover/install/holohover_msgs/local/lib/python3.10/dist-packages/holohover_msgs/msg/_holohover_state_stamped_s.c
[1.222s] -- Up-to-date: /home/acl3-ubuntu/holohover_ws/src/holohover/install/holohover_msgs/local/lib/python3.10/dist-packages/holohover_msgs/msg/_holohover_state_stamped.py
[1.222s] -- Up-to-date: /home/acl3-ubuntu/holohover_ws/src/holohover/install/holohover_msgs/local/lib/python3.10/dist-packages/holohover_msgs/msg/_holohover_mouse.py
[1.222s] -- Up-to-date: /home/acl3-ubuntu/holohover_ws/src/holohover/install/holohover_msgs/local/lib/python3.10/dist-packages/holohover_msgs/msg/_holohover_imu_stamped_s.c
[1.222s] -- Up-to-date: /home/acl3-ubuntu/holohover_ws/src/holohover/install/holohover_msgs/local/lib/python3.10/dist-packages/holohover_msgs/msg/_holohover_mouse_stamped_s.c
[1.222s] -- Up-to-date: /home/acl3-ubuntu/holohover_ws/src/holohover/install/holohover_msgs/local/lib/python3.10/dist-packages/holohover_msgs/msg/_holohover_control_stamped.py
[1.238s] Listing '/home/acl3-ubuntu/holohover_ws/src/holohover/install/holohover_msgs/local/lib/python3.10/dist-packages/holohover_msgs'...
[1.239s] Listing '/home/acl3-ubuntu/holohover_ws/src/holohover/install/holohover_msgs/local/lib/python3.10/dist-packages/holohover_msgs/msg'...
[1.239s] -- Up-to-date: /home/acl3-ubuntu/holohover_ws/src/holohover/install/holohover_msgs/local/lib/python3.10/dist-packages/holohover_msgs/holohover_msgs_s__rosidl_typesupport_fastrtps_c.cpython-310-x86_64-linux-gnu.so
[1.239s] -- Up-to-date: /home/acl3-ubuntu/holohover_ws/src/holohover/install/holohover_msgs/local/lib/python3.10/dist-packages/holohover_msgs/holohover_msgs_s__rosidl_typesupport_introspection_c.cpython-310-x86_64-linux-gnu.so
[1.239s] -- Up-to-date: /home/acl3-ubuntu/holohover_ws/src/holohover/install/holohover_msgs/local/lib/python3.10/dist-packages/holohover_msgs/holohover_msgs_s__rosidl_typesupport_c.cpython-310-x86_64-linux-gnu.so
[1.239s] -- Up-to-date: /home/acl3-ubuntu/holohover_ws/src/holohover/install/holohover_msgs/lib/libholohover_msgs__rosidl_generator_py.so
[1.240s] -- Up-to-date: /home/acl3-ubuntu/holohover_ws/src/holohover/install/holohover_msgs/share/holohover_msgs/msg/Attitude.idl
[1.240s] -- Up-to-date: /home/acl3-ubuntu/holohover_ws/src/holohover/install/holohover_msgs/share/holohover_msgs/msg/HolohoverIMU.idl
[1.240s] -- Up-to-date: /home/acl3-ubuntu/holohover_ws/src/holohover/install/holohover_msgs/share/holohover_msgs/msg/HolohoverMouse.idl
[1.240s] -- Up-to-date: /home/acl3-ubuntu/holohover_ws/src/holohover/install/holohover_msgs/share/holohover_msgs/msg/HolohoverControl.idl
[1.240s] -- Up-to-date: /home/acl3-ubuntu/holohover_ws/src/holohover/install/holohover_msgs/share/holohover_msgs/msg/HolohoverState.idl
[1.240s] -- Up-to-date: /home/acl3-ubuntu/holohover_ws/src/holohover/install/holohover_msgs/share/holohover_msgs/msg/Attitude.msg
[1.240s] -- Up-to-date: /home/acl3-ubuntu/holohover_ws/src/holohover/install/holohover_msgs/share/holohover_msgs/msg/HolohoverIMU.msg
[1.240s] -- Up-to-date: /home/acl3-ubuntu/holohover_ws/src/holohover/install/holohover_msgs/share/holohover_msgs/msg/HolohoverMouse.msg
[1.240s] -- Up-to-date: /home/acl3-ubuntu/holohover_ws/src/holohover/install/holohover_msgs/share/holohover_msgs/msg/HolohoverControl.msg
[1.240s] -- Up-to-date: /home/acl3-ubuntu/holohover_ws/src/holohover/install/holohover_msgs/share/holohover_msgs/msg/HolohoverState.msg
[1.240s] -- Up-to-date: /home/acl3-ubuntu/holohover_ws/src/holohover/install/holohover_msgs/share/ament_index/resource_index/package_run_dependencies/holohover_msgs
[1.240s] -- Up-to-date: /home/acl3-ubuntu/holohover_ws/src/holohover/install/holohover_msgs/share/ament_index/resource_index/parent_prefix_path/holohover_msgs
[1.240s] -- Up-to-date: /home/acl3-ubuntu/holohover_ws/src/holohover/install/holohover_msgs/share/holohover_msgs/environment/ament_prefix_path.sh
[1.240s] -- Up-to-date: /home/acl3-ubuntu/holohover_ws/src/holohover/install/holohover_msgs/share/holohover_msgs/environment/ament_prefix_path.dsv
[1.241s] -- Up-to-date: /home/acl3-ubuntu/holohover_ws/src/holohover/install/holohover_msgs/share/holohover_msgs/environment/path.sh
[1.241s] -- Up-to-date: /home/acl3-ubuntu/holohover_ws/src/holohover/install/holohover_msgs/share/holohover_msgs/environment/path.dsv
[1.241s] -- Up-to-date: /home/acl3-ubuntu/holohover_ws/src/holohover/install/holohover_msgs/share/holohover_msgs/local_setup.bash
[1.241s] -- Up-to-date: /home/acl3-ubuntu/holohover_ws/src/holohover/install/holohover_msgs/share/holohover_msgs/local_setup.sh
[1.241s] -- Up-to-date: /home/acl3-ubuntu/holohover_ws/src/holohover/install/holohover_msgs/share/holohover_msgs/local_setup.zsh
[1.241s] -- Up-to-date: /home/acl3-ubuntu/holohover_ws/src/holohover/install/holohover_msgs/share/holohover_msgs/local_setup.dsv
[1.241s] -- Installing: /home/acl3-ubuntu/holohover_ws/src/holohover/install/holohover_msgs/share/holohover_msgs/package.dsv
[1.242s] -- Up-to-date: /home/acl3-ubuntu/holohover_ws/src/holohover/install/holohover_msgs/share/ament_index/resource_index/packages/holohover_msgs
[1.242s] -- Up-to-date: /home/acl3-ubuntu/holohover_ws/src/holohover/install/holohover_msgs/share/holohover_msgs/cmake/export_holohover_msgs__rosidl_generator_cExport.cmake
[1.242s] -- Up-to-date: /home/acl3-ubuntu/holohover_ws/src/holohover/install/holohover_msgs/share/holohover_msgs/cmake/export_holohover_msgs__rosidl_generator_cExport-noconfig.cmake
[1.242s] -- Up-to-date: /home/acl3-ubuntu/holohover_ws/src/holohover/install/holohover_msgs/share/holohover_msgs/cmake/export_holohover_msgs__rosidl_typesupport_fastrtps_cExport.cmake
[1.242s] -- Up-to-date: /home/acl3-ubuntu/holohover_ws/src/holohover/install/holohover_msgs/share/holohover_msgs/cmake/export_holohover_msgs__rosidl_typesupport_fastrtps_cExport-noconfig.cmake
[1.242s] -- Up-to-date: /home/acl3-ubuntu/holohover_ws/src/holohover/install/holohover_msgs/share/holohover_msgs/cmake/holohover_msgs__rosidl_typesupport_introspection_cExport.cmake
[1.242s] -- Up-to-date: /home/acl3-ubuntu/holohover_ws/src/holohover/install/holohover_msgs/share/holohover_msgs/cmake/holohover_msgs__rosidl_typesupport_introspection_cExport-noconfig.cmake
[1.243s] -- Up-to-date: /home/acl3-ubuntu/holohover_ws/src/holohover/install/holohover_msgs/share/holohover_msgs/cmake/holohover_msgs__rosidl_typesupport_cExport.cmake
[1.243s] -- Up-to-date: /home/acl3-ubuntu/holohover_ws/src/holohover/install/holohover_msgs/share/holohover_msgs/cmake/holohover_msgs__rosidl_typesupport_cExport-noconfig.cmake
[1.243s] -- Up-to-date: /home/acl3-ubuntu/holohover_ws/src/holohover/install/holohover_msgs/share/holohover_msgs/cmake/export_holohover_msgs__rosidl_generator_cppExport.cmake
[1.243s] -- Up-to-date: /home/acl3-ubuntu/holohover_ws/src/holohover/install/holohover_msgs/share/holohover_msgs/cmake/export_holohover_msgs__rosidl_typesupport_fastrtps_cppExport.cmake
[1.243s] -- Up-to-date: /home/acl3-ubuntu/holohover_ws/src/holohover/install/holohover_msgs/share/holohover_msgs/cmake/export_holohover_msgs__rosidl_typesupport_fastrtps_cppExport-noconfig.cmake
[1.246s] -- Up-to-date: /home/acl3-ubuntu/holohover_ws/src/holohover/install/holohover_msgs/share/holohover_msgs/cmake/holohover_msgs__rosidl_typesupport_introspection_cppExport.cmake
[1.246s] -- Up-to-date: /home/acl3-ubuntu/holohover_ws/src/holohover/install/holohover_msgs/share/holohover_msgs/cmake/holohover_msgs__rosidl_typesupport_introspection_cppExport-noconfig.cmake
[1.246s] -- Up-to-date: /home/acl3-ubuntu/holohover_ws/src/holohover/install/holohover_msgs/share/holohover_msgs/cmake/holohover_msgs__rosidl_typesupport_cppExport.cmake
[1.247s] -- Up-to-date: /home/acl3-ubuntu/holohover_ws/src/holohover/install/holohover_msgs/share/holohover_msgs/cmake/holohover_msgs__rosidl_typesupport_cppExport-noconfig.cmake
[1.248s] -- Up-to-date: /home/acl3-ubuntu/holohover_ws/src/holohover/install/holohover_msgs/share/holohover_msgs/cmake/export_holohover_msgs__rosidl_generator_pyExport.cmake
[1.250s] -- Up-to-date: /home/acl3-ubuntu/holohover_ws/src/holohover/install/holohover_msgs/share/holohover_msgs/cmake/export_holohover_msgs__rosidl_generator_pyExport-noconfig.cmake
[1.250s] -- Up-to-date: /home/acl3-ubuntu/holohover_ws/src/holohover/install/holohover_msgs/share/holohover_msgs/cmake/rosidl_cmake-extras.cmake
[1.252s] -- Up-to-date: /home/acl3-ubuntu/holohover_ws/src/holohover/install/holohover_msgs/share/holohover_msgs/cmake/ament_cmake_export_dependencies-extras.cmake
[1.254s] -- Up-to-date: /home/acl3-ubuntu/holohover_ws/src/holohover/install/holohover_msgs/share/holohover_msgs/cmake/ament_cmake_export_include_directories-extras.cmake
[1.255s] -- Up-to-date: /home/acl3-ubuntu/holohover_ws/src/holohover/install/holohover_msgs/share/holohover_msgs/cmake/ament_cmake_export_libraries-extras.cmake
[1.255s] -- Up-to-date: /home/acl3-ubuntu/holohover_ws/src/holohover/install/holohover_msgs/share/holohover_msgs/cmake/ament_cmake_export_targets-extras.cmake
[1.256s] -- Up-to-date: /home/acl3-ubuntu/holohover_ws/src/holohover/install/holohover_msgs/share/holohover_msgs/cmake/rosidl_cmake_export_typesupport_targets-extras.cmake
[1.257s] -- Up-to-date: /home/acl3-ubuntu/holohover_ws/src/holohover/install/holohover_msgs/share/holohover_msgs/cmake/rosidl_cmake_export_typesupport_libraries-extras.cmake
[1.257s] -- Up-to-date: /home/acl3-ubuntu/holohover_ws/src/holohover/install/holohover_msgs/share/holohover_msgs/cmake/holohover_msgsConfig.cmake
[1.257s] -- Up-to-date: /home/acl3-ubuntu/holohover_ws/src/holohover/install/holohover_msgs/share/holohover_msgs/cmake/holohover_msgsConfig-version.cmake
[1.258s] -- Up-to-date: /home/acl3-ubuntu/holohover_ws/src/holohover/install/holohover_msgs/share/holohover_msgs/package.xml
[1.262s] Invoked command in '/home/acl3-ubuntu/holohover_ws/src/holohover/build/holohover_msgs' returned '0': CMAKE_PREFIX_PATH=${CMAKE_PREFIX_PATH}:/opt/ros/humble /usr/bin/cmake --install /home/acl3-ubuntu/holohover_ws/src/holohover/build/holohover_msgs
