[0.110s] Invoking command in '/home/acl3-ubuntu/holohover_ws/src/holohover/build/mocap_optitrack': CMAKE_PREFIX_PATH=${CMAKE_PREFIX_PATH}:/opt/ros/humble /usr/bin/cmake --build /home/acl3-ubuntu/holohover_ws/src/holohover/build/mocap_optitrack -- -j8 -l8
[0.192s] [  7%] Built target mocap_optitrack__rosidl_generator_c
[0.192s] [  9%] Built target mocap_optitrack__cpp
[0.228s] [  9%] Built target ament_cmake_python_copy_mocap_optitrack
[0.241s] [ 17%] Built target mocap_optitrack__rosidl_typesupport_introspection_c
[0.241s] [ 24%] Built target mocap_optitrack__rosidl_typesupport_fastrtps_c
[0.264s] [ 31%] Built target mocap_optitrack__rosidl_typesupport_c
[0.275s] [ 39%] Built target mocap_optitrack__rosidl_typesupport_introspection_cpp
[0.300s] [ 46%] Built target mocap_optitrack__rosidl_typesupport_cpp
[0.316s] [ 53%] Built target mocap_optitrack__rosidl_typesupport_fastrtps_cpp
[0.362s] [ 53%] Built target mocap_optitrack
[0.411s] [ 78%] Built target mocap_optitrack_mocap_node
[0.411s] [ 80%] Built target mocap_optitrack__py
[0.440s] [ 85%] Built target mocap_optitrack__rosidl_generator_py
[0.479s] [ 90%] Built target mocap_optitrack__rosidl_typesupport_introspection_c__pyext
[0.480s] [ 95%] Built target mocap_optitrack__rosidl_typesupport_fastrtps_c__pyext
[0.488s] [100%] Built target mocap_optitrack__rosidl_typesupport_c__pyext
[0.757s] running egg_info
[0.757s] writing mocap_optitrack.egg-info/PKG-INFO
[0.757s] writing dependency_links to mocap_optitrack.egg-info/dependency_links.txt
[0.757s] writing top-level names to mocap_optitrack.egg-info/top_level.txt
[0.758s] reading manifest file 'mocap_optitrack.egg-info/SOURCES.txt'
[0.758s] writing manifest file 'mocap_optitrack.egg-info/SOURCES.txt'
[0.758s] [100%] Built target ament_cmake_python_build_mocap_optitrack_egg
[0.765s] Invoked command in '/home/acl3-ubuntu/holohover_ws/src/holohover/build/mocap_optitrack' returned '0': CMAKE_PREFIX_PATH=${CMAKE_PREFIX_PATH}:/opt/ros/humble /usr/bin/cmake --build /home/acl3-ubuntu/holohover_ws/src/holohover/build/mocap_optitrack -- -j8 -l8
[0.856s] Invoking command in '/home/acl3-ubuntu/holohover_ws/src/holohover/build/mocap_optitrack': CMAKE_PREFIX_PATH=${CMAKE_PREFIX_PATH}:/opt/ros/humble /usr/bin/cmake --install /home/acl3-ubuntu/holohover_ws/src/holohover/build/mocap_optitrack
[0.867s] -- Install configuration: ""
[0.867s] -- Up-to-date: /home/acl3-ubuntu/holohover_ws/src/holohover/install/mocap_optitrack/share/ament_index/resource_index/rosidl_interfaces/mocap_optitrack
[0.867s] -- Up-to-date: /home/acl3-ubuntu/holohover_ws/src/holohover/install/mocap_optitrack/include/mocap_optitrack/mocap_optitrack
[0.867s] -- Up-to-date: /home/acl3-ubuntu/holohover_ws/src/holohover/install/mocap_optitrack/include/mocap_optitrack/mocap_optitrack/msg
[0.868s] -- Up-to-date: /home/acl3-ubuntu/holohover_ws/src/holohover/install/mocap_optitrack/include/mocap_optitrack/mocap_optitrack/msg/rosidl_generator_c__visibility_control.h
[0.868s] -- Up-to-date: /home/acl3-ubuntu/holohover_ws/src/holohover/install/mocap_optitrack/include/mocap_optitrack/mocap_optitrack/msg/detail
[0.868s] -- Up-to-date: /home/acl3-ubuntu/holohover_ws/src/holohover/install/mocap_optitrack/include/mocap_optitrack/mocap_optitrack/msg/detail/point_array_stamped__functions.h
[0.868s] -- Up-to-date: /home/acl3-ubuntu/holohover_ws/src/holohover/install/mocap_optitrack/include/mocap_optitrack/mocap_optitrack/msg/detail/point_array_stamped__functions.c
[0.869s] -- Up-to-date: /home/acl3-ubuntu/holohover_ws/src/holohover/install/mocap_optitrack/include/mocap_optitrack/mocap_optitrack/msg/detail/point_array_stamped__type_support.h
[0.869s] -- Up-to-date: /home/acl3-ubuntu/holohover_ws/src/holohover/install/mocap_optitrack/include/mocap_optitrack/mocap_optitrack/msg/detail/point_array_stamped__struct.h
[0.869s] -- Up-to-date: /home/acl3-ubuntu/holohover_ws/src/holohover/install/mocap_optitrack/include/mocap_optitrack/mocap_optitrack/msg/point_array_stamped.h
[0.869s] -- Up-to-date: /home/acl3-ubuntu/holohover_ws/src/holohover/install/mocap_optitrack/share/mocap_optitrack/environment/library_path.sh
[0.870s] -- Up-to-date: /home/acl3-ubuntu/holohover_ws/src/holohover/install/mocap_optitrack/share/mocap_optitrack/environment/library_path.dsv
[0.871s] -- Up-to-date: /home/acl3-ubuntu/holohover_ws/src/holohover/install/mocap_optitrack/lib/libmocap_optitrack__rosidl_generator_c.so
[0.871s] -- Up-to-date: /home/acl3-ubuntu/holohover_ws/src/holohover/install/mocap_optitrack/include/mocap_optitrack/mocap_optitrack
[0.871s] -- Up-to-date: /home/acl3-ubuntu/holohover_ws/src/holohover/install/mocap_optitrack/include/mocap_optitrack/mocap_optitrack/msg
[0.871s] -- Up-to-date: /home/acl3-ubuntu/holohover_ws/src/holohover/install/mocap_optitrack/include/mocap_optitrack/mocap_optitrack/msg/detail
[0.872s] -- Up-to-date: /home/acl3-ubuntu/holohover_ws/src/holohover/install/mocap_optitrack/include/mocap_optitrack/mocap_optitrack/msg/detail/point_array_stamped__rosidl_typesupport_fastrtps_c.h
[0.872s] -- Up-to-date: /home/acl3-ubuntu/holohover_ws/src/holohover/install/mocap_optitrack/include/mocap_optitrack/mocap_optitrack/msg/rosidl_typesupport_fastrtps_c__visibility_control.h
[0.872s] -- Up-to-date: /home/acl3-ubuntu/holohover_ws/src/holohover/install/mocap_optitrack/lib/libmocap_optitrack__rosidl_typesupport_fastrtps_c.so
[0.872s] -- Up-to-date: /home/acl3-ubuntu/holohover_ws/src/holohover/install/mocap_optitrack/include/mocap_optitrack/mocap_optitrack
[0.872s] -- Up-to-date: /home/acl3-ubuntu/holohover_ws/src/holohover/install/mocap_optitrack/include/mocap_optitrack/mocap_optitrack/msg
[0.872s] -- Up-to-date: /home/acl3-ubuntu/holohover_ws/src/holohover/install/mocap_optitrack/include/mocap_optitrack/mocap_optitrack/msg/point_array_stamped.hpp
[0.873s] -- Up-to-date: /home/acl3-ubuntu/holohover_ws/src/holohover/install/mocap_optitrack/include/mocap_optitrack/mocap_optitrack/msg/detail
[0.873s] -- Up-to-date: /home/acl3-ubuntu/holohover_ws/src/holohover/install/mocap_optitrack/include/mocap_optitrack/mocap_optitrack/msg/detail/point_array_stamped__struct.hpp
[0.873s] -- Up-to-date: /home/acl3-ubuntu/holohover_ws/src/holohover/install/mocap_optitrack/include/mocap_optitrack/mocap_optitrack/msg/detail/point_array_stamped__builder.hpp
[0.874s] -- Up-to-date: /home/acl3-ubuntu/holohover_ws/src/holohover/install/mocap_optitrack/include/mocap_optitrack/mocap_optitrack/msg/detail/point_array_stamped__traits.hpp
[0.874s] -- Up-to-date: /home/acl3-ubuntu/holohover_ws/src/holohover/install/mocap_optitrack/include/mocap_optitrack/mocap_optitrack
[0.874s] -- Up-to-date: /home/acl3-ubuntu/holohover_ws/src/holohover/install/mocap_optitrack/include/mocap_optitrack/mocap_optitrack/msg
[0.874s] -- Up-to-date: /home/acl3-ubuntu/holohover_ws/src/holohover/install/mocap_optitrack/include/mocap_optitrack/mocap_optitrack/msg/rosidl_typesupport_fastrtps_cpp__visibility_control.h
[0.874s] -- Up-to-date: /home/acl3-ubuntu/holohover_ws/src/holohover/install/mocap_optitrack/include/mocap_optitrack/mocap_optitrack/msg/detail
[0.874s] -- Up-to-date: /home/acl3-ubuntu/holohover_ws/src/holohover/install/mocap_optitrack/include/mocap_optitrack/mocap_optitrack/msg/detail/dds_fastrtps
[0.874s] -- Up-to-date: /home/acl3-ubuntu/holohover_ws/src/holohover/install/mocap_optitrack/include/mocap_optitrack/mocap_optitrack/msg/detail/point_array_stamped__rosidl_typesupport_fastrtps_cpp.hpp
[0.874s] -- Up-to-date: /home/acl3-ubuntu/holohover_ws/src/holohover/install/mocap_optitrack/lib/libmocap_optitrack__rosidl_typesupport_fastrtps_cpp.so
[0.874s] -- Up-to-date: /home/acl3-ubuntu/holohover_ws/src/holohover/install/mocap_optitrack/include/mocap_optitrack/mocap_optitrack
[0.875s] -- Up-to-date: /home/acl3-ubuntu/holohover_ws/src/holohover/install/mocap_optitrack/include/mocap_optitrack/mocap_optitrack/msg
[0.875s] -- Up-to-date: /home/acl3-ubuntu/holohover_ws/src/holohover/install/mocap_optitrack/include/mocap_optitrack/mocap_optitrack/msg/detail
[0.875s] -- Up-to-date: /home/acl3-ubuntu/holohover_ws/src/holohover/install/mocap_optitrack/include/mocap_optitrack/mocap_optitrack/msg/detail/point_array_stamped__type_support.c
[0.875s] -- Up-to-date: /home/acl3-ubuntu/holohover_ws/src/holohover/install/mocap_optitrack/include/mocap_optitrack/mocap_optitrack/msg/detail/point_array_stamped__rosidl_typesupport_introspection_c.h
[0.875s] -- Up-to-date: /home/acl3-ubuntu/holohover_ws/src/holohover/install/mocap_optitrack/include/mocap_optitrack/mocap_optitrack/msg/rosidl_typesupport_introspection_c__visibility_control.h
[0.875s] -- Up-to-date: /home/acl3-ubuntu/holohover_ws/src/holohover/install/mocap_optitrack/lib/libmocap_optitrack__rosidl_typesupport_introspection_c.so
[0.875s] -- Up-to-date: /home/acl3-ubuntu/holohover_ws/src/holohover/install/mocap_optitrack/lib/libmocap_optitrack__rosidl_typesupport_c.so
[0.876s] -- Up-to-date: /home/acl3-ubuntu/holohover_ws/src/holohover/install/mocap_optitrack/include/mocap_optitrack/mocap_optitrack
[0.876s] -- Up-to-date: /home/acl3-ubuntu/holohover_ws/src/holohover/install/mocap_optitrack/include/mocap_optitrack/mocap_optitrack/msg
[0.876s] -- Up-to-date: /home/acl3-ubuntu/holohover_ws/src/holohover/install/mocap_optitrack/include/mocap_optitrack/mocap_optitrack/msg/detail
[0.876s] -- Up-to-date: /home/acl3-ubuntu/holohover_ws/src/holohover/install/mocap_optitrack/include/mocap_optitrack/mocap_optitrack/msg/detail/point_array_stamped__rosidl_typesupport_introspection_cpp.hpp
[0.876s] -- Up-to-date: /home/acl3-ubuntu/holohover_ws/src/holohover/install/mocap_optitrack/include/mocap_optitrack/mocap_optitrack/msg/detail/point_array_stamped__type_support.cpp
[0.876s] -- Up-to-date: /home/acl3-ubuntu/holohover_ws/src/holohover/install/mocap_optitrack/lib/libmocap_optitrack__rosidl_typesupport_introspection_cpp.so
[0.876s] -- Up-to-date: /home/acl3-ubuntu/holohover_ws/src/holohover/install/mocap_optitrack/lib/libmocap_optitrack__rosidl_typesupport_cpp.so
[0.876s] -- Up-to-date: /home/acl3-ubuntu/holohover_ws/src/holohover/install/mocap_optitrack/share/mocap_optitrack/environment/pythonpath.sh
[0.876s] -- Up-to-date: /home/acl3-ubuntu/holohover_ws/src/holohover/install/mocap_optitrack/share/mocap_optitrack/environment/pythonpath.dsv
[0.877s] -- Up-to-date: /home/acl3-ubuntu/holohover_ws/src/holohover/install/mocap_optitrack/local/lib/python3.10/dist-packages/mocap_optitrack-0.1.2-py3.10.egg-info
[0.877s] -- Installing: /home/acl3-ubuntu/holohover_ws/src/holohover/install/mocap_optitrack/local/lib/python3.10/dist-packages/mocap_optitrack-0.1.2-py3.10.egg-info/top_level.txt
[0.877s] -- Installing: /home/acl3-ubuntu/holohover_ws/src/holohover/install/mocap_optitrack/local/lib/python3.10/dist-packages/mocap_optitrack-0.1.2-py3.10.egg-info/dependency_links.txt
[0.877s] -- Installing: /home/acl3-ubuntu/holohover_ws/src/holohover/install/mocap_optitrack/local/lib/python3.10/dist-packages/mocap_optitrack-0.1.2-py3.10.egg-info/SOURCES.txt
[0.877s] -- Installing: /home/acl3-ubuntu/holohover_ws/src/holohover/install/mocap_optitrack/local/lib/python3.10/dist-packages/mocap_optitrack-0.1.2-py3.10.egg-info/PKG-INFO
[0.877s] -- Up-to-date: /home/acl3-ubuntu/holohover_ws/src/holohover/install/mocap_optitrack/local/lib/python3.10/dist-packages/mocap_optitrack
[0.877s] -- Up-to-date: /home/acl3-ubuntu/holohover_ws/src/holohover/install/mocap_optitrack/local/lib/python3.10/dist-packages/mocap_optitrack/_mocap_optitrack_s.ep.rosidl_typesupport_c.c
[0.878s] -- Up-to-date: /home/acl3-ubuntu/holohover_ws/src/holohover/install/mocap_optitrack/local/lib/python3.10/dist-packages/mocap_optitrack/mocap_optitrack_s__rosidl_typesupport_c.cpython-310-x86_64-linux-gnu.so
[0.878s] -- Up-to-date: /home/acl3-ubuntu/holohover_ws/src/holohover/install/mocap_optitrack/local/lib/python3.10/dist-packages/mocap_optitrack/__init__.py
[0.878s] -- Up-to-date: /home/acl3-ubuntu/holohover_ws/src/holohover/install/mocap_optitrack/local/lib/python3.10/dist-packages/mocap_optitrack/mocap_optitrack_s__rosidl_typesupport_fastrtps_c.cpython-310-x86_64-linux-gnu.so
[0.878s] -- Up-to-date: /home/acl3-ubuntu/holohover_ws/src/holohover/install/mocap_optitrack/local/lib/python3.10/dist-packages/mocap_optitrack/_mocap_optitrack_s.ep.rosidl_typesupport_introspection_c.c
[0.879s] -- Up-to-date: /home/acl3-ubuntu/holohover_ws/src/holohover/install/mocap_optitrack/local/lib/python3.10/dist-packages/mocap_optitrack/mocap_optitrack_s__rosidl_typesupport_introspection_c.cpython-310-x86_64-linux-gnu.so
[0.879s] -- Up-to-date: /home/acl3-ubuntu/holohover_ws/src/holohover/install/mocap_optitrack/local/lib/python3.10/dist-packages/mocap_optitrack/_mocap_optitrack_s.ep.rosidl_typesupport_fastrtps_c.c
[0.879s] -- Up-to-date: /home/acl3-ubuntu/holohover_ws/src/holohover/install/mocap_optitrack/local/lib/python3.10/dist-packages/mocap_optitrack/libmocap_optitrack__rosidl_generator_py.so
[0.879s] -- Up-to-date: /home/acl3-ubuntu/holohover_ws/src/holohover/install/mocap_optitrack/local/lib/python3.10/dist-packages/mocap_optitrack/msg
[0.879s] -- Up-to-date: /home/acl3-ubuntu/holohover_ws/src/holohover/install/mocap_optitrack/local/lib/python3.10/dist-packages/mocap_optitrack/msg/__init__.py
[0.879s] -- Up-to-date: /home/acl3-ubuntu/holohover_ws/src/holohover/install/mocap_optitrack/local/lib/python3.10/dist-packages/mocap_optitrack/msg/_point_array_stamped.py
[0.880s] -- Up-to-date: /home/acl3-ubuntu/holohover_ws/src/holohover/install/mocap_optitrack/local/lib/python3.10/dist-packages/mocap_optitrack/msg/_point_array_stamped_s.c
[0.924s] Listing '/home/acl3-ubuntu/holohover_ws/src/holohover/install/mocap_optitrack/local/lib/python3.10/dist-packages/mocap_optitrack'...
[0.924s] Listing '/home/acl3-ubuntu/holohover_ws/src/holohover/install/mocap_optitrack/local/lib/python3.10/dist-packages/mocap_optitrack/msg'...
[0.933s] -- Up-to-date: /home/acl3-ubuntu/holohover_ws/src/holohover/install/mocap_optitrack/local/lib/python3.10/dist-packages/mocap_optitrack/mocap_optitrack_s__rosidl_typesupport_fastrtps_c.cpython-310-x86_64-linux-gnu.so
[0.934s] -- Up-to-date: /home/acl3-ubuntu/holohover_ws/src/holohover/install/mocap_optitrack/local/lib/python3.10/dist-packages/mocap_optitrack/mocap_optitrack_s__rosidl_typesupport_introspection_c.cpython-310-x86_64-linux-gnu.so
[0.934s] -- Up-to-date: /home/acl3-ubuntu/holohover_ws/src/holohover/install/mocap_optitrack/local/lib/python3.10/dist-packages/mocap_optitrack/mocap_optitrack_s__rosidl_typesupport_c.cpython-310-x86_64-linux-gnu.so
[0.935s] -- Up-to-date: /home/acl3-ubuntu/holohover_ws/src/holohover/install/mocap_optitrack/lib/libmocap_optitrack__rosidl_generator_py.so
[0.935s] -- Up-to-date: /home/acl3-ubuntu/holohover_ws/src/holohover/install/mocap_optitrack/share/mocap_optitrack/msg/PointArrayStamped.idl
[0.935s] -- Up-to-date: /home/acl3-ubuntu/holohover_ws/src/holohover/install/mocap_optitrack/share/mocap_optitrack/msg/PointArrayStamped.msg
[0.935s] -- Up-to-date: /home/acl3-ubuntu/holohover_ws/src/holohover/install/mocap_optitrack/share/mocap_optitrack//launch
[0.935s] -- Up-to-date: /home/acl3-ubuntu/holohover_ws/src/holohover/install/mocap_optitrack/share/mocap_optitrack//launch/mocap.launch
[0.936s] -- Up-to-date: /home/acl3-ubuntu/holohover_ws/src/holohover/install/mocap_optitrack/share/mocap_optitrack//launch/mocap.launch.py
[0.936s] -- Up-to-date: /home/acl3-ubuntu/holohover_ws/src/holohover/install/mocap_optitrack/share/mocap_optitrack//config
[0.938s] -- Up-to-date: /home/acl3-ubuntu/holohover_ws/src/holohover/install/mocap_optitrack/share/mocap_optitrack//config/mocap.yaml
[0.938s] -- Up-to-date: /home/acl3-ubuntu/holohover_ws/src/holohover/install/mocap_optitrack/share/ament_index/resource_index/package_run_dependencies/mocap_optitrack
[0.939s] -- Up-to-date: /home/acl3-ubuntu/holohover_ws/src/holohover/install/mocap_optitrack/share/ament_index/resource_index/parent_prefix_path/mocap_optitrack
[0.939s] -- Up-to-date: /home/acl3-ubuntu/holohover_ws/src/holohover/install/mocap_optitrack/share/mocap_optitrack/environment/ament_prefix_path.sh
[0.939s] -- Up-to-date: /home/acl3-ubuntu/holohover_ws/src/holohover/install/mocap_optitrack/share/mocap_optitrack/environment/ament_prefix_path.dsv
[0.939s] -- Up-to-date: /home/acl3-ubuntu/holohover_ws/src/holohover/install/mocap_optitrack/share/mocap_optitrack/environment/path.sh
[0.939s] -- Up-to-date: /home/acl3-ubuntu/holohover_ws/src/holohover/install/mocap_optitrack/share/mocap_optitrack/environment/path.dsv
[0.939s] -- Up-to-date: /home/acl3-ubuntu/holohover_ws/src/holohover/install/mocap_optitrack/share/mocap_optitrack/local_setup.bash
[0.939s] -- Up-to-date: /home/acl3-ubuntu/holohover_ws/src/holohover/install/mocap_optitrack/share/mocap_optitrack/local_setup.sh
[0.939s] -- Up-to-date: /home/acl3-ubuntu/holohover_ws/src/holohover/install/mocap_optitrack/share/mocap_optitrack/local_setup.zsh
[0.939s] -- Up-to-date: /home/acl3-ubuntu/holohover_ws/src/holohover/install/mocap_optitrack/share/mocap_optitrack/local_setup.dsv
[0.939s] -- Installing: /home/acl3-ubuntu/holohover_ws/src/holohover/install/mocap_optitrack/share/mocap_optitrack/package.dsv
[0.939s] -- Up-to-date: /home/acl3-ubuntu/holohover_ws/src/holohover/install/mocap_optitrack/share/ament_index/resource_index/packages/mocap_optitrack
[0.940s] -- Up-to-date: /home/acl3-ubuntu/holohover_ws/src/holohover/install/mocap_optitrack/share/mocap_optitrack/cmake/export_mocap_optitrack__rosidl_generator_cExport.cmake
[0.940s] -- Up-to-date: /home/acl3-ubuntu/holohover_ws/src/holohover/install/mocap_optitrack/share/mocap_optitrack/cmake/export_mocap_optitrack__rosidl_generator_cExport-noconfig.cmake
[0.940s] -- Up-to-date: /home/acl3-ubuntu/holohover_ws/src/holohover/install/mocap_optitrack/share/mocap_optitrack/cmake/export_mocap_optitrack__rosidl_typesupport_fastrtps_cExport.cmake
[0.940s] -- Up-to-date: /home/acl3-ubuntu/holohover_ws/src/holohover/install/mocap_optitrack/share/mocap_optitrack/cmake/export_mocap_optitrack__rosidl_typesupport_fastrtps_cExport-noconfig.cmake
[0.940s] -- Up-to-date: /home/acl3-ubuntu/holohover_ws/src/holohover/install/mocap_optitrack/share/mocap_optitrack/cmake/export_mocap_optitrack__rosidl_generator_cppExport.cmake
[0.941s] -- Up-to-date: /home/acl3-ubuntu/holohover_ws/src/holohover/install/mocap_optitrack/share/mocap_optitrack/cmake/export_mocap_optitrack__rosidl_typesupport_fastrtps_cppExport.cmake
[0.941s] -- Up-to-date: /home/acl3-ubuntu/holohover_ws/src/holohover/install/mocap_optitrack/share/mocap_optitrack/cmake/export_mocap_optitrack__rosidl_typesupport_fastrtps_cppExport-noconfig.cmake
[0.941s] -- Up-to-date: /home/acl3-ubuntu/holohover_ws/src/holohover/install/mocap_optitrack/share/mocap_optitrack/cmake/mocap_optitrack__rosidl_typesupport_introspection_cExport.cmake
[0.941s] -- Up-to-date: /home/acl3-ubuntu/holohover_ws/src/holohover/install/mocap_optitrack/share/mocap_optitrack/cmake/mocap_optitrack__rosidl_typesupport_introspection_cExport-noconfig.cmake
[0.941s] -- Up-to-date: /home/acl3-ubuntu/holohover_ws/src/holohover/install/mocap_optitrack/share/mocap_optitrack/cmake/mocap_optitrack__rosidl_typesupport_cExport.cmake
[0.941s] -- Up-to-date: /home/acl3-ubuntu/holohover_ws/src/holohover/install/mocap_optitrack/share/mocap_optitrack/cmake/mocap_optitrack__rosidl_typesupport_cExport-noconfig.cmake
[0.941s] -- Up-to-date: /home/acl3-ubuntu/holohover_ws/src/holohover/install/mocap_optitrack/share/mocap_optitrack/cmake/mocap_optitrack__rosidl_typesupport_introspection_cppExport.cmake
[0.942s] -- Up-to-date: /home/acl3-ubuntu/holohover_ws/src/holohover/install/mocap_optitrack/share/mocap_optitrack/cmake/mocap_optitrack__rosidl_typesupport_introspection_cppExport-noconfig.cmake
[0.943s] -- Up-to-date: /home/acl3-ubuntu/holohover_ws/src/holohover/install/mocap_optitrack/share/mocap_optitrack/cmake/mocap_optitrack__rosidl_typesupport_cppExport.cmake
[0.943s] -- Up-to-date: /home/acl3-ubuntu/holohover_ws/src/holohover/install/mocap_optitrack/share/mocap_optitrack/cmake/mocap_optitrack__rosidl_typesupport_cppExport-noconfig.cmake
[0.943s] -- Up-to-date: /home/acl3-ubuntu/holohover_ws/src/holohover/install/mocap_optitrack/share/mocap_optitrack/cmake/export_mocap_optitrack__rosidl_generator_pyExport.cmake
[0.944s] -- Up-to-date: /home/acl3-ubuntu/holohover_ws/src/holohover/install/mocap_optitrack/share/mocap_optitrack/cmake/export_mocap_optitrack__rosidl_generator_pyExport-noconfig.cmake
[0.944s] -- Up-to-date: /home/acl3-ubuntu/holohover_ws/src/holohover/install/mocap_optitrack/share/mocap_optitrack/cmake/rosidl_cmake-extras.cmake
[0.944s] -- Up-to-date: /home/acl3-ubuntu/holohover_ws/src/holohover/install/mocap_optitrack/share/mocap_optitrack/cmake/ament_cmake_export_dependencies-extras.cmake
[0.944s] -- Up-to-date: /home/acl3-ubuntu/holohover_ws/src/holohover/install/mocap_optitrack/share/mocap_optitrack/cmake/ament_cmake_export_include_directories-extras.cmake
[0.944s] -- Up-to-date: /home/acl3-ubuntu/holohover_ws/src/holohover/install/mocap_optitrack/share/mocap_optitrack/cmake/ament_cmake_export_libraries-extras.cmake
[0.944s] -- Up-to-date: /home/acl3-ubuntu/holohover_ws/src/holohover/install/mocap_optitrack/share/mocap_optitrack/cmake/ament_cmake_export_targets-extras.cmake
[0.945s] -- Up-to-date: /home/acl3-ubuntu/holohover_ws/src/holohover/install/mocap_optitrack/share/mocap_optitrack/cmake/rosidl_cmake_export_typesupport_targets-extras.cmake
[0.945s] -- Up-to-date: /home/acl3-ubuntu/holohover_ws/src/holohover/install/mocap_optitrack/share/mocap_optitrack/cmake/rosidl_cmake_export_typesupport_libraries-extras.cmake
[0.945s] -- Up-to-date: /home/acl3-ubuntu/holohover_ws/src/holohover/install/mocap_optitrack/share/mocap_optitrack/cmake/mocap_optitrackConfig.cmake
[0.945s] -- Up-to-date: /home/acl3-ubuntu/holohover_ws/src/holohover/install/mocap_optitrack/share/mocap_optitrack/cmake/mocap_optitrackConfig-version.cmake
[0.945s] -- Up-to-date: /home/acl3-ubuntu/holohover_ws/src/holohover/install/mocap_optitrack/share/mocap_optitrack/package.xml
[0.945s] -- Up-to-date: /home/acl3-ubuntu/holohover_ws/src/holohover/install/mocap_optitrack/lib/mocap_optitrack/mocap_node
[0.975s] Invoked command in '/home/acl3-ubuntu/holohover_ws/src/holohover/build/mocap_optitrack' returned '0': CMAKE_PREFIX_PATH=${CMAKE_PREFIX_PATH}:/opt/ros/humble /usr/bin/cmake --install /home/acl3-ubuntu/holohover_ws/src/holohover/build/mocap_optitrack
