-- Install configuration: ""
-- Up-to-date: /home/acl3-ubuntu/holohover_ws/src/holohover/install/rokubimini_description/share/rokubimini_description/meshes
-- Up-to-date: /home/acl3-ubuntu/holohover_ws/src/holohover/install/rokubimini_description/share/rokubimini_description/meshes/BFT_SENS_M8
-- Up-to-date: /home/acl3-ubuntu/holohover_ws/src/holohover/install/rokubimini_description/share/rokubimini_description/meshes/BFT_SENS_M8/mounting.STL
-- Up-to-date: /home/acl3-ubuntu/holohover_ws/src/holohover/install/rokubimini_description/share/rokubimini_description/meshes/BFT_ROKA_M8
-- Up-to-date: /home/acl3-ubuntu/holohover_ws/src/holohover/install/rokubimini_description/share/rokubimini_description/meshes/BFT_ROKA_M8/wrench.STL
-- Up-to-date: /home/acl3-ubuntu/holohover_ws/src/holohover/install/rokubimini_description/share/rokubimini_description/meshes/BFT_ROKA_M8/mounting.STL
-- Up-to-date: /home/acl3-ubuntu/holohover_ws/src/holohover/install/rokubimini_description/share/rokubimini_description/meshes/realsense_adapter
-- Up-to-date: /home/acl3-ubuntu/holohover_ws/src/holohover/install/rokubimini_description/share/rokubimini_description/meshes/realsense_adapter/Realsense_adapter_mounting.STL
-- Up-to-date: /home/acl3-ubuntu/holohover_ws/src/holohover/install/rokubimini_description/share/rokubimini_description/meshes/BFT_MEDA_M8
-- Up-to-date: /home/acl3-ubuntu/holohover_ws/src/holohover/install/rokubimini_description/share/rokubimini_description/meshes/BFT_MEDA_M8/mounting.STL
-- Up-to-date: /home/acl3-ubuntu/holohover_ws/src/holohover/install/rokubimini_description/share/rokubimini_description/meshes/BFT_MEDS_M8
-- Up-to-date: /home/acl3-ubuntu/holohover_ws/src/holohover/install/rokubimini_description/share/rokubimini_description/meshes/BFT_MEDS_M8/mounting.STL
-- Up-to-date: /home/acl3-ubuntu/holohover_ws/src/holohover/install/rokubimini_description/share/rokubimini_description/meshes/BFT_LAXS_M8
-- Up-to-date: /home/acl3-ubuntu/holohover_ws/src/holohover/install/rokubimini_description/share/rokubimini_description/meshes/BFT_LAXS_M8/mounting.STL
-- Up-to-date: /home/acl3-ubuntu/holohover_ws/src/holohover/install/rokubimini_description/share/rokubimini_description/meshes/BFT_MEGS_M8
-- Up-to-date: /home/acl3-ubuntu/holohover_ws/src/holohover/install/rokubimini_description/share/rokubimini_description/meshes/BFT_MEGS_M8/mounting.STL
-- Up-to-date: /home/acl3-ubuntu/holohover_ws/src/holohover/install/rokubimini_description/share/rokubimini_description/meshes/BFT_ROKS_M8
-- Up-to-date: /home/acl3-ubuntu/holohover_ws/src/holohover/install/rokubimini_description/share/rokubimini_description/meshes/BFT_ROKS_M8/wrench.STL
-- Up-to-date: /home/acl3-ubuntu/holohover_ws/src/holohover/install/rokubimini_description/share/rokubimini_description/meshes/BFT_ROKS_M8/mounting.STL
-- Up-to-date: /home/acl3-ubuntu/holohover_ws/src/holohover/install/rokubimini_description/share/rokubimini_description/urdf
-- Up-to-date: /home/acl3-ubuntu/holohover_ws/src/holohover/install/rokubimini_description/share/rokubimini_description/urdf/BFT_MEGS_ECAT_M8_robot.urdf.xacro
-- Up-to-date: /home/acl3-ubuntu/holohover_ws/src/holohover/install/rokubimini_description/share/rokubimini_description/urdf/realsense_adapter.urdf.xacro
-- Up-to-date: /home/acl3-ubuntu/holohover_ws/src/holohover/install/rokubimini_description/share/rokubimini_description/urdf/BFT_ROKS_ECAT_M8_robot.urdf.xacro
-- Up-to-date: /home/acl3-ubuntu/holohover_ws/src/holohover/install/rokubimini_description/share/rokubimini_description/urdf/BFT_SENS_SER_M8.urdf.xacro
-- Up-to-date: /home/acl3-ubuntu/holohover_ws/src/holohover/install/rokubimini_description/share/rokubimini_description/urdf/BFT_ROKA_ECAT_M8.urdf.xacro
-- Up-to-date: /home/acl3-ubuntu/holohover_ws/src/holohover/install/rokubimini_description/share/rokubimini_description/urdf/BFT_ROKA_SER_M8.urdf.xacro
-- Up-to-date: /home/acl3-ubuntu/holohover_ws/src/holohover/install/rokubimini_description/share/rokubimini_description/urdf/BFT_ROKA_ECAT_M8_robot.urdf.xacro
-- Up-to-date: /home/acl3-ubuntu/holohover_ws/src/holohover/install/rokubimini_description/share/rokubimini_description/urdf/BFT_MEDS_ECAT_M8_robot.urdf.xacro
-- Up-to-date: /home/acl3-ubuntu/holohover_ws/src/holohover/install/rokubimini_description/share/rokubimini_description/urdf/BFT_ROKS_SER_M8_robot.urdf.xacro
-- Up-to-date: /home/acl3-ubuntu/holohover_ws/src/holohover/install/rokubimini_description/share/rokubimini_description/urdf/BFT_MEDA_SER_M8.urdf.xacro
-- Up-to-date: /home/acl3-ubuntu/holohover_ws/src/holohover/install/rokubimini_description/share/rokubimini_description/urdf/BFT_LAXS_ECAT_M8_robot.urdf.xacro
-- Up-to-date: /home/acl3-ubuntu/holohover_ws/src/holohover/install/rokubimini_description/share/rokubimini_description/urdf/BFT_LAXS_SER_M8_robot.urdf.xacro
-- Up-to-date: /home/acl3-ubuntu/holohover_ws/src/holohover/install/rokubimini_description/share/rokubimini_description/urdf/BFT_MEDS_SER_M8.urdf.xacro
-- Up-to-date: /home/acl3-ubuntu/holohover_ws/src/holohover/install/rokubimini_description/share/rokubimini_description/urdf/BFT_MEGS_ECAT_M8.urdf.xacro
-- Up-to-date: /home/acl3-ubuntu/holohover_ws/src/holohover/install/rokubimini_description/share/rokubimini_description/urdf/BFT_MEDA_ECAT_M8_robot.urdf.xacro
-- Up-to-date: /home/acl3-ubuntu/holohover_ws/src/holohover/install/rokubimini_description/share/rokubimini_description/urdf/BFT_MEDA_SER_M8_robot.urdf.xacro
-- Up-to-date: /home/acl3-ubuntu/holohover_ws/src/holohover/install/rokubimini_description/share/rokubimini_description/urdf/BFT_SENS_ECAT_M8.urdf.xacro
-- Up-to-date: /home/acl3-ubuntu/holohover_ws/src/holohover/install/rokubimini_description/share/rokubimini_description/urdf/BFT_SENS_ECAT_M8_robot.urdf.xacro
-- Up-to-date: /home/acl3-ubuntu/holohover_ws/src/holohover/install/rokubimini_description/share/rokubimini_description/urdf/BFT_MEDA_ECAT_M8.urdf.xacro
-- Up-to-date: /home/acl3-ubuntu/holohover_ws/src/holohover/install/rokubimini_description/share/rokubimini_description/urdf/BFT_LAXS_ECAT_M8.urdf.xacro
-- Up-to-date: /home/acl3-ubuntu/holohover_ws/src/holohover/install/rokubimini_description/share/rokubimini_description/urdf/BFT_MEGS_SER_M8_robot.urdf.xacro
-- Up-to-date: /home/acl3-ubuntu/holohover_ws/src/holohover/install/rokubimini_description/share/rokubimini_description/urdf/BFT_MEGS_SER_M8.urdf.xacro
-- Up-to-date: /home/acl3-ubuntu/holohover_ws/src/holohover/install/rokubimini_description/share/rokubimini_description/urdf/BFT_SENS_ECAT_M8_robot_realsense.urdf.xacro
-- Up-to-date: /home/acl3-ubuntu/holohover_ws/src/holohover/install/rokubimini_description/share/rokubimini_description/urdf/BFT_SENS_SER_M8_robot.urdf.xacro
-- Up-to-date: /home/acl3-ubuntu/holohover_ws/src/holohover/install/rokubimini_description/share/rokubimini_description/urdf/BFT_ROKS_SER_M8.urdf.xacro
-- Up-to-date: /home/acl3-ubuntu/holohover_ws/src/holohover/install/rokubimini_description/share/rokubimini_description/urdf/BFT_MEDS_ECAT_M8.urdf.xacro
-- Up-to-date: /home/acl3-ubuntu/holohover_ws/src/holohover/install/rokubimini_description/share/rokubimini_description/urdf/BFT_LAXS_SER_M8.urdf.xacro
-- Up-to-date: /home/acl3-ubuntu/holohover_ws/src/holohover/install/rokubimini_description/share/rokubimini_description/urdf/BFT_ROKA_SER_M8_robot.urdf.xacro
-- Up-to-date: /home/acl3-ubuntu/holohover_ws/src/holohover/install/rokubimini_description/share/rokubimini_description/urdf/BFT_ROKS_ECAT_M8.urdf.xacro
-- Up-to-date: /home/acl3-ubuntu/holohover_ws/src/holohover/install/rokubimini_description/share/rokubimini_description/urdf/BFT_MEDS_SER_M8_robot.urdf.xacro
-- Up-to-date: /home/acl3-ubuntu/holohover_ws/src/holohover/install/rokubimini_description/share/ament_index/resource_index/package_run_dependencies/rokubimini_description
-- Up-to-date: /home/acl3-ubuntu/holohover_ws/src/holohover/install/rokubimini_description/share/ament_index/resource_index/parent_prefix_path/rokubimini_description
-- Up-to-date: /home/acl3-ubuntu/holohover_ws/src/holohover/install/rokubimini_description/share/rokubimini_description/environment/ament_prefix_path.sh
-- Up-to-date: /home/acl3-ubuntu/holohover_ws/src/holohover/install/rokubimini_description/share/rokubimini_description/environment/ament_prefix_path.dsv
-- Up-to-date: /home/acl3-ubuntu/holohover_ws/src/holohover/install/rokubimini_description/share/rokubimini_description/environment/path.sh
-- Up-to-date: /home/acl3-ubuntu/holohover_ws/src/holohover/install/rokubimini_description/share/rokubimini_description/environment/path.dsv
-- Up-to-date: /home/acl3-ubuntu/holohover_ws/src/holohover/install/rokubimini_description/share/rokubimini_description/local_setup.bash
-- Up-to-date: /home/acl3-ubuntu/holohover_ws/src/holohover/install/rokubimini_description/share/rokubimini_description/local_setup.sh
-- Up-to-date: /home/acl3-ubuntu/holohover_ws/src/holohover/install/rokubimini_description/share/rokubimini_description/local_setup.zsh
-- Up-to-date: /home/acl3-ubuntu/holohover_ws/src/holohover/install/rokubimini_description/share/rokubimini_description/local_setup.dsv
-- Installing: /home/acl3-ubuntu/holohover_ws/src/holohover/install/rokubimini_description/share/rokubimini_description/package.dsv
-- Up-to-date: /home/acl3-ubuntu/holohover_ws/src/holohover/install/rokubimini_description/share/ament_index/resource_index/packages/rokubimini_description
-- Up-to-date: /home/acl3-ubuntu/holohover_ws/src/holohover/install/rokubimini_description/share/rokubimini_description/cmake/ament_cmake_export_dependencies-extras.cmake
-- Up-to-date: /home/acl3-ubuntu/holohover_ws/src/holohover/install/rokubimini_description/share/rokubimini_description/cmake/rokubimini_descriptionConfig.cmake
-- Up-to-date: /home/acl3-ubuntu/holohover_ws/src/holohover/install/rokubimini_description/share/rokubimini_description/cmake/rokubimini_descriptionConfig-version.cmake
-- Up-to-date: /home/acl3-ubuntu/holohover_ws/src/holohover/install/rokubimini_description/share/rokubimini_description/package.xml
