-- The C compiler identification is GNU 11.3.0
-- The CXX compiler identification is GNU 11.3.0
-- Detecting C compiler ABI info
-- Detecting C compiler ABI info - done
-- Check for working C compiler: /usr/bin/cc - skipped
-- Detecting C compile features
-- Detecting C compile features - done
-- Detecting CXX compiler ABI info
-- Detecting CXX compiler ABI info - done
-- Check for working CXX compiler: /usr/bin/c++ - skipped
-- Detecting CXX compile features
-- Detecting CXX compile features - done
-- Found ament_cmake: 1.3.3 (/opt/ros/humble/share/ament_cmake/cmake)
-- Found Python3: /usr/bin/python3.10 (found version "3.10.6") found components: Interpreter 
-- Found ament_lint_auto: 0.12.5 (/opt/ros/humble/share/ament_lint_auto/cmake)
-- Found rosidl_default_generators: 1.2.0 (/opt/ros/humble/share/rosidl_default_generators/cmake)
-- Using all available rosidl_typesupport_c: rosidl_typesupport_fastrtps_c;rosidl_typesupport_introspection_c
-- Found rosidl_adapter: 3.1.4 (/opt/ros/humble/share/rosidl_adapter/cmake)
-- Using all available rosidl_typesupport_cpp: rosidl_typesupport_fastrtps_cpp;rosidl_typesupport_introspection_cpp
-- Found std_msgs: 4.2.3 (/opt/ros/humble/share/std_msgs/cmake)
-- Found geometry_msgs: 4.2.3 (/opt/ros/humble/share/geometry_msgs/cmake)
-- Found ament_cmake_ros: 0.10.0 (/opt/ros/humble/share/ament_cmake_ros/cmake)
-- Using all available rosidl_typesupport_c: rosidl_typesupport_fastrtps_c;rosidl_typesupport_introspection_c
-- Using all available rosidl_typesupport_cpp: rosidl_typesupport_fastrtps_cpp;rosidl_typesupport_introspection_cpp
-- Found PythonInterp: /usr/bin/python3 (found suitable version "3.10.6", minimum required is "3.6") 
-- Found python_cmake_module: 0.10.0 (/opt/ros/humble/share/python_cmake_module/cmake)
-- Found PythonLibs: /usr/lib/x86_64-linux-gnu/libpython3.10.so (found suitable version "3.10.6", minimum required is "3.5") 
-- Using PYTHON_EXECUTABLE: /usr/bin/python3
-- Using PYTHON_INCLUDE_DIRS: /usr/include/python3.10
-- Using PYTHON_LIBRARIES: /usr/lib/x86_64-linux-gnu/libpython3.10.so
-- Found PythonExtra: .so  
-- Added test 'copyright' to check source files copyright and LICENSE
-- Added test 'lint_cmake' to check CMake code style
-- Added test 'xmllint' to check XML markup files
-- Configuring done
-- Generating done
-- Build files have been written to: /home/acl3-ubuntu/holohover_ws/src/holohover/build/holohover_msgs
[  1%] [34m[1mGenerating C code for ROS interfaces[0m
[  3%] [34m[1mGenerating C++ code for ROS interfaces[0m
[  3%] Built target ament_cmake_python_copy_holohover_msgs
running egg_info
creating holohover_msgs.egg-info
writing holohover_msgs.egg-info/PKG-INFO
writing dependency_links to holohover_msgs.egg-info/dependency_links.txt
writing top-level names to holohover_msgs.egg-info/top_level.txt
writing manifest file 'holohover_msgs.egg-info/SOURCES.txt'
reading manifest file 'holohover_msgs.egg-info/SOURCES.txt'
writing manifest file 'holohover_msgs.egg-info/SOURCES.txt'
[  3%] Built target ament_cmake_python_build_holohover_msgs_egg
[  3%] Built target holohover_msgs__cpp
[  4%] [34m[1mGenerating C++ type support dispatch for ROS interfaces[0m
[  6%] [34m[1mGenerating C++ introspection for ROS interfaces[0m
[  7%] [34m[1mGenerating C++ type support for eProsima Fast-RTPS[0m
[  9%] [32mBuilding C object CMakeFiles/holohover_msgs__rosidl_generator_c.dir/rosidl_generator_c/holohover_msgs/msg/detail/holohover_mouse_stamped__functions.c.o[0m
[ 11%] [32mBuilding C object CMakeFiles/holohover_msgs__rosidl_generator_c.dir/rosidl_generator_c/holohover_msgs/msg/detail/attitude__functions.c.o[0m
[ 12%] [32mBuilding C object CMakeFiles/holohover_msgs__rosidl_generator_c.dir/rosidl_generator_c/holohover_msgs/msg/detail/holohover_state_stamped__functions.c.o[0m
[ 14%] [32mBuilding C object CMakeFiles/holohover_msgs__rosidl_generator_c.dir/rosidl_generator_c/holohover_msgs/msg/detail/holohover_imu_stamped__functions.c.o[0m
[ 15%] [32mBuilding C object CMakeFiles/holohover_msgs__rosidl_generator_c.dir/rosidl_generator_c/holohover_msgs/msg/detail/holohover_control_stamped__functions.c.o[0m
[ 17%] [32m[1mLinking C shared library libholohover_msgs__rosidl_generator_c.so[0m
[ 19%] [32mBuilding CXX object CMakeFiles/holohover_msgs__rosidl_typesupport_cpp.dir/rosidl_typesupport_cpp/holohover_msgs/msg/attitude__type_support.cpp.o[0m
[ 20%] [32mBuilding CXX object CMakeFiles/holohover_msgs__rosidl_typesupport_cpp.dir/rosidl_typesupport_cpp/holohover_msgs/msg/holohover_mouse_stamped__type_support.cpp.o[0m
[ 22%] [32mBuilding CXX object CMakeFiles/holohover_msgs__rosidl_typesupport_cpp.dir/rosidl_typesupport_cpp/holohover_msgs/msg/holohover_imu_stamped__type_support.cpp.o[0m
[ 23%] [32mBuilding CXX object CMakeFiles/holohover_msgs__rosidl_typesupport_cpp.dir/rosidl_typesupport_cpp/holohover_msgs/msg/holohover_control_stamped__type_support.cpp.o[0m
[ 23%] Built target holohover_msgs__rosidl_generator_c
[ 25%] [32mBuilding CXX object CMakeFiles/holohover_msgs__rosidl_typesupport_introspection_cpp.dir/rosidl_typesupport_introspection_cpp/holohover_msgs/msg/detail/attitude__type_support.cpp.o[0m
[ 26%] [32mBuilding CXX object CMakeFiles/holohover_msgs__rosidl_typesupport_introspection_cpp.dir/rosidl_typesupport_introspection_cpp/holohover_msgs/msg/detail/holohover_imu_stamped__type_support.cpp.o[0m
[ 28%] [32mBuilding CXX object CMakeFiles/holohover_msgs__rosidl_typesupport_introspection_cpp.dir/rosidl_typesupport_introspection_cpp/holohover_msgs/msg/detail/holohover_mouse_stamped__type_support.cpp.o[0m
[ 30%] [32mBuilding CXX object CMakeFiles/holohover_msgs__rosidl_typesupport_fastrtps_cpp.dir/rosidl_typesupport_fastrtps_cpp/holohover_msgs/msg/detail/dds_fastrtps/attitude__type_support.cpp.o[0m
[ 31%] [32mBuilding CXX object CMakeFiles/holohover_msgs__rosidl_typesupport_introspection_cpp.dir/rosidl_typesupport_introspection_cpp/holohover_msgs/msg/detail/holohover_control_stamped__type_support.cpp.o[0m
[ 33%] [32mBuilding CXX object CMakeFiles/holohover_msgs__rosidl_typesupport_cpp.dir/rosidl_typesupport_cpp/holohover_msgs/msg/holohover_state_stamped__type_support.cpp.o[0m
[ 34%] [34m[1mGenerating C type support for eProsima Fast-RTPS[0m
[ 36%] [34m[1mGenerating C introspection for ROS interfaces[0m
