[ 71%] Built target rokubimini_serial
[100%] Built target rokubimini_serial_bus_manager_node
-- Install configuration: ""
-- Up-to-date: /home/acl3-ubuntu/holohover_ws/src/holohover/install/rokubimini_serial/lib/librokubimini_serial.a
-- Up-to-date: /home/acl3-ubuntu/holohover_ws/src/holohover/install/rokubimini_serial/lib/rokubimini_serial/rokubimini_serial_bus_manager_node
-- Up-to-date: /home/acl3-ubuntu/holohover_ws/src/holohover/install/rokubimini_serial/include/rokubimini_serial
-- Up-to-date: /home/acl3-ubuntu/holohover_ws/src/holohover/install/rokubimini_serial/include/rokubimini_serial/RokubiminiSerialBusManager.hpp
-- Up-to-date: /home/acl3-ubuntu/holohover_ws/src/holohover/install/rokubimini_serial/include/rokubimini_serial/RokubiminiSerialCommunication.hpp
-- Up-to-date: /home/acl3-ubuntu/holohover_ws/src/holohover/install/rokubimini_serial/include/rokubimini_serial/RokubiminiSerialImpl.hpp
-- Up-to-date: /home/acl3-ubuntu/holohover_ws/src/holohover/install/rokubimini_serial/include/rokubimini_serial/states.hpp
-- Up-to-date: /home/acl3-ubuntu/holohover_ws/src/holohover/install/rokubimini_serial/include/rokubimini_serial/RokubiminiSerial.hpp
-- Up-to-date: /home/acl3-ubuntu/holohover_ws/src/holohover/install/rokubimini_serial/share/rokubimini_serial/launch
-- Up-to-date: /home/acl3-ubuntu/holohover_ws/src/holohover/install/rokubimini_serial/share/rokubimini_serial/launch/rokubimini_serial.launch
-- Up-to-date: /home/acl3-ubuntu/holohover_ws/src/holohover/install/rokubimini_serial/share/rokubimini_serial/launch/rokubimini_serial.launch.py
-- Up-to-date: /home/acl3-ubuntu/holohover_ws/src/holohover/install/rokubimini_serial/share/rokubimini_serial/environment/library_path.sh
-- Up-to-date: /home/acl3-ubuntu/holohover_ws/src/holohover/install/rokubimini_serial/share/rokubimini_serial/environment/library_path.dsv
-- Up-to-date: /home/acl3-ubuntu/holohover_ws/src/holohover/install/rokubimini_serial/share/ament_index/resource_index/package_run_dependencies/rokubimini_serial
-- Up-to-date: /home/acl3-ubuntu/holohover_ws/src/holohover/install/rokubimini_serial/share/ament_index/resource_index/parent_prefix_path/rokubimini_serial
-- Up-to-date: /home/acl3-ubuntu/holohover_ws/src/holohover/install/rokubimini_serial/share/rokubimini_serial/environment/ament_prefix_path.sh
-- Up-to-date: /home/acl3-ubuntu/holohover_ws/src/holohover/install/rokubimini_serial/share/rokubimini_serial/environment/ament_prefix_path.dsv
-- Up-to-date: /home/acl3-ubuntu/holohover_ws/src/holohover/install/rokubimini_serial/share/rokubimini_serial/environment/path.sh
-- Up-to-date: /home/acl3-ubuntu/holohover_ws/src/holohover/install/rokubimini_serial/share/rokubimini_serial/environment/path.dsv
-- Up-to-date: /home/acl3-ubuntu/holohover_ws/src/holohover/install/rokubimini_serial/share/rokubimini_serial/local_setup.bash
-- Up-to-date: /home/acl3-ubuntu/holohover_ws/src/holohover/install/rokubimini_serial/share/rokubimini_serial/local_setup.sh
-- Up-to-date: /home/acl3-ubuntu/holohover_ws/src/holohover/install/rokubimini_serial/share/rokubimini_serial/local_setup.zsh
-- Up-to-date: /home/acl3-ubuntu/holohover_ws/src/holohover/install/rokubimini_serial/share/rokubimini_serial/local_setup.dsv
-- Installing: /home/acl3-ubuntu/holohover_ws/src/holohover/install/rokubimini_serial/share/rokubimini_serial/package.dsv
-- Up-to-date: /home/acl3-ubuntu/holohover_ws/src/holohover/install/rokubimini_serial/share/ament_index/resource_index/packages/rokubimini_serial
-- Up-to-date: /home/acl3-ubuntu/holohover_ws/src/holohover/install/rokubimini_serial/share/rokubimini_serial/cmake/ament_cmake_export_dependencies-extras.cmake
-- Up-to-date: /home/acl3-ubuntu/holohover_ws/src/holohover/install/rokubimini_serial/share/rokubimini_serial/cmake/ament_cmake_export_include_directories-extras.cmake
-- Up-to-date: /home/acl3-ubuntu/holohover_ws/src/holohover/install/rokubimini_serial/share/rokubimini_serial/cmake/ament_cmake_export_libraries-extras.cmake
-- Up-to-date: /home/acl3-ubuntu/holohover_ws/src/holohover/install/rokubimini_serial/share/rokubimini_serial/cmake/rokubimini_serialConfig.cmake
-- Up-to-date: /home/acl3-ubuntu/holohover_ws/src/holohover/install/rokubimini_serial/share/rokubimini_serial/cmake/rokubimini_serialConfig-version.cmake
-- Up-to-date: /home/acl3-ubuntu/holohover_ws/src/holohover/install/rokubimini_serial/share/rokubimini_serial/package.xml
