-- The C compiler identification is GNU 11.3.0
-- The CXX compiler identification is GNU 11.3.0
-- Detecting C compiler ABI info
-- Detecting C compiler ABI info - done
-- Check for working C compiler: /usr/bin/cc - skipped
-- Detecting C compile features
-- Detecting C compile features - done
-- Detecting CXX compiler ABI info
-- Detecting CXX compiler ABI info - done
-- Check for working CXX compiler: /usr/bin/c++ - skipped
-- Detecting CXX compile features
-- Detecting CXX compile features - done
-- Found ament_cmake: 1.3.3 (/opt/ros/humble/share/ament_cmake/cmake)
-- Found Python3: /usr/bin/python3.10 (found version "3.10.6") found components: Interpreter 
-- Found rosidl_default_generators: 1.2.0 (/opt/ros/humble/share/rosidl_default_generators/cmake)
-- Using all available rosidl_typesupport_c: rosidl_typesupport_fastrtps_c;rosidl_typesupport_introspection_c
-- Found rosidl_adapter: 3.1.4 (/opt/ros/humble/share/rosidl_adapter/cmake)
-- Using all available rosidl_typesupport_cpp: rosidl_typesupport_fastrtps_cpp;rosidl_typesupport_introspection_cpp
-- Found geometry_msgs: 4.2.3 (/opt/ros/humble/share/geometry_msgs/cmake)
-- Found sensor_msgs: 4.2.3 (/opt/ros/humble/share/sensor_msgs/cmake)
-- Found ament_cmake_ros: 0.10.0 (/opt/ros/humble/share/ament_cmake_ros/cmake)
-- Using all available rosidl_typesupport_c: rosidl_typesupport_fastrtps_c;rosidl_typesupport_introspection_c
-- Using all available rosidl_typesupport_cpp: rosidl_typesupport_fastrtps_cpp;rosidl_typesupport_introspection_cpp
-- Found PythonInterp: /usr/bin/python3 (found suitable version "3.10.6", minimum required is "3.6") 
-- Found python_cmake_module: 0.10.0 (/opt/ros/humble/share/python_cmake_module/cmake)
-- Found PythonLibs: /usr/lib/x86_64-linux-gnu/libpython3.10.so (found suitable version "3.10.6", minimum required is "3.5") 
-- Using PYTHON_EXECUTABLE: /usr/bin/python3
-- Using PYTHON_INCLUDE_DIRS: /usr/include/python3.10
-- Using PYTHON_LIBRARIES: /usr/lib/x86_64-linux-gnu/libpython3.10.so
-- Found PythonExtra: .so  
-- Configuring done
-- Generating done
-- Build files have been written to: /home/acl3-ubuntu/holohover_ws/src/holohover/build/rokubimini_msgs
[  1%] [34m[1mGenerating C code for ROS interfaces[0m
[  2%] [34m[1mGenerating C++ code for ROS interfaces[0m
[  2%] Built target ament_cmake_python_copy_rokubimini_msgs
running egg_info
creating rokubimini_msgs.egg-info
writing rokubimini_msgs.egg-info/PKG-INFO
writing dependency_links to rokubimini_msgs.egg-info/dependency_links.txt
writing top-level names to rokubimini_msgs.egg-info/top_level.txt
writing manifest file 'rokubimini_msgs.egg-info/SOURCES.txt'
reading manifest file 'rokubimini_msgs.egg-info/SOURCES.txt'
writing manifest file 'rokubimini_msgs.egg-info/SOURCES.txt'
[  2%] Built target ament_cmake_python_build_rokubimini_msgs_egg
[  2%] Built target rokubimini_msgs__cpp
[  4%] [32mBuilding C object CMakeFiles/rokubimini_msgs__rosidl_generator_c.dir/rosidl_generator_c/rokubimini_msgs/srv/detail/get_sensor_configuration__functions.c.o[0m
[  5%] [32mBuilding C object CMakeFiles/rokubimini_msgs__rosidl_generator_c.dir/rosidl_generator_c/rokubimini_msgs/msg/detail/reading__functions.c.o[0m
[  7%] [32mBuilding C object CMakeFiles/rokubimini_msgs__rosidl_generator_c.dir/rosidl_generator_c/rokubimini_msgs/srv/detail/set_sensor_configuration__functions.c.o[0m
[  8%] [32mBuilding C object CMakeFiles/rokubimini_msgs__rosidl_generator_c.dir/rosidl_generator_c/rokubimini_msgs/srv/detail/reset_wrench__functions.c.o[0m
[ 11%] [32mBuilding C object CMakeFiles/rokubimini_msgs__rosidl_generator_c.dir/rosidl_generator_c/rokubimini_msgs/srv/detail/firmware_update_ethercat__functions.c.o[0m
[ 11%] [32mBuilding C object CMakeFiles/rokubimini_msgs__rosidl_generator_c.dir/rosidl_generator_c/rokubimini_msgs/srv/detail/firmware_update_serial__functions.c.o[0m
[ 12%] [34m[1mGenerating C++ type support dispatch for ROS interfaces[0m
[ 14%] [34m[1mGenerating C++ type support for eProsima Fast-RTPS[0m
[ 15%] [34m[1mGenerating C++ introspection for ROS interfaces[0m
[ 16%] [32m[1mLinking C shared library librokubimini_msgs__rosidl_generator_c.so[0m
[ 16%] Built target rokubimini_msgs__rosidl_generator_c
[ 18%] [34m[1mGenerating C introspection for ROS interfaces[0m
[ 19%] [34m[1mGenerating C type support dispatch for ROS interfaces[0m
[ 21%] [34m[1mGenerating C type support for eProsima Fast-RTPS[0m
[ 22%] [32mBuilding CXX object CMakeFiles/rokubimini_msgs__rosidl_typesupport_fastrtps_cpp.dir/rosidl_typesupport_fastrtps_cpp/rokubimini_msgs/msg/detail/dds_fastrtps/reading__type_support.cpp.o[0m
[ 23%] [32mBuilding CXX object CMakeFiles/rokubimini_msgs__rosidl_typesupport_fastrtps_cpp.dir/rosidl_typesupport_fastrtps_cpp/rokubimini_msgs/srv/detail/dds_fastrtps/get_sensor_configuration__type_support.cpp.o[0m
[ 25%] [32mBuilding CXX object CMakeFiles/rokubimini_msgs__rosidl_typesupport_fastrtps_cpp.dir/rosidl_typesupport_fastrtps_cpp/rokubimini_msgs/srv/detail/dds_fastrtps/set_sensor_configuration__type_support.cpp.o[0m
[ 26%] [32mBuilding CXX object CMakeFiles/rokubimini_msgs__rosidl_typesupport_c.dir/rosidl_typesupport_c/rokubimini_msgs/msg/reading__type_support.cpp.o[0m
[ 28%] [32mBuilding CXX object CMakeFiles/rokubimini_msgs__rosidl_typesupport_c.dir/rosidl_typesupport_c/rokubimini_msgs/srv/get_sensor_configuration__type_support.cpp.o[0m
[ 29%] [32mBuilding CXX object CMakeFiles/rokubimini_msgs__rosidl_typesupport_c.dir/rosidl_typesupport_c/rokubimini_msgs/srv/set_sensor_configuration__type_support.cpp.o[0m
[ 30%] [32mBuilding CXX object CMakeFiles/rokubimini_msgs__rosidl_typesupport_cpp.dir/rosidl_typesupport_cpp/rokubimini_msgs/msg/reading__type_support.cpp.o[0m
[ 32%] [32mBuilding CXX object CMakeFiles/rokubimini_msgs__rosidl_typesupport_c.dir/rosidl_typesupport_c/rokubimini_msgs/srv/firmware_update_ethercat__type_support.cpp.o[0m
[ 33%] [32mBuilding CXX object CMakeFiles/rokubimini_msgs__rosidl_typesupport_c.dir/rosidl_typesupport_c/rokubimini_msgs/srv/firmware_update_serial__type_support.cpp.o[0m
[ 35%] [32mBuilding CXX object CMakeFiles/rokubimini_msgs__rosidl_typesupport_c.dir/rosidl_typesupport_c/rokubimini_msgs/srv/reset_wrench__type_support.cpp.o[0m
[ 36%] [32mBuilding CXX object CMakeFiles/rokubimini_msgs__rosidl_typesupport_fastrtps_cpp.dir/rosidl_typesupport_fastrtps_cpp/rokubimini_msgs/srv/detail/dds_fastrtps/firmware_update_ethercat__type_support.cpp.o[0m
[ 38%] [32m[1mLinking CXX shared library librokubimini_msgs__rosidl_typesupport_c.so[0m
[ 38%] Built target rokubimini_msgs__rosidl_typesupport_c
[ 39%] [32mBuilding CXX object CMakeFiles/rokubimini_msgs__rosidl_typesupport_fastrtps_cpp.dir/rosidl_typesupport_fastrtps_cpp/rokubimini_msgs/srv/detail/dds_fastrtps/firmware_update_serial__type_support.cpp.o[0m
[ 40%] [32mBuilding C object CMakeFiles/rokubimini_msgs__rosidl_typesupport_introspection_c.dir/rosidl_typesupport_introspection_c/rokubimini_msgs/msg/detail/reading__type_support.c.o[0m
[ 42%] [32mBuilding CXX object CMakeFiles/rokubimini_msgs__rosidl_typesupport_fastrtps_cpp.dir/rosidl_typesupport_fastrtps_cpp/rokubimini_msgs/srv/detail/dds_fastrtps/reset_wrench__type_support.cpp.o[0m
[ 43%] [32mBuilding C object CMakeFiles/rokubimini_msgs__rosidl_typesupport_introspection_c.dir/rosidl_typesupport_introspection_c/rokubimini_msgs/srv/detail/get_sensor_configuration__type_support.c.o[0m
[ 45%] [32mBuilding CXX object CMakeFiles/rokubimini_msgs__rosidl_typesupport_cpp.dir/rosidl_typesupport_cpp/rokubimini_msgs/srv/get_sensor_configuration__type_support.cpp.o[0m
[ 46%] [32mBuilding C object CMakeFiles/rokubimini_msgs__rosidl_typesupport_introspection_c.dir/rosidl_typesupport_introspection_c/rokubimini_msgs/srv/detail/set_sensor_configuration__type_support.c.o[0m
[ 47%] [32mBuilding CXX object CMakeFiles/rokubimini_msgs__rosidl_typesupport_introspection_cpp.dir/rosidl_typesupport_introspection_cpp/rokubimini_msgs/msg/detail/reading__type_support.cpp.o[0m
[ 49%] [32mBuilding CXX object CMakeFiles/rokubimini_msgs__rosidl_typesupport_introspection_cpp.dir/rosidl_typesupport_introspection_cpp/rokubimini_msgs/srv/detail/get_sensor_configuration__type_support.cpp.o[0m
[ 50%] [32mBuilding C object CMakeFiles/rokubimini_msgs__rosidl_typesupport_introspection_c.dir/rosidl_typesupport_introspection_c/rokubimini_msgs/srv/detail/firmware_update_ethercat__type_support.c.o[0m
[ 52%] [32mBuilding C object CMakeFiles/rokubimini_msgs__rosidl_typesupport_introspection_c.dir/rosidl_typesupport_introspection_c/rokubimini_msgs/srv/detail/firmware_update_serial__type_support.c.o[0m
[ 53%] [32mBuilding CXX object CMakeFiles/rokubimini_msgs__rosidl_typesupport_cpp.dir/rosidl_typesupport_cpp/rokubimini_msgs/srv/set_sensor_configuration__type_support.cpp.o[0m
[ 54%] [32mBuilding C object CMakeFiles/rokubimini_msgs__rosidl_typesupport_introspection_c.dir/rosidl_typesupport_introspection_c/rokubimini_msgs/srv/detail/reset_wrench__type_support.c.o[0m
[ 56%] [32mBuilding CXX object CMakeFiles/rokubimini_msgs__rosidl_typesupport_cpp.dir/rosidl_typesupport_cpp/rokubimini_msgs/srv/firmware_update_ethercat__type_support.cpp.o[0m
[ 57%] [32mBuilding CXX object CMakeFiles/rokubimini_msgs__rosidl_typesupport_fastrtps_c.dir/rosidl_typesupport_fastrtps_c/rokubimini_msgs/msg/detail/reading__type_support_c.cpp.o[0m
[ 59%] [32m[1mLinking C shared library librokubimini_msgs__rosidl_typesupport_introspection_c.so[0m
[ 59%] Built target rokubimini_msgs__rosidl_typesupport_introspection_c
[ 60%] [32mBuilding CXX object CMakeFiles/rokubimini_msgs__rosidl_typesupport_cpp.dir/rosidl_typesupport_cpp/rokubimini_msgs/srv/firmware_update_serial__type_support.cpp.o[0m
[ 61%] [32m[1mLinking CXX shared library librokubimini_msgs__rosidl_typesupport_fastrtps_cpp.so[0m
[ 63%] [32mBuilding CXX object CMakeFiles/rokubimini_msgs__rosidl_typesupport_fastrtps_c.dir/rosidl_typesupport_fastrtps_c/rokubimini_msgs/srv/detail/firmware_update_ethercat__type_support_c.cpp.o[0m
[ 63%] Built target rokubimini_msgs__rosidl_typesupport_fastrtps_cpp
[ 64%] [32mBuilding CXX object CMakeFiles/rokubimini_msgs__rosidl_typesupport_cpp.dir/rosidl_typesupport_cpp/rokubimini_msgs/srv/reset_wrench__type_support.cpp.o[0m
[ 66%] [32mBuilding CXX object CMakeFiles/rokubimini_msgs__rosidl_typesupport_introspection_cpp.dir/rosidl_typesupport_introspection_cpp/rokubimini_msgs/srv/detail/firmware_update_serial__type_support.cpp.o[0m
[ 67%] [32mBuilding CXX object CMakeFiles/rokubimini_msgs__rosidl_typesupport_fastrtps_c.dir/rosidl_typesupport_fastrtps_c/rokubimini_msgs/srv/detail/firmware_update_serial__type_support_c.cpp.o[0m
[ 69%] [32m[1mLinking CXX shared library librokubimini_msgs__rosidl_typesupport_cpp.so[0m
[ 69%] Built target rokubimini_msgs__rosidl_typesupport_cpp
[ 70%] [32mBuilding CXX object CMakeFiles/rokubimini_msgs__rosidl_typesupport_introspection_cpp.dir/rosidl_typesupport_introspection_cpp/rokubimini_msgs/srv/detail/reset_wrench__type_support.cpp.o[0m
[ 71%] [32mBuilding CXX object CMakeFiles/rokubimini_msgs__rosidl_typesupport_fastrtps_c.dir/rosidl_typesupport_fastrtps_c/rokubimini_msgs/srv/detail/reset_wrench__type_support_c.cpp.o[0m
[ 73%] [32mBuilding CXX object CMakeFiles/rokubimini_msgs__rosidl_typesupport_introspection_cpp.dir/rosidl_typesupport_introspection_cpp/rokubimini_msgs/srv/detail/firmware_update_ethercat__type_support.cpp.o[0m
[ 74%] [32mBuilding CXX object CMakeFiles/rokubimini_msgs__rosidl_typesupport_fastrtps_c.dir/rosidl_typesupport_fastrtps_c/rokubimini_msgs/srv/detail/set_sensor_configuration__type_support_c.cpp.o[0m
[ 76%] [32mBuilding CXX object CMakeFiles/rokubimini_msgs__rosidl_typesupport_fastrtps_c.dir/rosidl_typesupport_fastrtps_c/rokubimini_msgs/srv/detail/get_sensor_configuration__type_support_c.cpp.o[0m
[ 77%] [32mBuilding CXX object CMakeFiles/rokubimini_msgs__rosidl_typesupport_introspection_cpp.dir/rosidl_typesupport_introspection_cpp/rokubimini_msgs/srv/detail/set_sensor_configuration__type_support.cpp.o[0m
[ 78%] [32m[1mLinking CXX shared library librokubimini_msgs__rosidl_typesupport_fastrtps_c.so[0m
[ 80%] [32m[1mLinking CXX shared library librokubimini_msgs__rosidl_typesupport_introspection_cpp.so[0m
[ 80%] Built target rokubimini_msgs__rosidl_typesupport_fastrtps_c
[ 80%] Built target rokubimini_msgs__rosidl_typesupport_introspection_cpp
[ 80%] Built target rokubimini_msgs
[ 81%] [34m[1mGenerating Python code for ROS interfaces[0m
[ 81%] Built target rokubimini_msgs__py
[ 83%] [32mBuilding C object CMakeFiles/rokubimini_msgs__rosidl_generator_py.dir/rosidl_generator_py/rokubimini_msgs/msg/_reading_s.c.o[0m
[ 84%] [32mBuilding C object CMakeFiles/rokubimini_msgs__rosidl_generator_py.dir/rosidl_generator_py/rokubimini_msgs/srv/_reset_wrench_s.c.o[0m
[ 85%] [32mBuilding C object CMakeFiles/rokubimini_msgs__rosidl_generator_py.dir/rosidl_generator_py/rokubimini_msgs/srv/_firmware_update_serial_s.c.o[0m
[ 87%] [32mBuilding C object CMakeFiles/rokubimini_msgs__rosidl_generator_py.dir/rosidl_generator_py/rokubimini_msgs/srv/_firmware_update_ethercat_s.c.o[0m
[ 88%] [32mBuilding C object CMakeFiles/rokubimini_msgs__rosidl_generator_py.dir/rosidl_generator_py/rokubimini_msgs/srv/_set_sensor_configuration_s.c.o[0m
[ 90%] [32mBuilding C object CMakeFiles/rokubimini_msgs__rosidl_generator_py.dir/rosidl_generator_py/rokubimini_msgs/srv/_get_sensor_configuration_s.c.o[0m
[ 91%] [32m[1mLinking C shared library rosidl_generator_py/rokubimini_msgs/librokubimini_msgs__rosidl_generator_py.so[0m
[ 91%] Built target rokubimini_msgs__rosidl_generator_py
[ 92%] [32mBuilding C object CMakeFiles/rokubimini_msgs__rosidl_typesupport_fastrtps_c__pyext.dir/rosidl_generator_py/rokubimini_msgs/_rokubimini_msgs_s.ep.rosidl_typesupport_fastrtps_c.c.o[0m
[ 94%] [32m[1mLinking C shared library rosidl_generator_py/rokubimini_msgs/rokubimini_msgs_s__rosidl_typesupport_fastrtps_c.cpython-310-x86_64-linux-gnu.so[0m
[ 94%] Built target rokubimini_msgs__rosidl_typesupport_fastrtps_c__pyext
[ 95%] [32mBuilding C object CMakeFiles/rokubimini_msgs__rosidl_typesupport_c__pyext.dir/rosidl_generator_py/rokubimini_msgs/_rokubimini_msgs_s.ep.rosidl_typesupport_c.c.o[0m
[ 97%] [32m[1mLinking C shared library rosidl_generator_py/rokubimini_msgs/rokubimini_msgs_s__rosidl_typesupport_c.cpython-310-x86_64-linux-gnu.so[0m
[ 97%] Built target rokubimini_msgs__rosidl_typesupport_c__pyext
[ 98%] [32mBuilding C object CMakeFiles/rokubimini_msgs__rosidl_typesupport_introspection_c__pyext.dir/rosidl_generator_py/rokubimini_msgs/_rokubimini_msgs_s.ep.rosidl_typesupport_introspection_c.c.o[0m
[100%] [32m[1mLinking C shared library rosidl_generator_py/rokubimini_msgs/rokubimini_msgs_s__rosidl_typesupport_introspection_c.cpython-310-x86_64-linux-gnu.so[0m
[100%] Built target rokubimini_msgs__rosidl_typesupport_introspection_c__pyext
-- Install configuration: ""
-- Installing: /home/acl3-ubuntu/holohover_ws/src/holohover/install/rokubimini_msgs/share/ament_index/resource_index/rosidl_interfaces/rokubimini_msgs
-- Up-to-date: /home/acl3-ubuntu/holohover_ws/src/holohover/install/rokubimini_msgs/include/rokubimini_msgs/rokubimini_msgs
-- Up-to-date: /home/acl3-ubuntu/holohover_ws/src/holohover/install/rokubimini_msgs/include/rokubimini_msgs/rokubimini_msgs/srv
-- Up-to-date: /home/acl3-ubuntu/holohover_ws/src/holohover/install/rokubimini_msgs/include/rokubimini_msgs/rokubimini_msgs/srv/detail
-- Installing: /home/acl3-ubuntu/holohover_ws/src/holohover/install/rokubimini_msgs/include/rokubimini_msgs/rokubimini_msgs/srv/detail/get_sensor_configuration__functions.c
-- Installing: /home/acl3-ubuntu/holohover_ws/src/holohover/install/rokubimini_msgs/include/rokubimini_msgs/rokubimini_msgs/srv/detail/firmware_update_ethercat__type_support.h
-- Installing: /home/acl3-ubuntu/holohover_ws/src/holohover/install/rokubimini_msgs/include/rokubimini_msgs/rokubimini_msgs/srv/detail/get_sensor_configuration__type_support.h
-- Installing: /home/acl3-ubuntu/holohover_ws/src/holohover/install/rokubimini_msgs/include/rokubimini_msgs/rokubimini_msgs/srv/detail/firmware_update_serial__struct.h
-- Installing: /home/acl3-ubuntu/holohover_ws/src/holohover/install/rokubimini_msgs/include/rokubimini_msgs/rokubimini_msgs/srv/detail/get_sensor_configuration__functions.h
-- Installing: /home/acl3-ubuntu/holohover_ws/src/holohover/install/rokubimini_msgs/include/rokubimini_msgs/rokubimini_msgs/srv/detail/reset_wrench__functions.h
-- Installing: /home/acl3-ubuntu/holohover_ws/src/holohover/install/rokubimini_msgs/include/rokubimini_msgs/rokubimini_msgs/srv/detail/set_sensor_configuration__type_support.h
-- Installing: /home/acl3-ubuntu/holohover_ws/src/holohover/install/rokubimini_msgs/include/rokubimini_msgs/rokubimini_msgs/srv/detail/firmware_update_ethercat__functions.h
-- Installing: /home/acl3-ubuntu/holohover_ws/src/holohover/install/rokubimini_msgs/include/rokubimini_msgs/rokubimini_msgs/srv/detail/set_sensor_configuration__functions.h
-- Installing: /home/acl3-ubuntu/holohover_ws/src/holohover/install/rokubimini_msgs/include/rokubimini_msgs/rokubimini_msgs/srv/detail/reset_wrench__functions.c
-- Installing: /home/acl3-ubuntu/holohover_ws/src/holohover/install/rokubimini_msgs/include/rokubimini_msgs/rokubimini_msgs/srv/detail/set_sensor_configuration__struct.h
-- Installing: /home/acl3-ubuntu/holohover_ws/src/holohover/install/rokubimini_msgs/include/rokubimini_msgs/rokubimini_msgs/srv/detail/firmware_update_serial__functions.h
-- Installing: /home/acl3-ubuntu/holohover_ws/src/holohover/install/rokubimini_msgs/include/rokubimini_msgs/rokubimini_msgs/srv/detail/firmware_update_ethercat__struct.h
-- Installing: /home/acl3-ubuntu/holohover_ws/src/holohover/install/rokubimini_msgs/include/rokubimini_msgs/rokubimini_msgs/srv/detail/firmware_update_serial__functions.c
-- Installing: /home/acl3-ubuntu/holohover_ws/src/holohover/install/rokubimini_msgs/include/rokubimini_msgs/rokubimini_msgs/srv/detail/get_sensor_configuration__struct.h
-- Installing: /home/acl3-ubuntu/holohover_ws/src/holohover/install/rokubimini_msgs/include/rokubimini_msgs/rokubimini_msgs/srv/detail/reset_wrench__type_support.h
-- Installing: /home/acl3-ubuntu/holohover_ws/src/holohover/install/rokubimini_msgs/include/rokubimini_msgs/rokubimini_msgs/srv/detail/firmware_update_ethercat__functions.c
-- Installing: /home/acl3-ubuntu/holohover_ws/src/holohover/install/rokubimini_msgs/include/rokubimini_msgs/rokubimini_msgs/srv/detail/firmware_update_serial__type_support.h
-- Installing: /home/acl3-ubuntu/holohover_ws/src/holohover/install/rokubimini_msgs/include/rokubimini_msgs/rokubimini_msgs/srv/detail/reset_wrench__struct.h
-- Installing: /home/acl3-ubuntu/holohover_ws/src/holohover/install/rokubimini_msgs/include/rokubimini_msgs/rokubimini_msgs/srv/detail/set_sensor_configuration__functions.c
-- Installing: /home/acl3-ubuntu/holohover_ws/src/holohover/install/rokubimini_msgs/include/rokubimini_msgs/rokubimini_msgs/srv/firmware_update_serial.h
-- Installing: /home/acl3-ubuntu/holohover_ws/src/holohover/install/rokubimini_msgs/include/rokubimini_msgs/rokubimini_msgs/srv/get_sensor_configuration.h
-- Installing: /home/acl3-ubuntu/holohover_ws/src/holohover/install/rokubimini_msgs/include/rokubimini_msgs/rokubimini_msgs/srv/set_sensor_configuration.h
-- Installing: /home/acl3-ubuntu/holohover_ws/src/holohover/install/rokubimini_msgs/include/rokubimini_msgs/rokubimini_msgs/srv/reset_wrench.h
-- Installing: /home/acl3-ubuntu/holohover_ws/src/holohover/install/rokubimini_msgs/include/rokubimini_msgs/rokubimini_msgs/srv/firmware_update_ethercat.h
-- Up-to-date: /home/acl3-ubuntu/holohover_ws/src/holohover/install/rokubimini_msgs/include/rokubimini_msgs/rokubimini_msgs/msg
-- Installing: /home/acl3-ubuntu/holohover_ws/src/holohover/install/rokubimini_msgs/include/rokubimini_msgs/rokubimini_msgs/msg/rosidl_generator_c__visibility_control.h
-- Up-to-date: /home/acl3-ubuntu/holohover_ws/src/holohover/install/rokubimini_msgs/include/rokubimini_msgs/rokubimini_msgs/msg/detail
-- Installing: /home/acl3-ubuntu/holohover_ws/src/holohover/install/rokubimini_msgs/include/rokubimini_msgs/rokubimini_msgs/msg/detail/reading__type_support.h
-- Installing: /home/acl3-ubuntu/holohover_ws/src/holohover/install/rokubimini_msgs/include/rokubimini_msgs/rokubimini_msgs/msg/detail/reading__struct.h
-- Installing: /home/acl3-ubuntu/holohover_ws/src/holohover/install/rokubimini_msgs/include/rokubimini_msgs/rokubimini_msgs/msg/detail/reading__functions.c
-- Installing: /home/acl3-ubuntu/holohover_ws/src/holohover/install/rokubimini_msgs/include/rokubimini_msgs/rokubimini_msgs/msg/detail/reading__functions.h
-- Installing: /home/acl3-ubuntu/holohover_ws/src/holohover/install/rokubimini_msgs/include/rokubimini_msgs/rokubimini_msgs/msg/reading.h
-- Installing: /home/acl3-ubuntu/holohover_ws/src/holohover/install/rokubimini_msgs/share/rokubimini_msgs/environment/library_path.sh
-- Installing: /home/acl3-ubuntu/holohover_ws/src/holohover/install/rokubimini_msgs/share/rokubimini_msgs/environment/library_path.dsv
-- Installing: /home/acl3-ubuntu/holohover_ws/src/holohover/install/rokubimini_msgs/lib/librokubimini_msgs__rosidl_generator_c.so
-- Set runtime path of "/home/acl3-ubuntu/holohover_ws/src/holohover/install/rokubimini_msgs/lib/librokubimini_msgs__rosidl_generator_c.so" to ""
-- Up-to-date: /home/acl3-ubuntu/holohover_ws/src/holohover/install/rokubimini_msgs/include/rokubimini_msgs/rokubimini_msgs
-- Up-to-date: /home/acl3-ubuntu/holohover_ws/src/holohover/install/rokubimini_msgs/include/rokubimini_msgs/rokubimini_msgs/srv
-- Up-to-date: /home/acl3-ubuntu/holohover_ws/src/holohover/install/rokubimini_msgs/include/rokubimini_msgs/rokubimini_msgs/srv/detail
-- Installing: /home/acl3-ubuntu/holohover_ws/src/holohover/install/rokubimini_msgs/include/rokubimini_msgs/rokubimini_msgs/srv/detail/firmware_update_serial__rosidl_typesupport_fastrtps_c.h
-- Installing: /home/acl3-ubuntu/holohover_ws/src/holohover/install/rokubimini_msgs/include/rokubimini_msgs/rokubimini_msgs/srv/detail/get_sensor_configuration__rosidl_typesupport_fastrtps_c.h
-- Installing: /home/acl3-ubuntu/holohover_ws/src/holohover/install/rokubimini_msgs/include/rokubimini_msgs/rokubimini_msgs/srv/detail/set_sensor_configuration__rosidl_typesupport_fastrtps_c.h
-- Installing: /home/acl3-ubuntu/holohover_ws/src/holohover/install/rokubimini_msgs/include/rokubimini_msgs/rokubimini_msgs/srv/detail/reset_wrench__rosidl_typesupport_fastrtps_c.h
-- Installing: /home/acl3-ubuntu/holohover_ws/src/holohover/install/rokubimini_msgs/include/rokubimini_msgs/rokubimini_msgs/srv/detail/firmware_update_ethercat__rosidl_typesupport_fastrtps_c.h
-- Up-to-date: /home/acl3-ubuntu/holohover_ws/src/holohover/install/rokubimini_msgs/include/rokubimini_msgs/rokubimini_msgs/msg
-- Up-to-date: /home/acl3-ubuntu/holohover_ws/src/holohover/install/rokubimini_msgs/include/rokubimini_msgs/rokubimini_msgs/msg/detail
-- Installing: /home/acl3-ubuntu/holohover_ws/src/holohover/install/rokubimini_msgs/include/rokubimini_msgs/rokubimini_msgs/msg/detail/reading__rosidl_typesupport_fastrtps_c.h
-- Installing: /home/acl3-ubuntu/holohover_ws/src/holohover/install/rokubimini_msgs/include/rokubimini_msgs/rokubimini_msgs/msg/rosidl_typesupport_fastrtps_c__visibility_control.h
-- Installing: /home/acl3-ubuntu/holohover_ws/src/holohover/install/rokubimini_msgs/lib/librokubimini_msgs__rosidl_typesupport_fastrtps_c.so
-- Set runtime path of "/home/acl3-ubuntu/holohover_ws/src/holohover/install/rokubimini_msgs/lib/librokubimini_msgs__rosidl_typesupport_fastrtps_c.so" to ""
-- Up-to-date: /home/acl3-ubuntu/holohover_ws/src/holohover/install/rokubimini_msgs/include/rokubimini_msgs/rokubimini_msgs
-- Up-to-date: /home/acl3-ubuntu/holohover_ws/src/holohover/install/rokubimini_msgs/include/rokubimini_msgs/rokubimini_msgs/srv
-- Up-to-date: /home/acl3-ubuntu/holohover_ws/src/holohover/install/rokubimini_msgs/include/rokubimini_msgs/rokubimini_msgs/srv/detail
-- Installing: /home/acl3-ubuntu/holohover_ws/src/holohover/install/rokubimini_msgs/include/rokubimini_msgs/rokubimini_msgs/srv/detail/firmware_update_ethercat__type_support.c
-- Installing: /home/acl3-ubuntu/holohover_ws/src/holohover/install/rokubimini_msgs/include/rokubimini_msgs/rokubimini_msgs/srv/detail/set_sensor_configuration__rosidl_typesupport_introspection_c.h
-- Installing: /home/acl3-ubuntu/holohover_ws/src/holohover/install/rokubimini_msgs/include/rokubimini_msgs/rokubimini_msgs/srv/detail/reset_wrench__type_support.c
-- Installing: /home/acl3-ubuntu/holohover_ws/src/holohover/install/rokubimini_msgs/include/rokubimini_msgs/rokubimini_msgs/srv/detail/get_sensor_configuration__rosidl_typesupport_introspection_c.h
-- Installing: /home/acl3-ubuntu/holohover_ws/src/holohover/install/rokubimini_msgs/include/rokubimini_msgs/rokubimini_msgs/srv/detail/reset_wrench__rosidl_typesupport_introspection_c.h
-- Installing: /home/acl3-ubuntu/holohover_ws/src/holohover/install/rokubimini_msgs/include/rokubimini_msgs/rokubimini_msgs/srv/detail/set_sensor_configuration__type_support.c
-- Installing: /home/acl3-ubuntu/holohover_ws/src/holohover/install/rokubimini_msgs/include/rokubimini_msgs/rokubimini_msgs/srv/detail/firmware_update_ethercat__rosidl_typesupport_introspection_c.h
-- Installing: /home/acl3-ubuntu/holohover_ws/src/holohover/install/rokubimini_msgs/include/rokubimini_msgs/rokubimini_msgs/srv/detail/get_sensor_configuration__type_support.c
-- Installing: /home/acl3-ubuntu/holohover_ws/src/holohover/install/rokubimini_msgs/include/rokubimini_msgs/rokubimini_msgs/srv/detail/firmware_update_serial__rosidl_typesupport_introspection_c.h
-- Installing: /home/acl3-ubuntu/holohover_ws/src/holohover/install/rokubimini_msgs/include/rokubimini_msgs/rokubimini_msgs/srv/detail/firmware_update_serial__type_support.c
-- Up-to-date: /home/acl3-ubuntu/holohover_ws/src/holohover/install/rokubimini_msgs/include/rokubimini_msgs/rokubimini_msgs/msg
-- Up-to-date: /home/acl3-ubuntu/holohover_ws/src/holohover/install/rokubimini_msgs/include/rokubimini_msgs/rokubimini_msgs/msg/detail
-- Installing: /home/acl3-ubuntu/holohover_ws/src/holohover/install/rokubimini_msgs/include/rokubimini_msgs/rokubimini_msgs/msg/detail/reading__rosidl_typesupport_introspection_c.h
-- Installing: /home/acl3-ubuntu/holohover_ws/src/holohover/install/rokubimini_msgs/include/rokubimini_msgs/rokubimini_msgs/msg/detail/reading__type_support.c
-- Installing: /home/acl3-ubuntu/holohover_ws/src/holohover/install/rokubimini_msgs/include/rokubimini_msgs/rokubimini_msgs/msg/rosidl_typesupport_introspection_c__visibility_control.h
-- Installing: /home/acl3-ubuntu/holohover_ws/src/holohover/install/rokubimini_msgs/lib/librokubimini_msgs__rosidl_typesupport_introspection_c.so
-- Set runtime path of "/home/acl3-ubuntu/holohover_ws/src/holohover/install/rokubimini_msgs/lib/librokubimini_msgs__rosidl_typesupport_introspection_c.so" to ""
-- Installing: /home/acl3-ubuntu/holohover_ws/src/holohover/install/rokubimini_msgs/lib/librokubimini_msgs__rosidl_typesupport_c.so
-- Set runtime path of "/home/acl3-ubuntu/holohover_ws/src/holohover/install/rokubimini_msgs/lib/librokubimini_msgs__rosidl_typesupport_c.so" to ""
-- Up-to-date: /home/acl3-ubuntu/holohover_ws/src/holohover/install/rokubimini_msgs/include/rokubimini_msgs/rokubimini_msgs
-- Up-to-date: /home/acl3-ubuntu/holohover_ws/src/holohover/install/rokubimini_msgs/include/rokubimini_msgs/rokubimini_msgs/srv
-- Installing: /home/acl3-ubuntu/holohover_ws/src/holohover/install/rokubimini_msgs/include/rokubimini_msgs/rokubimini_msgs/srv/firmware_update_serial.hpp
-- Installing: /home/acl3-ubuntu/holohover_ws/src/holohover/install/rokubimini_msgs/include/rokubimini_msgs/rokubimini_msgs/srv/set_sensor_configuration.hpp
-- Up-to-date: /home/acl3-ubuntu/holohover_ws/src/holohover/install/rokubimini_msgs/include/rokubimini_msgs/rokubimini_msgs/srv/detail
-- Installing: /home/acl3-ubuntu/holohover_ws/src/holohover/install/rokubimini_msgs/include/rokubimini_msgs/rokubimini_msgs/srv/detail/set_sensor_configuration__builder.hpp
-- Installing: /home/acl3-ubuntu/holohover_ws/src/holohover/install/rokubimini_msgs/include/rokubimini_msgs/rokubimini_msgs/srv/detail/firmware_update_ethercat__traits.hpp
-- Installing: /home/acl3-ubuntu/holohover_ws/src/holohover/install/rokubimini_msgs/include/rokubimini_msgs/rokubimini_msgs/srv/detail/get_sensor_configuration__traits.hpp
-- Installing: /home/acl3-ubuntu/holohover_ws/src/holohover/install/rokubimini_msgs/include/rokubimini_msgs/rokubimini_msgs/srv/detail/firmware_update_ethercat__struct.hpp
-- Installing: /home/acl3-ubuntu/holohover_ws/src/holohover/install/rokubimini_msgs/include/rokubimini_msgs/rokubimini_msgs/srv/detail/set_sensor_configuration__traits.hpp
-- Installing: /home/acl3-ubuntu/holohover_ws/src/holohover/install/rokubimini_msgs/include/rokubimini_msgs/rokubimini_msgs/srv/detail/firmware_update_serial__struct.hpp
-- Installing: /home/acl3-ubuntu/holohover_ws/src/holohover/install/rokubimini_msgs/include/rokubimini_msgs/rokubimini_msgs/srv/detail/get_sensor_configuration__builder.hpp
-- Installing: /home/acl3-ubuntu/holohover_ws/src/holohover/install/rokubimini_msgs/include/rokubimini_msgs/rokubimini_msgs/srv/detail/firmware_update_serial__traits.hpp
-- Installing: /home/acl3-ubuntu/holohover_ws/src/holohover/install/rokubimini_msgs/include/rokubimini_msgs/rokubimini_msgs/srv/detail/firmware_update_ethercat__builder.hpp
-- Installing: /home/acl3-ubuntu/holohover_ws/src/holohover/install/rokubimini_msgs/include/rokubimini_msgs/rokubimini_msgs/srv/detail/firmware_update_serial__builder.hpp
-- Installing: /home/acl3-ubuntu/holohover_ws/src/holohover/install/rokubimini_msgs/include/rokubimini_msgs/rokubimini_msgs/srv/detail/get_sensor_configuration__struct.hpp
-- Installing: /home/acl3-ubuntu/holohover_ws/src/holohover/install/rokubimini_msgs/include/rokubimini_msgs/rokubimini_msgs/srv/detail/reset_wrench__builder.hpp
-- Installing: /home/acl3-ubuntu/holohover_ws/src/holohover/install/rokubimini_msgs/include/rokubimini_msgs/rokubimini_msgs/srv/detail/reset_wrench__struct.hpp
-- Installing: /home/acl3-ubuntu/holohover_ws/src/holohover/install/rokubimini_msgs/include/rokubimini_msgs/rokubimini_msgs/srv/detail/set_sensor_configuration__struct.hpp
-- Installing: /home/acl3-ubuntu/holohover_ws/src/holohover/install/rokubimini_msgs/include/rokubimini_msgs/rokubimini_msgs/srv/detail/reset_wrench__traits.hpp
-- Installing: /home/acl3-ubuntu/holohover_ws/src/holohover/install/rokubimini_msgs/include/rokubimini_msgs/rokubimini_msgs/srv/firmware_update_ethercat.hpp
-- Installing: /home/acl3-ubuntu/holohover_ws/src/holohover/install/rokubimini_msgs/include/rokubimini_msgs/rokubimini_msgs/srv/reset_wrench.hpp
-- Installing: /home/acl3-ubuntu/holohover_ws/src/holohover/install/rokubimini_msgs/include/rokubimini_msgs/rokubimini_msgs/srv/get_sensor_configuration.hpp
-- Up-to-date: /home/acl3-ubuntu/holohover_ws/src/holohover/install/rokubimini_msgs/include/rokubimini_msgs/rokubimini_msgs/msg
-- Up-to-date: /home/acl3-ubuntu/holohover_ws/src/holohover/install/rokubimini_msgs/include/rokubimini_msgs/rokubimini_msgs/msg/detail
-- Installing: /home/acl3-ubuntu/holohover_ws/src/holohover/install/rokubimini_msgs/include/rokubimini_msgs/rokubimini_msgs/msg/detail/reading__builder.hpp
-- Installing: /home/acl3-ubuntu/holohover_ws/src/holohover/install/rokubimini_msgs/include/rokubimini_msgs/rokubimini_msgs/msg/detail/reading__struct.hpp
-- Installing: /home/acl3-ubuntu/holohover_ws/src/holohover/install/rokubimini_msgs/include/rokubimini_msgs/rokubimini_msgs/msg/detail/reading__traits.hpp
-- Installing: /home/acl3-ubuntu/holohover_ws/src/holohover/install/rokubimini_msgs/include/rokubimini_msgs/rokubimini_msgs/msg/reading.hpp
-- Up-to-date: /home/acl3-ubuntu/holohover_ws/src/holohover/install/rokubimini_msgs/include/rokubimini_msgs/rokubimini_msgs
-- Up-to-date: /home/acl3-ubuntu/holohover_ws/src/holohover/install/rokubimini_msgs/include/rokubimini_msgs/rokubimini_msgs/srv
-- Up-to-date: /home/acl3-ubuntu/holohover_ws/src/holohover/install/rokubimini_msgs/include/rokubimini_msgs/rokubimini_msgs/srv/detail
-- Installing: /home/acl3-ubuntu/holohover_ws/src/holohover/install/rokubimini_msgs/include/rokubimini_msgs/rokubimini_msgs/srv/detail/firmware_update_serial__rosidl_typesupport_fastrtps_cpp.hpp
-- Up-to-date: /home/acl3-ubuntu/holohover_ws/src/holohover/install/rokubimini_msgs/include/rokubimini_msgs/rokubimini_msgs/srv/detail/dds_fastrtps
-- Installing: /home/acl3-ubuntu/holohover_ws/src/holohover/install/rokubimini_msgs/include/rokubimini_msgs/rokubimini_msgs/srv/detail/firmware_update_ethercat__rosidl_typesupport_fastrtps_cpp.hpp
-- Installing: /home/acl3-ubuntu/holohover_ws/src/holohover/install/rokubimini_msgs/include/rokubimini_msgs/rokubimini_msgs/srv/detail/reset_wrench__rosidl_typesupport_fastrtps_cpp.hpp
-- Installing: /home/acl3-ubuntu/holohover_ws/src/holohover/install/rokubimini_msgs/include/rokubimini_msgs/rokubimini_msgs/srv/detail/get_sensor_configuration__rosidl_typesupport_fastrtps_cpp.hpp
-- Installing: /home/acl3-ubuntu/holohover_ws/src/holohover/install/rokubimini_msgs/include/rokubimini_msgs/rokubimini_msgs/srv/detail/set_sensor_configuration__rosidl_typesupport_fastrtps_cpp.hpp
-- Up-to-date: /home/acl3-ubuntu/holohover_ws/src/holohover/install/rokubimini_msgs/include/rokubimini_msgs/rokubimini_msgs/msg
-- Installing: /home/acl3-ubuntu/holohover_ws/src/holohover/install/rokubimini_msgs/include/rokubimini_msgs/rokubimini_msgs/msg/rosidl_typesupport_fastrtps_cpp__visibility_control.h
-- Up-to-date: /home/acl3-ubuntu/holohover_ws/src/holohover/install/rokubimini_msgs/include/rokubimini_msgs/rokubimini_msgs/msg/detail
-- Up-to-date: /home/acl3-ubuntu/holohover_ws/src/holohover/install/rokubimini_msgs/include/rokubimini_msgs/rokubimini_msgs/msg/detail/dds_fastrtps
-- Installing: /home/acl3-ubuntu/holohover_ws/src/holohover/install/rokubimini_msgs/include/rokubimini_msgs/rokubimini_msgs/msg/detail/reading__rosidl_typesupport_fastrtps_cpp.hpp
-- Installing: /home/acl3-ubuntu/holohover_ws/src/holohover/install/rokubimini_msgs/lib/librokubimini_msgs__rosidl_typesupport_fastrtps_cpp.so
-- Set runtime path of "/home/acl3-ubuntu/holohover_ws/src/holohover/install/rokubimini_msgs/lib/librokubimini_msgs__rosidl_typesupport_fastrtps_cpp.so" to ""
-- Up-to-date: /home/acl3-ubuntu/holohover_ws/src/holohover/install/rokubimini_msgs/include/rokubimini_msgs/rokubimini_msgs
-- Up-to-date: /home/acl3-ubuntu/holohover_ws/src/holohover/install/rokubimini_msgs/include/rokubimini_msgs/rokubimini_msgs/srv
-- Up-to-date: /home/acl3-ubuntu/holohover_ws/src/holohover/install/rokubimini_msgs/include/rokubimini_msgs/rokubimini_msgs/srv/detail
-- Installing: /home/acl3-ubuntu/holohover_ws/src/holohover/install/rokubimini_msgs/include/rokubimini_msgs/rokubimini_msgs/srv/detail/firmware_update_ethercat__rosidl_typesupport_introspection_cpp.hpp
-- Installing: /home/acl3-ubuntu/holohover_ws/src/holohover/install/rokubimini_msgs/include/rokubimini_msgs/rokubimini_msgs/srv/detail/firmware_update_serial__rosidl_typesupport_introspection_cpp.hpp
-- Installing: /home/acl3-ubuntu/holohover_ws/src/holohover/install/rokubimini_msgs/include/rokubimini_msgs/rokubimini_msgs/srv/detail/reset_wrench__rosidl_typesupport_introspection_cpp.hpp
-- Installing: /home/acl3-ubuntu/holohover_ws/src/holohover/install/rokubimini_msgs/include/rokubimini_msgs/rokubimini_msgs/srv/detail/firmware_update_ethercat__type_support.cpp
-- Installing: /home/acl3-ubuntu/holohover_ws/src/holohover/install/rokubimini_msgs/include/rokubimini_msgs/rokubimini_msgs/srv/detail/set_sensor_configuration__type_support.cpp
-- Installing: /home/acl3-ubuntu/holohover_ws/src/holohover/install/rokubimini_msgs/include/rokubimini_msgs/rokubimini_msgs/srv/detail/set_sensor_configuration__rosidl_typesupport_introspection_cpp.hpp
-- Installing: /home/acl3-ubuntu/holohover_ws/src/holohover/install/rokubimini_msgs/include/rokubimini_msgs/rokubimini_msgs/srv/detail/get_sensor_configuration__type_support.cpp
-- Installing: /home/acl3-ubuntu/holohover_ws/src/holohover/install/rokubimini_msgs/include/rokubimini_msgs/rokubimini_msgs/srv/detail/reset_wrench__type_support.cpp
-- Installing: /home/acl3-ubuntu/holohover_ws/src/holohover/install/rokubimini_msgs/include/rokubimini_msgs/rokubimini_msgs/srv/detail/get_sensor_configuration__rosidl_typesupport_introspection_cpp.hpp
-- Installing: /home/acl3-ubuntu/holohover_ws/src/holohover/install/rokubimini_msgs/include/rokubimini_msgs/rokubimini_msgs/srv/detail/firmware_update_serial__type_support.cpp
-- Up-to-date: /home/acl3-ubuntu/holohover_ws/src/holohover/install/rokubimini_msgs/include/rokubimini_msgs/rokubimini_msgs/msg
-- Up-to-date: /home/acl3-ubuntu/holohover_ws/src/holohover/install/rokubimini_msgs/include/rokubimini_msgs/rokubimini_msgs/msg/detail
-- Installing: /home/acl3-ubuntu/holohover_ws/src/holohover/install/rokubimini_msgs/include/rokubimini_msgs/rokubimini_msgs/msg/detail/reading__type_support.cpp
-- Installing: /home/acl3-ubuntu/holohover_ws/src/holohover/install/rokubimini_msgs/include/rokubimini_msgs/rokubimini_msgs/msg/detail/reading__rosidl_typesupport_introspection_cpp.hpp
-- Installing: /home/acl3-ubuntu/holohover_ws/src/holohover/install/rokubimini_msgs/lib/librokubimini_msgs__rosidl_typesupport_introspection_cpp.so
-- Set runtime path of "/home/acl3-ubuntu/holohover_ws/src/holohover/install/rokubimini_msgs/lib/librokubimini_msgs__rosidl_typesupport_introspection_cpp.so" to ""
-- Installing: /home/acl3-ubuntu/holohover_ws/src/holohover/install/rokubimini_msgs/lib/librokubimini_msgs__rosidl_typesupport_cpp.so
-- Set runtime path of "/home/acl3-ubuntu/holohover_ws/src/holohover/install/rokubimini_msgs/lib/librokubimini_msgs__rosidl_typesupport_cpp.so" to ""
-- Installing: /home/acl3-ubuntu/holohover_ws/src/holohover/install/rokubimini_msgs/share/rokubimini_msgs/environment/pythonpath.sh
-- Installing: /home/acl3-ubuntu/holohover_ws/src/holohover/install/rokubimini_msgs/share/rokubimini_msgs/environment/pythonpath.dsv
-- Installing: /home/acl3-ubuntu/holohover_ws/src/holohover/install/rokubimini_msgs/local/lib/python3.10/dist-packages/rokubimini_msgs-0.6.1-py3.10.egg-info
-- Installing: /home/acl3-ubuntu/holohover_ws/src/holohover/install/rokubimini_msgs/local/lib/python3.10/dist-packages/rokubimini_msgs-0.6.1-py3.10.egg-info/top_level.txt
-- Installing: /home/acl3-ubuntu/holohover_ws/src/holohover/install/rokubimini_msgs/local/lib/python3.10/dist-packages/rokubimini_msgs-0.6.1-py3.10.egg-info/dependency_links.txt
-- Installing: /home/acl3-ubuntu/holohover_ws/src/holohover/install/rokubimini_msgs/local/lib/python3.10/dist-packages/rokubimini_msgs-0.6.1-py3.10.egg-info/SOURCES.txt
-- Installing: /home/acl3-ubuntu/holohover_ws/src/holohover/install/rokubimini_msgs/local/lib/python3.10/dist-packages/rokubimini_msgs-0.6.1-py3.10.egg-info/PKG-INFO
-- Up-to-date: /home/acl3-ubuntu/holohover_ws/src/holohover/install/rokubimini_msgs/local/lib/python3.10/dist-packages/rokubimini_msgs
-- Installing: /home/acl3-ubuntu/holohover_ws/src/holohover/install/rokubimini_msgs/local/lib/python3.10/dist-packages/rokubimini_msgs/rokubimini_msgs_s__rosidl_typesupport_fastrtps_c.cpython-310-x86_64-linux-gnu.so
-- Installing: /home/acl3-ubuntu/holohover_ws/src/holohover/install/rokubimini_msgs/local/lib/python3.10/dist-packages/rokubimini_msgs/__init__.py
-- Installing: /home/acl3-ubuntu/holohover_ws/src/holohover/install/rokubimini_msgs/local/lib/python3.10/dist-packages/rokubimini_msgs/_rokubimini_msgs_s.ep.rosidl_typesupport_introspection_c.c
-- Up-to-date: /home/acl3-ubuntu/holohover_ws/src/holohover/install/rokubimini_msgs/local/lib/python3.10/dist-packages/rokubimini_msgs/srv
-- Installing: /home/acl3-ubuntu/holohover_ws/src/holohover/install/rokubimini_msgs/local/lib/python3.10/dist-packages/rokubimini_msgs/srv/_reset_wrench_s.c
-- Installing: /home/acl3-ubuntu/holohover_ws/src/holohover/install/rokubimini_msgs/local/lib/python3.10/dist-packages/rokubimini_msgs/srv/__init__.py
-- Installing: /home/acl3-ubuntu/holohover_ws/src/holohover/install/rokubimini_msgs/local/lib/python3.10/dist-packages/rokubimini_msgs/srv/_reset_wrench.py
-- Installing: /home/acl3-ubuntu/holohover_ws/src/holohover/install/rokubimini_msgs/local/lib/python3.10/dist-packages/rokubimini_msgs/srv/_set_sensor_configuration_s.c
-- Installing: /home/acl3-ubuntu/holohover_ws/src/holohover/install/rokubimini_msgs/local/lib/python3.10/dist-packages/rokubimini_msgs/srv/_firmware_update_serial_s.c
-- Installing: /home/acl3-ubuntu/holohover_ws/src/holohover/install/rokubimini_msgs/local/lib/python3.10/dist-packages/rokubimini_msgs/srv/_firmware_update_serial.py
-- Installing: /home/acl3-ubuntu/holohover_ws/src/holohover/install/rokubimini_msgs/local/lib/python3.10/dist-packages/rokubimini_msgs/srv/_firmware_update_ethercat.py
-- Installing: /home/acl3-ubuntu/holohover_ws/src/holohover/install/rokubimini_msgs/local/lib/python3.10/dist-packages/rokubimini_msgs/srv/_get_sensor_configuration.py
-- Installing: /home/acl3-ubuntu/holohover_ws/src/holohover/install/rokubimini_msgs/local/lib/python3.10/dist-packages/rokubimini_msgs/srv/_firmware_update_ethercat_s.c
-- Installing: /home/acl3-ubuntu/holohover_ws/src/holohover/install/rokubimini_msgs/local/lib/python3.10/dist-packages/rokubimini_msgs/srv/_get_sensor_configuration_s.c
-- Installing: /home/acl3-ubuntu/holohover_ws/src/holohover/install/rokubimini_msgs/local/lib/python3.10/dist-packages/rokubimini_msgs/srv/_set_sensor_configuration.py
-- Installing: /home/acl3-ubuntu/holohover_ws/src/holohover/install/rokubimini_msgs/local/lib/python3.10/dist-packages/rokubimini_msgs/_rokubimini_msgs_s.ep.rosidl_typesupport_fastrtps_c.c
-- Installing: /home/acl3-ubuntu/holohover_ws/src/holohover/install/rokubimini_msgs/local/lib/python3.10/dist-packages/rokubimini_msgs/librokubimini_msgs__rosidl_generator_py.so
-- Installing: /home/acl3-ubuntu/holohover_ws/src/holohover/install/rokubimini_msgs/local/lib/python3.10/dist-packages/rokubimini_msgs/_rokubimini_msgs_s.ep.rosidl_typesupport_c.c
-- Installing: /home/acl3-ubuntu/holohover_ws/src/holohover/install/rokubimini_msgs/local/lib/python3.10/dist-packages/rokubimini_msgs/rokubimini_msgs_s__rosidl_typesupport_c.cpython-310-x86_64-linux-gnu.so
-- Installing: /home/acl3-ubuntu/holohover_ws/src/holohover/install/rokubimini_msgs/local/lib/python3.10/dist-packages/rokubimini_msgs/rokubimini_msgs_s__rosidl_typesupport_introspection_c.cpython-310-x86_64-linux-gnu.so
-- Up-to-date: /home/acl3-ubuntu/holohover_ws/src/holohover/install/rokubimini_msgs/local/lib/python3.10/dist-packages/rokubimini_msgs/msg
-- Installing: /home/acl3-ubuntu/holohover_ws/src/holohover/install/rokubimini_msgs/local/lib/python3.10/dist-packages/rokubimini_msgs/msg/__init__.py
-- Installing: /home/acl3-ubuntu/holohover_ws/src/holohover/install/rokubimini_msgs/local/lib/python3.10/dist-packages/rokubimini_msgs/msg/_reading.py
-- Installing: /home/acl3-ubuntu/holohover_ws/src/holohover/install/rokubimini_msgs/local/lib/python3.10/dist-packages/rokubimini_msgs/msg/_reading_s.c
Listing '/home/acl3-ubuntu/holohover_ws/src/holohover/install/rokubimini_msgs/local/lib/python3.10/dist-packages/rokubimini_msgs'...
Compiling '/home/acl3-ubuntu/holohover_ws/src/holohover/install/rokubimini_msgs/local/lib/python3.10/dist-packages/rokubimini_msgs/__init__.py'...
Listing '/home/acl3-ubuntu/holohover_ws/src/holohover/install/rokubimini_msgs/local/lib/python3.10/dist-packages/rokubimini_msgs/msg'...
Compiling '/home/acl3-ubuntu/holohover_ws/src/holohover/install/rokubimini_msgs/local/lib/python3.10/dist-packages/rokubimini_msgs/msg/__init__.py'...
Compiling '/home/acl3-ubuntu/holohover_ws/src/holohover/install/rokubimini_msgs/local/lib/python3.10/dist-packages/rokubimini_msgs/msg/_reading.py'...
Listing '/home/acl3-ubuntu/holohover_ws/src/holohover/install/rokubimini_msgs/local/lib/python3.10/dist-packages/rokubimini_msgs/srv'...
Compiling '/home/acl3-ubuntu/holohover_ws/src/holohover/install/rokubimini_msgs/local/lib/python3.10/dist-packages/rokubimini_msgs/srv/__init__.py'...
Compiling '/home/acl3-ubuntu/holohover_ws/src/holohover/install/rokubimini_msgs/local/lib/python3.10/dist-packages/rokubimini_msgs/srv/_firmware_update_ethercat.py'...
Compiling '/home/acl3-ubuntu/holohover_ws/src/holohover/install/rokubimini_msgs/local/lib/python3.10/dist-packages/rokubimini_msgs/srv/_firmware_update_serial.py'...
Compiling '/home/acl3-ubuntu/holohover_ws/src/holohover/install/rokubimini_msgs/local/lib/python3.10/dist-packages/rokubimini_msgs/srv/_get_sensor_configuration.py'...
Compiling '/home/acl3-ubuntu/holohover_ws/src/holohover/install/rokubimini_msgs/local/lib/python3.10/dist-packages/rokubimini_msgs/srv/_reset_wrench.py'...
Compiling '/home/acl3-ubuntu/holohover_ws/src/holohover/install/rokubimini_msgs/local/lib/python3.10/dist-packages/rokubimini_msgs/srv/_set_sensor_configuration.py'...
-- Installing: /home/acl3-ubuntu/holohover_ws/src/holohover/install/rokubimini_msgs/local/lib/python3.10/dist-packages/rokubimini_msgs/rokubimini_msgs_s__rosidl_typesupport_fastrtps_c.cpython-310-x86_64-linux-gnu.so
-- Set runtime path of "/home/acl3-ubuntu/holohover_ws/src/holohover/install/rokubimini_msgs/local/lib/python3.10/dist-packages/rokubimini_msgs/rokubimini_msgs_s__rosidl_typesupport_fastrtps_c.cpython-310-x86_64-linux-gnu.so" to ""
-- Installing: /home/acl3-ubuntu/holohover_ws/src/holohover/install/rokubimini_msgs/local/lib/python3.10/dist-packages/rokubimini_msgs/rokubimini_msgs_s__rosidl_typesupport_introspection_c.cpython-310-x86_64-linux-gnu.so
-- Set runtime path of "/home/acl3-ubuntu/holohover_ws/src/holohover/install/rokubimini_msgs/local/lib/python3.10/dist-packages/rokubimini_msgs/rokubimini_msgs_s__rosidl_typesupport_introspection_c.cpython-310-x86_64-linux-gnu.so" to ""
-- Installing: /home/acl3-ubuntu/holohover_ws/src/holohover/install/rokubimini_msgs/local/lib/python3.10/dist-packages/rokubimini_msgs/rokubimini_msgs_s__rosidl_typesupport_c.cpython-310-x86_64-linux-gnu.so
-- Set runtime path of "/home/acl3-ubuntu/holohover_ws/src/holohover/install/rokubimini_msgs/local/lib/python3.10/dist-packages/rokubimini_msgs/rokubimini_msgs_s__rosidl_typesupport_c.cpython-310-x86_64-linux-gnu.so" to ""
-- Installing: /home/acl3-ubuntu/holohover_ws/src/holohover/install/rokubimini_msgs/lib/librokubimini_msgs__rosidl_generator_py.so
-- Set runtime path of "/home/acl3-ubuntu/holohover_ws/src/holohover/install/rokubimini_msgs/lib/librokubimini_msgs__rosidl_generator_py.so" to ""
-- Installing: /home/acl3-ubuntu/holohover_ws/src/holohover/install/rokubimini_msgs/share/rokubimini_msgs/msg/Reading.idl
-- Installing: /home/acl3-ubuntu/holohover_ws/src/holohover/install/rokubimini_msgs/share/rokubimini_msgs/srv/GetSensorConfiguration.idl
-- Installing: /home/acl3-ubuntu/holohover_ws/src/holohover/install/rokubimini_msgs/share/rokubimini_msgs/srv/SetSensorConfiguration.idl
-- Installing: /home/acl3-ubuntu/holohover_ws/src/holohover/install/rokubimini_msgs/share/rokubimini_msgs/srv/FirmwareUpdateEthercat.idl
-- Installing: /home/acl3-ubuntu/holohover_ws/src/holohover/install/rokubimini_msgs/share/rokubimini_msgs/srv/FirmwareUpdateSerial.idl
-- Installing: /home/acl3-ubuntu/holohover_ws/src/holohover/install/rokubimini_msgs/share/rokubimini_msgs/srv/ResetWrench.idl
-- Installing: /home/acl3-ubuntu/holohover_ws/src/holohover/install/rokubimini_msgs/share/rokubimini_msgs/msg/Reading.msg
-- Installing: /home/acl3-ubuntu/holohover_ws/src/holohover/install/rokubimini_msgs/share/rokubimini_msgs/srv/GetSensorConfiguration.srv
-- Installing: /home/acl3-ubuntu/holohover_ws/src/holohover/install/rokubimini_msgs/share/rokubimini_msgs/srv/GetSensorConfiguration_Request.msg
-- Installing: /home/acl3-ubuntu/holohover_ws/src/holohover/install/rokubimini_msgs/share/rokubimini_msgs/srv/GetSensorConfiguration_Response.msg
-- Installing: /home/acl3-ubuntu/holohover_ws/src/holohover/install/rokubimini_msgs/share/rokubimini_msgs/srv/SetSensorConfiguration.srv
-- Installing: /home/acl3-ubuntu/holohover_ws/src/holohover/install/rokubimini_msgs/share/rokubimini_msgs/srv/SetSensorConfiguration_Request.msg
-- Installing: /home/acl3-ubuntu/holohover_ws/src/holohover/install/rokubimini_msgs/share/rokubimini_msgs/srv/SetSensorConfiguration_Response.msg
-- Installing: /home/acl3-ubuntu/holohover_ws/src/holohover/install/rokubimini_msgs/share/rokubimini_msgs/srv/FirmwareUpdateEthercat.srv
-- Installing: /home/acl3-ubuntu/holohover_ws/src/holohover/install/rokubimini_msgs/share/rokubimini_msgs/srv/FirmwareUpdateEthercat_Request.msg
-- Installing: /home/acl3-ubuntu/holohover_ws/src/holohover/install/rokubimini_msgs/share/rokubimini_msgs/srv/FirmwareUpdateEthercat_Response.msg
-- Installing: /home/acl3-ubuntu/holohover_ws/src/holohover/install/rokubimini_msgs/share/rokubimini_msgs/srv/FirmwareUpdateSerial.srv
-- Installing: /home/acl3-ubuntu/holohover_ws/src/holohover/install/rokubimini_msgs/share/rokubimini_msgs/srv/FirmwareUpdateSerial_Request.msg
-- Installing: /home/acl3-ubuntu/holohover_ws/src/holohover/install/rokubimini_msgs/share/rokubimini_msgs/srv/FirmwareUpdateSerial_Response.msg
-- Installing: /home/acl3-ubuntu/holohover_ws/src/holohover/install/rokubimini_msgs/share/rokubimini_msgs/srv/ResetWrench.srv
-- Installing: /home/acl3-ubuntu/holohover_ws/src/holohover/install/rokubimini_msgs/share/rokubimini_msgs/srv/ResetWrench_Request.msg
-- Installing: /home/acl3-ubuntu/holohover_ws/src/holohover/install/rokubimini_msgs/share/rokubimini_msgs/srv/ResetWrench_Response.msg
-- Installing: /home/acl3-ubuntu/holohover_ws/src/holohover/install/rokubimini_msgs/share/ament_index/resource_index/package_run_dependencies/rokubimini_msgs
-- Installing: /home/acl3-ubuntu/holohover_ws/src/holohover/install/rokubimini_msgs/share/ament_index/resource_index/parent_prefix_path/rokubimini_msgs
-- Installing: /home/acl3-ubuntu/holohover_ws/src/holohover/install/rokubimini_msgs/share/rokubimini_msgs/environment/ament_prefix_path.sh
-- Installing: /home/acl3-ubuntu/holohover_ws/src/holohover/install/rokubimini_msgs/share/rokubimini_msgs/environment/ament_prefix_path.dsv
-- Installing: /home/acl3-ubuntu/holohover_ws/src/holohover/install/rokubimini_msgs/share/rokubimini_msgs/environment/path.sh
-- Installing: /home/acl3-ubuntu/holohover_ws/src/holohover/install/rokubimini_msgs/share/rokubimini_msgs/environment/path.dsv
-- Installing: /home/acl3-ubuntu/holohover_ws/src/holohover/install/rokubimini_msgs/share/rokubimini_msgs/local_setup.bash
-- Installing: /home/acl3-ubuntu/holohover_ws/src/holohover/install/rokubimini_msgs/share/rokubimini_msgs/local_setup.sh
-- Installing: /home/acl3-ubuntu/holohover_ws/src/holohover/install/rokubimini_msgs/share/rokubimini_msgs/local_setup.zsh
-- Installing: /home/acl3-ubuntu/holohover_ws/src/holohover/install/rokubimini_msgs/share/rokubimini_msgs/local_setup.dsv
-- Installing: /home/acl3-ubuntu/holohover_ws/src/holohover/install/rokubimini_msgs/share/rokubimini_msgs/package.dsv
-- Installing: /home/acl3-ubuntu/holohover_ws/src/holohover/install/rokubimini_msgs/share/ament_index/resource_index/packages/rokubimini_msgs
-- Installing: /home/acl3-ubuntu/holohover_ws/src/holohover/install/rokubimini_msgs/share/rokubimini_msgs/cmake/export_rokubimini_msgs__rosidl_generator_cExport.cmake
-- Installing: /home/acl3-ubuntu/holohover_ws/src/holohover/install/rokubimini_msgs/share/rokubimini_msgs/cmake/export_rokubimini_msgs__rosidl_generator_cExport-noconfig.cmake
-- Installing: /home/acl3-ubuntu/holohover_ws/src/holohover/install/rokubimini_msgs/share/rokubimini_msgs/cmake/export_rokubimini_msgs__rosidl_typesupport_fastrtps_cExport.cmake
-- Installing: /home/acl3-ubuntu/holohover_ws/src/holohover/install/rokubimini_msgs/share/rokubimini_msgs/cmake/export_rokubimini_msgs__rosidl_typesupport_fastrtps_cExport-noconfig.cmake
-- Installing: /home/acl3-ubuntu/holohover_ws/src/holohover/install/rokubimini_msgs/share/rokubimini_msgs/cmake/rokubimini_msgs__rosidl_typesupport_introspection_cExport.cmake
-- Installing: /home/acl3-ubuntu/holohover_ws/src/holohover/install/rokubimini_msgs/share/rokubimini_msgs/cmake/rokubimini_msgs__rosidl_typesupport_introspection_cExport-noconfig.cmake
-- Installing: /home/acl3-ubuntu/holohover_ws/src/holohover/install/rokubimini_msgs/share/rokubimini_msgs/cmake/rokubimini_msgs__rosidl_typesupport_cExport.cmake
-- Installing: /home/acl3-ubuntu/holohover_ws/src/holohover/install/rokubimini_msgs/share/rokubimini_msgs/cmake/rokubimini_msgs__rosidl_typesupport_cExport-noconfig.cmake
-- Installing: /home/acl3-ubuntu/holohover_ws/src/holohover/install/rokubimini_msgs/share/rokubimini_msgs/cmake/export_rokubimini_msgs__rosidl_generator_cppExport.cmake
-- Installing: /home/acl3-ubuntu/holohover_ws/src/holohover/install/rokubimini_msgs/share/rokubimini_msgs/cmake/export_rokubimini_msgs__rosidl_typesupport_fastrtps_cppExport.cmake
-- Installing: /home/acl3-ubuntu/holohover_ws/src/holohover/install/rokubimini_msgs/share/rokubimini_msgs/cmake/export_rokubimini_msgs__rosidl_typesupport_fastrtps_cppExport-noconfig.cmake
-- Installing: /home/acl3-ubuntu/holohover_ws/src/holohover/install/rokubimini_msgs/share/rokubimini_msgs/cmake/rokubimini_msgs__rosidl_typesupport_introspection_cppExport.cmake
-- Installing: /home/acl3-ubuntu/holohover_ws/src/holohover/install/rokubimini_msgs/share/rokubimini_msgs/cmake/rokubimini_msgs__rosidl_typesupport_introspection_cppExport-noconfig.cmake
-- Installing: /home/acl3-ubuntu/holohover_ws/src/holohover/install/rokubimini_msgs/share/rokubimini_msgs/cmake/rokubimini_msgs__rosidl_typesupport_cppExport.cmake
-- Installing: /home/acl3-ubuntu/holohover_ws/src/holohover/install/rokubimini_msgs/share/rokubimini_msgs/cmake/rokubimini_msgs__rosidl_typesupport_cppExport-noconfig.cmake
-- Installing: /home/acl3-ubuntu/holohover_ws/src/holohover/install/rokubimini_msgs/share/rokubimini_msgs/cmake/export_rokubimini_msgs__rosidl_generator_pyExport.cmake
-- Installing: /home/acl3-ubuntu/holohover_ws/src/holohover/install/rokubimini_msgs/share/rokubimini_msgs/cmake/export_rokubimini_msgs__rosidl_generator_pyExport-noconfig.cmake
-- Installing: /home/acl3-ubuntu/holohover_ws/src/holohover/install/rokubimini_msgs/share/rokubimini_msgs/cmake/rosidl_cmake-extras.cmake
-- Installing: /home/acl3-ubuntu/holohover_ws/src/holohover/install/rokubimini_msgs/share/rokubimini_msgs/cmake/ament_cmake_export_dependencies-extras.cmake
-- Installing: /home/acl3-ubuntu/holohover_ws/src/holohover/install/rokubimini_msgs/share/rokubimini_msgs/cmake/ament_cmake_export_include_directories-extras.cmake
-- Installing: /home/acl3-ubuntu/holohover_ws/src/holohover/install/rokubimini_msgs/share/rokubimini_msgs/cmake/ament_cmake_export_libraries-extras.cmake
-- Installing: /home/acl3-ubuntu/holohover_ws/src/holohover/install/rokubimini_msgs/share/rokubimini_msgs/cmake/ament_cmake_export_targets-extras.cmake
-- Installing: /home/acl3-ubuntu/holohover_ws/src/holohover/install/rokubimini_msgs/share/rokubimini_msgs/cmake/rosidl_cmake_export_typesupport_targets-extras.cmake
-- Installing: /home/acl3-ubuntu/holohover_ws/src/holohover/install/rokubimini_msgs/share/rokubimini_msgs/cmake/rosidl_cmake_export_typesupport_libraries-extras.cmake
-- Installing: /home/acl3-ubuntu/holohover_ws/src/holohover/install/rokubimini_msgs/share/rokubimini_msgs/cmake/rokubimini_msgsConfig.cmake
-- Installing: /home/acl3-ubuntu/holohover_ws/src/holohover/install/rokubimini_msgs/share/rokubimini_msgs/cmake/rokubimini_msgsConfig-version.cmake
-- Installing: /home/acl3-ubuntu/holohover_ws/src/holohover/install/rokubimini_msgs/share/rokubimini_msgs/package.xml
