[0.054s] Invoking command in '/home/acl3-ubuntu/holohover_ws/src/holohover/build/rokubimini_msgs': CMAKE_PREFIX_PATH=${CMAKE_PREFIX_PATH}:/opt/ros/humble /usr/bin/cmake /home/acl3-ubuntu/holohover_ws/src/holohover/bota_driver/rokubimini_msgs -DCMAKE_INSTALL_PREFIX=/home/acl3-ubuntu/holohover_ws/src/holohover/install/rokubimini_msgs
[0.152s] -- The C compiler identification is GNU 11.3.0
[0.273s] -- The CXX compiler identification is GNU 11.3.0
[0.279s] -- Detecting C compiler ABI info
[0.402s] -- Detecting C compiler ABI info - done
[0.422s] -- Check for working C compiler: /usr/bin/cc - skipped
[0.423s] -- Detecting C compile features
[0.423s] -- Detecting C compile features - done
[0.429s] -- Detecting CXX compiler ABI info
[0.563s] -- Detecting CXX compiler ABI info - done
[0.578s] -- Check for working CXX compiler: /usr/bin/c++ - skipped
[0.578s] -- Detecting CXX compile features
[0.579s] -- Detecting CXX compile features - done
[0.585s] -- Found ament_cmake: 1.3.3 (/opt/ros/humble/share/ament_cmake/cmake)
[0.934s] -- Found Python3: /usr/bin/python3.10 (found version "3.10.6") found components: Interpreter 
[1.151s] -- Found rosidl_default_generators: 1.2.0 (/opt/ros/humble/share/rosidl_default_generators/cmake)
[1.164s] -- Using all available rosidl_typesupport_c: rosidl_typesupport_fastrtps_c;rosidl_typesupport_introspection_c
[1.184s] -- Found rosidl_adapter: 3.1.4 (/opt/ros/humble/share/rosidl_adapter/cmake)
[1.291s] -- Using all available rosidl_typesupport_cpp: rosidl_typesupport_fastrtps_cpp;rosidl_typesupport_introspection_cpp
[1.384s] -- Found geometry_msgs: 4.2.3 (/opt/ros/humble/share/geometry_msgs/cmake)
[1.630s] -- Found sensor_msgs: 4.2.3 (/opt/ros/humble/share/sensor_msgs/cmake)
[2.825s] -- Found ament_cmake_ros: 0.10.0 (/opt/ros/humble/share/ament_cmake_ros/cmake)
[3.510s] -- Using all available rosidl_typesupport_c: rosidl_typesupport_fastrtps_c;rosidl_typesupport_introspection_c
[5.188s] -- Using all available rosidl_typesupport_cpp: rosidl_typesupport_fastrtps_cpp;rosidl_typesupport_introspection_cpp
[5.253s] -- Found PythonInterp: /usr/bin/python3 (found suitable version "3.10.6", minimum required is "3.6") 
[5.261s] -- Found python_cmake_module: 0.10.0 (/opt/ros/humble/share/python_cmake_module/cmake)
[5.375s] -- Found PythonLibs: /usr/lib/x86_64-linux-gnu/libpython3.10.so (found suitable version "3.10.6", minimum required is "3.5") 
[5.376s] -- Using PYTHON_EXECUTABLE: /usr/bin/python3
[5.376s] -- Using PYTHON_INCLUDE_DIRS: /usr/include/python3.10
[5.376s] -- Using PYTHON_LIBRARIES: /usr/lib/x86_64-linux-gnu/libpython3.10.so
[5.559s] -- Found PythonExtra: .so  
[6.215s] -- Configuring done
[6.542s] -- Generating done
[6.546s] -- Build files have been written to: /home/acl3-ubuntu/holohover_ws/src/holohover/build/rokubimini_msgs
[6.616s] Invoked command in '/home/acl3-ubuntu/holohover_ws/src/holohover/build/rokubimini_msgs' returned '0': CMAKE_PREFIX_PATH=${CMAKE_PREFIX_PATH}:/opt/ros/humble /usr/bin/cmake /home/acl3-ubuntu/holohover_ws/src/holohover/bota_driver/rokubimini_msgs -DCMAKE_INSTALL_PREFIX=/home/acl3-ubuntu/holohover_ws/src/holohover/install/rokubimini_msgs
[6.643s] Invoking command in '/home/acl3-ubuntu/holohover_ws/src/holohover/build/rokubimini_msgs': CMAKE_PREFIX_PATH=${CMAKE_PREFIX_PATH}:/opt/ros/humble /usr/bin/cmake --build /home/acl3-ubuntu/holohover_ws/src/holohover/build/rokubimini_msgs -- -j8 -l8
[22.419s] [  1%] [34m[1mGenerating C code for ROS interfaces[0m
[22.419s] [  2%] [34m[1mGenerating C++ code for ROS interfaces[0m
[22.419s] [  2%] Built target ament_cmake_python_copy_rokubimini_msgs
[22.419s] running egg_info
[22.419s] creating rokubimini_msgs.egg-info
[22.419s] writing rokubimini_msgs.egg-info/PKG-INFO
[22.420s] writing dependency_links to rokubimini_msgs.egg-info/dependency_links.txt
[22.420s] writing top-level names to rokubimini_msgs.egg-info/top_level.txt
[22.420s] writing manifest file 'rokubimini_msgs.egg-info/SOURCES.txt'
[22.420s] reading manifest file 'rokubimini_msgs.egg-info/SOURCES.txt'
[22.420s] writing manifest file 'rokubimini_msgs.egg-info/SOURCES.txt'
[22.420s] [  2%] Built target ament_cmake_python_build_rokubimini_msgs_egg
[22.420s] [  2%] Built target rokubimini_msgs__cpp
[22.420s] [  4%] [32mBuilding C object CMakeFiles/rokubimini_msgs__rosidl_generator_c.dir/rosidl_generator_c/rokubimini_msgs/srv/detail/get_sensor_configuration__functions.c.o[0m
[22.421s] [  5%] [32mBuilding C object CMakeFiles/rokubimini_msgs__rosidl_generator_c.dir/rosidl_generator_c/rokubimini_msgs/msg/detail/reading__functions.c.o[0m
[22.421s] [  7%] [32mBuilding C object CMakeFiles/rokubimini_msgs__rosidl_generator_c.dir/rosidl_generator_c/rokubimini_msgs/srv/detail/set_sensor_configuration__functions.c.o[0m
[22.421s] [  8%] [32mBuilding C object CMakeFiles/rokubimini_msgs__rosidl_generator_c.dir/rosidl_generator_c/rokubimini_msgs/srv/detail/reset_wrench__functions.c.o[0m
[22.421s] [ 11%] [32mBuilding C object CMakeFiles/rokubimini_msgs__rosidl_generator_c.dir/rosidl_generator_c/rokubimini_msgs/srv/detail/firmware_update_ethercat__functions.c.o[0m
[22.421s] [ 11%] [32mBuilding C object CMakeFiles/rokubimini_msgs__rosidl_generator_c.dir/rosidl_generator_c/rokubimini_msgs/srv/detail/firmware_update_serial__functions.c.o[0m
[22.421s] [ 12%] [34m[1mGenerating C++ type support dispatch for ROS interfaces[0m
[22.421s] [ 14%] [34m[1mGenerating C++ type support for eProsima Fast-RTPS[0m
[22.422s] [ 15%] [34m[1mGenerating C++ introspection for ROS interfaces[0m
[22.422s] [ 16%] [32m[1mLinking C shared library librokubimini_msgs__rosidl_generator_c.so[0m
[22.422s] [ 16%] Built target rokubimini_msgs__rosidl_generator_c
[22.422s] [ 18%] [34m[1mGenerating C introspection for ROS interfaces[0m
[22.422s] [ 19%] [34m[1mGenerating C type support dispatch for ROS interfaces[0m
[22.422s] [ 21%] [34m[1mGenerating C type support for eProsima Fast-RTPS[0m
[22.422s] [ 22%] [32mBuilding CXX object CMakeFiles/rokubimini_msgs__rosidl_typesupport_fastrtps_cpp.dir/rosidl_typesupport_fastrtps_cpp/rokubimini_msgs/msg/detail/dds_fastrtps/reading__type_support.cpp.o[0m
[22.422s] [ 23%] [32mBuilding CXX object CMakeFiles/rokubimini_msgs__rosidl_typesupport_fastrtps_cpp.dir/rosidl_typesupport_fastrtps_cpp/rokubimini_msgs/srv/detail/dds_fastrtps/get_sensor_configuration__type_support.cpp.o[0m
[22.423s] [ 25%] [32mBuilding CXX object CMakeFiles/rokubimini_msgs__rosidl_typesupport_fastrtps_cpp.dir/rosidl_typesupport_fastrtps_cpp/rokubimini_msgs/srv/detail/dds_fastrtps/set_sensor_configuration__type_support.cpp.o[0m
[22.423s] [ 26%] [32mBuilding CXX object CMakeFiles/rokubimini_msgs__rosidl_typesupport_c.dir/rosidl_typesupport_c/rokubimini_msgs/msg/reading__type_support.cpp.o[0m
[22.423s] [ 28%] [32mBuilding CXX object CMakeFiles/rokubimini_msgs__rosidl_typesupport_c.dir/rosidl_typesupport_c/rokubimini_msgs/srv/get_sensor_configuration__type_support.cpp.o[0m
[22.423s] [ 29%] [32mBuilding CXX object CMakeFiles/rokubimini_msgs__rosidl_typesupport_c.dir/rosidl_typesupport_c/rokubimini_msgs/srv/set_sensor_configuration__type_support.cpp.o[0m
[22.423s] [ 30%] [32mBuilding CXX object CMakeFiles/rokubimini_msgs__rosidl_typesupport_cpp.dir/rosidl_typesupport_cpp/rokubimini_msgs/msg/reading__type_support.cpp.o[0m
[22.424s] [ 32%] [32mBuilding CXX object CMakeFiles/rokubimini_msgs__rosidl_typesupport_c.dir/rosidl_typesupport_c/rokubimini_msgs/srv/firmware_update_ethercat__type_support.cpp.o[0m
[22.424s] [ 33%] [32mBuilding CXX object CMakeFiles/rokubimini_msgs__rosidl_typesupport_c.dir/rosidl_typesupport_c/rokubimini_msgs/srv/firmware_update_serial__type_support.cpp.o[0m
[22.424s] [ 35%] [32mBuilding CXX object CMakeFiles/rokubimini_msgs__rosidl_typesupport_c.dir/rosidl_typesupport_c/rokubimini_msgs/srv/reset_wrench__type_support.cpp.o[0m
[22.424s] [ 36%] [32mBuilding CXX object CMakeFiles/rokubimini_msgs__rosidl_typesupport_fastrtps_cpp.dir/rosidl_typesupport_fastrtps_cpp/rokubimini_msgs/srv/detail/dds_fastrtps/firmware_update_ethercat__type_support.cpp.o[0m
[22.424s] [ 38%] [32m[1mLinking CXX shared library librokubimini_msgs__rosidl_typesupport_c.so[0m
[22.424s] [ 38%] Built target rokubimini_msgs__rosidl_typesupport_c
[22.424s] [ 39%] [32mBuilding CXX object CMakeFiles/rokubimini_msgs__rosidl_typesupport_fastrtps_cpp.dir/rosidl_typesupport_fastrtps_cpp/rokubimini_msgs/srv/detail/dds_fastrtps/firmware_update_serial__type_support.cpp.o[0m
[22.424s] [ 40%] [32mBuilding C object CMakeFiles/rokubimini_msgs__rosidl_typesupport_introspection_c.dir/rosidl_typesupport_introspection_c/rokubimini_msgs/msg/detail/reading__type_support.c.o[0m
[22.425s] [ 42%] [32mBuilding CXX object CMakeFiles/rokubimini_msgs__rosidl_typesupport_fastrtps_cpp.dir/rosidl_typesupport_fastrtps_cpp/rokubimini_msgs/srv/detail/dds_fastrtps/reset_wrench__type_support.cpp.o[0m
[22.425s] [ 43%] [32mBuilding C object CMakeFiles/rokubimini_msgs__rosidl_typesupport_introspection_c.dir/rosidl_typesupport_introspection_c/rokubimini_msgs/srv/detail/get_sensor_configuration__type_support.c.o[0m
[22.425s] [ 45%] [32mBuilding CXX object CMakeFiles/rokubimini_msgs__rosidl_typesupport_cpp.dir/rosidl_typesupport_cpp/rokubimini_msgs/srv/get_sensor_configuration__type_support.cpp.o[0m
[22.425s] [ 46%] [32mBuilding C object CMakeFiles/rokubimini_msgs__rosidl_typesupport_introspection_c.dir/rosidl_typesupport_introspection_c/rokubimini_msgs/srv/detail/set_sensor_configuration__type_support.c.o[0m
[22.425s] [ 47%] [32mBuilding CXX object CMakeFiles/rokubimini_msgs__rosidl_typesupport_introspection_cpp.dir/rosidl_typesupport_introspection_cpp/rokubimini_msgs/msg/detail/reading__type_support.cpp.o[0m
[22.425s] [ 49%] [32mBuilding CXX object CMakeFiles/rokubimini_msgs__rosidl_typesupport_introspection_cpp.dir/rosidl_typesupport_introspection_cpp/rokubimini_msgs/srv/detail/get_sensor_configuration__type_support.cpp.o[0m
[22.425s] [ 50%] [32mBuilding C object CMakeFiles/rokubimini_msgs__rosidl_typesupport_introspection_c.dir/rosidl_typesupport_introspection_c/rokubimini_msgs/srv/detail/firmware_update_ethercat__type_support.c.o[0m
[22.425s] [ 52%] [32mBuilding C object CMakeFiles/rokubimini_msgs__rosidl_typesupport_introspection_c.dir/rosidl_typesupport_introspection_c/rokubimini_msgs/srv/detail/firmware_update_serial__type_support.c.o[0m
[22.426s] [ 53%] [32mBuilding CXX object CMakeFiles/rokubimini_msgs__rosidl_typesupport_cpp.dir/rosidl_typesupport_cpp/rokubimini_msgs/srv/set_sensor_configuration__type_support.cpp.o[0m
[22.426s] [ 54%] [32mBuilding C object CMakeFiles/rokubimini_msgs__rosidl_typesupport_introspection_c.dir/rosidl_typesupport_introspection_c/rokubimini_msgs/srv/detail/reset_wrench__type_support.c.o[0m
[22.426s] [ 56%] [32mBuilding CXX object CMakeFiles/rokubimini_msgs__rosidl_typesupport_cpp.dir/rosidl_typesupport_cpp/rokubimini_msgs/srv/firmware_update_ethercat__type_support.cpp.o[0m
[22.426s] [ 57%] [32mBuilding CXX object CMakeFiles/rokubimini_msgs__rosidl_typesupport_fastrtps_c.dir/rosidl_typesupport_fastrtps_c/rokubimini_msgs/msg/detail/reading__type_support_c.cpp.o[0m
[22.426s] [ 59%] [32m[1mLinking C shared library librokubimini_msgs__rosidl_typesupport_introspection_c.so[0m
[22.426s] [ 59%] Built target rokubimini_msgs__rosidl_typesupport_introspection_c
[22.426s] [ 60%] [32mBuilding CXX object CMakeFiles/rokubimini_msgs__rosidl_typesupport_cpp.dir/rosidl_typesupport_cpp/rokubimini_msgs/srv/firmware_update_serial__type_support.cpp.o[0m
[22.427s] [ 61%] [32m[1mLinking CXX shared library librokubimini_msgs__rosidl_typesupport_fastrtps_cpp.so[0m
[22.427s] [ 63%] [32mBuilding CXX object CMakeFiles/rokubimini_msgs__rosidl_typesupport_fastrtps_c.dir/rosidl_typesupport_fastrtps_c/rokubimini_msgs/srv/detail/firmware_update_ethercat__type_support_c.cpp.o[0m
[22.427s] [ 63%] Built target rokubimini_msgs__rosidl_typesupport_fastrtps_cpp
[22.427s] [ 64%] [32mBuilding CXX object CMakeFiles/rokubimini_msgs__rosidl_typesupport_cpp.dir/rosidl_typesupport_cpp/rokubimini_msgs/srv/reset_wrench__type_support.cpp.o[0m
[22.428s] [ 66%] [32mBuilding CXX object CMakeFiles/rokubimini_msgs__rosidl_typesupport_introspection_cpp.dir/rosidl_typesupport_introspection_cpp/rokubimini_msgs/srv/detail/firmware_update_serial__type_support.cpp.o[0m
[22.428s] [ 67%] [32mBuilding CXX object CMakeFiles/rokubimini_msgs__rosidl_typesupport_fastrtps_c.dir/rosidl_typesupport_fastrtps_c/rokubimini_msgs/srv/detail/firmware_update_serial__type_support_c.cpp.o[0m
[22.428s] [ 69%] [32m[1mLinking CXX shared library librokubimini_msgs__rosidl_typesupport_cpp.so[0m
[22.428s] [ 69%] Built target rokubimini_msgs__rosidl_typesupport_cpp
[22.428s] [ 70%] [32mBuilding CXX object CMakeFiles/rokubimini_msgs__rosidl_typesupport_introspection_cpp.dir/rosidl_typesupport_introspection_cpp/rokubimini_msgs/srv/detail/reset_wrench__type_support.cpp.o[0m
[22.428s] [ 71%] [32mBuilding CXX object CMakeFiles/rokubimini_msgs__rosidl_typesupport_fastrtps_c.dir/rosidl_typesupport_fastrtps_c/rokubimini_msgs/srv/detail/reset_wrench__type_support_c.cpp.o[0m
[22.733s] [ 73%] [32mBuilding CXX object CMakeFiles/rokubimini_msgs__rosidl_typesupport_introspection_cpp.dir/rosidl_typesupport_introspection_cpp/rokubimini_msgs/srv/detail/firmware_update_ethercat__type_support.cpp.o[0m
[23.188s] [ 74%] [32mBuilding CXX object CMakeFiles/rokubimini_msgs__rosidl_typesupport_fastrtps_c.dir/rosidl_typesupport_fastrtps_c/rokubimini_msgs/srv/detail/set_sensor_configuration__type_support_c.cpp.o[0m
[23.922s] [ 76%] [32mBuilding CXX object CMakeFiles/rokubimini_msgs__rosidl_typesupport_fastrtps_c.dir/rosidl_typesupport_fastrtps_c/rokubimini_msgs/srv/detail/get_sensor_configuration__type_support_c.cpp.o[0m
[23.934s] [ 77%] [32mBuilding CXX object CMakeFiles/rokubimini_msgs__rosidl_typesupport_introspection_cpp.dir/rosidl_typesupport_introspection_cpp/rokubimini_msgs/srv/detail/set_sensor_configuration__type_support.cpp.o[0m
[24.604s] [ 78%] [32m[1mLinking CXX shared library librokubimini_msgs__rosidl_typesupport_fastrtps_c.so[0m
[24.753s] [ 80%] [32m[1mLinking CXX shared library librokubimini_msgs__rosidl_typesupport_introspection_cpp.so[0m
[24.855s] [ 80%] Built target rokubimini_msgs__rosidl_typesupport_fastrtps_c
[24.926s] [ 80%] Built target rokubimini_msgs__rosidl_typesupport_introspection_cpp
[24.967s] [ 80%] Built target rokubimini_msgs
[25.025s] [ 81%] [34m[1mGenerating Python code for ROS interfaces[0m
[27.463s] [ 81%] Built target rokubimini_msgs__py
[27.507s] [ 83%] [32mBuilding C object CMakeFiles/rokubimini_msgs__rosidl_generator_py.dir/rosidl_generator_py/rokubimini_msgs/msg/_reading_s.c.o[0m
[27.689s] [ 84%] [32mBuilding C object CMakeFiles/rokubimini_msgs__rosidl_generator_py.dir/rosidl_generator_py/rokubimini_msgs/srv/_reset_wrench_s.c.o[0m
[27.879s] [ 85%] [32mBuilding C object CMakeFiles/rokubimini_msgs__rosidl_generator_py.dir/rosidl_generator_py/rokubimini_msgs/srv/_firmware_update_serial_s.c.o[0m
[28.053s] [ 87%] [32mBuilding C object CMakeFiles/rokubimini_msgs__rosidl_generator_py.dir/rosidl_generator_py/rokubimini_msgs/srv/_firmware_update_ethercat_s.c.o[0m
[28.171s] [ 88%] [32mBuilding C object CMakeFiles/rokubimini_msgs__rosidl_generator_py.dir/rosidl_generator_py/rokubimini_msgs/srv/_set_sensor_configuration_s.c.o[0m
[28.299s] [ 90%] [32mBuilding C object CMakeFiles/rokubimini_msgs__rosidl_generator_py.dir/rosidl_generator_py/rokubimini_msgs/srv/_get_sensor_configuration_s.c.o[0m
[28.446s] [ 91%] [32m[1mLinking C shared library rosidl_generator_py/rokubimini_msgs/librokubimini_msgs__rosidl_generator_py.so[0m
[28.521s] [ 91%] Built target rokubimini_msgs__rosidl_generator_py
[28.546s] [ 92%] [32mBuilding C object CMakeFiles/rokubimini_msgs__rosidl_typesupport_fastrtps_c__pyext.dir/rosidl_generator_py/rokubimini_msgs/_rokubimini_msgs_s.ep.rosidl_typesupport_fastrtps_c.c.o[0m
[28.715s] [ 94%] [32m[1mLinking C shared library rosidl_generator_py/rokubimini_msgs/rokubimini_msgs_s__rosidl_typesupport_fastrtps_c.cpython-310-x86_64-linux-gnu.so[0m
[28.767s] [ 94%] Built target rokubimini_msgs__rosidl_typesupport_fastrtps_c__pyext
[28.803s] [ 95%] [32mBuilding C object CMakeFiles/rokubimini_msgs__rosidl_typesupport_c__pyext.dir/rosidl_generator_py/rokubimini_msgs/_rokubimini_msgs_s.ep.rosidl_typesupport_c.c.o[0m
[28.957s] [ 97%] [32m[1mLinking C shared library rosidl_generator_py/rokubimini_msgs/rokubimini_msgs_s__rosidl_typesupport_c.cpython-310-x86_64-linux-gnu.so[0m
[29.020s] [ 97%] Built target rokubimini_msgs__rosidl_typesupport_c__pyext
[29.042s] [ 98%] [32mBuilding C object CMakeFiles/rokubimini_msgs__rosidl_typesupport_introspection_c__pyext.dir/rosidl_generator_py/rokubimini_msgs/_rokubimini_msgs_s.ep.rosidl_typesupport_introspection_c.c.o[0m
[29.189s] [100%] [32m[1mLinking C shared library rosidl_generator_py/rokubimini_msgs/rokubimini_msgs_s__rosidl_typesupport_introspection_c.cpython-310-x86_64-linux-gnu.so[0m
[29.240s] [100%] Built target rokubimini_msgs__rosidl_typesupport_introspection_c__pyext
[29.256s] Invoked command in '/home/acl3-ubuntu/holohover_ws/src/holohover/build/rokubimini_msgs' returned '0': CMAKE_PREFIX_PATH=${CMAKE_PREFIX_PATH}:/opt/ros/humble /usr/bin/cmake --build /home/acl3-ubuntu/holohover_ws/src/holohover/build/rokubimini_msgs -- -j8 -l8
[29.446s] Invoking command in '/home/acl3-ubuntu/holohover_ws/src/holohover/build/rokubimini_msgs': CMAKE_PREFIX_PATH=${CMAKE_PREFIX_PATH}:/opt/ros/humble /usr/bin/cmake --install /home/acl3-ubuntu/holohover_ws/src/holohover/build/rokubimini_msgs
[29.460s] -- Install configuration: ""
[29.460s] -- Installing: /home/acl3-ubuntu/holohover_ws/src/holohover/install/rokubimini_msgs/share/ament_index/resource_index/rosidl_interfaces/rokubimini_msgs
[29.461s] -- Up-to-date: /home/acl3-ubuntu/holohover_ws/src/holohover/install/rokubimini_msgs/include/rokubimini_msgs/rokubimini_msgs
[29.461s] -- Up-to-date: /home/acl3-ubuntu/holohover_ws/src/holohover/install/rokubimini_msgs/include/rokubimini_msgs/rokubimini_msgs/srv
[29.461s] -- Up-to-date: /home/acl3-ubuntu/holohover_ws/src/holohover/install/rokubimini_msgs/include/rokubimini_msgs/rokubimini_msgs/srv/detail
[29.461s] -- Installing: /home/acl3-ubuntu/holohover_ws/src/holohover/install/rokubimini_msgs/include/rokubimini_msgs/rokubimini_msgs/srv/detail/get_sensor_configuration__functions.c
[29.461s] -- Installing: /home/acl3-ubuntu/holohover_ws/src/holohover/install/rokubimini_msgs/include/rokubimini_msgs/rokubimini_msgs/srv/detail/firmware_update_ethercat__type_support.h
[29.462s] -- Installing: /home/acl3-ubuntu/holohover_ws/src/holohover/install/rokubimini_msgs/include/rokubimini_msgs/rokubimini_msgs/srv/detail/get_sensor_configuration__type_support.h
[29.462s] -- Installing: /home/acl3-ubuntu/holohover_ws/src/holohover/install/rokubimini_msgs/include/rokubimini_msgs/rokubimini_msgs/srv/detail/firmware_update_serial__struct.h
[29.462s] -- Installing: /home/acl3-ubuntu/holohover_ws/src/holohover/install/rokubimini_msgs/include/rokubimini_msgs/rokubimini_msgs/srv/detail/get_sensor_configuration__functions.h
[29.463s] -- Installing: /home/acl3-ubuntu/holohover_ws/src/holohover/install/rokubimini_msgs/include/rokubimini_msgs/rokubimini_msgs/srv/detail/reset_wrench__functions.h
[29.463s] -- Installing: /home/acl3-ubuntu/holohover_ws/src/holohover/install/rokubimini_msgs/include/rokubimini_msgs/rokubimini_msgs/srv/detail/set_sensor_configuration__type_support.h
[29.463s] -- Installing: /home/acl3-ubuntu/holohover_ws/src/holohover/install/rokubimini_msgs/include/rokubimini_msgs/rokubimini_msgs/srv/detail/firmware_update_ethercat__functions.h
[29.464s] -- Installing: /home/acl3-ubuntu/holohover_ws/src/holohover/install/rokubimini_msgs/include/rokubimini_msgs/rokubimini_msgs/srv/detail/set_sensor_configuration__functions.h
[29.464s] -- Installing: /home/acl3-ubuntu/holohover_ws/src/holohover/install/rokubimini_msgs/include/rokubimini_msgs/rokubimini_msgs/srv/detail/reset_wrench__functions.c
[29.464s] -- Installing: /home/acl3-ubuntu/holohover_ws/src/holohover/install/rokubimini_msgs/include/rokubimini_msgs/rokubimini_msgs/srv/detail/set_sensor_configuration__struct.h
[29.465s] -- Installing: /home/acl3-ubuntu/holohover_ws/src/holohover/install/rokubimini_msgs/include/rokubimini_msgs/rokubimini_msgs/srv/detail/firmware_update_serial__functions.h
[29.466s] -- Installing: /home/acl3-ubuntu/holohover_ws/src/holohover/install/rokubimini_msgs/include/rokubimini_msgs/rokubimini_msgs/srv/detail/firmware_update_ethercat__struct.h
[29.466s] -- Installing: /home/acl3-ubuntu/holohover_ws/src/holohover/install/rokubimini_msgs/include/rokubimini_msgs/rokubimini_msgs/srv/detail/firmware_update_serial__functions.c
[29.467s] -- Installing: /home/acl3-ubuntu/holohover_ws/src/holohover/install/rokubimini_msgs/include/rokubimini_msgs/rokubimini_msgs/srv/detail/get_sensor_configuration__struct.h
[29.467s] -- Installing: /home/acl3-ubuntu/holohover_ws/src/holohover/install/rokubimini_msgs/include/rokubimini_msgs/rokubimini_msgs/srv/detail/reset_wrench__type_support.h
[29.467s] -- Installing: /home/acl3-ubuntu/holohover_ws/src/holohover/install/rokubimini_msgs/include/rokubimini_msgs/rokubimini_msgs/srv/detail/firmware_update_ethercat__functions.c
[29.467s] -- Installing: /home/acl3-ubuntu/holohover_ws/src/holohover/install/rokubimini_msgs/include/rokubimini_msgs/rokubimini_msgs/srv/detail/firmware_update_serial__type_support.h
[29.468s] -- Installing: /home/acl3-ubuntu/holohover_ws/src/holohover/install/rokubimini_msgs/include/rokubimini_msgs/rokubimini_msgs/srv/detail/reset_wrench__struct.h
[29.468s] -- Installing: /home/acl3-ubuntu/holohover_ws/src/holohover/install/rokubimini_msgs/include/rokubimini_msgs/rokubimini_msgs/srv/detail/set_sensor_configuration__functions.c
[29.468s] -- Installing: /home/acl3-ubuntu/holohover_ws/src/holohover/install/rokubimini_msgs/include/rokubimini_msgs/rokubimini_msgs/srv/firmware_update_serial.h
[29.469s] -- Installing: /home/acl3-ubuntu/holohover_ws/src/holohover/install/rokubimini_msgs/include/rokubimini_msgs/rokubimini_msgs/srv/get_sensor_configuration.h
[29.469s] -- Installing: /home/acl3-ubuntu/holohover_ws/src/holohover/install/rokubimini_msgs/include/rokubimini_msgs/rokubimini_msgs/srv/set_sensor_configuration.h
[29.469s] -- Installing: /home/acl3-ubuntu/holohover_ws/src/holohover/install/rokubimini_msgs/include/rokubimini_msgs/rokubimini_msgs/srv/reset_wrench.h
[29.469s] -- Installing: /home/acl3-ubuntu/holohover_ws/src/holohover/install/rokubimini_msgs/include/rokubimini_msgs/rokubimini_msgs/srv/firmware_update_ethercat.h
[29.470s] -- Up-to-date: /home/acl3-ubuntu/holohover_ws/src/holohover/install/rokubimini_msgs/include/rokubimini_msgs/rokubimini_msgs/msg
[29.470s] -- Installing: /home/acl3-ubuntu/holohover_ws/src/holohover/install/rokubimini_msgs/include/rokubimini_msgs/rokubimini_msgs/msg/rosidl_generator_c__visibility_control.h
[29.470s] -- Up-to-date: /home/acl3-ubuntu/holohover_ws/src/holohover/install/rokubimini_msgs/include/rokubimini_msgs/rokubimini_msgs/msg/detail
[29.470s] -- Installing: /home/acl3-ubuntu/holohover_ws/src/holohover/install/rokubimini_msgs/include/rokubimini_msgs/rokubimini_msgs/msg/detail/reading__type_support.h
[29.471s] -- Installing: /home/acl3-ubuntu/holohover_ws/src/holohover/install/rokubimini_msgs/include/rokubimini_msgs/rokubimini_msgs/msg/detail/reading__struct.h
[29.471s] -- Installing: /home/acl3-ubuntu/holohover_ws/src/holohover/install/rokubimini_msgs/include/rokubimini_msgs/rokubimini_msgs/msg/detail/reading__functions.c
[29.472s] -- Installing: /home/acl3-ubuntu/holohover_ws/src/holohover/install/rokubimini_msgs/include/rokubimini_msgs/rokubimini_msgs/msg/detail/reading__functions.h
[29.472s] -- Installing: /home/acl3-ubuntu/holohover_ws/src/holohover/install/rokubimini_msgs/include/rokubimini_msgs/rokubimini_msgs/msg/reading.h
[29.473s] -- Installing: /home/acl3-ubuntu/holohover_ws/src/holohover/install/rokubimini_msgs/share/rokubimini_msgs/environment/library_path.sh
[29.473s] -- Installing: /home/acl3-ubuntu/holohover_ws/src/holohover/install/rokubimini_msgs/share/rokubimini_msgs/environment/library_path.dsv
[29.473s] -- Installing: /home/acl3-ubuntu/holohover_ws/src/holohover/install/rokubimini_msgs/lib/librokubimini_msgs__rosidl_generator_c.so
[29.474s] -- Set runtime path of "/home/acl3-ubuntu/holohover_ws/src/holohover/install/rokubimini_msgs/lib/librokubimini_msgs__rosidl_generator_c.so" to ""
[29.474s] -- Up-to-date: /home/acl3-ubuntu/holohover_ws/src/holohover/install/rokubimini_msgs/include/rokubimini_msgs/rokubimini_msgs
[29.475s] -- Up-to-date: /home/acl3-ubuntu/holohover_ws/src/holohover/install/rokubimini_msgs/include/rokubimini_msgs/rokubimini_msgs/srv
[29.475s] -- Up-to-date: /home/acl3-ubuntu/holohover_ws/src/holohover/install/rokubimini_msgs/include/rokubimini_msgs/rokubimini_msgs/srv/detail
[29.475s] -- Installing: /home/acl3-ubuntu/holohover_ws/src/holohover/install/rokubimini_msgs/include/rokubimini_msgs/rokubimini_msgs/srv/detail/firmware_update_serial__rosidl_typesupport_fastrtps_c.h
[29.475s] -- Installing: /home/acl3-ubuntu/holohover_ws/src/holohover/install/rokubimini_msgs/include/rokubimini_msgs/rokubimini_msgs/srv/detail/get_sensor_configuration__rosidl_typesupport_fastrtps_c.h
[29.476s] -- Installing: /home/acl3-ubuntu/holohover_ws/src/holohover/install/rokubimini_msgs/include/rokubimini_msgs/rokubimini_msgs/srv/detail/set_sensor_configuration__rosidl_typesupport_fastrtps_c.h
[29.476s] -- Installing: /home/acl3-ubuntu/holohover_ws/src/holohover/install/rokubimini_msgs/include/rokubimini_msgs/rokubimini_msgs/srv/detail/reset_wrench__rosidl_typesupport_fastrtps_c.h
[29.476s] -- Installing: /home/acl3-ubuntu/holohover_ws/src/holohover/install/rokubimini_msgs/include/rokubimini_msgs/rokubimini_msgs/srv/detail/firmware_update_ethercat__rosidl_typesupport_fastrtps_c.h
[29.477s] -- Up-to-date: /home/acl3-ubuntu/holohover_ws/src/holohover/install/rokubimini_msgs/include/rokubimini_msgs/rokubimini_msgs/msg
[29.477s] -- Up-to-date: /home/acl3-ubuntu/holohover_ws/src/holohover/install/rokubimini_msgs/include/rokubimini_msgs/rokubimini_msgs/msg/detail
[29.477s] -- Installing: /home/acl3-ubuntu/holohover_ws/src/holohover/install/rokubimini_msgs/include/rokubimini_msgs/rokubimini_msgs/msg/detail/reading__rosidl_typesupport_fastrtps_c.h
[29.477s] -- Installing: /home/acl3-ubuntu/holohover_ws/src/holohover/install/rokubimini_msgs/include/rokubimini_msgs/rokubimini_msgs/msg/rosidl_typesupport_fastrtps_c__visibility_control.h
[29.478s] -- Installing: /home/acl3-ubuntu/holohover_ws/src/holohover/install/rokubimini_msgs/lib/librokubimini_msgs__rosidl_typesupport_fastrtps_c.so
[29.478s] -- Set runtime path of "/home/acl3-ubuntu/holohover_ws/src/holohover/install/rokubimini_msgs/lib/librokubimini_msgs__rosidl_typesupport_fastrtps_c.so" to ""
[29.479s] -- Up-to-date: /home/acl3-ubuntu/holohover_ws/src/holohover/install/rokubimini_msgs/include/rokubimini_msgs/rokubimini_msgs
[29.479s] -- Up-to-date: /home/acl3-ubuntu/holohover_ws/src/holohover/install/rokubimini_msgs/include/rokubimini_msgs/rokubimini_msgs/srv
[29.479s] -- Up-to-date: /home/acl3-ubuntu/holohover_ws/src/holohover/install/rokubimini_msgs/include/rokubimini_msgs/rokubimini_msgs/srv/detail
[29.479s] -- Installing: /home/acl3-ubuntu/holohover_ws/src/holohover/install/rokubimini_msgs/include/rokubimini_msgs/rokubimini_msgs/srv/detail/firmware_update_ethercat__type_support.c
[29.479s] -- Installing: /home/acl3-ubuntu/holohover_ws/src/holohover/install/rokubimini_msgs/include/rokubimini_msgs/rokubimini_msgs/srv/detail/set_sensor_configuration__rosidl_typesupport_introspection_c.h
[29.480s] -- Installing: /home/acl3-ubuntu/holohover_ws/src/holohover/install/rokubimini_msgs/include/rokubimini_msgs/rokubimini_msgs/srv/detail/reset_wrench__type_support.c
[29.480s] -- Installing: /home/acl3-ubuntu/holohover_ws/src/holohover/install/rokubimini_msgs/include/rokubimini_msgs/rokubimini_msgs/srv/detail/get_sensor_configuration__rosidl_typesupport_introspection_c.h
[29.480s] -- Installing: /home/acl3-ubuntu/holohover_ws/src/holohover/install/rokubimini_msgs/include/rokubimini_msgs/rokubimini_msgs/srv/detail/reset_wrench__rosidl_typesupport_introspection_c.h
[29.481s] -- Installing: /home/acl3-ubuntu/holohover_ws/src/holohover/install/rokubimini_msgs/include/rokubimini_msgs/rokubimini_msgs/srv/detail/set_sensor_configuration__type_support.c
[29.481s] -- Installing: /home/acl3-ubuntu/holohover_ws/src/holohover/install/rokubimini_msgs/include/rokubimini_msgs/rokubimini_msgs/srv/detail/firmware_update_ethercat__rosidl_typesupport_introspection_c.h
[29.481s] -- Installing: /home/acl3-ubuntu/holohover_ws/src/holohover/install/rokubimini_msgs/include/rokubimini_msgs/rokubimini_msgs/srv/detail/get_sensor_configuration__type_support.c
[29.482s] -- Installing: /home/acl3-ubuntu/holohover_ws/src/holohover/install/rokubimini_msgs/include/rokubimini_msgs/rokubimini_msgs/srv/detail/firmware_update_serial__rosidl_typesupport_introspection_c.h
[29.482s] -- Installing: /home/acl3-ubuntu/holohover_ws/src/holohover/install/rokubimini_msgs/include/rokubimini_msgs/rokubimini_msgs/srv/detail/firmware_update_serial__type_support.c
[29.482s] -- Up-to-date: /home/acl3-ubuntu/holohover_ws/src/holohover/install/rokubimini_msgs/include/rokubimini_msgs/rokubimini_msgs/msg
[29.482s] -- Up-to-date: /home/acl3-ubuntu/holohover_ws/src/holohover/install/rokubimini_msgs/include/rokubimini_msgs/rokubimini_msgs/msg/detail
[29.483s] -- Installing: /home/acl3-ubuntu/holohover_ws/src/holohover/install/rokubimini_msgs/include/rokubimini_msgs/rokubimini_msgs/msg/detail/reading__rosidl_typesupport_introspection_c.h
[29.483s] -- Installing: /home/acl3-ubuntu/holohover_ws/src/holohover/install/rokubimini_msgs/include/rokubimini_msgs/rokubimini_msgs/msg/detail/reading__type_support.c
[29.483s] -- Installing: /home/acl3-ubuntu/holohover_ws/src/holohover/install/rokubimini_msgs/include/rokubimini_msgs/rokubimini_msgs/msg/rosidl_typesupport_introspection_c__visibility_control.h
[29.484s] -- Installing: /home/acl3-ubuntu/holohover_ws/src/holohover/install/rokubimini_msgs/lib/librokubimini_msgs__rosidl_typesupport_introspection_c.so
[29.494s] -- Set runtime path of "/home/acl3-ubuntu/holohover_ws/src/holohover/install/rokubimini_msgs/lib/librokubimini_msgs__rosidl_typesupport_introspection_c.so" to ""
[29.494s] -- Installing: /home/acl3-ubuntu/holohover_ws/src/holohover/install/rokubimini_msgs/lib/librokubimini_msgs__rosidl_typesupport_c.so
[29.494s] -- Set runtime path of "/home/acl3-ubuntu/holohover_ws/src/holohover/install/rokubimini_msgs/lib/librokubimini_msgs__rosidl_typesupport_c.so" to ""
[29.495s] -- Up-to-date: /home/acl3-ubuntu/holohover_ws/src/holohover/install/rokubimini_msgs/include/rokubimini_msgs/rokubimini_msgs
[29.495s] -- Up-to-date: /home/acl3-ubuntu/holohover_ws/src/holohover/install/rokubimini_msgs/include/rokubimini_msgs/rokubimini_msgs/srv
[29.495s] -- Installing: /home/acl3-ubuntu/holohover_ws/src/holohover/install/rokubimini_msgs/include/rokubimini_msgs/rokubimini_msgs/srv/firmware_update_serial.hpp
[29.495s] -- Installing: /home/acl3-ubuntu/holohover_ws/src/holohover/install/rokubimini_msgs/include/rokubimini_msgs/rokubimini_msgs/srv/set_sensor_configuration.hpp
[29.495s] -- Up-to-date: /home/acl3-ubuntu/holohover_ws/src/holohover/install/rokubimini_msgs/include/rokubimini_msgs/rokubimini_msgs/srv/detail
[29.495s] -- Installing: /home/acl3-ubuntu/holohover_ws/src/holohover/install/rokubimini_msgs/include/rokubimini_msgs/rokubimini_msgs/srv/detail/set_sensor_configuration__builder.hpp
[29.495s] -- Installing: /home/acl3-ubuntu/holohover_ws/src/holohover/install/rokubimini_msgs/include/rokubimini_msgs/rokubimini_msgs/srv/detail/firmware_update_ethercat__traits.hpp
[29.495s] -- Installing: /home/acl3-ubuntu/holohover_ws/src/holohover/install/rokubimini_msgs/include/rokubimini_msgs/rokubimini_msgs/srv/detail/get_sensor_configuration__traits.hpp
[29.495s] -- Installing: /home/acl3-ubuntu/holohover_ws/src/holohover/install/rokubimini_msgs/include/rokubimini_msgs/rokubimini_msgs/srv/detail/firmware_update_ethercat__struct.hpp
[29.496s] -- Installing: /home/acl3-ubuntu/holohover_ws/src/holohover/install/rokubimini_msgs/include/rokubimini_msgs/rokubimini_msgs/srv/detail/set_sensor_configuration__traits.hpp
[29.496s] -- Installing: /home/acl3-ubuntu/holohover_ws/src/holohover/install/rokubimini_msgs/include/rokubimini_msgs/rokubimini_msgs/srv/detail/firmware_update_serial__struct.hpp
[29.496s] -- Installing: /home/acl3-ubuntu/holohover_ws/src/holohover/install/rokubimini_msgs/include/rokubimini_msgs/rokubimini_msgs/srv/detail/get_sensor_configuration__builder.hpp
[29.496s] -- Installing: /home/acl3-ubuntu/holohover_ws/src/holohover/install/rokubimini_msgs/include/rokubimini_msgs/rokubimini_msgs/srv/detail/firmware_update_serial__traits.hpp
[29.497s] -- Installing: /home/acl3-ubuntu/holohover_ws/src/holohover/install/rokubimini_msgs/include/rokubimini_msgs/rokubimini_msgs/srv/detail/firmware_update_ethercat__builder.hpp
[29.497s] -- Installing: /home/acl3-ubuntu/holohover_ws/src/holohover/install/rokubimini_msgs/include/rokubimini_msgs/rokubimini_msgs/srv/detail/firmware_update_serial__builder.hpp
[29.497s] -- Installing: /home/acl3-ubuntu/holohover_ws/src/holohover/install/rokubimini_msgs/include/rokubimini_msgs/rokubimini_msgs/srv/detail/get_sensor_configuration__struct.hpp
[29.498s] -- Installing: /home/acl3-ubuntu/holohover_ws/src/holohover/install/rokubimini_msgs/include/rokubimini_msgs/rokubimini_msgs/srv/detail/reset_wrench__builder.hpp
[29.498s] -- Installing: /home/acl3-ubuntu/holohover_ws/src/holohover/install/rokubimini_msgs/include/rokubimini_msgs/rokubimini_msgs/srv/detail/reset_wrench__struct.hpp
[29.498s] -- Installing: /home/acl3-ubuntu/holohover_ws/src/holohover/install/rokubimini_msgs/include/rokubimini_msgs/rokubimini_msgs/srv/detail/set_sensor_configuration__struct.hpp
[29.499s] -- Installing: /home/acl3-ubuntu/holohover_ws/src/holohover/install/rokubimini_msgs/include/rokubimini_msgs/rokubimini_msgs/srv/detail/reset_wrench__traits.hpp
[29.499s] -- Installing: /home/acl3-ubuntu/holohover_ws/src/holohover/install/rokubimini_msgs/include/rokubimini_msgs/rokubimini_msgs/srv/firmware_update_ethercat.hpp
[29.499s] -- Installing: /home/acl3-ubuntu/holohover_ws/src/holohover/install/rokubimini_msgs/include/rokubimini_msgs/rokubimini_msgs/srv/reset_wrench.hpp
[29.500s] -- Installing: /home/acl3-ubuntu/holohover_ws/src/holohover/install/rokubimini_msgs/include/rokubimini_msgs/rokubimini_msgs/srv/get_sensor_configuration.hpp
[29.500s] -- Up-to-date: /home/acl3-ubuntu/holohover_ws/src/holohover/install/rokubimini_msgs/include/rokubimini_msgs/rokubimini_msgs/msg
[29.500s] -- Up-to-date: /home/acl3-ubuntu/holohover_ws/src/holohover/install/rokubimini_msgs/include/rokubimini_msgs/rokubimini_msgs/msg/detail
[29.500s] -- Installing: /home/acl3-ubuntu/holohover_ws/src/holohover/install/rokubimini_msgs/include/rokubimini_msgs/rokubimini_msgs/msg/detail/reading__builder.hpp
[29.501s] -- Installing: /home/acl3-ubuntu/holohover_ws/src/holohover/install/rokubimini_msgs/include/rokubimini_msgs/rokubimini_msgs/msg/detail/reading__struct.hpp
[29.501s] -- Installing: /home/acl3-ubuntu/holohover_ws/src/holohover/install/rokubimini_msgs/include/rokubimini_msgs/rokubimini_msgs/msg/detail/reading__traits.hpp
[29.501s] -- Installing: /home/acl3-ubuntu/holohover_ws/src/holohover/install/rokubimini_msgs/include/rokubimini_msgs/rokubimini_msgs/msg/reading.hpp
[29.501s] -- Up-to-date: /home/acl3-ubuntu/holohover_ws/src/holohover/install/rokubimini_msgs/include/rokubimini_msgs/rokubimini_msgs
[29.501s] -- Up-to-date: /home/acl3-ubuntu/holohover_ws/src/holohover/install/rokubimini_msgs/include/rokubimini_msgs/rokubimini_msgs/srv
[29.501s] -- Up-to-date: /home/acl3-ubuntu/holohover_ws/src/holohover/install/rokubimini_msgs/include/rokubimini_msgs/rokubimini_msgs/srv/detail
[29.501s] -- Installing: /home/acl3-ubuntu/holohover_ws/src/holohover/install/rokubimini_msgs/include/rokubimini_msgs/rokubimini_msgs/srv/detail/firmware_update_serial__rosidl_typesupport_fastrtps_cpp.hpp
[29.502s] -- Up-to-date: /home/acl3-ubuntu/holohover_ws/src/holohover/install/rokubimini_msgs/include/rokubimini_msgs/rokubimini_msgs/srv/detail/dds_fastrtps
[29.502s] -- Installing: /home/acl3-ubuntu/holohover_ws/src/holohover/install/rokubimini_msgs/include/rokubimini_msgs/rokubimini_msgs/srv/detail/firmware_update_ethercat__rosidl_typesupport_fastrtps_cpp.hpp
[29.502s] -- Installing: /home/acl3-ubuntu/holohover_ws/src/holohover/install/rokubimini_msgs/include/rokubimini_msgs/rokubimini_msgs/srv/detail/reset_wrench__rosidl_typesupport_fastrtps_cpp.hpp
[29.502s] -- Installing: /home/acl3-ubuntu/holohover_ws/src/holohover/install/rokubimini_msgs/include/rokubimini_msgs/rokubimini_msgs/srv/detail/get_sensor_configuration__rosidl_typesupport_fastrtps_cpp.hpp
[29.502s] -- Installing: /home/acl3-ubuntu/holohover_ws/src/holohover/install/rokubimini_msgs/include/rokubimini_msgs/rokubimini_msgs/srv/detail/set_sensor_configuration__rosidl_typesupport_fastrtps_cpp.hpp
[29.502s] -- Up-to-date: /home/acl3-ubuntu/holohover_ws/src/holohover/install/rokubimini_msgs/include/rokubimini_msgs/rokubimini_msgs/msg
[29.502s] -- Installing: /home/acl3-ubuntu/holohover_ws/src/holohover/install/rokubimini_msgs/include/rokubimini_msgs/rokubimini_msgs/msg/rosidl_typesupport_fastrtps_cpp__visibility_control.h
[29.503s] -- Up-to-date: /home/acl3-ubuntu/holohover_ws/src/holohover/install/rokubimini_msgs/include/rokubimini_msgs/rokubimini_msgs/msg/detail
[29.503s] -- Up-to-date: /home/acl3-ubuntu/holohover_ws/src/holohover/install/rokubimini_msgs/include/rokubimini_msgs/rokubimini_msgs/msg/detail/dds_fastrtps
[29.503s] -- Installing: /home/acl3-ubuntu/holohover_ws/src/holohover/install/rokubimini_msgs/include/rokubimini_msgs/rokubimini_msgs/msg/detail/reading__rosidl_typesupport_fastrtps_cpp.hpp
[29.503s] -- Installing: /home/acl3-ubuntu/holohover_ws/src/holohover/install/rokubimini_msgs/lib/librokubimini_msgs__rosidl_typesupport_fastrtps_cpp.so
[29.503s] -- Set runtime path of "/home/acl3-ubuntu/holohover_ws/src/holohover/install/rokubimini_msgs/lib/librokubimini_msgs__rosidl_typesupport_fastrtps_cpp.so" to ""
[29.503s] -- Up-to-date: /home/acl3-ubuntu/holohover_ws/src/holohover/install/rokubimini_msgs/include/rokubimini_msgs/rokubimini_msgs
[29.503s] -- Up-to-date: /home/acl3-ubuntu/holohover_ws/src/holohover/install/rokubimini_msgs/include/rokubimini_msgs/rokubimini_msgs/srv
[29.504s] -- Up-to-date: /home/acl3-ubuntu/holohover_ws/src/holohover/install/rokubimini_msgs/include/rokubimini_msgs/rokubimini_msgs/srv/detail
[29.504s] -- Installing: /home/acl3-ubuntu/holohover_ws/src/holohover/install/rokubimini_msgs/include/rokubimini_msgs/rokubimini_msgs/srv/detail/firmware_update_ethercat__rosidl_typesupport_introspection_cpp.hpp
[29.504s] -- Installing: /home/acl3-ubuntu/holohover_ws/src/holohover/install/rokubimini_msgs/include/rokubimini_msgs/rokubimini_msgs/srv/detail/firmware_update_serial__rosidl_typesupport_introspection_cpp.hpp
[29.504s] -- Installing: /home/acl3-ubuntu/holohover_ws/src/holohover/install/rokubimini_msgs/include/rokubimini_msgs/rokubimini_msgs/srv/detail/reset_wrench__rosidl_typesupport_introspection_cpp.hpp
[29.504s] -- Installing: /home/acl3-ubuntu/holohover_ws/src/holohover/install/rokubimini_msgs/include/rokubimini_msgs/rokubimini_msgs/srv/detail/firmware_update_ethercat__type_support.cpp
[29.505s] -- Installing: /home/acl3-ubuntu/holohover_ws/src/holohover/install/rokubimini_msgs/include/rokubimini_msgs/rokubimini_msgs/srv/detail/set_sensor_configuration__type_support.cpp
[29.505s] -- Installing: /home/acl3-ubuntu/holohover_ws/src/holohover/install/rokubimini_msgs/include/rokubimini_msgs/rokubimini_msgs/srv/detail/set_sensor_configuration__rosidl_typesupport_introspection_cpp.hpp
[29.505s] -- Installing: /home/acl3-ubuntu/holohover_ws/src/holohover/install/rokubimini_msgs/include/rokubimini_msgs/rokubimini_msgs/srv/detail/get_sensor_configuration__type_support.cpp
[29.505s] -- Installing: /home/acl3-ubuntu/holohover_ws/src/holohover/install/rokubimini_msgs/include/rokubimini_msgs/rokubimini_msgs/srv/detail/reset_wrench__type_support.cpp
[29.505s] -- Installing: /home/acl3-ubuntu/holohover_ws/src/holohover/install/rokubimini_msgs/include/rokubimini_msgs/rokubimini_msgs/srv/detail/get_sensor_configuration__rosidl_typesupport_introspection_cpp.hpp
[29.506s] -- Installing: /home/acl3-ubuntu/holohover_ws/src/holohover/install/rokubimini_msgs/include/rokubimini_msgs/rokubimini_msgs/srv/detail/firmware_update_serial__type_support.cpp
[29.506s] -- Up-to-date: /home/acl3-ubuntu/holohover_ws/src/holohover/install/rokubimini_msgs/include/rokubimini_msgs/rokubimini_msgs/msg
[29.506s] -- Up-to-date: /home/acl3-ubuntu/holohover_ws/src/holohover/install/rokubimini_msgs/include/rokubimini_msgs/rokubimini_msgs/msg/detail
[29.506s] -- Installing: /home/acl3-ubuntu/holohover_ws/src/holohover/install/rokubimini_msgs/include/rokubimini_msgs/rokubimini_msgs/msg/detail/reading__type_support.cpp
[29.506s] -- Installing: /home/acl3-ubuntu/holohover_ws/src/holohover/install/rokubimini_msgs/include/rokubimini_msgs/rokubimini_msgs/msg/detail/reading__rosidl_typesupport_introspection_cpp.hpp
[29.506s] -- Installing: /home/acl3-ubuntu/holohover_ws/src/holohover/install/rokubimini_msgs/lib/librokubimini_msgs__rosidl_typesupport_introspection_cpp.so
[29.507s] -- Set runtime path of "/home/acl3-ubuntu/holohover_ws/src/holohover/install/rokubimini_msgs/lib/librokubimini_msgs__rosidl_typesupport_introspection_cpp.so" to ""
[29.507s] -- Installing: /home/acl3-ubuntu/holohover_ws/src/holohover/install/rokubimini_msgs/lib/librokubimini_msgs__rosidl_typesupport_cpp.so
[29.507s] -- Set runtime path of "/home/acl3-ubuntu/holohover_ws/src/holohover/install/rokubimini_msgs/lib/librokubimini_msgs__rosidl_typesupport_cpp.so" to ""
[29.507s] -- Installing: /home/acl3-ubuntu/holohover_ws/src/holohover/install/rokubimini_msgs/share/rokubimini_msgs/environment/pythonpath.sh
[29.508s] -- Installing: /home/acl3-ubuntu/holohover_ws/src/holohover/install/rokubimini_msgs/share/rokubimini_msgs/environment/pythonpath.dsv
[29.508s] -- Installing: /home/acl3-ubuntu/holohover_ws/src/holohover/install/rokubimini_msgs/local/lib/python3.10/dist-packages/rokubimini_msgs-0.6.1-py3.10.egg-info
[29.508s] -- Installing: /home/acl3-ubuntu/holohover_ws/src/holohover/install/rokubimini_msgs/local/lib/python3.10/dist-packages/rokubimini_msgs-0.6.1-py3.10.egg-info/top_level.txt
[29.508s] -- Installing: /home/acl3-ubuntu/holohover_ws/src/holohover/install/rokubimini_msgs/local/lib/python3.10/dist-packages/rokubimini_msgs-0.6.1-py3.10.egg-info/dependency_links.txt
[29.508s] -- Installing: /home/acl3-ubuntu/holohover_ws/src/holohover/install/rokubimini_msgs/local/lib/python3.10/dist-packages/rokubimini_msgs-0.6.1-py3.10.egg-info/SOURCES.txt
[29.508s] -- Installing: /home/acl3-ubuntu/holohover_ws/src/holohover/install/rokubimini_msgs/local/lib/python3.10/dist-packages/rokubimini_msgs-0.6.1-py3.10.egg-info/PKG-INFO
[29.509s] -- Up-to-date: /home/acl3-ubuntu/holohover_ws/src/holohover/install/rokubimini_msgs/local/lib/python3.10/dist-packages/rokubimini_msgs
[29.509s] -- Installing: /home/acl3-ubuntu/holohover_ws/src/holohover/install/rokubimini_msgs/local/lib/python3.10/dist-packages/rokubimini_msgs/rokubimini_msgs_s__rosidl_typesupport_fastrtps_c.cpython-310-x86_64-linux-gnu.so
[29.509s] -- Installing: /home/acl3-ubuntu/holohover_ws/src/holohover/install/rokubimini_msgs/local/lib/python3.10/dist-packages/rokubimini_msgs/__init__.py
[29.509s] -- Installing: /home/acl3-ubuntu/holohover_ws/src/holohover/install/rokubimini_msgs/local/lib/python3.10/dist-packages/rokubimini_msgs/_rokubimini_msgs_s.ep.rosidl_typesupport_introspection_c.c
[29.509s] -- Up-to-date: /home/acl3-ubuntu/holohover_ws/src/holohover/install/rokubimini_msgs/local/lib/python3.10/dist-packages/rokubimini_msgs/srv
[29.509s] -- Installing: /home/acl3-ubuntu/holohover_ws/src/holohover/install/rokubimini_msgs/local/lib/python3.10/dist-packages/rokubimini_msgs/srv/_reset_wrench_s.c
[29.510s] -- Installing: /home/acl3-ubuntu/holohover_ws/src/holohover/install/rokubimini_msgs/local/lib/python3.10/dist-packages/rokubimini_msgs/srv/__init__.py
[29.510s] -- Installing: /home/acl3-ubuntu/holohover_ws/src/holohover/install/rokubimini_msgs/local/lib/python3.10/dist-packages/rokubimini_msgs/srv/_reset_wrench.py
[29.510s] -- Installing: /home/acl3-ubuntu/holohover_ws/src/holohover/install/rokubimini_msgs/local/lib/python3.10/dist-packages/rokubimini_msgs/srv/_set_sensor_configuration_s.c
[29.510s] -- Installing: /home/acl3-ubuntu/holohover_ws/src/holohover/install/rokubimini_msgs/local/lib/python3.10/dist-packages/rokubimini_msgs/srv/_firmware_update_serial_s.c
[29.510s] -- Installing: /home/acl3-ubuntu/holohover_ws/src/holohover/install/rokubimini_msgs/local/lib/python3.10/dist-packages/rokubimini_msgs/srv/_firmware_update_serial.py
[29.510s] -- Installing: /home/acl3-ubuntu/holohover_ws/src/holohover/install/rokubimini_msgs/local/lib/python3.10/dist-packages/rokubimini_msgs/srv/_firmware_update_ethercat.py
[29.510s] -- Installing: /home/acl3-ubuntu/holohover_ws/src/holohover/install/rokubimini_msgs/local/lib/python3.10/dist-packages/rokubimini_msgs/srv/_get_sensor_configuration.py
[29.511s] -- Installing: /home/acl3-ubuntu/holohover_ws/src/holohover/install/rokubimini_msgs/local/lib/python3.10/dist-packages/rokubimini_msgs/srv/_firmware_update_ethercat_s.c
[29.511s] -- Installing: /home/acl3-ubuntu/holohover_ws/src/holohover/install/rokubimini_msgs/local/lib/python3.10/dist-packages/rokubimini_msgs/srv/_get_sensor_configuration_s.c
[29.511s] -- Installing: /home/acl3-ubuntu/holohover_ws/src/holohover/install/rokubimini_msgs/local/lib/python3.10/dist-packages/rokubimini_msgs/srv/_set_sensor_configuration.py
[29.511s] -- Installing: /home/acl3-ubuntu/holohover_ws/src/holohover/install/rokubimini_msgs/local/lib/python3.10/dist-packages/rokubimini_msgs/_rokubimini_msgs_s.ep.rosidl_typesupport_fastrtps_c.c
[29.511s] -- Installing: /home/acl3-ubuntu/holohover_ws/src/holohover/install/rokubimini_msgs/local/lib/python3.10/dist-packages/rokubimini_msgs/librokubimini_msgs__rosidl_generator_py.so
[29.511s] -- Installing: /home/acl3-ubuntu/holohover_ws/src/holohover/install/rokubimini_msgs/local/lib/python3.10/dist-packages/rokubimini_msgs/_rokubimini_msgs_s.ep.rosidl_typesupport_c.c
[29.511s] -- Installing: /home/acl3-ubuntu/holohover_ws/src/holohover/install/rokubimini_msgs/local/lib/python3.10/dist-packages/rokubimini_msgs/rokubimini_msgs_s__rosidl_typesupport_c.cpython-310-x86_64-linux-gnu.so
[29.512s] -- Installing: /home/acl3-ubuntu/holohover_ws/src/holohover/install/rokubimini_msgs/local/lib/python3.10/dist-packages/rokubimini_msgs/rokubimini_msgs_s__rosidl_typesupport_introspection_c.cpython-310-x86_64-linux-gnu.so
[29.512s] -- Up-to-date: /home/acl3-ubuntu/holohover_ws/src/holohover/install/rokubimini_msgs/local/lib/python3.10/dist-packages/rokubimini_msgs/msg
[29.512s] -- Installing: /home/acl3-ubuntu/holohover_ws/src/holohover/install/rokubimini_msgs/local/lib/python3.10/dist-packages/rokubimini_msgs/msg/__init__.py
[29.512s] -- Installing: /home/acl3-ubuntu/holohover_ws/src/holohover/install/rokubimini_msgs/local/lib/python3.10/dist-packages/rokubimini_msgs/msg/_reading.py
[29.512s] -- Installing: /home/acl3-ubuntu/holohover_ws/src/holohover/install/rokubimini_msgs/local/lib/python3.10/dist-packages/rokubimini_msgs/msg/_reading_s.c
[29.595s] Listing '/home/acl3-ubuntu/holohover_ws/src/holohover/install/rokubimini_msgs/local/lib/python3.10/dist-packages/rokubimini_msgs'...
[29.595s] Compiling '/home/acl3-ubuntu/holohover_ws/src/holohover/install/rokubimini_msgs/local/lib/python3.10/dist-packages/rokubimini_msgs/__init__.py'...
[29.595s] Listing '/home/acl3-ubuntu/holohover_ws/src/holohover/install/rokubimini_msgs/local/lib/python3.10/dist-packages/rokubimini_msgs/msg'...
[29.595s] Compiling '/home/acl3-ubuntu/holohover_ws/src/holohover/install/rokubimini_msgs/local/lib/python3.10/dist-packages/rokubimini_msgs/msg/__init__.py'...
[29.595s] Compiling '/home/acl3-ubuntu/holohover_ws/src/holohover/install/rokubimini_msgs/local/lib/python3.10/dist-packages/rokubimini_msgs/msg/_reading.py'...
[29.595s] Listing '/home/acl3-ubuntu/holohover_ws/src/holohover/install/rokubimini_msgs/local/lib/python3.10/dist-packages/rokubimini_msgs/srv'...
[29.596s] Compiling '/home/acl3-ubuntu/holohover_ws/src/holohover/install/rokubimini_msgs/local/lib/python3.10/dist-packages/rokubimini_msgs/srv/__init__.py'...
[29.596s] Compiling '/home/acl3-ubuntu/holohover_ws/src/holohover/install/rokubimini_msgs/local/lib/python3.10/dist-packages/rokubimini_msgs/srv/_firmware_update_ethercat.py'...
[29.596s] Compiling '/home/acl3-ubuntu/holohover_ws/src/holohover/install/rokubimini_msgs/local/lib/python3.10/dist-packages/rokubimini_msgs/srv/_firmware_update_serial.py'...
[29.596s] Compiling '/home/acl3-ubuntu/holohover_ws/src/holohover/install/rokubimini_msgs/local/lib/python3.10/dist-packages/rokubimini_msgs/srv/_get_sensor_configuration.py'...
[29.596s] Compiling '/home/acl3-ubuntu/holohover_ws/src/holohover/install/rokubimini_msgs/local/lib/python3.10/dist-packages/rokubimini_msgs/srv/_reset_wrench.py'...
[29.596s] Compiling '/home/acl3-ubuntu/holohover_ws/src/holohover/install/rokubimini_msgs/local/lib/python3.10/dist-packages/rokubimini_msgs/srv/_set_sensor_configuration.py'...
[29.603s] -- Installing: /home/acl3-ubuntu/holohover_ws/src/holohover/install/rokubimini_msgs/local/lib/python3.10/dist-packages/rokubimini_msgs/rokubimini_msgs_s__rosidl_typesupport_fastrtps_c.cpython-310-x86_64-linux-gnu.so
[29.604s] -- Set runtime path of "/home/acl3-ubuntu/holohover_ws/src/holohover/install/rokubimini_msgs/local/lib/python3.10/dist-packages/rokubimini_msgs/rokubimini_msgs_s__rosidl_typesupport_fastrtps_c.cpython-310-x86_64-linux-gnu.so" to ""
[29.605s] -- Installing: /home/acl3-ubuntu/holohover_ws/src/holohover/install/rokubimini_msgs/local/lib/python3.10/dist-packages/rokubimini_msgs/rokubimini_msgs_s__rosidl_typesupport_introspection_c.cpython-310-x86_64-linux-gnu.so
[29.605s] -- Set runtime path of "/home/acl3-ubuntu/holohover_ws/src/holohover/install/rokubimini_msgs/local/lib/python3.10/dist-packages/rokubimini_msgs/rokubimini_msgs_s__rosidl_typesupport_introspection_c.cpython-310-x86_64-linux-gnu.so" to ""
[29.606s] -- Installing: /home/acl3-ubuntu/holohover_ws/src/holohover/install/rokubimini_msgs/local/lib/python3.10/dist-packages/rokubimini_msgs/rokubimini_msgs_s__rosidl_typesupport_c.cpython-310-x86_64-linux-gnu.so
[29.606s] -- Set runtime path of "/home/acl3-ubuntu/holohover_ws/src/holohover/install/rokubimini_msgs/local/lib/python3.10/dist-packages/rokubimini_msgs/rokubimini_msgs_s__rosidl_typesupport_c.cpython-310-x86_64-linux-gnu.so" to ""
[29.606s] -- Installing: /home/acl3-ubuntu/holohover_ws/src/holohover/install/rokubimini_msgs/lib/librokubimini_msgs__rosidl_generator_py.so
[29.607s] -- Set runtime path of "/home/acl3-ubuntu/holohover_ws/src/holohover/install/rokubimini_msgs/lib/librokubimini_msgs__rosidl_generator_py.so" to ""
[29.607s] -- Installing: /home/acl3-ubuntu/holohover_ws/src/holohover/install/rokubimini_msgs/share/rokubimini_msgs/msg/Reading.idl
[29.607s] -- Installing: /home/acl3-ubuntu/holohover_ws/src/holohover/install/rokubimini_msgs/share/rokubimini_msgs/srv/GetSensorConfiguration.idl
[29.608s] -- Installing: /home/acl3-ubuntu/holohover_ws/src/holohover/install/rokubimini_msgs/share/rokubimini_msgs/srv/SetSensorConfiguration.idl
[29.608s] -- Installing: /home/acl3-ubuntu/holohover_ws/src/holohover/install/rokubimini_msgs/share/rokubimini_msgs/srv/FirmwareUpdateEthercat.idl
[29.608s] -- Installing: /home/acl3-ubuntu/holohover_ws/src/holohover/install/rokubimini_msgs/share/rokubimini_msgs/srv/FirmwareUpdateSerial.idl
[29.608s] -- Installing: /home/acl3-ubuntu/holohover_ws/src/holohover/install/rokubimini_msgs/share/rokubimini_msgs/srv/ResetWrench.idl
[29.608s] -- Installing: /home/acl3-ubuntu/holohover_ws/src/holohover/install/rokubimini_msgs/share/rokubimini_msgs/msg/Reading.msg
[29.609s] -- Installing: /home/acl3-ubuntu/holohover_ws/src/holohover/install/rokubimini_msgs/share/rokubimini_msgs/srv/GetSensorConfiguration.srv
[29.609s] -- Installing: /home/acl3-ubuntu/holohover_ws/src/holohover/install/rokubimini_msgs/share/rokubimini_msgs/srv/GetSensorConfiguration_Request.msg
[29.609s] -- Installing: /home/acl3-ubuntu/holohover_ws/src/holohover/install/rokubimini_msgs/share/rokubimini_msgs/srv/GetSensorConfiguration_Response.msg
[29.609s] -- Installing: /home/acl3-ubuntu/holohover_ws/src/holohover/install/rokubimini_msgs/share/rokubimini_msgs/srv/SetSensorConfiguration.srv
[29.609s] -- Installing: /home/acl3-ubuntu/holohover_ws/src/holohover/install/rokubimini_msgs/share/rokubimini_msgs/srv/SetSensorConfiguration_Request.msg
[29.610s] -- Installing: /home/acl3-ubuntu/holohover_ws/src/holohover/install/rokubimini_msgs/share/rokubimini_msgs/srv/SetSensorConfiguration_Response.msg
[29.610s] -- Installing: /home/acl3-ubuntu/holohover_ws/src/holohover/install/rokubimini_msgs/share/rokubimini_msgs/srv/FirmwareUpdateEthercat.srv
[29.610s] -- Installing: /home/acl3-ubuntu/holohover_ws/src/holohover/install/rokubimini_msgs/share/rokubimini_msgs/srv/FirmwareUpdateEthercat_Request.msg
[29.610s] -- Installing: /home/acl3-ubuntu/holohover_ws/src/holohover/install/rokubimini_msgs/share/rokubimini_msgs/srv/FirmwareUpdateEthercat_Response.msg
[29.610s] -- Installing: /home/acl3-ubuntu/holohover_ws/src/holohover/install/rokubimini_msgs/share/rokubimini_msgs/srv/FirmwareUpdateSerial.srv
[29.610s] -- Installing: /home/acl3-ubuntu/holohover_ws/src/holohover/install/rokubimini_msgs/share/rokubimini_msgs/srv/FirmwareUpdateSerial_Request.msg
[29.611s] -- Installing: /home/acl3-ubuntu/holohover_ws/src/holohover/install/rokubimini_msgs/share/rokubimini_msgs/srv/FirmwareUpdateSerial_Response.msg
[29.611s] -- Installing: /home/acl3-ubuntu/holohover_ws/src/holohover/install/rokubimini_msgs/share/rokubimini_msgs/srv/ResetWrench.srv
[29.611s] -- Installing: /home/acl3-ubuntu/holohover_ws/src/holohover/install/rokubimini_msgs/share/rokubimini_msgs/srv/ResetWrench_Request.msg
[29.612s] -- Installing: /home/acl3-ubuntu/holohover_ws/src/holohover/install/rokubimini_msgs/share/rokubimini_msgs/srv/ResetWrench_Response.msg
[29.612s] -- Installing: /home/acl3-ubuntu/holohover_ws/src/holohover/install/rokubimini_msgs/share/ament_index/resource_index/package_run_dependencies/rokubimini_msgs
[29.612s] -- Installing: /home/acl3-ubuntu/holohover_ws/src/holohover/install/rokubimini_msgs/share/ament_index/resource_index/parent_prefix_path/rokubimini_msgs
[29.612s] -- Installing: /home/acl3-ubuntu/holohover_ws/src/holohover/install/rokubimini_msgs/share/rokubimini_msgs/environment/ament_prefix_path.sh
[29.613s] -- Installing: /home/acl3-ubuntu/holohover_ws/src/holohover/install/rokubimini_msgs/share/rokubimini_msgs/environment/ament_prefix_path.dsv
[29.613s] -- Installing: /home/acl3-ubuntu/holohover_ws/src/holohover/install/rokubimini_msgs/share/rokubimini_msgs/environment/path.sh
[29.613s] -- Installing: /home/acl3-ubuntu/holohover_ws/src/holohover/install/rokubimini_msgs/share/rokubimini_msgs/environment/path.dsv
[29.613s] -- Installing: /home/acl3-ubuntu/holohover_ws/src/holohover/install/rokubimini_msgs/share/rokubimini_msgs/local_setup.bash
[29.614s] -- Installing: /home/acl3-ubuntu/holohover_ws/src/holohover/install/rokubimini_msgs/share/rokubimini_msgs/local_setup.sh
[29.614s] -- Installing: /home/acl3-ubuntu/holohover_ws/src/holohover/install/rokubimini_msgs/share/rokubimini_msgs/local_setup.zsh
[29.614s] -- Installing: /home/acl3-ubuntu/holohover_ws/src/holohover/install/rokubimini_msgs/share/rokubimini_msgs/local_setup.dsv
[29.614s] -- Installing: /home/acl3-ubuntu/holohover_ws/src/holohover/install/rokubimini_msgs/share/rokubimini_msgs/package.dsv
[29.615s] -- Installing: /home/acl3-ubuntu/holohover_ws/src/holohover/install/rokubimini_msgs/share/ament_index/resource_index/packages/rokubimini_msgs
[29.615s] -- Installing: /home/acl3-ubuntu/holohover_ws/src/holohover/install/rokubimini_msgs/share/rokubimini_msgs/cmake/export_rokubimini_msgs__rosidl_generator_cExport.cmake
[29.615s] -- Installing: /home/acl3-ubuntu/holohover_ws/src/holohover/install/rokubimini_msgs/share/rokubimini_msgs/cmake/export_rokubimini_msgs__rosidl_generator_cExport-noconfig.cmake
[29.616s] -- Installing: /home/acl3-ubuntu/holohover_ws/src/holohover/install/rokubimini_msgs/share/rokubimini_msgs/cmake/export_rokubimini_msgs__rosidl_typesupport_fastrtps_cExport.cmake
[29.616s] -- Installing: /home/acl3-ubuntu/holohover_ws/src/holohover/install/rokubimini_msgs/share/rokubimini_msgs/cmake/export_rokubimini_msgs__rosidl_typesupport_fastrtps_cExport-noconfig.cmake
[29.616s] -- Installing: /home/acl3-ubuntu/holohover_ws/src/holohover/install/rokubimini_msgs/share/rokubimini_msgs/cmake/rokubimini_msgs__rosidl_typesupport_introspection_cExport.cmake
[29.616s] -- Installing: /home/acl3-ubuntu/holohover_ws/src/holohover/install/rokubimini_msgs/share/rokubimini_msgs/cmake/rokubimini_msgs__rosidl_typesupport_introspection_cExport-noconfig.cmake
[29.616s] -- Installing: /home/acl3-ubuntu/holohover_ws/src/holohover/install/rokubimini_msgs/share/rokubimini_msgs/cmake/rokubimini_msgs__rosidl_typesupport_cExport.cmake
[29.617s] -- Installing: /home/acl3-ubuntu/holohover_ws/src/holohover/install/rokubimini_msgs/share/rokubimini_msgs/cmake/rokubimini_msgs__rosidl_typesupport_cExport-noconfig.cmake
[29.617s] -- Installing: /home/acl3-ubuntu/holohover_ws/src/holohover/install/rokubimini_msgs/share/rokubimini_msgs/cmake/export_rokubimini_msgs__rosidl_generator_cppExport.cmake
[29.617s] -- Installing: /home/acl3-ubuntu/holohover_ws/src/holohover/install/rokubimini_msgs/share/rokubimini_msgs/cmake/export_rokubimini_msgs__rosidl_typesupport_fastrtps_cppExport.cmake
[29.617s] -- Installing: /home/acl3-ubuntu/holohover_ws/src/holohover/install/rokubimini_msgs/share/rokubimini_msgs/cmake/export_rokubimini_msgs__rosidl_typesupport_fastrtps_cppExport-noconfig.cmake
[29.617s] -- Installing: /home/acl3-ubuntu/holohover_ws/src/holohover/install/rokubimini_msgs/share/rokubimini_msgs/cmake/rokubimini_msgs__rosidl_typesupport_introspection_cppExport.cmake
[29.618s] -- Installing: /home/acl3-ubuntu/holohover_ws/src/holohover/install/rokubimini_msgs/share/rokubimini_msgs/cmake/rokubimini_msgs__rosidl_typesupport_introspection_cppExport-noconfig.cmake
[29.618s] -- Installing: /home/acl3-ubuntu/holohover_ws/src/holohover/install/rokubimini_msgs/share/rokubimini_msgs/cmake/rokubimini_msgs__rosidl_typesupport_cppExport.cmake
[29.618s] -- Installing: /home/acl3-ubuntu/holohover_ws/src/holohover/install/rokubimini_msgs/share/rokubimini_msgs/cmake/rokubimini_msgs__rosidl_typesupport_cppExport-noconfig.cmake
[29.618s] -- Installing: /home/acl3-ubuntu/holohover_ws/src/holohover/install/rokubimini_msgs/share/rokubimini_msgs/cmake/export_rokubimini_msgs__rosidl_generator_pyExport.cmake
[29.619s] -- Installing: /home/acl3-ubuntu/holohover_ws/src/holohover/install/rokubimini_msgs/share/rokubimini_msgs/cmake/export_rokubimini_msgs__rosidl_generator_pyExport-noconfig.cmake
[29.619s] -- Installing: /home/acl3-ubuntu/holohover_ws/src/holohover/install/rokubimini_msgs/share/rokubimini_msgs/cmake/rosidl_cmake-extras.cmake
[29.619s] -- Installing: /home/acl3-ubuntu/holohover_ws/src/holohover/install/rokubimini_msgs/share/rokubimini_msgs/cmake/ament_cmake_export_dependencies-extras.cmake
[29.619s] -- Installing: /home/acl3-ubuntu/holohover_ws/src/holohover/install/rokubimini_msgs/share/rokubimini_msgs/cmake/ament_cmake_export_include_directories-extras.cmake
[29.620s] -- Installing: /home/acl3-ubuntu/holohover_ws/src/holohover/install/rokubimini_msgs/share/rokubimini_msgs/cmake/ament_cmake_export_libraries-extras.cmake
[29.620s] -- Installing: /home/acl3-ubuntu/holohover_ws/src/holohover/install/rokubimini_msgs/share/rokubimini_msgs/cmake/ament_cmake_export_targets-extras.cmake
[29.620s] -- Installing: /home/acl3-ubuntu/holohover_ws/src/holohover/install/rokubimini_msgs/share/rokubimini_msgs/cmake/rosidl_cmake_export_typesupport_targets-extras.cmake
[29.620s] -- Installing: /home/acl3-ubuntu/holohover_ws/src/holohover/install/rokubimini_msgs/share/rokubimini_msgs/cmake/rosidl_cmake_export_typesupport_libraries-extras.cmake
[29.621s] -- Installing: /home/acl3-ubuntu/holohover_ws/src/holohover/install/rokubimini_msgs/share/rokubimini_msgs/cmake/rokubimini_msgsConfig.cmake
[29.621s] -- Installing: /home/acl3-ubuntu/holohover_ws/src/holohover/install/rokubimini_msgs/share/rokubimini_msgs/cmake/rokubimini_msgsConfig-version.cmake
[29.621s] -- Installing: /home/acl3-ubuntu/holohover_ws/src/holohover/install/rokubimini_msgs/share/rokubimini_msgs/package.xml
[29.628s] Invoked command in '/home/acl3-ubuntu/holohover_ws/src/holohover/build/rokubimini_msgs' returned '0': CMAKE_PREFIX_PATH=${CMAKE_PREFIX_PATH}:/opt/ros/humble /usr/bin/cmake --install /home/acl3-ubuntu/holohover_ws/src/holohover/build/rokubimini_msgs
