[0.022s] Invoking command in '/home/acl3-ubuntu/holohover_ws/src/holohover/build/bota_node': AMENT_PREFIX_PATH=/home/acl3-ubuntu/holohover_ws/src/holohover/install/bota_worker:/home/acl3-ubuntu/holohover_ws/src/holohover/install/bota_signal_handler:${AMENT_PREFIX_PATH} CMAKE_PREFIX_PATH=/home/acl3-ubuntu/holohover_ws/src/holohover/install/bota_worker:/home/acl3-ubuntu/holohover_ws/src/holohover/install/bota_signal_handler:/home/acl3-ubuntu/holohover_ws/install/bota_driver_testing:/home/acl3-ubuntu/holohover_ws/install/bota_driver:/home/acl3-ubuntu/holohover_ws/install/rokubimini_ethercat:/home/acl3-ubuntu/holohover_ws/install/soem:/home/acl3-ubuntu/holohover_ws/install/holohover_utils:/home/acl3-ubuntu/holohover_ws/install/holohover_gnc:/home/acl3-ubuntu/holohover_ws/install/ros_polympc:/home/acl3-ubuntu/holohover_ws/install/rokubimini_serial:/home/acl3-ubuntu/holohover_ws/install/rokubimini_msgs:/home/acl3-ubuntu/holohover_ws/install/rokubimini_description:/home/acl3-ubuntu/holohover_ws/install/rokubimini_bus_manager:/home/acl3-ubuntu/holohover_ws/install/rokubimini:/home/acl3-ubuntu/holohover_ws/install/mocap_optitrack:/home/acl3-ubuntu/holohover_ws/install/micro_ros_setup:/home/acl3-ubuntu/holohover_ws/install/micro_ros_agent:/home/acl3-ubuntu/holohover_ws/install/micro_ros_msgs:/home/acl3-ubuntu/holohover_ws/install/holohover_msgs:/home/acl3-ubuntu/holohover_ws/install/bota_node:/home/acl3-ubuntu/holohover_ws/install/bota_worker:/home/acl3-ubuntu/holohover_ws/install/bota_signal_handler:/opt/ros/humble LD_LIBRARY_PATH=/home/acl3-ubuntu/holohover_ws/src/holohover/install/bota_worker/lib:/home/acl3-ubuntu/holohover_ws/src/holohover/install/bota_signal_handler/lib:${LD_LIBRARY_PATH} /usr/bin/cmake /home/acl3-ubuntu/holohover_ws/src/holohover/bota_driver/bota_node/bota_node -DCMAKE_INSTALL_PREFIX=/home/acl3-ubuntu/holohover_ws/src/holohover/install/bota_node
[0.085s] -- The C compiler identification is GNU 11.3.0
[0.152s] -- The CXX compiler identification is GNU 11.3.0
[0.160s] -- Detecting C compiler ABI info
[0.255s] -- Detecting C compiler ABI info - done
[0.268s] -- Check for working C compiler: /usr/bin/cc - skipped
[0.268s] -- Detecting C compile features
[0.270s] -- Detecting C compile features - done
[0.273s] -- Detecting CXX compiler ABI info
[0.370s] -- Detecting CXX compiler ABI info - done
[0.384s] -- Check for working CXX compiler: /usr/bin/c++ - skipped
[0.384s] -- Detecting CXX compile features
[0.384s] -- Detecting CXX compile features - done
[0.389s] -- Found ament_cmake: 1.3.3 (/opt/ros/humble/share/ament_cmake/cmake)
[0.588s] -- Found Python3: /usr/bin/python3.10 (found version "3.10.6") found components: Interpreter 
[0.735s] -- Found rclcpp: 16.0.3 (/opt/ros/humble/share/rclcpp/cmake)
[0.846s] -- Found rosidl_generator_c: 3.1.4 (/opt/ros/humble/share/rosidl_generator_c/cmake)
[0.860s] -- Found rosidl_adapter: 3.1.4 (/opt/ros/humble/share/rosidl_adapter/cmake)
[0.880s] -- Found rosidl_generator_cpp: 3.1.4 (/opt/ros/humble/share/rosidl_generator_cpp/cmake)
[0.911s] -- Using all available rosidl_typesupport_c: rosidl_typesupport_fastrtps_c;rosidl_typesupport_introspection_c
[0.956s] -- Using all available rosidl_typesupport_cpp: rosidl_typesupport_fastrtps_cpp;rosidl_typesupport_introspection_cpp
[1.102s] -- Found rmw_implementation_cmake: 6.1.1 (/opt/ros/humble/share/rmw_implementation_cmake/cmake)
[1.110s] -- Found rmw_fastrtps_cpp: 6.2.2 (/opt/ros/humble/share/rmw_fastrtps_cpp/cmake)
[1.294s] -- Found OpenSSL: /usr/lib/x86_64-linux-gnu/libcrypto.so (found version "3.0.2")  
[1.342s] -- Found FastRTPS: /opt/ros/humble/include  
[1.404s] -- Using RMW implementation 'rmw_fastrtps_cpp' as default
[1.428s] -- Looking for pthread.h
[1.542s] -- Looking for pthread.h - found
[1.542s] -- Performing Test CMAKE_HAVE_LIBC_PTHREAD
[1.640s] -- Performing Test CMAKE_HAVE_LIBC_PTHREAD - Success
[1.642s] -- Found Threads: TRUE  
[1.836s] -- Found bota_worker: 0.6.1 (/home/acl3-ubuntu/holohover_ws/src/holohover/install/bota_worker/share/bota_worker/cmake)
[1.843s] -- Found bota_signal_handler: 0.6.1 (/home/acl3-ubuntu/holohover_ws/src/holohover/install/bota_signal_handler/share/bota_signal_handler/cmake)
[1.861s] -- Found ament_cmake_gtest: 1.3.3 (/opt/ros/humble/share/ament_cmake_gtest/cmake)
[1.865s] -- Found gtest sources under '/opt/ros/humble/src/gtest_vendor': C++ tests using 'Google Test' will be built
[1.944s] -- Configuring done
[1.964s] -- Generating done
[1.967s] -- Build files have been written to: /home/acl3-ubuntu/holohover_ws/src/holohover/build/bota_node
[1.982s] Invoked command in '/home/acl3-ubuntu/holohover_ws/src/holohover/build/bota_node' returned '0': AMENT_PREFIX_PATH=/home/acl3-ubuntu/holohover_ws/src/holohover/install/bota_worker:/home/acl3-ubuntu/holohover_ws/src/holohover/install/bota_signal_handler:${AMENT_PREFIX_PATH} CMAKE_PREFIX_PATH=/home/acl3-ubuntu/holohover_ws/src/holohover/install/bota_worker:/home/acl3-ubuntu/holohover_ws/src/holohover/install/bota_signal_handler:/home/acl3-ubuntu/holohover_ws/install/bota_driver_testing:/home/acl3-ubuntu/holohover_ws/install/bota_driver:/home/acl3-ubuntu/holohover_ws/install/rokubimini_ethercat:/home/acl3-ubuntu/holohover_ws/install/soem:/home/acl3-ubuntu/holohover_ws/install/holohover_utils:/home/acl3-ubuntu/holohover_ws/install/holohover_gnc:/home/acl3-ubuntu/holohover_ws/install/ros_polympc:/home/acl3-ubuntu/holohover_ws/install/rokubimini_serial:/home/acl3-ubuntu/holohover_ws/install/rokubimini_msgs:/home/acl3-ubuntu/holohover_ws/install/rokubimini_description:/home/acl3-ubuntu/holohover_ws/install/rokubimini_bus_manager:/home/acl3-ubuntu/holohover_ws/install/rokubimini:/home/acl3-ubuntu/holohover_ws/install/mocap_optitrack:/home/acl3-ubuntu/holohover_ws/install/micro_ros_setup:/home/acl3-ubuntu/holohover_ws/install/micro_ros_agent:/home/acl3-ubuntu/holohover_ws/install/micro_ros_msgs:/home/acl3-ubuntu/holohover_ws/install/holohover_msgs:/home/acl3-ubuntu/holohover_ws/install/bota_node:/home/acl3-ubuntu/holohover_ws/install/bota_worker:/home/acl3-ubuntu/holohover_ws/install/bota_signal_handler:/opt/ros/humble LD_LIBRARY_PATH=/home/acl3-ubuntu/holohover_ws/src/holohover/install/bota_worker/lib:/home/acl3-ubuntu/holohover_ws/src/holohover/install/bota_signal_handler/lib:${LD_LIBRARY_PATH} /usr/bin/cmake /home/acl3-ubuntu/holohover_ws/src/holohover/bota_driver/bota_node/bota_node -DCMAKE_INSTALL_PREFIX=/home/acl3-ubuntu/holohover_ws/src/holohover/install/bota_node
[1.984s] Invoking command in '/home/acl3-ubuntu/holohover_ws/src/holohover/build/bota_node': AMENT_PREFIX_PATH=/home/acl3-ubuntu/holohover_ws/src/holohover/install/bota_worker:/home/acl3-ubuntu/holohover_ws/src/holohover/install/bota_signal_handler:${AMENT_PREFIX_PATH} CMAKE_PREFIX_PATH=/home/acl3-ubuntu/holohover_ws/src/holohover/install/bota_worker:/home/acl3-ubuntu/holohover_ws/src/holohover/install/bota_signal_handler:/home/acl3-ubuntu/holohover_ws/install/bota_driver_testing:/home/acl3-ubuntu/holohover_ws/install/bota_driver:/home/acl3-ubuntu/holohover_ws/install/rokubimini_ethercat:/home/acl3-ubuntu/holohover_ws/install/soem:/home/acl3-ubuntu/holohover_ws/install/holohover_utils:/home/acl3-ubuntu/holohover_ws/install/holohover_gnc:/home/acl3-ubuntu/holohover_ws/install/ros_polympc:/home/acl3-ubuntu/holohover_ws/install/rokubimini_serial:/home/acl3-ubuntu/holohover_ws/install/rokubimini_msgs:/home/acl3-ubuntu/holohover_ws/install/rokubimini_description:/home/acl3-ubuntu/holohover_ws/install/rokubimini_bus_manager:/home/acl3-ubuntu/holohover_ws/install/rokubimini:/home/acl3-ubuntu/holohover_ws/install/mocap_optitrack:/home/acl3-ubuntu/holohover_ws/install/micro_ros_setup:/home/acl3-ubuntu/holohover_ws/install/micro_ros_agent:/home/acl3-ubuntu/holohover_ws/install/micro_ros_msgs:/home/acl3-ubuntu/holohover_ws/install/holohover_msgs:/home/acl3-ubuntu/holohover_ws/install/bota_node:/home/acl3-ubuntu/holohover_ws/install/bota_worker:/home/acl3-ubuntu/holohover_ws/install/bota_signal_handler:/opt/ros/humble LD_LIBRARY_PATH=/home/acl3-ubuntu/holohover_ws/src/holohover/install/bota_worker/lib:/home/acl3-ubuntu/holohover_ws/src/holohover/install/bota_signal_handler/lib:${LD_LIBRARY_PATH} /usr/bin/cmake --build /home/acl3-ubuntu/holohover_ws/src/holohover/build/bota_node -- -j8 -l8
[2.053s] [ 12%] [32mBuilding CXX object CMakeFiles/bota_node.dir/src/Node.cpp.o[0m
[5.540s] [ 25%] [32m[1mLinking CXX static library libbota_node.a[0m
[5.609s] [ 25%] Built target bota_node
[5.631s] [ 37%] [32mBuilding CXX object gtest/CMakeFiles/gtest.dir/src/gtest-all.cc.o[0m
[8.788s] [ 50%] [32m[1mLinking CXX static library libgtest.a[0m
[8.882s] [ 50%] Built target gtest
[8.907s] [ 62%] [32mBuilding CXX object gtest/CMakeFiles/gtest_main.dir/src/gtest_main.cc.o[0m
[9.626s] [ 75%] [32m[1mLinking CXX static library libgtest_main.a[0m
[9.692s] [ 75%] Built target gtest_main
[9.717s] [ 87%] [32mBuilding CXX object CMakeFiles/test_bota_node.dir/test/EmptyTests.cpp.o[0m
[10.851s] [100%] [32m[1mLinking CXX executable test_bota_node[0m
[11.089s] [100%] Built target test_bota_node
[11.102s] Invoked command in '/home/acl3-ubuntu/holohover_ws/src/holohover/build/bota_node' returned '0': AMENT_PREFIX_PATH=/home/acl3-ubuntu/holohover_ws/src/holohover/install/bota_worker:/home/acl3-ubuntu/holohover_ws/src/holohover/install/bota_signal_handler:${AMENT_PREFIX_PATH} CMAKE_PREFIX_PATH=/home/acl3-ubuntu/holohover_ws/src/holohover/install/bota_worker:/home/acl3-ubuntu/holohover_ws/src/holohover/install/bota_signal_handler:/home/acl3-ubuntu/holohover_ws/install/bota_driver_testing:/home/acl3-ubuntu/holohover_ws/install/bota_driver:/home/acl3-ubuntu/holohover_ws/install/rokubimini_ethercat:/home/acl3-ubuntu/holohover_ws/install/soem:/home/acl3-ubuntu/holohover_ws/install/holohover_utils:/home/acl3-ubuntu/holohover_ws/install/holohover_gnc:/home/acl3-ubuntu/holohover_ws/install/ros_polympc:/home/acl3-ubuntu/holohover_ws/install/rokubimini_serial:/home/acl3-ubuntu/holohover_ws/install/rokubimini_msgs:/home/acl3-ubuntu/holohover_ws/install/rokubimini_description:/home/acl3-ubuntu/holohover_ws/install/rokubimini_bus_manager:/home/acl3-ubuntu/holohover_ws/install/rokubimini:/home/acl3-ubuntu/holohover_ws/install/mocap_optitrack:/home/acl3-ubuntu/holohover_ws/install/micro_ros_setup:/home/acl3-ubuntu/holohover_ws/install/micro_ros_agent:/home/acl3-ubuntu/holohover_ws/install/micro_ros_msgs:/home/acl3-ubuntu/holohover_ws/install/holohover_msgs:/home/acl3-ubuntu/holohover_ws/install/bota_node:/home/acl3-ubuntu/holohover_ws/install/bota_worker:/home/acl3-ubuntu/holohover_ws/install/bota_signal_handler:/opt/ros/humble LD_LIBRARY_PATH=/home/acl3-ubuntu/holohover_ws/src/holohover/install/bota_worker/lib:/home/acl3-ubuntu/holohover_ws/src/holohover/install/bota_signal_handler/lib:${LD_LIBRARY_PATH} /usr/bin/cmake --build /home/acl3-ubuntu/holohover_ws/src/holohover/build/bota_node -- -j8 -l8
[11.141s] Invoking command in '/home/acl3-ubuntu/holohover_ws/src/holohover/build/bota_node': AMENT_PREFIX_PATH=/home/acl3-ubuntu/holohover_ws/src/holohover/install/bota_worker:/home/acl3-ubuntu/holohover_ws/src/holohover/install/bota_signal_handler:${AMENT_PREFIX_PATH} CMAKE_PREFIX_PATH=/home/acl3-ubuntu/holohover_ws/src/holohover/install/bota_worker:/home/acl3-ubuntu/holohover_ws/src/holohover/install/bota_signal_handler:/home/acl3-ubuntu/holohover_ws/install/bota_driver_testing:/home/acl3-ubuntu/holohover_ws/install/bota_driver:/home/acl3-ubuntu/holohover_ws/install/rokubimini_ethercat:/home/acl3-ubuntu/holohover_ws/install/soem:/home/acl3-ubuntu/holohover_ws/install/holohover_utils:/home/acl3-ubuntu/holohover_ws/install/holohover_gnc:/home/acl3-ubuntu/holohover_ws/install/ros_polympc:/home/acl3-ubuntu/holohover_ws/install/rokubimini_serial:/home/acl3-ubuntu/holohover_ws/install/rokubimini_msgs:/home/acl3-ubuntu/holohover_ws/install/rokubimini_description:/home/acl3-ubuntu/holohover_ws/install/rokubimini_bus_manager:/home/acl3-ubuntu/holohover_ws/install/rokubimini:/home/acl3-ubuntu/holohover_ws/install/mocap_optitrack:/home/acl3-ubuntu/holohover_ws/install/micro_ros_setup:/home/acl3-ubuntu/holohover_ws/install/micro_ros_agent:/home/acl3-ubuntu/holohover_ws/install/micro_ros_msgs:/home/acl3-ubuntu/holohover_ws/install/holohover_msgs:/home/acl3-ubuntu/holohover_ws/install/bota_node:/home/acl3-ubuntu/holohover_ws/install/bota_worker:/home/acl3-ubuntu/holohover_ws/install/bota_signal_handler:/opt/ros/humble LD_LIBRARY_PATH=/home/acl3-ubuntu/holohover_ws/src/holohover/install/bota_worker/lib:/home/acl3-ubuntu/holohover_ws/src/holohover/install/bota_signal_handler/lib:${LD_LIBRARY_PATH} /usr/bin/cmake --install /home/acl3-ubuntu/holohover_ws/src/holohover/build/bota_node
[11.149s] -- Install configuration: ""
[11.150s] -- Installing: /home/acl3-ubuntu/holohover_ws/src/holohover/install/bota_node/include/bota_node
[11.150s] -- Installing: /home/acl3-ubuntu/holohover_ws/src/holohover/install/bota_node/include/bota_node/Node.hpp
[11.150s] -- Installing: /home/acl3-ubuntu/holohover_ws/src/holohover/install/bota_node/include/bota_node/bota_node.hpp
[11.150s] -- Installing: /home/acl3-ubuntu/holohover_ws/src/holohover/install/bota_node/include/bota_node/Nodewrap.hpp
[11.151s] -- Installing: /home/acl3-ubuntu/holohover_ws/src/holohover/install/bota_node/lib/libbota_node.a
[11.151s] -- Installing: /home/acl3-ubuntu/holohover_ws/src/holohover/install/bota_node/share/bota_node/environment/library_path.sh
[11.151s] -- Installing: /home/acl3-ubuntu/holohover_ws/src/holohover/install/bota_node/share/bota_node/environment/library_path.dsv
[11.151s] -- Installing: /home/acl3-ubuntu/holohover_ws/src/holohover/install/bota_node/share/ament_index/resource_index/package_run_dependencies/bota_node
[11.151s] -- Installing: /home/acl3-ubuntu/holohover_ws/src/holohover/install/bota_node/share/ament_index/resource_index/parent_prefix_path/bota_node
[11.152s] -- Installing: /home/acl3-ubuntu/holohover_ws/src/holohover/install/bota_node/share/bota_node/environment/ament_prefix_path.sh
[11.152s] -- Installing: /home/acl3-ubuntu/holohover_ws/src/holohover/install/bota_node/share/bota_node/environment/ament_prefix_path.dsv
[11.152s] -- Installing: /home/acl3-ubuntu/holohover_ws/src/holohover/install/bota_node/share/bota_node/environment/path.sh
[11.152s] -- Installing: /home/acl3-ubuntu/holohover_ws/src/holohover/install/bota_node/share/bota_node/environment/path.dsv
[11.152s] -- Installing: /home/acl3-ubuntu/holohover_ws/src/holohover/install/bota_node/share/bota_node/local_setup.bash
[11.152s] -- Installing: /home/acl3-ubuntu/holohover_ws/src/holohover/install/bota_node/share/bota_node/local_setup.sh
[11.153s] -- Installing: /home/acl3-ubuntu/holohover_ws/src/holohover/install/bota_node/share/bota_node/local_setup.zsh
[11.153s] -- Installing: /home/acl3-ubuntu/holohover_ws/src/holohover/install/bota_node/share/bota_node/local_setup.dsv
[11.153s] -- Installing: /home/acl3-ubuntu/holohover_ws/src/holohover/install/bota_node/share/bota_node/package.dsv
[11.153s] -- Installing: /home/acl3-ubuntu/holohover_ws/src/holohover/install/bota_node/share/ament_index/resource_index/packages/bota_node
[11.153s] -- Installing: /home/acl3-ubuntu/holohover_ws/src/holohover/install/bota_node/share/bota_node/cmake/ament_cmake_export_dependencies-extras.cmake
[11.153s] -- Installing: /home/acl3-ubuntu/holohover_ws/src/holohover/install/bota_node/share/bota_node/cmake/ament_cmake_export_include_directories-extras.cmake
[11.154s] -- Installing: /home/acl3-ubuntu/holohover_ws/src/holohover/install/bota_node/share/bota_node/cmake/ament_cmake_export_libraries-extras.cmake
[11.154s] -- Installing: /home/acl3-ubuntu/holohover_ws/src/holohover/install/bota_node/share/bota_node/cmake/bota_nodeConfig.cmake
[11.154s] -- Installing: /home/acl3-ubuntu/holohover_ws/src/holohover/install/bota_node/share/bota_node/cmake/bota_nodeConfig-version.cmake
[11.154s] -- Installing: /home/acl3-ubuntu/holohover_ws/src/holohover/install/bota_node/share/bota_node/package.xml
[11.158s] Invoked command in '/home/acl3-ubuntu/holohover_ws/src/holohover/build/bota_node' returned '0': AMENT_PREFIX_PATH=/home/acl3-ubuntu/holohover_ws/src/holohover/install/bota_worker:/home/acl3-ubuntu/holohover_ws/src/holohover/install/bota_signal_handler:${AMENT_PREFIX_PATH} CMAKE_PREFIX_PATH=/home/acl3-ubuntu/holohover_ws/src/holohover/install/bota_worker:/home/acl3-ubuntu/holohover_ws/src/holohover/install/bota_signal_handler:/home/acl3-ubuntu/holohover_ws/install/bota_driver_testing:/home/acl3-ubuntu/holohover_ws/install/bota_driver:/home/acl3-ubuntu/holohover_ws/install/rokubimini_ethercat:/home/acl3-ubuntu/holohover_ws/install/soem:/home/acl3-ubuntu/holohover_ws/install/holohover_utils:/home/acl3-ubuntu/holohover_ws/install/holohover_gnc:/home/acl3-ubuntu/holohover_ws/install/ros_polympc:/home/acl3-ubuntu/holohover_ws/install/rokubimini_serial:/home/acl3-ubuntu/holohover_ws/install/rokubimini_msgs:/home/acl3-ubuntu/holohover_ws/install/rokubimini_description:/home/acl3-ubuntu/holohover_ws/install/rokubimini_bus_manager:/home/acl3-ubuntu/holohover_ws/install/rokubimini:/home/acl3-ubuntu/holohover_ws/install/mocap_optitrack:/home/acl3-ubuntu/holohover_ws/install/micro_ros_setup:/home/acl3-ubuntu/holohover_ws/install/micro_ros_agent:/home/acl3-ubuntu/holohover_ws/install/micro_ros_msgs:/home/acl3-ubuntu/holohover_ws/install/holohover_msgs:/home/acl3-ubuntu/holohover_ws/install/bota_node:/home/acl3-ubuntu/holohover_ws/install/bota_worker:/home/acl3-ubuntu/holohover_ws/install/bota_signal_handler:/opt/ros/humble LD_LIBRARY_PATH=/home/acl3-ubuntu/holohover_ws/src/holohover/install/bota_worker/lib:/home/acl3-ubuntu/holohover_ws/src/holohover/install/bota_signal_handler/lib:${LD_LIBRARY_PATH} /usr/bin/cmake --install /home/acl3-ubuntu/holohover_ws/src/holohover/build/bota_node
