[  1%] Built target rokubimini_msgs__cpp
[ 12%] Built target rokubimini_msgs__rosidl_generator_c
[ 12%] Built target ament_cmake_python_copy_rokubimini_msgs
[ 23%] Built target rokubimini_msgs__rosidl_typesupport_cpp
[ 35%] Built target rokubimini_msgs__rosidl_typesupport_introspection_cpp
[ 46%] Built target rokubimini_msgs__rosidl_typesupport_fastrtps_cpp
[ 57%] Built target rokubimini_msgs__rosidl_typesupport_fastrtps_c
[ 69%] Built target rokubimini_msgs__rosidl_typesupport_c
[ 80%] Built target rokubimini_msgs__rosidl_typesupport_introspection_c
[ 80%] Built target rokubimini_msgs
[ 81%] Built target rokubimini_msgs__py
[ 91%] Built target rokubimini_msgs__rosidl_generator_py
[ 94%] Built target rokubimini_msgs__rosidl_typesupport_fastrtps_c__pyext
[ 97%] Built target rokubimini_msgs__rosidl_typesupport_introspection_c__pyext
[100%] Built target rokubimini_msgs__rosidl_typesupport_c__pyext
running egg_info
writing rokubimini_msgs.egg-info/PKG-INFO
writing dependency_links to rokubimini_msgs.egg-info/dependency_links.txt
writing top-level names to rokubimini_msgs.egg-info/top_level.txt
reading manifest file 'rokubimini_msgs.egg-info/SOURCES.txt'
writing manifest file 'rokubimini_msgs.egg-info/SOURCES.txt'
[100%] Built target ament_cmake_python_build_rokubimini_msgs_egg
-- Install configuration: ""
-- Up-to-date: /home/acl3-ubuntu/holohover_ws/src/holohover/install/rokubimini_msgs/share/ament_index/resource_index/rosidl_interfaces/rokubimini_msgs
-- Up-to-date: /home/acl3-ubuntu/holohover_ws/src/holohover/install/rokubimini_msgs/include/rokubimini_msgs/rokubimini_msgs
-- Up-to-date: /home/acl3-ubuntu/holohover_ws/src/holohover/install/rokubimini_msgs/include/rokubimini_msgs/rokubimini_msgs/srv
-- Up-to-date: /home/acl3-ubuntu/holohover_ws/src/holohover/install/rokubimini_msgs/include/rokubimini_msgs/rokubimini_msgs/srv/detail
-- Up-to-date: /home/acl3-ubuntu/holohover_ws/src/holohover/install/rokubimini_msgs/include/rokubimini_msgs/rokubimini_msgs/srv/detail/get_sensor_configuration__functions.c
-- Up-to-date: /home/acl3-ubuntu/holohover_ws/src/holohover/install/rokubimini_msgs/include/rokubimini_msgs/rokubimini_msgs/srv/detail/firmware_update_ethercat__type_support.h
-- Up-to-date: /home/acl3-ubuntu/holohover_ws/src/holohover/install/rokubimini_msgs/include/rokubimini_msgs/rokubimini_msgs/srv/detail/get_sensor_configuration__type_support.h
-- Up-to-date: /home/acl3-ubuntu/holohover_ws/src/holohover/install/rokubimini_msgs/include/rokubimini_msgs/rokubimini_msgs/srv/detail/firmware_update_serial__struct.h
-- Up-to-date: /home/acl3-ubuntu/holohover_ws/src/holohover/install/rokubimini_msgs/include/rokubimini_msgs/rokubimini_msgs/srv/detail/get_sensor_configuration__functions.h
-- Up-to-date: /home/acl3-ubuntu/holohover_ws/src/holohover/install/rokubimini_msgs/include/rokubimini_msgs/rokubimini_msgs/srv/detail/reset_wrench__functions.h
-- Up-to-date: /home/acl3-ubuntu/holohover_ws/src/holohover/install/rokubimini_msgs/include/rokubimini_msgs/rokubimini_msgs/srv/detail/set_sensor_configuration__type_support.h
-- Up-to-date: /home/acl3-ubuntu/holohover_ws/src/holohover/install/rokubimini_msgs/include/rokubimini_msgs/rokubimini_msgs/srv/detail/firmware_update_ethercat__functions.h
-- Up-to-date: /home/acl3-ubuntu/holohover_ws/src/holohover/install/rokubimini_msgs/include/rokubimini_msgs/rokubimini_msgs/srv/detail/set_sensor_configuration__functions.h
-- Up-to-date: /home/acl3-ubuntu/holohover_ws/src/holohover/install/rokubimini_msgs/include/rokubimini_msgs/rokubimini_msgs/srv/detail/reset_wrench__functions.c
-- Up-to-date: /home/acl3-ubuntu/holohover_ws/src/holohover/install/rokubimini_msgs/include/rokubimini_msgs/rokubimini_msgs/srv/detail/set_sensor_configuration__struct.h
-- Up-to-date: /home/acl3-ubuntu/holohover_ws/src/holohover/install/rokubimini_msgs/include/rokubimini_msgs/rokubimini_msgs/srv/detail/firmware_update_serial__functions.h
-- Up-to-date: /home/acl3-ubuntu/holohover_ws/src/holohover/install/rokubimini_msgs/include/rokubimini_msgs/rokubimini_msgs/srv/detail/firmware_update_ethercat__struct.h
-- Up-to-date: /home/acl3-ubuntu/holohover_ws/src/holohover/install/rokubimini_msgs/include/rokubimini_msgs/rokubimini_msgs/srv/detail/firmware_update_serial__functions.c
-- Up-to-date: /home/acl3-ubuntu/holohover_ws/src/holohover/install/rokubimini_msgs/include/rokubimini_msgs/rokubimini_msgs/srv/detail/get_sensor_configuration__struct.h
-- Up-to-date: /home/acl3-ubuntu/holohover_ws/src/holohover/install/rokubimini_msgs/include/rokubimini_msgs/rokubimini_msgs/srv/detail/reset_wrench__type_support.h
-- Up-to-date: /home/acl3-ubuntu/holohover_ws/src/holohover/install/rokubimini_msgs/include/rokubimini_msgs/rokubimini_msgs/srv/detail/firmware_update_ethercat__functions.c
-- Up-to-date: /home/acl3-ubuntu/holohover_ws/src/holohover/install/rokubimini_msgs/include/rokubimini_msgs/rokubimini_msgs/srv/detail/firmware_update_serial__type_support.h
-- Up-to-date: /home/acl3-ubuntu/holohover_ws/src/holohover/install/rokubimini_msgs/include/rokubimini_msgs/rokubimini_msgs/srv/detail/reset_wrench__struct.h
-- Up-to-date: /home/acl3-ubuntu/holohover_ws/src/holohover/install/rokubimini_msgs/include/rokubimini_msgs/rokubimini_msgs/srv/detail/set_sensor_configuration__functions.c
-- Up-to-date: /home/acl3-ubuntu/holohover_ws/src/holohover/install/rokubimini_msgs/include/rokubimini_msgs/rokubimini_msgs/srv/firmware_update_serial.h
-- Up-to-date: /home/acl3-ubuntu/holohover_ws/src/holohover/install/rokubimini_msgs/include/rokubimini_msgs/rokubimini_msgs/srv/get_sensor_configuration.h
-- Up-to-date: /home/acl3-ubuntu/holohover_ws/src/holohover/install/rokubimini_msgs/include/rokubimini_msgs/rokubimini_msgs/srv/set_sensor_configuration.h
-- Up-to-date: /home/acl3-ubuntu/holohover_ws/src/holohover/install/rokubimini_msgs/include/rokubimini_msgs/rokubimini_msgs/srv/reset_wrench.h
-- Up-to-date: /home/acl3-ubuntu/holohover_ws/src/holohover/install/rokubimini_msgs/include/rokubimini_msgs/rokubimini_msgs/srv/firmware_update_ethercat.h
-- Up-to-date: /home/acl3-ubuntu/holohover_ws/src/holohover/install/rokubimini_msgs/include/rokubimini_msgs/rokubimini_msgs/msg
-- Up-to-date: /home/acl3-ubuntu/holohover_ws/src/holohover/install/rokubimini_msgs/include/rokubimini_msgs/rokubimini_msgs/msg/rosidl_generator_c__visibility_control.h
-- Up-to-date: /home/acl3-ubuntu/holohover_ws/src/holohover/install/rokubimini_msgs/include/rokubimini_msgs/rokubimini_msgs/msg/detail
-- Up-to-date: /home/acl3-ubuntu/holohover_ws/src/holohover/install/rokubimini_msgs/include/rokubimini_msgs/rokubimini_msgs/msg/detail/reading__type_support.h
-- Up-to-date: /home/acl3-ubuntu/holohover_ws/src/holohover/install/rokubimini_msgs/include/rokubimini_msgs/rokubimini_msgs/msg/detail/reading__struct.h
-- Up-to-date: /home/acl3-ubuntu/holohover_ws/src/holohover/install/rokubimini_msgs/include/rokubimini_msgs/rokubimini_msgs/msg/detail/reading__functions.c
-- Up-to-date: /home/acl3-ubuntu/holohover_ws/src/holohover/install/rokubimini_msgs/include/rokubimini_msgs/rokubimini_msgs/msg/detail/reading__functions.h
-- Up-to-date: /home/acl3-ubuntu/holohover_ws/src/holohover/install/rokubimini_msgs/include/rokubimini_msgs/rokubimini_msgs/msg/reading.h
-- Up-to-date: /home/acl3-ubuntu/holohover_ws/src/holohover/install/rokubimini_msgs/share/rokubimini_msgs/environment/library_path.sh
-- Up-to-date: /home/acl3-ubuntu/holohover_ws/src/holohover/install/rokubimini_msgs/share/rokubimini_msgs/environment/library_path.dsv
-- Up-to-date: /home/acl3-ubuntu/holohover_ws/src/holohover/install/rokubimini_msgs/lib/librokubimini_msgs__rosidl_generator_c.so
-- Up-to-date: /home/acl3-ubuntu/holohover_ws/src/holohover/install/rokubimini_msgs/include/rokubimini_msgs/rokubimini_msgs
-- Up-to-date: /home/acl3-ubuntu/holohover_ws/src/holohover/install/rokubimini_msgs/include/rokubimini_msgs/rokubimini_msgs/srv
-- Up-to-date: /home/acl3-ubuntu/holohover_ws/src/holohover/install/rokubimini_msgs/include/rokubimini_msgs/rokubimini_msgs/srv/detail
-- Up-to-date: /home/acl3-ubuntu/holohover_ws/src/holohover/install/rokubimini_msgs/include/rokubimini_msgs/rokubimini_msgs/srv/detail/firmware_update_serial__rosidl_typesupport_fastrtps_c.h
-- Up-to-date: /home/acl3-ubuntu/holohover_ws/src/holohover/install/rokubimini_msgs/include/rokubimini_msgs/rokubimini_msgs/srv/detail/get_sensor_configuration__rosidl_typesupport_fastrtps_c.h
-- Up-to-date: /home/acl3-ubuntu/holohover_ws/src/holohover/install/rokubimini_msgs/include/rokubimini_msgs/rokubimini_msgs/srv/detail/set_sensor_configuration__rosidl_typesupport_fastrtps_c.h
-- Up-to-date: /home/acl3-ubuntu/holohover_ws/src/holohover/install/rokubimini_msgs/include/rokubimini_msgs/rokubimini_msgs/srv/detail/reset_wrench__rosidl_typesupport_fastrtps_c.h
-- Up-to-date: /home/acl3-ubuntu/holohover_ws/src/holohover/install/rokubimini_msgs/include/rokubimini_msgs/rokubimini_msgs/srv/detail/firmware_update_ethercat__rosidl_typesupport_fastrtps_c.h
-- Up-to-date: /home/acl3-ubuntu/holohover_ws/src/holohover/install/rokubimini_msgs/include/rokubimini_msgs/rokubimini_msgs/msg
-- Up-to-date: /home/acl3-ubuntu/holohover_ws/src/holohover/install/rokubimini_msgs/include/rokubimini_msgs/rokubimini_msgs/msg/detail
-- Up-to-date: /home/acl3-ubuntu/holohover_ws/src/holohover/install/rokubimini_msgs/include/rokubimini_msgs/rokubimini_msgs/msg/detail/reading__rosidl_typesupport_fastrtps_c.h
-- Up-to-date: /home/acl3-ubuntu/holohover_ws/src/holohover/install/rokubimini_msgs/include/rokubimini_msgs/rokubimini_msgs/msg/rosidl_typesupport_fastrtps_c__visibility_control.h
-- Up-to-date: /home/acl3-ubuntu/holohover_ws/src/holohover/install/rokubimini_msgs/lib/librokubimini_msgs__rosidl_typesupport_fastrtps_c.so
-- Up-to-date: /home/acl3-ubuntu/holohover_ws/src/holohover/install/rokubimini_msgs/include/rokubimini_msgs/rokubimini_msgs
-- Up-to-date: /home/acl3-ubuntu/holohover_ws/src/holohover/install/rokubimini_msgs/include/rokubimini_msgs/rokubimini_msgs/srv
-- Up-to-date: /home/acl3-ubuntu/holohover_ws/src/holohover/install/rokubimini_msgs/include/rokubimini_msgs/rokubimini_msgs/srv/detail
-- Up-to-date: /home/acl3-ubuntu/holohover_ws/src/holohover/install/rokubimini_msgs/include/rokubimini_msgs/rokubimini_msgs/srv/detail/firmware_update_ethercat__type_support.c
-- Up-to-date: /home/acl3-ubuntu/holohover_ws/src/holohover/install/rokubimini_msgs/include/rokubimini_msgs/rokubimini_msgs/srv/detail/set_sensor_configuration__rosidl_typesupport_introspection_c.h
-- Up-to-date: /home/acl3-ubuntu/holohover_ws/src/holohover/install/rokubimini_msgs/include/rokubimini_msgs/rokubimini_msgs/srv/detail/reset_wrench__type_support.c
-- Up-to-date: /home/acl3-ubuntu/holohover_ws/src/holohover/install/rokubimini_msgs/include/rokubimini_msgs/rokubimini_msgs/srv/detail/get_sensor_configuration__rosidl_typesupport_introspection_c.h
-- Up-to-date: /home/acl3-ubuntu/holohover_ws/src/holohover/install/rokubimini_msgs/include/rokubimini_msgs/rokubimini_msgs/srv/detail/reset_wrench__rosidl_typesupport_introspection_c.h
-- Up-to-date: /home/acl3-ubuntu/holohover_ws/src/holohover/install/rokubimini_msgs/include/rokubimini_msgs/rokubimini_msgs/srv/detail/set_sensor_configuration__type_support.c
-- Up-to-date: /home/acl3-ubuntu/holohover_ws/src/holohover/install/rokubimini_msgs/include/rokubimini_msgs/rokubimini_msgs/srv/detail/firmware_update_ethercat__rosidl_typesupport_introspection_c.h
-- Up-to-date: /home/acl3-ubuntu/holohover_ws/src/holohover/install/rokubimini_msgs/include/rokubimini_msgs/rokubimini_msgs/srv/detail/get_sensor_configuration__type_support.c
-- Up-to-date: /home/acl3-ubuntu/holohover_ws/src/holohover/install/rokubimini_msgs/include/rokubimini_msgs/rokubimini_msgs/srv/detail/firmware_update_serial__rosidl_typesupport_introspection_c.h
-- Up-to-date: /home/acl3-ubuntu/holohover_ws/src/holohover/install/rokubimini_msgs/include/rokubimini_msgs/rokubimini_msgs/srv/detail/firmware_update_serial__type_support.c
-- Up-to-date: /home/acl3-ubuntu/holohover_ws/src/holohover/install/rokubimini_msgs/include/rokubimini_msgs/rokubimini_msgs/msg
-- Up-to-date: /home/acl3-ubuntu/holohover_ws/src/holohover/install/rokubimini_msgs/include/rokubimini_msgs/rokubimini_msgs/msg/detail
-- Up-to-date: /home/acl3-ubuntu/holohover_ws/src/holohover/install/rokubimini_msgs/include/rokubimini_msgs/rokubimini_msgs/msg/detail/reading__rosidl_typesupport_introspection_c.h
-- Up-to-date: /home/acl3-ubuntu/holohover_ws/src/holohover/install/rokubimini_msgs/include/rokubimini_msgs/rokubimini_msgs/msg/detail/reading__type_support.c
-- Up-to-date: /home/acl3-ubuntu/holohover_ws/src/holohover/install/rokubimini_msgs/include/rokubimini_msgs/rokubimini_msgs/msg/rosidl_typesupport_introspection_c__visibility_control.h
-- Up-to-date: /home/acl3-ubuntu/holohover_ws/src/holohover/install/rokubimini_msgs/lib/librokubimini_msgs__rosidl_typesupport_introspection_c.so
-- Up-to-date: /home/acl3-ubuntu/holohover_ws/src/holohover/install/rokubimini_msgs/lib/librokubimini_msgs__rosidl_typesupport_c.so
-- Up-to-date: /home/acl3-ubuntu/holohover_ws/src/holohover/install/rokubimini_msgs/include/rokubimini_msgs/rokubimini_msgs
-- Up-to-date: /home/acl3-ubuntu/holohover_ws/src/holohover/install/rokubimini_msgs/include/rokubimini_msgs/rokubimini_msgs/srv
-- Up-to-date: /home/acl3-ubuntu/holohover_ws/src/holohover/install/rokubimini_msgs/include/rokubimini_msgs/rokubimini_msgs/srv/firmware_update_serial.hpp
-- Up-to-date: /home/acl3-ubuntu/holohover_ws/src/holohover/install/rokubimini_msgs/include/rokubimini_msgs/rokubimini_msgs/srv/set_sensor_configuration.hpp
-- Up-to-date: /home/acl3-ubuntu/holohover_ws/src/holohover/install/rokubimini_msgs/include/rokubimini_msgs/rokubimini_msgs/srv/detail
-- Up-to-date: /home/acl3-ubuntu/holohover_ws/src/holohover/install/rokubimini_msgs/include/rokubimini_msgs/rokubimini_msgs/srv/detail/set_sensor_configuration__builder.hpp
-- Up-to-date: /home/acl3-ubuntu/holohover_ws/src/holohover/install/rokubimini_msgs/include/rokubimini_msgs/rokubimini_msgs/srv/detail/firmware_update_ethercat__traits.hpp
-- Up-to-date: /home/acl3-ubuntu/holohover_ws/src/holohover/install/rokubimini_msgs/include/rokubimini_msgs/rokubimini_msgs/srv/detail/get_sensor_configuration__traits.hpp
-- Up-to-date: /home/acl3-ubuntu/holohover_ws/src/holohover/install/rokubimini_msgs/include/rokubimini_msgs/rokubimini_msgs/srv/detail/firmware_update_ethercat__struct.hpp
-- Up-to-date: /home/acl3-ubuntu/holohover_ws/src/holohover/install/rokubimini_msgs/include/rokubimini_msgs/rokubimini_msgs/srv/detail/set_sensor_configuration__traits.hpp
-- Up-to-date: /home/acl3-ubuntu/holohover_ws/src/holohover/install/rokubimini_msgs/include/rokubimini_msgs/rokubimini_msgs/srv/detail/firmware_update_serial__struct.hpp
-- Up-to-date: /home/acl3-ubuntu/holohover_ws/src/holohover/install/rokubimini_msgs/include/rokubimini_msgs/rokubimini_msgs/srv/detail/get_sensor_configuration__builder.hpp
-- Up-to-date: /home/acl3-ubuntu/holohover_ws/src/holohover/install/rokubimini_msgs/include/rokubimini_msgs/rokubimini_msgs/srv/detail/firmware_update_serial__traits.hpp
-- Up-to-date: /home/acl3-ubuntu/holohover_ws/src/holohover/install/rokubimini_msgs/include/rokubimini_msgs/rokubimini_msgs/srv/detail/firmware_update_ethercat__builder.hpp
-- Up-to-date: /home/acl3-ubuntu/holohover_ws/src/holohover/install/rokubimini_msgs/include/rokubimini_msgs/rokubimini_msgs/srv/detail/firmware_update_serial__builder.hpp
-- Up-to-date: /home/acl3-ubuntu/holohover_ws/src/holohover/install/rokubimini_msgs/include/rokubimini_msgs/rokubimini_msgs/srv/detail/get_sensor_configuration__struct.hpp
-- Up-to-date: /home/acl3-ubuntu/holohover_ws/src/holohover/install/rokubimini_msgs/include/rokubimini_msgs/rokubimini_msgs/srv/detail/reset_wrench__builder.hpp
-- Up-to-date: /home/acl3-ubuntu/holohover_ws/src/holohover/install/rokubimini_msgs/include/rokubimini_msgs/rokubimini_msgs/srv/detail/reset_wrench__struct.hpp
-- Up-to-date: /home/acl3-ubuntu/holohover_ws/src/holohover/install/rokubimini_msgs/include/rokubimini_msgs/rokubimini_msgs/srv/detail/set_sensor_configuration__struct.hpp
-- Up-to-date: /home/acl3-ubuntu/holohover_ws/src/holohover/install/rokubimini_msgs/include/rokubimini_msgs/rokubimini_msgs/srv/detail/reset_wrench__traits.hpp
-- Up-to-date: /home/acl3-ubuntu/holohover_ws/src/holohover/install/rokubimini_msgs/include/rokubimini_msgs/rokubimini_msgs/srv/firmware_update_ethercat.hpp
-- Up-to-date: /home/acl3-ubuntu/holohover_ws/src/holohover/install/rokubimini_msgs/include/rokubimini_msgs/rokubimini_msgs/srv/reset_wrench.hpp
-- Up-to-date: /home/acl3-ubuntu/holohover_ws/src/holohover/install/rokubimini_msgs/include/rokubimini_msgs/rokubimini_msgs/srv/get_sensor_configuration.hpp
-- Up-to-date: /home/acl3-ubuntu/holohover_ws/src/holohover/install/rokubimini_msgs/include/rokubimini_msgs/rokubimini_msgs/msg
-- Up-to-date: /home/acl3-ubuntu/holohover_ws/src/holohover/install/rokubimini_msgs/include/rokubimini_msgs/rokubimini_msgs/msg/detail
-- Up-to-date: /home/acl3-ubuntu/holohover_ws/src/holohover/install/rokubimini_msgs/include/rokubimini_msgs/rokubimini_msgs/msg/detail/reading__builder.hpp
-- Up-to-date: /home/acl3-ubuntu/holohover_ws/src/holohover/install/rokubimini_msgs/include/rokubimini_msgs/rokubimini_msgs/msg/detail/reading__struct.hpp
-- Up-to-date: /home/acl3-ubuntu/holohover_ws/src/holohover/install/rokubimini_msgs/include/rokubimini_msgs/rokubimini_msgs/msg/detail/reading__traits.hpp
-- Up-to-date: /home/acl3-ubuntu/holohover_ws/src/holohover/install/rokubimini_msgs/include/rokubimini_msgs/rokubimini_msgs/msg/reading.hpp
-- Up-to-date: /home/acl3-ubuntu/holohover_ws/src/holohover/install/rokubimini_msgs/include/rokubimini_msgs/rokubimini_msgs
-- Up-to-date: /home/acl3-ubuntu/holohover_ws/src/holohover/install/rokubimini_msgs/include/rokubimini_msgs/rokubimini_msgs/srv
-- Up-to-date: /home/acl3-ubuntu/holohover_ws/src/holohover/install/rokubimini_msgs/include/rokubimini_msgs/rokubimini_msgs/srv/detail
-- Up-to-date: /home/acl3-ubuntu/holohover_ws/src/holohover/install/rokubimini_msgs/include/rokubimini_msgs/rokubimini_msgs/srv/detail/firmware_update_serial__rosidl_typesupport_fastrtps_cpp.hpp
-- Up-to-date: /home/acl3-ubuntu/holohover_ws/src/holohover/install/rokubimini_msgs/include/rokubimini_msgs/rokubimini_msgs/srv/detail/dds_fastrtps
-- Up-to-date: /home/acl3-ubuntu/holohover_ws/src/holohover/install/rokubimini_msgs/include/rokubimini_msgs/rokubimini_msgs/srv/detail/firmware_update_ethercat__rosidl_typesupport_fastrtps_cpp.hpp
-- Up-to-date: /home/acl3-ubuntu/holohover_ws/src/holohover/install/rokubimini_msgs/include/rokubimini_msgs/rokubimini_msgs/srv/detail/reset_wrench__rosidl_typesupport_fastrtps_cpp.hpp
-- Up-to-date: /home/acl3-ubuntu/holohover_ws/src/holohover/install/rokubimini_msgs/include/rokubimini_msgs/rokubimini_msgs/srv/detail/get_sensor_configuration__rosidl_typesupport_fastrtps_cpp.hpp
-- Up-to-date: /home/acl3-ubuntu/holohover_ws/src/holohover/install/rokubimini_msgs/include/rokubimini_msgs/rokubimini_msgs/srv/detail/set_sensor_configuration__rosidl_typesupport_fastrtps_cpp.hpp
-- Up-to-date: /home/acl3-ubuntu/holohover_ws/src/holohover/install/rokubimini_msgs/include/rokubimini_msgs/rokubimini_msgs/msg
-- Up-to-date: /home/acl3-ubuntu/holohover_ws/src/holohover/install/rokubimini_msgs/include/rokubimini_msgs/rokubimini_msgs/msg/rosidl_typesupport_fastrtps_cpp__visibility_control.h
-- Up-to-date: /home/acl3-ubuntu/holohover_ws/src/holohover/install/rokubimini_msgs/include/rokubimini_msgs/rokubimini_msgs/msg/detail
-- Up-to-date: /home/acl3-ubuntu/holohover_ws/src/holohover/install/rokubimini_msgs/include/rokubimini_msgs/rokubimini_msgs/msg/detail/dds_fastrtps
-- Up-to-date: /home/acl3-ubuntu/holohover_ws/src/holohover/install/rokubimini_msgs/include/rokubimini_msgs/rokubimini_msgs/msg/detail/reading__rosidl_typesupport_fastrtps_cpp.hpp
-- Up-to-date: /home/acl3-ubuntu/holohover_ws/src/holohover/install/rokubimini_msgs/lib/librokubimini_msgs__rosidl_typesupport_fastrtps_cpp.so
-- Up-to-date: /home/acl3-ubuntu/holohover_ws/src/holohover/install/rokubimini_msgs/include/rokubimini_msgs/rokubimini_msgs
-- Up-to-date: /home/acl3-ubuntu/holohover_ws/src/holohover/install/rokubimini_msgs/include/rokubimini_msgs/rokubimini_msgs/srv
-- Up-to-date: /home/acl3-ubuntu/holohover_ws/src/holohover/install/rokubimini_msgs/include/rokubimini_msgs/rokubimini_msgs/srv/detail
-- Up-to-date: /home/acl3-ubuntu/holohover_ws/src/holohover/install/rokubimini_msgs/include/rokubimini_msgs/rokubimini_msgs/srv/detail/firmware_update_ethercat__rosidl_typesupport_introspection_cpp.hpp
-- Up-to-date: /home/acl3-ubuntu/holohover_ws/src/holohover/install/rokubimini_msgs/include/rokubimini_msgs/rokubimini_msgs/srv/detail/firmware_update_serial__rosidl_typesupport_introspection_cpp.hpp
-- Up-to-date: /home/acl3-ubuntu/holohover_ws/src/holohover/install/rokubimini_msgs/include/rokubimini_msgs/rokubimini_msgs/srv/detail/reset_wrench__rosidl_typesupport_introspection_cpp.hpp
-- Up-to-date: /home/acl3-ubuntu/holohover_ws/src/holohover/install/rokubimini_msgs/include/rokubimini_msgs/rokubimini_msgs/srv/detail/firmware_update_ethercat__type_support.cpp
-- Up-to-date: /home/acl3-ubuntu/holohover_ws/src/holohover/install/rokubimini_msgs/include/rokubimini_msgs/rokubimini_msgs/srv/detail/set_sensor_configuration__type_support.cpp
-- Up-to-date: /home/acl3-ubuntu/holohover_ws/src/holohover/install/rokubimini_msgs/include/rokubimini_msgs/rokubimini_msgs/srv/detail/set_sensor_configuration__rosidl_typesupport_introspection_cpp.hpp
-- Up-to-date: /home/acl3-ubuntu/holohover_ws/src/holohover/install/rokubimini_msgs/include/rokubimini_msgs/rokubimini_msgs/srv/detail/get_sensor_configuration__type_support.cpp
-- Up-to-date: /home/acl3-ubuntu/holohover_ws/src/holohover/install/rokubimini_msgs/include/rokubimini_msgs/rokubimini_msgs/srv/detail/reset_wrench__type_support.cpp
-- Up-to-date: /home/acl3-ubuntu/holohover_ws/src/holohover/install/rokubimini_msgs/include/rokubimini_msgs/rokubimini_msgs/srv/detail/get_sensor_configuration__rosidl_typesupport_introspection_cpp.hpp
-- Up-to-date: /home/acl3-ubuntu/holohover_ws/src/holohover/install/rokubimini_msgs/include/rokubimini_msgs/rokubimini_msgs/srv/detail/firmware_update_serial__type_support.cpp
-- Up-to-date: /home/acl3-ubuntu/holohover_ws/src/holohover/install/rokubimini_msgs/include/rokubimini_msgs/rokubimini_msgs/msg
-- Up-to-date: /home/acl3-ubuntu/holohover_ws/src/holohover/install/rokubimini_msgs/include/rokubimini_msgs/rokubimini_msgs/msg/detail
-- Up-to-date: /home/acl3-ubuntu/holohover_ws/src/holohover/install/rokubimini_msgs/include/rokubimini_msgs/rokubimini_msgs/msg/detail/reading__type_support.cpp
-- Up-to-date: /home/acl3-ubuntu/holohover_ws/src/holohover/install/rokubimini_msgs/include/rokubimini_msgs/rokubimini_msgs/msg/detail/reading__rosidl_typesupport_introspection_cpp.hpp
-- Up-to-date: /home/acl3-ubuntu/holohover_ws/src/holohover/install/rokubimini_msgs/lib/librokubimini_msgs__rosidl_typesupport_introspection_cpp.so
-- Up-to-date: /home/acl3-ubuntu/holohover_ws/src/holohover/install/rokubimini_msgs/lib/librokubimini_msgs__rosidl_typesupport_cpp.so
-- Up-to-date: /home/acl3-ubuntu/holohover_ws/src/holohover/install/rokubimini_msgs/share/rokubimini_msgs/environment/pythonpath.sh
-- Up-to-date: /home/acl3-ubuntu/holohover_ws/src/holohover/install/rokubimini_msgs/share/rokubimini_msgs/environment/pythonpath.dsv
-- Up-to-date: /home/acl3-ubuntu/holohover_ws/src/holohover/install/rokubimini_msgs/local/lib/python3.10/dist-packages/rokubimini_msgs-0.6.1-py3.10.egg-info
-- Installing: /home/acl3-ubuntu/holohover_ws/src/holohover/install/rokubimini_msgs/local/lib/python3.10/dist-packages/rokubimini_msgs-0.6.1-py3.10.egg-info/top_level.txt
-- Installing: /home/acl3-ubuntu/holohover_ws/src/holohover/install/rokubimini_msgs/local/lib/python3.10/dist-packages/rokubimini_msgs-0.6.1-py3.10.egg-info/dependency_links.txt
-- Installing: /home/acl3-ubuntu/holohover_ws/src/holohover/install/rokubimini_msgs/local/lib/python3.10/dist-packages/rokubimini_msgs-0.6.1-py3.10.egg-info/SOURCES.txt
-- Installing: /home/acl3-ubuntu/holohover_ws/src/holohover/install/rokubimini_msgs/local/lib/python3.10/dist-packages/rokubimini_msgs-0.6.1-py3.10.egg-info/PKG-INFO
-- Up-to-date: /home/acl3-ubuntu/holohover_ws/src/holohover/install/rokubimini_msgs/local/lib/python3.10/dist-packages/rokubimini_msgs
-- Up-to-date: /home/acl3-ubuntu/holohover_ws/src/holohover/install/rokubimini_msgs/local/lib/python3.10/dist-packages/rokubimini_msgs/rokubimini_msgs_s__rosidl_typesupport_fastrtps_c.cpython-310-x86_64-linux-gnu.so
-- Up-to-date: /home/acl3-ubuntu/holohover_ws/src/holohover/install/rokubimini_msgs/local/lib/python3.10/dist-packages/rokubimini_msgs/__init__.py
-- Up-to-date: /home/acl3-ubuntu/holohover_ws/src/holohover/install/rokubimini_msgs/local/lib/python3.10/dist-packages/rokubimini_msgs/_rokubimini_msgs_s.ep.rosidl_typesupport_introspection_c.c
-- Up-to-date: /home/acl3-ubuntu/holohover_ws/src/holohover/install/rokubimini_msgs/local/lib/python3.10/dist-packages/rokubimini_msgs/srv
-- Up-to-date: /home/acl3-ubuntu/holohover_ws/src/holohover/install/rokubimini_msgs/local/lib/python3.10/dist-packages/rokubimini_msgs/srv/_reset_wrench_s.c
-- Up-to-date: /home/acl3-ubuntu/holohover_ws/src/holohover/install/rokubimini_msgs/local/lib/python3.10/dist-packages/rokubimini_msgs/srv/__init__.py
-- Up-to-date: /home/acl3-ubuntu/holohover_ws/src/holohover/install/rokubimini_msgs/local/lib/python3.10/dist-packages/rokubimini_msgs/srv/_reset_wrench.py
-- Up-to-date: /home/acl3-ubuntu/holohover_ws/src/holohover/install/rokubimini_msgs/local/lib/python3.10/dist-packages/rokubimini_msgs/srv/_set_sensor_configuration_s.c
-- Up-to-date: /home/acl3-ubuntu/holohover_ws/src/holohover/install/rokubimini_msgs/local/lib/python3.10/dist-packages/rokubimini_msgs/srv/_firmware_update_serial_s.c
-- Up-to-date: /home/acl3-ubuntu/holohover_ws/src/holohover/install/rokubimini_msgs/local/lib/python3.10/dist-packages/rokubimini_msgs/srv/_firmware_update_serial.py
-- Up-to-date: /home/acl3-ubuntu/holohover_ws/src/holohover/install/rokubimini_msgs/local/lib/python3.10/dist-packages/rokubimini_msgs/srv/_firmware_update_ethercat.py
-- Up-to-date: /home/acl3-ubuntu/holohover_ws/src/holohover/install/rokubimini_msgs/local/lib/python3.10/dist-packages/rokubimini_msgs/srv/_get_sensor_configuration.py
-- Up-to-date: /home/acl3-ubuntu/holohover_ws/src/holohover/install/rokubimini_msgs/local/lib/python3.10/dist-packages/rokubimini_msgs/srv/_firmware_update_ethercat_s.c
-- Up-to-date: /home/acl3-ubuntu/holohover_ws/src/holohover/install/rokubimini_msgs/local/lib/python3.10/dist-packages/rokubimini_msgs/srv/_get_sensor_configuration_s.c
-- Up-to-date: /home/acl3-ubuntu/holohover_ws/src/holohover/install/rokubimini_msgs/local/lib/python3.10/dist-packages/rokubimini_msgs/srv/_set_sensor_configuration.py
-- Up-to-date: /home/acl3-ubuntu/holohover_ws/src/holohover/install/rokubimini_msgs/local/lib/python3.10/dist-packages/rokubimini_msgs/_rokubimini_msgs_s.ep.rosidl_typesupport_fastrtps_c.c
-- Up-to-date: /home/acl3-ubuntu/holohover_ws/src/holohover/install/rokubimini_msgs/local/lib/python3.10/dist-packages/rokubimini_msgs/librokubimini_msgs__rosidl_generator_py.so
-- Up-to-date: /home/acl3-ubuntu/holohover_ws/src/holohover/install/rokubimini_msgs/local/lib/python3.10/dist-packages/rokubimini_msgs/_rokubimini_msgs_s.ep.rosidl_typesupport_c.c
-- Up-to-date: /home/acl3-ubuntu/holohover_ws/src/holohover/install/rokubimini_msgs/local/lib/python3.10/dist-packages/rokubimini_msgs/rokubimini_msgs_s__rosidl_typesupport_c.cpython-310-x86_64-linux-gnu.so
-- Up-to-date: /home/acl3-ubuntu/holohover_ws/src/holohover/install/rokubimini_msgs/local/lib/python3.10/dist-packages/rokubimini_msgs/rokubimini_msgs_s__rosidl_typesupport_introspection_c.cpython-310-x86_64-linux-gnu.so
-- Up-to-date: /home/acl3-ubuntu/holohover_ws/src/holohover/install/rokubimini_msgs/local/lib/python3.10/dist-packages/rokubimini_msgs/msg
-- Up-to-date: /home/acl3-ubuntu/holohover_ws/src/holohover/install/rokubimini_msgs/local/lib/python3.10/dist-packages/rokubimini_msgs/msg/__init__.py
-- Up-to-date: /home/acl3-ubuntu/holohover_ws/src/holohover/install/rokubimini_msgs/local/lib/python3.10/dist-packages/rokubimini_msgs/msg/_reading.py
-- Up-to-date: /home/acl3-ubuntu/holohover_ws/src/holohover/install/rokubimini_msgs/local/lib/python3.10/dist-packages/rokubimini_msgs/msg/_reading_s.c
Listing '/home/acl3-ubuntu/holohover_ws/src/holohover/install/rokubimini_msgs/local/lib/python3.10/dist-packages/rokubimini_msgs'...
Listing '/home/acl3-ubuntu/holohover_ws/src/holohover/install/rokubimini_msgs/local/lib/python3.10/dist-packages/rokubimini_msgs/msg'...
Listing '/home/acl3-ubuntu/holohover_ws/src/holohover/install/rokubimini_msgs/local/lib/python3.10/dist-packages/rokubimini_msgs/srv'...
-- Up-to-date: /home/acl3-ubuntu/holohover_ws/src/holohover/install/rokubimini_msgs/local/lib/python3.10/dist-packages/rokubimini_msgs/rokubimini_msgs_s__rosidl_typesupport_fastrtps_c.cpython-310-x86_64-linux-gnu.so
-- Up-to-date: /home/acl3-ubuntu/holohover_ws/src/holohover/install/rokubimini_msgs/local/lib/python3.10/dist-packages/rokubimini_msgs/rokubimini_msgs_s__rosidl_typesupport_introspection_c.cpython-310-x86_64-linux-gnu.so
-- Up-to-date: /home/acl3-ubuntu/holohover_ws/src/holohover/install/rokubimini_msgs/local/lib/python3.10/dist-packages/rokubimini_msgs/rokubimini_msgs_s__rosidl_typesupport_c.cpython-310-x86_64-linux-gnu.so
-- Up-to-date: /home/acl3-ubuntu/holohover_ws/src/holohover/install/rokubimini_msgs/lib/librokubimini_msgs__rosidl_generator_py.so
-- Up-to-date: /home/acl3-ubuntu/holohover_ws/src/holohover/install/rokubimini_msgs/share/rokubimini_msgs/msg/Reading.idl
-- Up-to-date: /home/acl3-ubuntu/holohover_ws/src/holohover/install/rokubimini_msgs/share/rokubimini_msgs/srv/GetSensorConfiguration.idl
-- Up-to-date: /home/acl3-ubuntu/holohover_ws/src/holohover/install/rokubimini_msgs/share/rokubimini_msgs/srv/SetSensorConfiguration.idl
-- Up-to-date: /home/acl3-ubuntu/holohover_ws/src/holohover/install/rokubimini_msgs/share/rokubimini_msgs/srv/FirmwareUpdateEthercat.idl
-- Up-to-date: /home/acl3-ubuntu/holohover_ws/src/holohover/install/rokubimini_msgs/share/rokubimini_msgs/srv/FirmwareUpdateSerial.idl
-- Up-to-date: /home/acl3-ubuntu/holohover_ws/src/holohover/install/rokubimini_msgs/share/rokubimini_msgs/srv/ResetWrench.idl
-- Up-to-date: /home/acl3-ubuntu/holohover_ws/src/holohover/install/rokubimini_msgs/share/rokubimini_msgs/msg/Reading.msg
-- Up-to-date: /home/acl3-ubuntu/holohover_ws/src/holohover/install/rokubimini_msgs/share/rokubimini_msgs/srv/GetSensorConfiguration.srv
-- Up-to-date: /home/acl3-ubuntu/holohover_ws/src/holohover/install/rokubimini_msgs/share/rokubimini_msgs/srv/GetSensorConfiguration_Request.msg
-- Up-to-date: /home/acl3-ubuntu/holohover_ws/src/holohover/install/rokubimini_msgs/share/rokubimini_msgs/srv/GetSensorConfiguration_Response.msg
-- Up-to-date: /home/acl3-ubuntu/holohover_ws/src/holohover/install/rokubimini_msgs/share/rokubimini_msgs/srv/SetSensorConfiguration.srv
-- Up-to-date: /home/acl3-ubuntu/holohover_ws/src/holohover/install/rokubimini_msgs/share/rokubimini_msgs/srv/SetSensorConfiguration_Request.msg
-- Up-to-date: /home/acl3-ubuntu/holohover_ws/src/holohover/install/rokubimini_msgs/share/rokubimini_msgs/srv/SetSensorConfiguration_Response.msg
-- Up-to-date: /home/acl3-ubuntu/holohover_ws/src/holohover/install/rokubimini_msgs/share/rokubimini_msgs/srv/FirmwareUpdateEthercat.srv
-- Up-to-date: /home/acl3-ubuntu/holohover_ws/src/holohover/install/rokubimini_msgs/share/rokubimini_msgs/srv/FirmwareUpdateEthercat_Request.msg
-- Up-to-date: /home/acl3-ubuntu/holohover_ws/src/holohover/install/rokubimini_msgs/share/rokubimini_msgs/srv/FirmwareUpdateEthercat_Response.msg
-- Up-to-date: /home/acl3-ubuntu/holohover_ws/src/holohover/install/rokubimini_msgs/share/rokubimini_msgs/srv/FirmwareUpdateSerial.srv
-- Up-to-date: /home/acl3-ubuntu/holohover_ws/src/holohover/install/rokubimini_msgs/share/rokubimini_msgs/srv/FirmwareUpdateSerial_Request.msg
-- Up-to-date: /home/acl3-ubuntu/holohover_ws/src/holohover/install/rokubimini_msgs/share/rokubimini_msgs/srv/FirmwareUpdateSerial_Response.msg
-- Up-to-date: /home/acl3-ubuntu/holohover_ws/src/holohover/install/rokubimini_msgs/share/rokubimini_msgs/srv/ResetWrench.srv
-- Up-to-date: /home/acl3-ubuntu/holohover_ws/src/holohover/install/rokubimini_msgs/share/rokubimini_msgs/srv/ResetWrench_Request.msg
-- Up-to-date: /home/acl3-ubuntu/holohover_ws/src/holohover/install/rokubimini_msgs/share/rokubimini_msgs/srv/ResetWrench_Response.msg
-- Up-to-date: /home/acl3-ubuntu/holohover_ws/src/holohover/install/rokubimini_msgs/share/ament_index/resource_index/package_run_dependencies/rokubimini_msgs
-- Up-to-date: /home/acl3-ubuntu/holohover_ws/src/holohover/install/rokubimini_msgs/share/ament_index/resource_index/parent_prefix_path/rokubimini_msgs
-- Up-to-date: /home/acl3-ubuntu/holohover_ws/src/holohover/install/rokubimini_msgs/share/rokubimini_msgs/environment/ament_prefix_path.sh
-- Up-to-date: /home/acl3-ubuntu/holohover_ws/src/holohover/install/rokubimini_msgs/share/rokubimini_msgs/environment/ament_prefix_path.dsv
-- Up-to-date: /home/acl3-ubuntu/holohover_ws/src/holohover/install/rokubimini_msgs/share/rokubimini_msgs/environment/path.sh
-- Up-to-date: /home/acl3-ubuntu/holohover_ws/src/holohover/install/rokubimini_msgs/share/rokubimini_msgs/environment/path.dsv
-- Up-to-date: /home/acl3-ubuntu/holohover_ws/src/holohover/install/rokubimini_msgs/share/rokubimini_msgs/local_setup.bash
-- Up-to-date: /home/acl3-ubuntu/holohover_ws/src/holohover/install/rokubimini_msgs/share/rokubimini_msgs/local_setup.sh
-- Up-to-date: /home/acl3-ubuntu/holohover_ws/src/holohover/install/rokubimini_msgs/share/rokubimini_msgs/local_setup.zsh
-- Up-to-date: /home/acl3-ubuntu/holohover_ws/src/holohover/install/rokubimini_msgs/share/rokubimini_msgs/local_setup.dsv
-- Installing: /home/acl3-ubuntu/holohover_ws/src/holohover/install/rokubimini_msgs/share/rokubimini_msgs/package.dsv
-- Up-to-date: /home/acl3-ubuntu/holohover_ws/src/holohover/install/rokubimini_msgs/share/ament_index/resource_index/packages/rokubimini_msgs
-- Up-to-date: /home/acl3-ubuntu/holohover_ws/src/holohover/install/rokubimini_msgs/share/rokubimini_msgs/cmake/export_rokubimini_msgs__rosidl_generator_cExport.cmake
-- Up-to-date: /home/acl3-ubuntu/holohover_ws/src/holohover/install/rokubimini_msgs/share/rokubimini_msgs/cmake/export_rokubimini_msgs__rosidl_generator_cExport-noconfig.cmake
-- Up-to-date: /home/acl3-ubuntu/holohover_ws/src/holohover/install/rokubimini_msgs/share/rokubimini_msgs/cmake/export_rokubimini_msgs__rosidl_typesupport_fastrtps_cExport.cmake
-- Up-to-date: /home/acl3-ubuntu/holohover_ws/src/holohover/install/rokubimini_msgs/share/rokubimini_msgs/cmake/export_rokubimini_msgs__rosidl_typesupport_fastrtps_cExport-noconfig.cmake
-- Up-to-date: /home/acl3-ubuntu/holohover_ws/src/holohover/install/rokubimini_msgs/share/rokubimini_msgs/cmake/rokubimini_msgs__rosidl_typesupport_introspection_cExport.cmake
-- Up-to-date: /home/acl3-ubuntu/holohover_ws/src/holohover/install/rokubimini_msgs/share/rokubimini_msgs/cmake/rokubimini_msgs__rosidl_typesupport_introspection_cExport-noconfig.cmake
-- Up-to-date: /home/acl3-ubuntu/holohover_ws/src/holohover/install/rokubimini_msgs/share/rokubimini_msgs/cmake/rokubimini_msgs__rosidl_typesupport_cExport.cmake
-- Up-to-date: /home/acl3-ubuntu/holohover_ws/src/holohover/install/rokubimini_msgs/share/rokubimini_msgs/cmake/rokubimini_msgs__rosidl_typesupport_cExport-noconfig.cmake
-- Up-to-date: /home/acl3-ubuntu/holohover_ws/src/holohover/install/rokubimini_msgs/share/rokubimini_msgs/cmake/export_rokubimini_msgs__rosidl_generator_cppExport.cmake
-- Up-to-date: /home/acl3-ubuntu/holohover_ws/src/holohover/install/rokubimini_msgs/share/rokubimini_msgs/cmake/export_rokubimini_msgs__rosidl_typesupport_fastrtps_cppExport.cmake
-- Up-to-date: /home/acl3-ubuntu/holohover_ws/src/holohover/install/rokubimini_msgs/share/rokubimini_msgs/cmake/export_rokubimini_msgs__rosidl_typesupport_fastrtps_cppExport-noconfig.cmake
-- Up-to-date: /home/acl3-ubuntu/holohover_ws/src/holohover/install/rokubimini_msgs/share/rokubimini_msgs/cmake/rokubimini_msgs__rosidl_typesupport_introspection_cppExport.cmake
-- Up-to-date: /home/acl3-ubuntu/holohover_ws/src/holohover/install/rokubimini_msgs/share/rokubimini_msgs/cmake/rokubimini_msgs__rosidl_typesupport_introspection_cppExport-noconfig.cmake
-- Up-to-date: /home/acl3-ubuntu/holohover_ws/src/holohover/install/rokubimini_msgs/share/rokubimini_msgs/cmake/rokubimini_msgs__rosidl_typesupport_cppExport.cmake
-- Up-to-date: /home/acl3-ubuntu/holohover_ws/src/holohover/install/rokubimini_msgs/share/rokubimini_msgs/cmake/rokubimini_msgs__rosidl_typesupport_cppExport-noconfig.cmake
-- Up-to-date: /home/acl3-ubuntu/holohover_ws/src/holohover/install/rokubimini_msgs/share/rokubimini_msgs/cmake/export_rokubimini_msgs__rosidl_generator_pyExport.cmake
-- Up-to-date: /home/acl3-ubuntu/holohover_ws/src/holohover/install/rokubimini_msgs/share/rokubimini_msgs/cmake/export_rokubimini_msgs__rosidl_generator_pyExport-noconfig.cmake
-- Up-to-date: /home/acl3-ubuntu/holohover_ws/src/holohover/install/rokubimini_msgs/share/rokubimini_msgs/cmake/rosidl_cmake-extras.cmake
-- Up-to-date: /home/acl3-ubuntu/holohover_ws/src/holohover/install/rokubimini_msgs/share/rokubimini_msgs/cmake/ament_cmake_export_dependencies-extras.cmake
-- Up-to-date: /home/acl3-ubuntu/holohover_ws/src/holohover/install/rokubimini_msgs/share/rokubimini_msgs/cmake/ament_cmake_export_include_directories-extras.cmake
-- Up-to-date: /home/acl3-ubuntu/holohover_ws/src/holohover/install/rokubimini_msgs/share/rokubimini_msgs/cmake/ament_cmake_export_libraries-extras.cmake
-- Up-to-date: /home/acl3-ubuntu/holohover_ws/src/holohover/install/rokubimini_msgs/share/rokubimini_msgs/cmake/ament_cmake_export_targets-extras.cmake
-- Up-to-date: /home/acl3-ubuntu/holohover_ws/src/holohover/install/rokubimini_msgs/share/rokubimini_msgs/cmake/rosidl_cmake_export_typesupport_targets-extras.cmake
-- Up-to-date: /home/acl3-ubuntu/holohover_ws/src/holohover/install/rokubimini_msgs/share/rokubimini_msgs/cmake/rosidl_cmake_export_typesupport_libraries-extras.cmake
-- Up-to-date: /home/acl3-ubuntu/holohover_ws/src/holohover/install/rokubimini_msgs/share/rokubimini_msgs/cmake/rokubimini_msgsConfig.cmake
-- Up-to-date: /home/acl3-ubuntu/holohover_ws/src/holohover/install/rokubimini_msgs/share/rokubimini_msgs/cmake/rokubimini_msgsConfig-version.cmake
-- Up-to-date: /home/acl3-ubuntu/holohover_ws/src/holohover/install/rokubimini_msgs/share/rokubimini_msgs/package.xml
