-- The C compiler identification is GNU 11.3.0
-- The CXX compiler identification is GNU 11.3.0
-- Detecting C compiler ABI info
-- Detecting C compiler ABI info - done
-- Check for working C compiler: /usr/bin/cc - skipped
-- Detecting C compile features
-- Detecting C compile features - done
-- Detecting CXX compiler ABI info
-- Detecting CXX compiler ABI info - done
-- Check for working CXX compiler: /usr/bin/c++ - skipped
-- Detecting CXX compile features
-- Detecting CXX compile features - done
-- Found ament_cmake: 1.3.3 (/opt/ros/humble/share/ament_cmake/cmake)
-- Found Python3: /usr/bin/python3.10 (found version "3.10.6") found components: Interpreter 
-- Found ament_lint_auto: 0.12.5 (/opt/ros/humble/share/ament_lint_auto/cmake)
-- Added test 'copyright' to check source files copyright and LICENSE
-- Added test 'cppcheck' to perform static code analysis on C / C++ code
-- Configured cppcheck include dirs: 
-- Configured cppcheck exclude dirs and/or files: 
-- Added test 'lint_cmake' to check CMake code style
-- Added test 'uncrustify' to check C / C++ code style
-- Configured uncrustify additional arguments: 
-- Added test 'xmllint' to check XML markup files
-- Configuring done
-- Generating done
-- Build files have been written to: /home/acl3-ubuntu/holohover_ws/src/holohover/build/soem
[  5%] [32mBuilding C object SOEM/CMakeFiles/soem.dir/soem/ethercatcoe.c.o[0m
[ 10%] [32mBuilding C object SOEM/CMakeFiles/soem.dir/soem/ethercatbase.c.o[0m
[ 15%] [32mBuilding C object SOEM/CMakeFiles/soem.dir/soem/ethercatconfig.c.o[0m
[ 21%] [32mBuilding C object SOEM/CMakeFiles/soem.dir/soem/ethercateoe.c.o[0m
[ 26%] [32mBuilding C object SOEM/CMakeFiles/soem.dir/soem/ethercatdc.c.o[0m
[ 31%] [32mBuilding C object SOEM/CMakeFiles/soem.dir/soem/ethercatfoe.c.o[0m
[ 36%] [32mBuilding C object SOEM/CMakeFiles/soem.dir/soem/ethercatmain.c.o[0m
[ 42%] [32mBuilding C object SOEM/CMakeFiles/soem.dir/soem/ethercatprint.c.o[0m
[ 47%] [32mBuilding C object SOEM/CMakeFiles/soem.dir/soem/ethercatsoe.c.o[0m
[ 52%] [32mBuilding C object SOEM/CMakeFiles/soem.dir/oshw/linux/nicdrv.c.o[0m
[ 57%] [32mBuilding C object SOEM/CMakeFiles/soem.dir/osal/linux/osal.c.o[0m
[ 63%] [32mBuilding C object SOEM/CMakeFiles/soem.dir/oshw/linux/oshw.c.o[0m
[ 68%] [32m[1mLinking C static library libsoem.a[0m
[ 68%] Built target soem
[ 73%] [32mBuilding C object SOEM/test/linux/slaveinfo/CMakeFiles/slaveinfo.dir/slaveinfo.c.o[0m
[ 78%] [32mBuilding C object SOEM/test/linux/eepromtool/CMakeFiles/eepromtool.dir/eepromtool.c.o[0m
[ 84%] [32mBuilding C object SOEM/test/linux/simple_test/CMakeFiles/simple_test.dir/simple_test.c.o[0m
[ 89%] [32m[1mLinking C executable slaveinfo[0m
[100%] [32m[1mLinking C executable eepromtool[0m
[100%] [32m[1mLinking C executable simple_test[0m
[100%] Built target slaveinfo
[100%] Built target eepromtool
[100%] Built target simple_test
-- Install configuration: ""
-- Installing: /home/acl3-ubuntu/holohover_ws/src/holohover/install/soem/share/soem/environment/library_path.sh
-- Installing: /home/acl3-ubuntu/holohover_ws/src/holohover/install/soem/share/soem/environment/library_path.dsv
-- Installing: /home/acl3-ubuntu/holohover_ws/src/holohover/install/soem/include/ethercat.h
-- Installing: /home/acl3-ubuntu/holohover_ws/src/holohover/install/soem/include/ethercatbase.h
-- Installing: /home/acl3-ubuntu/holohover_ws/src/holohover/install/soem/include/ethercatcoe.h
-- Installing: /home/acl3-ubuntu/holohover_ws/src/holohover/install/soem/include/ethercatconfig.h
-- Installing: /home/acl3-ubuntu/holohover_ws/src/holohover/install/soem/include/ethercatconfiglist.h
-- Installing: /home/acl3-ubuntu/holohover_ws/src/holohover/install/soem/include/ethercatdc.h
-- Installing: /home/acl3-ubuntu/holohover_ws/src/holohover/install/soem/include/ethercateoe.h
-- Installing: /home/acl3-ubuntu/holohover_ws/src/holohover/install/soem/include/ethercatfoe.h
-- Installing: /home/acl3-ubuntu/holohover_ws/src/holohover/install/soem/include/ethercatmain.h
-- Installing: /home/acl3-ubuntu/holohover_ws/src/holohover/install/soem/include/ethercatprint.h
-- Installing: /home/acl3-ubuntu/holohover_ws/src/holohover/install/soem/include/ethercatsoe.h
-- Installing: /home/acl3-ubuntu/holohover_ws/src/holohover/install/soem/include/ethercattype.h
-- Installing: /home/acl3-ubuntu/holohover_ws/src/holohover/install/soem/include/osal_defs.h
-- Installing: /home/acl3-ubuntu/holohover_ws/src/holohover/install/soem/include/osal.h
-- Installing: /home/acl3-ubuntu/holohover_ws/src/holohover/install/soem/include/nicdrv.h
-- Installing: /home/acl3-ubuntu/holohover_ws/src/holohover/install/soem/include/oshw.h
-- Installing: /home/acl3-ubuntu/holohover_ws/src/holohover/install/soem/lib/libsoem.a
-- Installing: /home/acl3-ubuntu/holohover_ws/src/holohover/install/soem/share/ament_index/resource_index/package_run_dependencies/soem
-- Installing: /home/acl3-ubuntu/holohover_ws/src/holohover/install/soem/share/ament_index/resource_index/parent_prefix_path/soem
-- Installing: /home/acl3-ubuntu/holohover_ws/src/holohover/install/soem/share/soem/environment/ament_prefix_path.sh
-- Installing: /home/acl3-ubuntu/holohover_ws/src/holohover/install/soem/share/soem/environment/ament_prefix_path.dsv
-- Installing: /home/acl3-ubuntu/holohover_ws/src/holohover/install/soem/share/soem/environment/path.sh
-- Installing: /home/acl3-ubuntu/holohover_ws/src/holohover/install/soem/share/soem/environment/path.dsv
-- Installing: /home/acl3-ubuntu/holohover_ws/src/holohover/install/soem/share/soem/local_setup.bash
-- Installing: /home/acl3-ubuntu/holohover_ws/src/holohover/install/soem/share/soem/local_setup.sh
-- Installing: /home/acl3-ubuntu/holohover_ws/src/holohover/install/soem/share/soem/local_setup.zsh
-- Installing: /home/acl3-ubuntu/holohover_ws/src/holohover/install/soem/share/soem/local_setup.dsv
-- Installing: /home/acl3-ubuntu/holohover_ws/src/holohover/install/soem/share/soem/package.dsv
-- Installing: /home/acl3-ubuntu/holohover_ws/src/holohover/install/soem/share/ament_index/resource_index/packages/soem
-- Installing: /home/acl3-ubuntu/holohover_ws/src/holohover/install/soem/share/soem/cmake/export_soemExport.cmake
-- Installing: /home/acl3-ubuntu/holohover_ws/src/holohover/install/soem/share/soem/cmake/export_soemExport-noconfig.cmake
-- Installing: /home/acl3-ubuntu/holohover_ws/src/holohover/install/soem/share/soem/cmake/ament_cmake_export_include_directories-extras.cmake
-- Installing: /home/acl3-ubuntu/holohover_ws/src/holohover/install/soem/share/soem/cmake/ament_cmake_export_libraries-extras.cmake
-- Installing: /home/acl3-ubuntu/holohover_ws/src/holohover/install/soem/share/soem/cmake/ament_cmake_export_targets-extras.cmake
-- Installing: /home/acl3-ubuntu/holohover_ws/src/holohover/install/soem/share/soem/cmake/soemConfig.cmake
-- Installing: /home/acl3-ubuntu/holohover_ws/src/holohover/install/soem/share/soem/cmake/soemConfig-version.cmake
-- Installing: /home/acl3-ubuntu/holohover_ws/src/holohover/install/soem/share/soem/package.xml
-- Up-to-date: /home/acl3-ubuntu/holohover_ws/src/holohover/install/soem/lib/libsoem.a
-- Installing: /home/acl3-ubuntu/holohover_ws/src/holohover/install/soem/include/soem/ethercat.h
-- Installing: /home/acl3-ubuntu/holohover_ws/src/holohover/install/soem/include/soem/ethercatbase.h
-- Installing: /home/acl3-ubuntu/holohover_ws/src/holohover/install/soem/include/soem/ethercatcoe.h
-- Installing: /home/acl3-ubuntu/holohover_ws/src/holohover/install/soem/include/soem/ethercatconfig.h
-- Installing: /home/acl3-ubuntu/holohover_ws/src/holohover/install/soem/include/soem/ethercatconfiglist.h
-- Installing: /home/acl3-ubuntu/holohover_ws/src/holohover/install/soem/include/soem/ethercatdc.h
-- Installing: /home/acl3-ubuntu/holohover_ws/src/holohover/install/soem/include/soem/ethercateoe.h
-- Installing: /home/acl3-ubuntu/holohover_ws/src/holohover/install/soem/include/soem/ethercatfoe.h
-- Installing: /home/acl3-ubuntu/holohover_ws/src/holohover/install/soem/include/soem/ethercatmain.h
-- Installing: /home/acl3-ubuntu/holohover_ws/src/holohover/install/soem/include/soem/ethercatprint.h
-- Installing: /home/acl3-ubuntu/holohover_ws/src/holohover/install/soem/include/soem/ethercatsoe.h
-- Installing: /home/acl3-ubuntu/holohover_ws/src/holohover/install/soem/include/soem/ethercattype.h
-- Installing: /home/acl3-ubuntu/holohover_ws/src/holohover/install/soem/include/soem/osal_defs.h
-- Installing: /home/acl3-ubuntu/holohover_ws/src/holohover/install/soem/include/soem/osal.h
-- Installing: /home/acl3-ubuntu/holohover_ws/src/holohover/install/soem/include/soem/nicdrv.h
-- Installing: /home/acl3-ubuntu/holohover_ws/src/holohover/install/soem/include/soem/oshw.h
-- Installing: /home/acl3-ubuntu/holohover_ws/src/holohover/install/soem/bin/slaveinfo
-- Installing: /home/acl3-ubuntu/holohover_ws/src/holohover/install/soem/bin/eepromtool
-- Installing: /home/acl3-ubuntu/holohover_ws/src/holohover/install/soem/bin/simple_test
