-- The C compiler identification is GNU 11.3.0
-- The CXX compiler identification is GNU 11.3.0
-- Detecting C compiler ABI info
-- Detecting C compiler ABI info - done
-- Check for working C compiler: /usr/bin/cc - skipped
-- Detecting C compile features
-- Detecting C compile features - done
-- Detecting CXX compiler ABI info
-- Detecting CXX compiler ABI info - done
-- Check for working CXX compiler: /usr/bin/c++ - skipped
-- Detecting CXX compile features
-- Detecting CXX compile features - done
-- Found ament_cmake: 1.3.3 (/opt/ros/humble/share/ament_cmake/cmake)
-- Found Python3: /usr/bin/python3.10 (found version "3.10.6") found components: Interpreter 
-- Found rclcpp: 16.0.3 (/opt/ros/humble/share/rclcpp/cmake)
-- Found rosidl_generator_c: 3.1.4 (/opt/ros/humble/share/rosidl_generator_c/cmake)
-- Found rosidl_adapter: 3.1.4 (/opt/ros/humble/share/rosidl_adapter/cmake)
-- Found rosidl_generator_cpp: 3.1.4 (/opt/ros/humble/share/rosidl_generator_cpp/cmake)
-- Using all available rosidl_typesupport_c: rosidl_typesupport_fastrtps_c;rosidl_typesupport_introspection_c
-- Using all available rosidl_typesupport_cpp: rosidl_typesupport_fastrtps_cpp;rosidl_typesupport_introspection_cpp
-- Found rmw_implementation_cmake: 6.1.1 (/opt/ros/humble/share/rmw_implementation_cmake/cmake)
-- Found rmw_fastrtps_cpp: 6.2.2 (/opt/ros/humble/share/rmw_fastrtps_cpp/cmake)
-- Found OpenSSL: /usr/lib/x86_64-linux-gnu/libcrypto.so (found version "3.0.2")  
-- Found FastRTPS: /opt/ros/humble/include  
-- Using RMW implementation 'rmw_fastrtps_cpp' as default
-- Looking for pthread.h
-- Looking for pthread.h - found
-- Performing Test CMAKE_HAVE_LIBC_PTHREAD
-- Performing Test CMAKE_HAVE_LIBC_PTHREAD - Success
-- Found Threads: TRUE  
-- Found rokubimini: 0.6.1 (/home/acl3-ubuntu/holohover_ws/src/holohover/install/rokubimini/share/rokubimini/cmake)
-- Found rokubimini_bus_manager: 0.6.1 (/home/acl3-ubuntu/holohover_ws/src/holohover/install/rokubimini_bus_manager/share/rokubimini_bus_manager/cmake)
-- Found rokubimini_msgs: 0.6.1 (/home/acl3-ubuntu/holohover_ws/src/holohover/install/rokubimini_msgs/share/rokubimini_msgs/cmake)
-- Found Boost: /usr/lib/x86_64-linux-gnu/cmake/Boost-1.74.0/BoostConfig.cmake (found version "1.74.0") found components: thread 
-- Configuring done
-- Generating done
-- Build files have been written to: /home/acl3-ubuntu/holohover_ws/src/holohover/build/rokubimini_serial
[ 14%] [32mBuilding CXX object CMakeFiles/rokubimini_serial.dir/src/rokubimini_serial/RokubiminiSerial.cpp.o[0m
[ 28%] [32mBuilding CXX object CMakeFiles/rokubimini_serial.dir/src/rokubimini_serial/RokubiminiSerialImpl.cpp.o[0m
[ 57%] [32mBuilding CXX object CMakeFiles/rokubimini_serial.dir/src/rokubimini_serial/RokubiminiSerialCommunication.cpp.o[0m
[ 57%] [32mBuilding CXX object CMakeFiles/rokubimini_serial.dir/src/rokubimini_serial/RokubiminiSerialBusManager.cpp.o[0m
[ 71%] [32m[1mLinking CXX static library librokubimini_serial.a[0m
[ 71%] Built target rokubimini_serial
[ 85%] [32mBuilding CXX object CMakeFiles/rokubimini_serial_bus_manager_node.dir/src/rokubimini_serial/rokubimini_serial_bus_manager_node.cpp.o[0m
[100%] [32m[1mLinking CXX executable rokubimini_serial_bus_manager_node[0m
[100%] Built target rokubimini_serial_bus_manager_node
-- Install configuration: ""
-- Installing: /home/acl3-ubuntu/holohover_ws/src/holohover/install/rokubimini_serial/lib/librokubimini_serial.a
-- Installing: /home/acl3-ubuntu/holohover_ws/src/holohover/install/rokubimini_serial/lib/rokubimini_serial/rokubimini_serial_bus_manager_node
-- Set runtime path of "/home/acl3-ubuntu/holohover_ws/src/holohover/install/rokubimini_serial/lib/rokubimini_serial/rokubimini_serial_bus_manager_node" to ""
-- Installing: /home/acl3-ubuntu/holohover_ws/src/holohover/install/rokubimini_serial/include/rokubimini_serial
-- Installing: /home/acl3-ubuntu/holohover_ws/src/holohover/install/rokubimini_serial/include/rokubimini_serial/RokubiminiSerialBusManager.hpp
-- Installing: /home/acl3-ubuntu/holohover_ws/src/holohover/install/rokubimini_serial/include/rokubimini_serial/RokubiminiSerialCommunication.hpp
-- Installing: /home/acl3-ubuntu/holohover_ws/src/holohover/install/rokubimini_serial/include/rokubimini_serial/RokubiminiSerialImpl.hpp
-- Installing: /home/acl3-ubuntu/holohover_ws/src/holohover/install/rokubimini_serial/include/rokubimini_serial/states.hpp
-- Installing: /home/acl3-ubuntu/holohover_ws/src/holohover/install/rokubimini_serial/include/rokubimini_serial/RokubiminiSerial.hpp
-- Installing: /home/acl3-ubuntu/holohover_ws/src/holohover/install/rokubimini_serial/share/rokubimini_serial/launch
-- Installing: /home/acl3-ubuntu/holohover_ws/src/holohover/install/rokubimini_serial/share/rokubimini_serial/launch/rokubimini_serial.launch
-- Installing: /home/acl3-ubuntu/holohover_ws/src/holohover/install/rokubimini_serial/share/rokubimini_serial/launch/rokubimini_serial.launch.py
-- Installing: /home/acl3-ubuntu/holohover_ws/src/holohover/install/rokubimini_serial/share/rokubimini_serial/environment/library_path.sh
-- Installing: /home/acl3-ubuntu/holohover_ws/src/holohover/install/rokubimini_serial/share/rokubimini_serial/environment/library_path.dsv
-- Installing: /home/acl3-ubuntu/holohover_ws/src/holohover/install/rokubimini_serial/share/ament_index/resource_index/package_run_dependencies/rokubimini_serial
-- Installing: /home/acl3-ubuntu/holohover_ws/src/holohover/install/rokubimini_serial/share/ament_index/resource_index/parent_prefix_path/rokubimini_serial
-- Installing: /home/acl3-ubuntu/holohover_ws/src/holohover/install/rokubimini_serial/share/rokubimini_serial/environment/ament_prefix_path.sh
-- Installing: /home/acl3-ubuntu/holohover_ws/src/holohover/install/rokubimini_serial/share/rokubimini_serial/environment/ament_prefix_path.dsv
-- Installing: /home/acl3-ubuntu/holohover_ws/src/holohover/install/rokubimini_serial/share/rokubimini_serial/environment/path.sh
-- Installing: /home/acl3-ubuntu/holohover_ws/src/holohover/install/rokubimini_serial/share/rokubimini_serial/environment/path.dsv
-- Installing: /home/acl3-ubuntu/holohover_ws/src/holohover/install/rokubimini_serial/share/rokubimini_serial/local_setup.bash
-- Installing: /home/acl3-ubuntu/holohover_ws/src/holohover/install/rokubimini_serial/share/rokubimini_serial/local_setup.sh
-- Installing: /home/acl3-ubuntu/holohover_ws/src/holohover/install/rokubimini_serial/share/rokubimini_serial/local_setup.zsh
-- Installing: /home/acl3-ubuntu/holohover_ws/src/holohover/install/rokubimini_serial/share/rokubimini_serial/local_setup.dsv
-- Installing: /home/acl3-ubuntu/holohover_ws/src/holohover/install/rokubimini_serial/share/rokubimini_serial/package.dsv
-- Installing: /home/acl3-ubuntu/holohover_ws/src/holohover/install/rokubimini_serial/share/ament_index/resource_index/packages/rokubimini_serial
-- Installing: /home/acl3-ubuntu/holohover_ws/src/holohover/install/rokubimini_serial/share/rokubimini_serial/cmake/ament_cmake_export_dependencies-extras.cmake
-- Installing: /home/acl3-ubuntu/holohover_ws/src/holohover/install/rokubimini_serial/share/rokubimini_serial/cmake/ament_cmake_export_include_directories-extras.cmake
-- Installing: /home/acl3-ubuntu/holohover_ws/src/holohover/install/rokubimini_serial/share/rokubimini_serial/cmake/ament_cmake_export_libraries-extras.cmake
-- Installing: /home/acl3-ubuntu/holohover_ws/src/holohover/install/rokubimini_serial/share/rokubimini_serial/cmake/rokubimini_serialConfig.cmake
-- Installing: /home/acl3-ubuntu/holohover_ws/src/holohover/install/rokubimini_serial/share/rokubimini_serial/cmake/rokubimini_serialConfig-version.cmake
-- Installing: /home/acl3-ubuntu/holohover_ws/src/holohover/install/rokubimini_serial/share/rokubimini_serial/package.xml
