[0.031s] Invoking command in '/home/acl3-ubuntu/holohover_ws/src/holohover/build/rokubimini_serial': AMENT_PREFIX_PATH=/home/acl3-ubuntu/holohover_ws/src/holohover/install/rokubimini_bus_manager:/home/acl3-ubuntu/holohover_ws/src/holohover/install/bota_node:/home/acl3-ubuntu/holohover_ws/src/holohover/install/rokubimini_msgs:/home/acl3-ubuntu/holohover_ws/src/holohover/install/rokubimini:/home/acl3-ubuntu/holohover_ws/src/holohover/install/bota_worker:/home/acl3-ubuntu/holohover_ws/src/holohover/install/bota_signal_handler:${AMENT_PREFIX_PATH} CMAKE_PREFIX_PATH=/home/acl3-ubuntu/holohover_ws/src/holohover/install/rokubimini_bus_manager:/home/acl3-ubuntu/holohover_ws/src/holohover/install/bota_node:/home/acl3-ubuntu/holohover_ws/src/holohover/install/rokubimini_msgs:/home/acl3-ubuntu/holohover_ws/src/holohover/install/rokubimini:/home/acl3-ubuntu/holohover_ws/src/holohover/install/bota_worker:/home/acl3-ubuntu/holohover_ws/src/holohover/install/bota_signal_handler:/home/acl3-ubuntu/holohover_ws/install/bota_driver_testing:/home/acl3-ubuntu/holohover_ws/install/bota_driver:/home/acl3-ubuntu/holohover_ws/install/rokubimini_ethercat:/home/acl3-ubuntu/holohover_ws/install/soem:/home/acl3-ubuntu/holohover_ws/install/holohover_utils:/home/acl3-ubuntu/holohover_ws/install/holohover_gnc:/home/acl3-ubuntu/holohover_ws/install/ros_polympc:/home/acl3-ubuntu/holohover_ws/install/rokubimini_serial:/home/acl3-ubuntu/holohover_ws/install/rokubimini_msgs:/home/acl3-ubuntu/holohover_ws/install/rokubimini_description:/home/acl3-ubuntu/holohover_ws/install/rokubimini_bus_manager:/home/acl3-ubuntu/holohover_ws/install/rokubimini:/home/acl3-ubuntu/holohover_ws/install/mocap_optitrack:/home/acl3-ubuntu/holohover_ws/install/micro_ros_setup:/home/acl3-ubuntu/holohover_ws/install/micro_ros_agent:/home/acl3-ubuntu/holohover_ws/install/micro_ros_msgs:/home/acl3-ubuntu/holohover_ws/install/holohover_msgs:/home/acl3-ubuntu/holohover_ws/install/bota_node:/home/acl3-ubuntu/holohover_ws/install/bota_worker:/home/acl3-ubuntu/holohover_ws/install/bota_signal_handler:/opt/ros/humble LD_LIBRARY_PATH=/home/acl3-ubuntu/holohover_ws/src/holohover/install/rokubimini_bus_manager/lib:/home/acl3-ubuntu/holohover_ws/src/holohover/install/bota_node/lib:/home/acl3-ubuntu/holohover_ws/src/holohover/install/rokubimini_msgs/lib:/home/acl3-ubuntu/holohover_ws/src/holohover/install/rokubimini/lib:/home/acl3-ubuntu/holohover_ws/src/holohover/install/bota_worker/lib:/home/acl3-ubuntu/holohover_ws/src/holohover/install/bota_signal_handler/lib:${LD_LIBRARY_PATH} PYTHONPATH=/home/acl3-ubuntu/holohover_ws/src/holohover/install/rokubimini_msgs/local/lib/python3.10/dist-packages:${PYTHONPATH} /usr/bin/cmake /home/acl3-ubuntu/holohover_ws/src/holohover/bota_driver/rokubimini_serial -DCMAKE_INSTALL_PREFIX=/home/acl3-ubuntu/holohover_ws/src/holohover/install/rokubimini_serial
[0.108s] -- The C compiler identification is GNU 11.3.0
[0.188s] -- The CXX compiler identification is GNU 11.3.0
[0.198s] -- Detecting C compiler ABI info
[0.298s] -- Detecting C compiler ABI info - done
[0.307s] -- Check for working C compiler: /usr/bin/cc - skipped
[0.307s] -- Detecting C compile features
[0.307s] -- Detecting C compile features - done
[0.311s] -- Detecting CXX compiler ABI info
[0.405s] -- Detecting CXX compiler ABI info - done
[0.420s] -- Check for working CXX compiler: /usr/bin/c++ - skipped
[0.421s] -- Detecting CXX compile features
[0.421s] -- Detecting CXX compile features - done
[0.429s] -- Found ament_cmake: 1.3.3 (/opt/ros/humble/share/ament_cmake/cmake)
[0.716s] -- Found Python3: /usr/bin/python3.10 (found version "3.10.6") found components: Interpreter 
[0.869s] -- Found rclcpp: 16.0.3 (/opt/ros/humble/share/rclcpp/cmake)
[0.985s] -- Found rosidl_generator_c: 3.1.4 (/opt/ros/humble/share/rosidl_generator_c/cmake)
[0.999s] -- Found rosidl_adapter: 3.1.4 (/opt/ros/humble/share/rosidl_adapter/cmake)
[1.019s] -- Found rosidl_generator_cpp: 3.1.4 (/opt/ros/humble/share/rosidl_generator_cpp/cmake)
[1.050s] -- Using all available rosidl_typesupport_c: rosidl_typesupport_fastrtps_c;rosidl_typesupport_introspection_c
[1.095s] -- Using all available rosidl_typesupport_cpp: rosidl_typesupport_fastrtps_cpp;rosidl_typesupport_introspection_cpp
[1.246s] -- Found rmw_implementation_cmake: 6.1.1 (/opt/ros/humble/share/rmw_implementation_cmake/cmake)
[1.255s] -- Found rmw_fastrtps_cpp: 6.2.2 (/opt/ros/humble/share/rmw_fastrtps_cpp/cmake)
[1.456s] -- Found OpenSSL: /usr/lib/x86_64-linux-gnu/libcrypto.so (found version "3.0.2")  
[1.508s] -- Found FastRTPS: /opt/ros/humble/include  
[1.589s] -- Using RMW implementation 'rmw_fastrtps_cpp' as default
[1.614s] -- Looking for pthread.h
[1.696s] -- Looking for pthread.h - found
[1.696s] -- Performing Test CMAKE_HAVE_LIBC_PTHREAD
[1.777s] -- Performing Test CMAKE_HAVE_LIBC_PTHREAD - Success
[1.778s] -- Found Threads: TRUE  
[2.077s] -- Found rokubimini: 0.6.1 (/home/acl3-ubuntu/holohover_ws/src/holohover/install/rokubimini/share/rokubimini/cmake)
[2.579s] -- Found rokubimini_bus_manager: 0.6.1 (/home/acl3-ubuntu/holohover_ws/src/holohover/install/rokubimini_bus_manager/share/rokubimini_bus_manager/cmake)
[2.715s] -- Found rokubimini_msgs: 0.6.1 (/home/acl3-ubuntu/holohover_ws/src/holohover/install/rokubimini_msgs/share/rokubimini_msgs/cmake)
[2.993s] -- Found Boost: /usr/lib/x86_64-linux-gnu/cmake/Boost-1.74.0/BoostConfig.cmake (found version "1.74.0") found components: thread 
[3.526s] -- Configuring done
[3.596s] -- Generating done
[3.599s] -- Build files have been written to: /home/acl3-ubuntu/holohover_ws/src/holohover/build/rokubimini_serial
[3.624s] Invoked command in '/home/acl3-ubuntu/holohover_ws/src/holohover/build/rokubimini_serial' returned '0': AMENT_PREFIX_PATH=/home/acl3-ubuntu/holohover_ws/src/holohover/install/rokubimini_bus_manager:/home/acl3-ubuntu/holohover_ws/src/holohover/install/bota_node:/home/acl3-ubuntu/holohover_ws/src/holohover/install/rokubimini_msgs:/home/acl3-ubuntu/holohover_ws/src/holohover/install/rokubimini:/home/acl3-ubuntu/holohover_ws/src/holohover/install/bota_worker:/home/acl3-ubuntu/holohover_ws/src/holohover/install/bota_signal_handler:${AMENT_PREFIX_PATH} CMAKE_PREFIX_PATH=/home/acl3-ubuntu/holohover_ws/src/holohover/install/rokubimini_bus_manager:/home/acl3-ubuntu/holohover_ws/src/holohover/install/bota_node:/home/acl3-ubuntu/holohover_ws/src/holohover/install/rokubimini_msgs:/home/acl3-ubuntu/holohover_ws/src/holohover/install/rokubimini:/home/acl3-ubuntu/holohover_ws/src/holohover/install/bota_worker:/home/acl3-ubuntu/holohover_ws/src/holohover/install/bota_signal_handler:/home/acl3-ubuntu/holohover_ws/install/bota_driver_testing:/home/acl3-ubuntu/holohover_ws/install/bota_driver:/home/acl3-ubuntu/holohover_ws/install/rokubimini_ethercat:/home/acl3-ubuntu/holohover_ws/install/soem:/home/acl3-ubuntu/holohover_ws/install/holohover_utils:/home/acl3-ubuntu/holohover_ws/install/holohover_gnc:/home/acl3-ubuntu/holohover_ws/install/ros_polympc:/home/acl3-ubuntu/holohover_ws/install/rokubimini_serial:/home/acl3-ubuntu/holohover_ws/install/rokubimini_msgs:/home/acl3-ubuntu/holohover_ws/install/rokubimini_description:/home/acl3-ubuntu/holohover_ws/install/rokubimini_bus_manager:/home/acl3-ubuntu/holohover_ws/install/rokubimini:/home/acl3-ubuntu/holohover_ws/install/mocap_optitrack:/home/acl3-ubuntu/holohover_ws/install/micro_ros_setup:/home/acl3-ubuntu/holohover_ws/install/micro_ros_agent:/home/acl3-ubuntu/holohover_ws/install/micro_ros_msgs:/home/acl3-ubuntu/holohover_ws/install/holohover_msgs:/home/acl3-ubuntu/holohover_ws/install/bota_node:/home/acl3-ubuntu/holohover_ws/install/bota_worker:/home/acl3-ubuntu/holohover_ws/install/bota_signal_handler:/opt/ros/humble LD_LIBRARY_PATH=/home/acl3-ubuntu/holohover_ws/src/holohover/install/rokubimini_bus_manager/lib:/home/acl3-ubuntu/holohover_ws/src/holohover/install/bota_node/lib:/home/acl3-ubuntu/holohover_ws/src/holohover/install/rokubimini_msgs/lib:/home/acl3-ubuntu/holohover_ws/src/holohover/install/rokubimini/lib:/home/acl3-ubuntu/holohover_ws/src/holohover/install/bota_worker/lib:/home/acl3-ubuntu/holohover_ws/src/holohover/install/bota_signal_handler/lib:${LD_LIBRARY_PATH} PYTHONPATH=/home/acl3-ubuntu/holohover_ws/src/holohover/install/rokubimini_msgs/local/lib/python3.10/dist-packages:${PYTHONPATH} /usr/bin/cmake /home/acl3-ubuntu/holohover_ws/src/holohover/bota_driver/rokubimini_serial -DCMAKE_INSTALL_PREFIX=/home/acl3-ubuntu/holohover_ws/src/holohover/install/rokubimini_serial
[3.624s] Invoking command in '/home/acl3-ubuntu/holohover_ws/src/holohover/build/rokubimini_serial': AMENT_PREFIX_PATH=/home/acl3-ubuntu/holohover_ws/src/holohover/install/rokubimini_bus_manager:/home/acl3-ubuntu/holohover_ws/src/holohover/install/bota_node:/home/acl3-ubuntu/holohover_ws/src/holohover/install/rokubimini_msgs:/home/acl3-ubuntu/holohover_ws/src/holohover/install/rokubimini:/home/acl3-ubuntu/holohover_ws/src/holohover/install/bota_worker:/home/acl3-ubuntu/holohover_ws/src/holohover/install/bota_signal_handler:${AMENT_PREFIX_PATH} CMAKE_PREFIX_PATH=/home/acl3-ubuntu/holohover_ws/src/holohover/install/rokubimini_bus_manager:/home/acl3-ubuntu/holohover_ws/src/holohover/install/bota_node:/home/acl3-ubuntu/holohover_ws/src/holohover/install/rokubimini_msgs:/home/acl3-ubuntu/holohover_ws/src/holohover/install/rokubimini:/home/acl3-ubuntu/holohover_ws/src/holohover/install/bota_worker:/home/acl3-ubuntu/holohover_ws/src/holohover/install/bota_signal_handler:/home/acl3-ubuntu/holohover_ws/install/bota_driver_testing:/home/acl3-ubuntu/holohover_ws/install/bota_driver:/home/acl3-ubuntu/holohover_ws/install/rokubimini_ethercat:/home/acl3-ubuntu/holohover_ws/install/soem:/home/acl3-ubuntu/holohover_ws/install/holohover_utils:/home/acl3-ubuntu/holohover_ws/install/holohover_gnc:/home/acl3-ubuntu/holohover_ws/install/ros_polympc:/home/acl3-ubuntu/holohover_ws/install/rokubimini_serial:/home/acl3-ubuntu/holohover_ws/install/rokubimini_msgs:/home/acl3-ubuntu/holohover_ws/install/rokubimini_description:/home/acl3-ubuntu/holohover_ws/install/rokubimini_bus_manager:/home/acl3-ubuntu/holohover_ws/install/rokubimini:/home/acl3-ubuntu/holohover_ws/install/mocap_optitrack:/home/acl3-ubuntu/holohover_ws/install/micro_ros_setup:/home/acl3-ubuntu/holohover_ws/install/micro_ros_agent:/home/acl3-ubuntu/holohover_ws/install/micro_ros_msgs:/home/acl3-ubuntu/holohover_ws/install/holohover_msgs:/home/acl3-ubuntu/holohover_ws/install/bota_node:/home/acl3-ubuntu/holohover_ws/install/bota_worker:/home/acl3-ubuntu/holohover_ws/install/bota_signal_handler:/opt/ros/humble LD_LIBRARY_PATH=/home/acl3-ubuntu/holohover_ws/src/holohover/install/rokubimini_bus_manager/lib:/home/acl3-ubuntu/holohover_ws/src/holohover/install/bota_node/lib:/home/acl3-ubuntu/holohover_ws/src/holohover/install/rokubimini_msgs/lib:/home/acl3-ubuntu/holohover_ws/src/holohover/install/rokubimini/lib:/home/acl3-ubuntu/holohover_ws/src/holohover/install/bota_worker/lib:/home/acl3-ubuntu/holohover_ws/src/holohover/install/bota_signal_handler/lib:${LD_LIBRARY_PATH} PYTHONPATH=/home/acl3-ubuntu/holohover_ws/src/holohover/install/rokubimini_msgs/local/lib/python3.10/dist-packages:${PYTHONPATH} /usr/bin/cmake --build /home/acl3-ubuntu/holohover_ws/src/holohover/build/rokubimini_serial -- -j8 -l8
[3.743s] [ 14%] [32mBuilding CXX object CMakeFiles/rokubimini_serial.dir/src/rokubimini_serial/RokubiminiSerial.cpp.o[0m
[3.766s] [ 28%] [32mBuilding CXX object CMakeFiles/rokubimini_serial.dir/src/rokubimini_serial/RokubiminiSerialImpl.cpp.o[0m
[22.991s] [ 57%] [32mBuilding CXX object CMakeFiles/rokubimini_serial.dir/src/rokubimini_serial/RokubiminiSerialCommunication.cpp.o[0m
[22.991s] [ 57%] [32mBuilding CXX object CMakeFiles/rokubimini_serial.dir/src/rokubimini_serial/RokubiminiSerialBusManager.cpp.o[0m
[34.129s] [ 71%] [32m[1mLinking CXX static library librokubimini_serial.a[0m
[34.354s] [ 71%] Built target rokubimini_serial
[34.380s] [ 85%] [32mBuilding CXX object CMakeFiles/rokubimini_serial_bus_manager_node.dir/src/rokubimini_serial/rokubimini_serial_bus_manager_node.cpp.o[0m
[43.342s] [100%] [32m[1mLinking CXX executable rokubimini_serial_bus_manager_node[0m
[44.751s] [100%] Built target rokubimini_serial_bus_manager_node
[44.773s] Invoked command in '/home/acl3-ubuntu/holohover_ws/src/holohover/build/rokubimini_serial' returned '0': AMENT_PREFIX_PATH=/home/acl3-ubuntu/holohover_ws/src/holohover/install/rokubimini_bus_manager:/home/acl3-ubuntu/holohover_ws/src/holohover/install/bota_node:/home/acl3-ubuntu/holohover_ws/src/holohover/install/rokubimini_msgs:/home/acl3-ubuntu/holohover_ws/src/holohover/install/rokubimini:/home/acl3-ubuntu/holohover_ws/src/holohover/install/bota_worker:/home/acl3-ubuntu/holohover_ws/src/holohover/install/bota_signal_handler:${AMENT_PREFIX_PATH} CMAKE_PREFIX_PATH=/home/acl3-ubuntu/holohover_ws/src/holohover/install/rokubimini_bus_manager:/home/acl3-ubuntu/holohover_ws/src/holohover/install/bota_node:/home/acl3-ubuntu/holohover_ws/src/holohover/install/rokubimini_msgs:/home/acl3-ubuntu/holohover_ws/src/holohover/install/rokubimini:/home/acl3-ubuntu/holohover_ws/src/holohover/install/bota_worker:/home/acl3-ubuntu/holohover_ws/src/holohover/install/bota_signal_handler:/home/acl3-ubuntu/holohover_ws/install/bota_driver_testing:/home/acl3-ubuntu/holohover_ws/install/bota_driver:/home/acl3-ubuntu/holohover_ws/install/rokubimini_ethercat:/home/acl3-ubuntu/holohover_ws/install/soem:/home/acl3-ubuntu/holohover_ws/install/holohover_utils:/home/acl3-ubuntu/holohover_ws/install/holohover_gnc:/home/acl3-ubuntu/holohover_ws/install/ros_polympc:/home/acl3-ubuntu/holohover_ws/install/rokubimini_serial:/home/acl3-ubuntu/holohover_ws/install/rokubimini_msgs:/home/acl3-ubuntu/holohover_ws/install/rokubimini_description:/home/acl3-ubuntu/holohover_ws/install/rokubimini_bus_manager:/home/acl3-ubuntu/holohover_ws/install/rokubimini:/home/acl3-ubuntu/holohover_ws/install/mocap_optitrack:/home/acl3-ubuntu/holohover_ws/install/micro_ros_setup:/home/acl3-ubuntu/holohover_ws/install/micro_ros_agent:/home/acl3-ubuntu/holohover_ws/install/micro_ros_msgs:/home/acl3-ubuntu/holohover_ws/install/holohover_msgs:/home/acl3-ubuntu/holohover_ws/install/bota_node:/home/acl3-ubuntu/holohover_ws/install/bota_worker:/home/acl3-ubuntu/holohover_ws/install/bota_signal_handler:/opt/ros/humble LD_LIBRARY_PATH=/home/acl3-ubuntu/holohover_ws/src/holohover/install/rokubimini_bus_manager/lib:/home/acl3-ubuntu/holohover_ws/src/holohover/install/bota_node/lib:/home/acl3-ubuntu/holohover_ws/src/holohover/install/rokubimini_msgs/lib:/home/acl3-ubuntu/holohover_ws/src/holohover/install/rokubimini/lib:/home/acl3-ubuntu/holohover_ws/src/holohover/install/bota_worker/lib:/home/acl3-ubuntu/holohover_ws/src/holohover/install/bota_signal_handler/lib:${LD_LIBRARY_PATH} PYTHONPATH=/home/acl3-ubuntu/holohover_ws/src/holohover/install/rokubimini_msgs/local/lib/python3.10/dist-packages:${PYTHONPATH} /usr/bin/cmake --build /home/acl3-ubuntu/holohover_ws/src/holohover/build/rokubimini_serial -- -j8 -l8
[44.853s] Invoking command in '/home/acl3-ubuntu/holohover_ws/src/holohover/build/rokubimini_serial': AMENT_PREFIX_PATH=/home/acl3-ubuntu/holohover_ws/src/holohover/install/rokubimini_bus_manager:/home/acl3-ubuntu/holohover_ws/src/holohover/install/bota_node:/home/acl3-ubuntu/holohover_ws/src/holohover/install/rokubimini_msgs:/home/acl3-ubuntu/holohover_ws/src/holohover/install/rokubimini:/home/acl3-ubuntu/holohover_ws/src/holohover/install/bota_worker:/home/acl3-ubuntu/holohover_ws/src/holohover/install/bota_signal_handler:${AMENT_PREFIX_PATH} CMAKE_PREFIX_PATH=/home/acl3-ubuntu/holohover_ws/src/holohover/install/rokubimini_bus_manager:/home/acl3-ubuntu/holohover_ws/src/holohover/install/bota_node:/home/acl3-ubuntu/holohover_ws/src/holohover/install/rokubimini_msgs:/home/acl3-ubuntu/holohover_ws/src/holohover/install/rokubimini:/home/acl3-ubuntu/holohover_ws/src/holohover/install/bota_worker:/home/acl3-ubuntu/holohover_ws/src/holohover/install/bota_signal_handler:/home/acl3-ubuntu/holohover_ws/install/bota_driver_testing:/home/acl3-ubuntu/holohover_ws/install/bota_driver:/home/acl3-ubuntu/holohover_ws/install/rokubimini_ethercat:/home/acl3-ubuntu/holohover_ws/install/soem:/home/acl3-ubuntu/holohover_ws/install/holohover_utils:/home/acl3-ubuntu/holohover_ws/install/holohover_gnc:/home/acl3-ubuntu/holohover_ws/install/ros_polympc:/home/acl3-ubuntu/holohover_ws/install/rokubimini_serial:/home/acl3-ubuntu/holohover_ws/install/rokubimini_msgs:/home/acl3-ubuntu/holohover_ws/install/rokubimini_description:/home/acl3-ubuntu/holohover_ws/install/rokubimini_bus_manager:/home/acl3-ubuntu/holohover_ws/install/rokubimini:/home/acl3-ubuntu/holohover_ws/install/mocap_optitrack:/home/acl3-ubuntu/holohover_ws/install/micro_ros_setup:/home/acl3-ubuntu/holohover_ws/install/micro_ros_agent:/home/acl3-ubuntu/holohover_ws/install/micro_ros_msgs:/home/acl3-ubuntu/holohover_ws/install/holohover_msgs:/home/acl3-ubuntu/holohover_ws/install/bota_node:/home/acl3-ubuntu/holohover_ws/install/bota_worker:/home/acl3-ubuntu/holohover_ws/install/bota_signal_handler:/opt/ros/humble LD_LIBRARY_PATH=/home/acl3-ubuntu/holohover_ws/src/holohover/install/rokubimini_bus_manager/lib:/home/acl3-ubuntu/holohover_ws/src/holohover/install/bota_node/lib:/home/acl3-ubuntu/holohover_ws/src/holohover/install/rokubimini_msgs/lib:/home/acl3-ubuntu/holohover_ws/src/holohover/install/rokubimini/lib:/home/acl3-ubuntu/holohover_ws/src/holohover/install/bota_worker/lib:/home/acl3-ubuntu/holohover_ws/src/holohover/install/bota_signal_handler/lib:${LD_LIBRARY_PATH} PYTHONPATH=/home/acl3-ubuntu/holohover_ws/src/holohover/install/rokubimini_msgs/local/lib/python3.10/dist-packages:${PYTHONPATH} /usr/bin/cmake --install /home/acl3-ubuntu/holohover_ws/src/holohover/build/rokubimini_serial
[44.868s] -- Install configuration: ""
[44.868s] -- Installing: /home/acl3-ubuntu/holohover_ws/src/holohover/install/rokubimini_serial/lib/librokubimini_serial.a
[44.886s] -- Installing: /home/acl3-ubuntu/holohover_ws/src/holohover/install/rokubimini_serial/lib/rokubimini_serial/rokubimini_serial_bus_manager_node
[44.893s] -- Set runtime path of "/home/acl3-ubuntu/holohover_ws/src/holohover/install/rokubimini_serial/lib/rokubimini_serial/rokubimini_serial_bus_manager_node" to ""
[44.894s] -- Installing: /home/acl3-ubuntu/holohover_ws/src/holohover/install/rokubimini_serial/include/rokubimini_serial
[44.895s] -- Installing: /home/acl3-ubuntu/holohover_ws/src/holohover/install/rokubimini_serial/include/rokubimini_serial/RokubiminiSerialBusManager.hpp
[44.895s] -- Installing: /home/acl3-ubuntu/holohover_ws/src/holohover/install/rokubimini_serial/include/rokubimini_serial/RokubiminiSerialCommunication.hpp
[44.895s] -- Installing: /home/acl3-ubuntu/holohover_ws/src/holohover/install/rokubimini_serial/include/rokubimini_serial/RokubiminiSerialImpl.hpp
[44.895s] -- Installing: /home/acl3-ubuntu/holohover_ws/src/holohover/install/rokubimini_serial/include/rokubimini_serial/states.hpp
[44.895s] -- Installing: /home/acl3-ubuntu/holohover_ws/src/holohover/install/rokubimini_serial/include/rokubimini_serial/RokubiminiSerial.hpp
[44.895s] -- Installing: /home/acl3-ubuntu/holohover_ws/src/holohover/install/rokubimini_serial/share/rokubimini_serial/launch
[44.896s] -- Installing: /home/acl3-ubuntu/holohover_ws/src/holohover/install/rokubimini_serial/share/rokubimini_serial/launch/rokubimini_serial.launch
[44.896s] -- Installing: /home/acl3-ubuntu/holohover_ws/src/holohover/install/rokubimini_serial/share/rokubimini_serial/launch/rokubimini_serial.launch.py
[44.896s] -- Installing: /home/acl3-ubuntu/holohover_ws/src/holohover/install/rokubimini_serial/share/rokubimini_serial/environment/library_path.sh
[44.896s] -- Installing: /home/acl3-ubuntu/holohover_ws/src/holohover/install/rokubimini_serial/share/rokubimini_serial/environment/library_path.dsv
[44.896s] -- Installing: /home/acl3-ubuntu/holohover_ws/src/holohover/install/rokubimini_serial/share/ament_index/resource_index/package_run_dependencies/rokubimini_serial
[44.896s] -- Installing: /home/acl3-ubuntu/holohover_ws/src/holohover/install/rokubimini_serial/share/ament_index/resource_index/parent_prefix_path/rokubimini_serial
[44.897s] -- Installing: /home/acl3-ubuntu/holohover_ws/src/holohover/install/rokubimini_serial/share/rokubimini_serial/environment/ament_prefix_path.sh
[44.897s] -- Installing: /home/acl3-ubuntu/holohover_ws/src/holohover/install/rokubimini_serial/share/rokubimini_serial/environment/ament_prefix_path.dsv
[44.897s] -- Installing: /home/acl3-ubuntu/holohover_ws/src/holohover/install/rokubimini_serial/share/rokubimini_serial/environment/path.sh
[44.897s] -- Installing: /home/acl3-ubuntu/holohover_ws/src/holohover/install/rokubimini_serial/share/rokubimini_serial/environment/path.dsv
[44.897s] -- Installing: /home/acl3-ubuntu/holohover_ws/src/holohover/install/rokubimini_serial/share/rokubimini_serial/local_setup.bash
[44.898s] -- Installing: /home/acl3-ubuntu/holohover_ws/src/holohover/install/rokubimini_serial/share/rokubimini_serial/local_setup.sh
[44.898s] -- Installing: /home/acl3-ubuntu/holohover_ws/src/holohover/install/rokubimini_serial/share/rokubimini_serial/local_setup.zsh
[44.898s] -- Installing: /home/acl3-ubuntu/holohover_ws/src/holohover/install/rokubimini_serial/share/rokubimini_serial/local_setup.dsv
[44.898s] -- Installing: /home/acl3-ubuntu/holohover_ws/src/holohover/install/rokubimini_serial/share/rokubimini_serial/package.dsv
[44.898s] -- Installing: /home/acl3-ubuntu/holohover_ws/src/holohover/install/rokubimini_serial/share/ament_index/resource_index/packages/rokubimini_serial
[44.899s] -- Installing: /home/acl3-ubuntu/holohover_ws/src/holohover/install/rokubimini_serial/share/rokubimini_serial/cmake/ament_cmake_export_dependencies-extras.cmake
[44.899s] -- Installing: /home/acl3-ubuntu/holohover_ws/src/holohover/install/rokubimini_serial/share/rokubimini_serial/cmake/ament_cmake_export_include_directories-extras.cmake
[44.899s] -- Installing: /home/acl3-ubuntu/holohover_ws/src/holohover/install/rokubimini_serial/share/rokubimini_serial/cmake/ament_cmake_export_libraries-extras.cmake
[44.899s] -- Installing: /home/acl3-ubuntu/holohover_ws/src/holohover/install/rokubimini_serial/share/rokubimini_serial/cmake/rokubimini_serialConfig.cmake
[44.899s] -- Installing: /home/acl3-ubuntu/holohover_ws/src/holohover/install/rokubimini_serial/share/rokubimini_serial/cmake/rokubimini_serialConfig-version.cmake
[44.900s] -- Installing: /home/acl3-ubuntu/holohover_ws/src/holohover/install/rokubimini_serial/share/rokubimini_serial/package.xml
[44.907s] Invoked command in '/home/acl3-ubuntu/holohover_ws/src/holohover/build/rokubimini_serial' returned '0': AMENT_PREFIX_PATH=/home/acl3-ubuntu/holohover_ws/src/holohover/install/rokubimini_bus_manager:/home/acl3-ubuntu/holohover_ws/src/holohover/install/bota_node:/home/acl3-ubuntu/holohover_ws/src/holohover/install/rokubimini_msgs:/home/acl3-ubuntu/holohover_ws/src/holohover/install/rokubimini:/home/acl3-ubuntu/holohover_ws/src/holohover/install/bota_worker:/home/acl3-ubuntu/holohover_ws/src/holohover/install/bota_signal_handler:${AMENT_PREFIX_PATH} CMAKE_PREFIX_PATH=/home/acl3-ubuntu/holohover_ws/src/holohover/install/rokubimini_bus_manager:/home/acl3-ubuntu/holohover_ws/src/holohover/install/bota_node:/home/acl3-ubuntu/holohover_ws/src/holohover/install/rokubimini_msgs:/home/acl3-ubuntu/holohover_ws/src/holohover/install/rokubimini:/home/acl3-ubuntu/holohover_ws/src/holohover/install/bota_worker:/home/acl3-ubuntu/holohover_ws/src/holohover/install/bota_signal_handler:/home/acl3-ubuntu/holohover_ws/install/bota_driver_testing:/home/acl3-ubuntu/holohover_ws/install/bota_driver:/home/acl3-ubuntu/holohover_ws/install/rokubimini_ethercat:/home/acl3-ubuntu/holohover_ws/install/soem:/home/acl3-ubuntu/holohover_ws/install/holohover_utils:/home/acl3-ubuntu/holohover_ws/install/holohover_gnc:/home/acl3-ubuntu/holohover_ws/install/ros_polympc:/home/acl3-ubuntu/holohover_ws/install/rokubimini_serial:/home/acl3-ubuntu/holohover_ws/install/rokubimini_msgs:/home/acl3-ubuntu/holohover_ws/install/rokubimini_description:/home/acl3-ubuntu/holohover_ws/install/rokubimini_bus_manager:/home/acl3-ubuntu/holohover_ws/install/rokubimini:/home/acl3-ubuntu/holohover_ws/install/mocap_optitrack:/home/acl3-ubuntu/holohover_ws/install/micro_ros_setup:/home/acl3-ubuntu/holohover_ws/install/micro_ros_agent:/home/acl3-ubuntu/holohover_ws/install/micro_ros_msgs:/home/acl3-ubuntu/holohover_ws/install/holohover_msgs:/home/acl3-ubuntu/holohover_ws/install/bota_node:/home/acl3-ubuntu/holohover_ws/install/bota_worker:/home/acl3-ubuntu/holohover_ws/install/bota_signal_handler:/opt/ros/humble LD_LIBRARY_PATH=/home/acl3-ubuntu/holohover_ws/src/holohover/install/rokubimini_bus_manager/lib:/home/acl3-ubuntu/holohover_ws/src/holohover/install/bota_node/lib:/home/acl3-ubuntu/holohover_ws/src/holohover/install/rokubimini_msgs/lib:/home/acl3-ubuntu/holohover_ws/src/holohover/install/rokubimini/lib:/home/acl3-ubuntu/holohover_ws/src/holohover/install/bota_worker/lib:/home/acl3-ubuntu/holohover_ws/src/holohover/install/bota_signal_handler/lib:${LD_LIBRARY_PATH} PYTHONPATH=/home/acl3-ubuntu/holohover_ws/src/holohover/install/rokubimini_msgs/local/lib/python3.10/dist-packages:${PYTHONPATH} /usr/bin/cmake --install /home/acl3-ubuntu/holohover_ws/src/holohover/build/rokubimini_serial
