-- The C compiler identification is GNU 11.3.0
-- The CXX compiler identification is GNU 11.3.0
-- Detecting C compiler ABI info
-- Detecting C compiler ABI info - done
-- Check for working C compiler: /usr/bin/cc - skipped
-- Detecting C compile features
-- Detecting C compile features - done
-- Detecting CXX compiler ABI info
-- Detecting CXX compiler ABI info - done
-- Check for working CXX compiler: /usr/bin/c++ - skipped
-- Detecting CXX compile features
-- Detecting CXX compile features - done
-- Found ament_cmake: 1.3.3 (/opt/ros/humble/share/ament_cmake/cmake)
-- Found Python3: /usr/bin/python3.10 (found version "3.10.6") found components: Interpreter 
-- Found rclcpp: 16.0.3 (/opt/ros/humble/share/rclcpp/cmake)
-- Found rosidl_generator_c: 3.1.4 (/opt/ros/humble/share/rosidl_generator_c/cmake)
-- Found rosidl_adapter: 3.1.4 (/opt/ros/humble/share/rosidl_adapter/cmake)
-- Found rosidl_generator_cpp: 3.1.4 (/opt/ros/humble/share/rosidl_generator_cpp/cmake)
-- Using all available rosidl_typesupport_c: rosidl_typesupport_fastrtps_c;rosidl_typesupport_introspection_c
-- Using all available rosidl_typesupport_cpp: rosidl_typesupport_fastrtps_cpp;rosidl_typesupport_introspection_cpp
-- Found rmw_implementation_cmake: 6.1.1 (/opt/ros/humble/share/rmw_implementation_cmake/cmake)
-- Found rmw_fastrtps_cpp: 6.2.2 (/opt/ros/humble/share/rmw_fastrtps_cpp/cmake)
-- Found OpenSSL: /usr/lib/x86_64-linux-gnu/libcrypto.so (found version "3.0.2")  
-- Found FastRTPS: /opt/ros/humble/include  
-- Using RMW implementation 'rmw_fastrtps_cpp' as default
-- Looking for pthread.h
-- Looking for pthread.h - found
-- Performing Test CMAKE_HAVE_LIBC_PTHREAD
-- Performing Test CMAKE_HAVE_LIBC_PTHREAD - Success
-- Found Threads: TRUE  
-- Found rokubimini: 0.6.1 (/home/acl3-ubuntu/holohover_ws/src/holohover/install/rokubimini/share/rokubimini/cmake)
-- Found rokubimini_bus_manager: 0.6.1 (/home/acl3-ubuntu/holohover_ws/src/holohover/install/rokubimini_bus_manager/share/rokubimini_bus_manager/cmake)
-- Found rokubimini_msgs: 0.6.1 (/home/acl3-ubuntu/holohover_ws/src/holohover/install/rokubimini_msgs/share/rokubimini_msgs/cmake)
-- Found soem: 1.4.0 (/home/acl3-ubuntu/holohover_ws/src/holohover/install/soem/share/soem/cmake)
-- Configuring done
-- Generating done
-- Build files have been written to: /home/acl3-ubuntu/holohover_ws/src/holohover/build/rokubimini_ethercat
[ 12%] [32mBuilding CXX object CMakeFiles/rokubimini_ethercat.dir/src/rokubimini_ethercat/RokubiminiEthercat.cpp.o[0m
[ 25%] [32mBuilding CXX object CMakeFiles/rokubimini_ethercat.dir/src/rokubimini_ethercat/RokubiminiEthercatBusManager.cpp.o[0m
[ 37%] [32mBuilding CXX object CMakeFiles/rokubimini_ethercat.dir/src/rokubimini_ethercat/soem_interface/EthercatSlaveBase.cpp.o[0m
[ 50%] [32mBuilding CXX object CMakeFiles/rokubimini_ethercat.dir/src/rokubimini_ethercat/RokubiminiEthercatSlave.cpp.o[0m
[ 62%] [32mBuilding CXX object CMakeFiles/rokubimini_ethercat.dir/src/rokubimini_ethercat/soem_interface/EthercatBusBase.cpp.o[0m
[ 75%] [32m[1mLinking CXX static library librokubimini_ethercat.a[0m
[ 75%] Built target rokubimini_ethercat
[ 87%] [32mBuilding CXX object CMakeFiles/rokubimini_ethercat_bus_manager_node.dir/src/rokubimini_ethercat/rokubimini_ethercat_bus_manager_node.cpp.o[0m
[100%] [32m[1mLinking CXX executable rokubimini_ethercat_bus_manager_node[0m
[100%] Built target rokubimini_ethercat_bus_manager_node
-- Install configuration: ""
-- Installing: /home/acl3-ubuntu/holohover_ws/src/holohover/install/rokubimini_ethercat/lib/librokubimini_ethercat.a
-- Installing: /home/acl3-ubuntu/holohover_ws/src/holohover/install/rokubimini_ethercat/lib/rokubimini_ethercat/rokubimini_ethercat_bus_manager_node
-- Set runtime path of "/home/acl3-ubuntu/holohover_ws/src/holohover/install/rokubimini_ethercat/lib/rokubimini_ethercat/rokubimini_ethercat_bus_manager_node" to ""
-- Installing: /home/acl3-ubuntu/holohover_ws/src/holohover/install/rokubimini_ethercat/include/rokubimini_ethercat
-- Installing: /home/acl3-ubuntu/holohover_ws/src/holohover/install/rokubimini_ethercat/include/rokubimini_ethercat/PdoTypeEnum.hpp
-- Installing: /home/acl3-ubuntu/holohover_ws/src/holohover/install/rokubimini_ethercat/include/rokubimini_ethercat/ObjectDictionary.hpp
-- Installing: /home/acl3-ubuntu/holohover_ws/src/holohover/install/rokubimini_ethercat/include/rokubimini_ethercat/sdo
-- Installing: /home/acl3-ubuntu/holohover_ws/src/holohover/install/rokubimini_ethercat/include/rokubimini_ethercat/sdo/RxSdoCalibration.hpp
-- Installing: /home/acl3-ubuntu/holohover_ws/src/holohover/install/rokubimini_ethercat/include/rokubimini_ethercat/sdo/RxSdoAccelerationRange.hpp
-- Installing: /home/acl3-ubuntu/holohover_ws/src/holohover/install/rokubimini_ethercat/include/rokubimini_ethercat/sdo/RxSdoAngularRateRange.hpp
-- Installing: /home/acl3-ubuntu/holohover_ws/src/holohover/install/rokubimini_ethercat/include/rokubimini_ethercat/RokubiminiEthercat.hpp
-- Installing: /home/acl3-ubuntu/holohover_ws/src/holohover/install/rokubimini_ethercat/include/rokubimini_ethercat/TxPdoC.hpp
-- Installing: /home/acl3-ubuntu/holohover_ws/src/holohover/install/rokubimini_ethercat/include/rokubimini_ethercat/RokubiminiEthercatSlave.hpp
-- Installing: /home/acl3-ubuntu/holohover_ws/src/holohover/install/rokubimini_ethercat/include/rokubimini_ethercat/TxPdoA.hpp
-- Installing: /home/acl3-ubuntu/holohover_ws/src/holohover/install/rokubimini_ethercat/include/rokubimini_ethercat/RokubiminiEthercatBusManager.hpp
-- Installing: /home/acl3-ubuntu/holohover_ws/src/holohover/install/rokubimini_ethercat/include/rokubimini_ethercat/TxPdoB.hpp
-- Installing: /home/acl3-ubuntu/holohover_ws/src/holohover/install/rokubimini_ethercat/include/rokubimini_ethercat/TxPdoZ.hpp
-- Installing: /home/acl3-ubuntu/holohover_ws/src/holohover/install/rokubimini_ethercat/include/rokubimini_ethercat/soem_interface
-- Installing: /home/acl3-ubuntu/holohover_ws/src/holohover/install/rokubimini_ethercat/include/rokubimini_ethercat/soem_interface/EthercatSlaveBase.hpp
-- Installing: /home/acl3-ubuntu/holohover_ws/src/holohover/install/rokubimini_ethercat/include/rokubimini_ethercat/soem_interface/EthercatBusBase.hpp
-- Installing: /home/acl3-ubuntu/holohover_ws/src/holohover/install/rokubimini_ethercat/include/rokubimini_ethercat/RxPdo.hpp
-- Installing: /home/acl3-ubuntu/holohover_ws/src/holohover/install/rokubimini_ethercat/share/rokubimini_ethercat//launch
-- Installing: /home/acl3-ubuntu/holohover_ws/src/holohover/install/rokubimini_ethercat/share/rokubimini_ethercat//launch/rokubimini_ethercat.launch
-- Installing: /home/acl3-ubuntu/holohover_ws/src/holohover/install/rokubimini_ethercat/share/rokubimini_ethercat//launch/rokubimini_ethercat.launch.py
-- Installing: /home/acl3-ubuntu/holohover_ws/src/holohover/install/rokubimini_ethercat/share/rokubimini_ethercat/environment/library_path.sh
-- Installing: /home/acl3-ubuntu/holohover_ws/src/holohover/install/rokubimini_ethercat/share/rokubimini_ethercat/environment/library_path.dsv
-- Installing: /home/acl3-ubuntu/holohover_ws/src/holohover/install/rokubimini_ethercat/share/ament_index/resource_index/package_run_dependencies/rokubimini_ethercat
-- Installing: /home/acl3-ubuntu/holohover_ws/src/holohover/install/rokubimini_ethercat/share/ament_index/resource_index/parent_prefix_path/rokubimini_ethercat
-- Installing: /home/acl3-ubuntu/holohover_ws/src/holohover/install/rokubimini_ethercat/share/rokubimini_ethercat/environment/ament_prefix_path.sh
-- Installing: /home/acl3-ubuntu/holohover_ws/src/holohover/install/rokubimini_ethercat/share/rokubimini_ethercat/environment/ament_prefix_path.dsv
-- Installing: /home/acl3-ubuntu/holohover_ws/src/holohover/install/rokubimini_ethercat/share/rokubimini_ethercat/environment/path.sh
-- Installing: /home/acl3-ubuntu/holohover_ws/src/holohover/install/rokubimini_ethercat/share/rokubimini_ethercat/environment/path.dsv
-- Installing: /home/acl3-ubuntu/holohover_ws/src/holohover/install/rokubimini_ethercat/share/rokubimini_ethercat/local_setup.bash
-- Installing: /home/acl3-ubuntu/holohover_ws/src/holohover/install/rokubimini_ethercat/share/rokubimini_ethercat/local_setup.sh
-- Installing: /home/acl3-ubuntu/holohover_ws/src/holohover/install/rokubimini_ethercat/share/rokubimini_ethercat/local_setup.zsh
-- Installing: /home/acl3-ubuntu/holohover_ws/src/holohover/install/rokubimini_ethercat/share/rokubimini_ethercat/local_setup.dsv
-- Installing: /home/acl3-ubuntu/holohover_ws/src/holohover/install/rokubimini_ethercat/share/rokubimini_ethercat/package.dsv
-- Installing: /home/acl3-ubuntu/holohover_ws/src/holohover/install/rokubimini_ethercat/share/ament_index/resource_index/packages/rokubimini_ethercat
-- Installing: /home/acl3-ubuntu/holohover_ws/src/holohover/install/rokubimini_ethercat/share/rokubimini_ethercat/cmake/ament_cmake_export_dependencies-extras.cmake
-- Installing: /home/acl3-ubuntu/holohover_ws/src/holohover/install/rokubimini_ethercat/share/rokubimini_ethercat/cmake/ament_cmake_export_include_directories-extras.cmake
-- Installing: /home/acl3-ubuntu/holohover_ws/src/holohover/install/rokubimini_ethercat/share/rokubimini_ethercat/cmake/ament_cmake_export_libraries-extras.cmake
-- Installing: /home/acl3-ubuntu/holohover_ws/src/holohover/install/rokubimini_ethercat/share/rokubimini_ethercat/cmake/rokubimini_ethercatConfig.cmake
-- Installing: /home/acl3-ubuntu/holohover_ws/src/holohover/install/rokubimini_ethercat/share/rokubimini_ethercat/cmake/rokubimini_ethercatConfig-version.cmake
-- Installing: /home/acl3-ubuntu/holohover_ws/src/holohover/install/rokubimini_ethercat/share/rokubimini_ethercat/package.xml
