[0.033s] Invoking command in '/home/acl3-ubuntu/holohover_ws/src/holohover/build/rokubimini_ethercat': AMENT_PREFIX_PATH=/home/acl3-ubuntu/holohover_ws/src/holohover/install/rokubimini_bus_manager:/home/acl3-ubuntu/holohover_ws/src/holohover/install/bota_node:/home/acl3-ubuntu/holohover_ws/src/holohover/install/soem:/home/acl3-ubuntu/holohover_ws/src/holohover/install/rokubimini_msgs:/home/acl3-ubuntu/holohover_ws/src/holohover/install/rokubimini:/home/acl3-ubuntu/holohover_ws/src/holohover/install/bota_worker:/home/acl3-ubuntu/holohover_ws/src/holohover/install/bota_signal_handler:${AMENT_PREFIX_PATH} CMAKE_PREFIX_PATH=/home/acl3-ubuntu/holohover_ws/src/holohover/install/rokubimini_bus_manager:/home/acl3-ubuntu/holohover_ws/src/holohover/install/bota_node:/home/acl3-ubuntu/holohover_ws/src/holohover/install/soem:/home/acl3-ubuntu/holohover_ws/src/holohover/install/rokubimini_msgs:/home/acl3-ubuntu/holohover_ws/src/holohover/install/rokubimini:/home/acl3-ubuntu/holohover_ws/src/holohover/install/bota_worker:/home/acl3-ubuntu/holohover_ws/src/holohover/install/bota_signal_handler:/home/acl3-ubuntu/holohover_ws/install/bota_driver_testing:/home/acl3-ubuntu/holohover_ws/install/bota_driver:/home/acl3-ubuntu/holohover_ws/install/rokubimini_ethercat:/home/acl3-ubuntu/holohover_ws/install/soem:/home/acl3-ubuntu/holohover_ws/install/holohover_utils:/home/acl3-ubuntu/holohover_ws/install/holohover_gnc:/home/acl3-ubuntu/holohover_ws/install/ros_polympc:/home/acl3-ubuntu/holohover_ws/install/rokubimini_serial:/home/acl3-ubuntu/holohover_ws/install/rokubimini_msgs:/home/acl3-ubuntu/holohover_ws/install/rokubimini_description:/home/acl3-ubuntu/holohover_ws/install/rokubimini_bus_manager:/home/acl3-ubuntu/holohover_ws/install/rokubimini:/home/acl3-ubuntu/holohover_ws/install/mocap_optitrack:/home/acl3-ubuntu/holohover_ws/install/micro_ros_setup:/home/acl3-ubuntu/holohover_ws/install/micro_ros_agent:/home/acl3-ubuntu/holohover_ws/install/micro_ros_msgs:/home/acl3-ubuntu/holohover_ws/install/holohover_msgs:/home/acl3-ubuntu/holohover_ws/install/bota_node:/home/acl3-ubuntu/holohover_ws/install/bota_worker:/home/acl3-ubuntu/holohover_ws/install/bota_signal_handler:/opt/ros/humble LD_LIBRARY_PATH=/home/acl3-ubuntu/holohover_ws/src/holohover/install/rokubimini_bus_manager/lib:/home/acl3-ubuntu/holohover_ws/src/holohover/install/bota_node/lib:/home/acl3-ubuntu/holohover_ws/src/holohover/install/soem/lib:/home/acl3-ubuntu/holohover_ws/src/holohover/install/rokubimini_msgs/lib:/home/acl3-ubuntu/holohover_ws/src/holohover/install/rokubimini/lib:/home/acl3-ubuntu/holohover_ws/src/holohover/install/bota_worker/lib:/home/acl3-ubuntu/holohover_ws/src/holohover/install/bota_signal_handler/lib:${LD_LIBRARY_PATH} PATH=/home/acl3-ubuntu/holohover_ws/src/holohover/install/soem/bin:${PATH} PYTHONPATH=/home/acl3-ubuntu/holohover_ws/src/holohover/install/rokubimini_msgs/local/lib/python3.10/dist-packages:${PYTHONPATH} /usr/bin/cmake /home/acl3-ubuntu/holohover_ws/src/holohover/bota_driver/rokubimini_ethercat -DCMAKE_INSTALL_PREFIX=/home/acl3-ubuntu/holohover_ws/src/holohover/install/rokubimini_ethercat
[0.129s] -- The C compiler identification is GNU 11.3.0
[0.212s] -- The CXX compiler identification is GNU 11.3.0
[0.222s] -- Detecting C compiler ABI info
[0.312s] -- Detecting C compiler ABI info - done
[0.325s] -- Check for working C compiler: /usr/bin/cc - skipped
[0.325s] -- Detecting C compile features
[0.326s] -- Detecting C compile features - done
[0.331s] -- Detecting CXX compiler ABI info
[0.454s] -- Detecting CXX compiler ABI info - done
[0.468s] -- Check for working CXX compiler: /usr/bin/c++ - skipped
[0.468s] -- Detecting CXX compile features
[0.469s] -- Detecting CXX compile features - done
[0.485s] -- Found ament_cmake: 1.3.3 (/opt/ros/humble/share/ament_cmake/cmake)
[0.722s] -- Found Python3: /usr/bin/python3.10 (found version "3.10.6") found components: Interpreter 
[0.902s] -- Found rclcpp: 16.0.3 (/opt/ros/humble/share/rclcpp/cmake)
[0.987s] -- Found rosidl_generator_c: 3.1.4 (/opt/ros/humble/share/rosidl_generator_c/cmake)
[0.997s] -- Found rosidl_adapter: 3.1.4 (/opt/ros/humble/share/rosidl_adapter/cmake)
[1.010s] -- Found rosidl_generator_cpp: 3.1.4 (/opt/ros/humble/share/rosidl_generator_cpp/cmake)
[1.030s] -- Using all available rosidl_typesupport_c: rosidl_typesupport_fastrtps_c;rosidl_typesupport_introspection_c
[1.061s] -- Using all available rosidl_typesupport_cpp: rosidl_typesupport_fastrtps_cpp;rosidl_typesupport_introspection_cpp
[1.160s] -- Found rmw_implementation_cmake: 6.1.1 (/opt/ros/humble/share/rmw_implementation_cmake/cmake)
[1.166s] -- Found rmw_fastrtps_cpp: 6.2.2 (/opt/ros/humble/share/rmw_fastrtps_cpp/cmake)
[1.303s] -- Found OpenSSL: /usr/lib/x86_64-linux-gnu/libcrypto.so (found version "3.0.2")  
[1.334s] -- Found FastRTPS: /opt/ros/humble/include  
[1.394s] -- Using RMW implementation 'rmw_fastrtps_cpp' as default
[1.413s] -- Looking for pthread.h
[1.504s] -- Looking for pthread.h - found
[1.505s] -- Performing Test CMAKE_HAVE_LIBC_PTHREAD
[1.596s] -- Performing Test CMAKE_HAVE_LIBC_PTHREAD - Success
[1.598s] -- Found Threads: TRUE  
[1.868s] -- Found rokubimini: 0.6.1 (/home/acl3-ubuntu/holohover_ws/src/holohover/install/rokubimini/share/rokubimini/cmake)
[2.193s] -- Found rokubimini_bus_manager: 0.6.1 (/home/acl3-ubuntu/holohover_ws/src/holohover/install/rokubimini_bus_manager/share/rokubimini_bus_manager/cmake)
[2.281s] -- Found rokubimini_msgs: 0.6.1 (/home/acl3-ubuntu/holohover_ws/src/holohover/install/rokubimini_msgs/share/rokubimini_msgs/cmake)
[2.449s] -- Found soem: 1.4.0 (/home/acl3-ubuntu/holohover_ws/src/holohover/install/soem/share/soem/cmake)
[2.760s] -- Configuring done
[2.802s] -- Generating done
[2.804s] -- Build files have been written to: /home/acl3-ubuntu/holohover_ws/src/holohover/build/rokubimini_ethercat
[2.817s] Invoked command in '/home/acl3-ubuntu/holohover_ws/src/holohover/build/rokubimini_ethercat' returned '0': AMENT_PREFIX_PATH=/home/acl3-ubuntu/holohover_ws/src/holohover/install/rokubimini_bus_manager:/home/acl3-ubuntu/holohover_ws/src/holohover/install/bota_node:/home/acl3-ubuntu/holohover_ws/src/holohover/install/soem:/home/acl3-ubuntu/holohover_ws/src/holohover/install/rokubimini_msgs:/home/acl3-ubuntu/holohover_ws/src/holohover/install/rokubimini:/home/acl3-ubuntu/holohover_ws/src/holohover/install/bota_worker:/home/acl3-ubuntu/holohover_ws/src/holohover/install/bota_signal_handler:${AMENT_PREFIX_PATH} CMAKE_PREFIX_PATH=/home/acl3-ubuntu/holohover_ws/src/holohover/install/rokubimini_bus_manager:/home/acl3-ubuntu/holohover_ws/src/holohover/install/bota_node:/home/acl3-ubuntu/holohover_ws/src/holohover/install/soem:/home/acl3-ubuntu/holohover_ws/src/holohover/install/rokubimini_msgs:/home/acl3-ubuntu/holohover_ws/src/holohover/install/rokubimini:/home/acl3-ubuntu/holohover_ws/src/holohover/install/bota_worker:/home/acl3-ubuntu/holohover_ws/src/holohover/install/bota_signal_handler:/home/acl3-ubuntu/holohover_ws/install/bota_driver_testing:/home/acl3-ubuntu/holohover_ws/install/bota_driver:/home/acl3-ubuntu/holohover_ws/install/rokubimini_ethercat:/home/acl3-ubuntu/holohover_ws/install/soem:/home/acl3-ubuntu/holohover_ws/install/holohover_utils:/home/acl3-ubuntu/holohover_ws/install/holohover_gnc:/home/acl3-ubuntu/holohover_ws/install/ros_polympc:/home/acl3-ubuntu/holohover_ws/install/rokubimini_serial:/home/acl3-ubuntu/holohover_ws/install/rokubimini_msgs:/home/acl3-ubuntu/holohover_ws/install/rokubimini_description:/home/acl3-ubuntu/holohover_ws/install/rokubimini_bus_manager:/home/acl3-ubuntu/holohover_ws/install/rokubimini:/home/acl3-ubuntu/holohover_ws/install/mocap_optitrack:/home/acl3-ubuntu/holohover_ws/install/micro_ros_setup:/home/acl3-ubuntu/holohover_ws/install/micro_ros_agent:/home/acl3-ubuntu/holohover_ws/install/micro_ros_msgs:/home/acl3-ubuntu/holohover_ws/install/holohover_msgs:/home/acl3-ubuntu/holohover_ws/install/bota_node:/home/acl3-ubuntu/holohover_ws/install/bota_worker:/home/acl3-ubuntu/holohover_ws/install/bota_signal_handler:/opt/ros/humble LD_LIBRARY_PATH=/home/acl3-ubuntu/holohover_ws/src/holohover/install/rokubimini_bus_manager/lib:/home/acl3-ubuntu/holohover_ws/src/holohover/install/bota_node/lib:/home/acl3-ubuntu/holohover_ws/src/holohover/install/soem/lib:/home/acl3-ubuntu/holohover_ws/src/holohover/install/rokubimini_msgs/lib:/home/acl3-ubuntu/holohover_ws/src/holohover/install/rokubimini/lib:/home/acl3-ubuntu/holohover_ws/src/holohover/install/bota_worker/lib:/home/acl3-ubuntu/holohover_ws/src/holohover/install/bota_signal_handler/lib:${LD_LIBRARY_PATH} PATH=/home/acl3-ubuntu/holohover_ws/src/holohover/install/soem/bin:${PATH} PYTHONPATH=/home/acl3-ubuntu/holohover_ws/src/holohover/install/rokubimini_msgs/local/lib/python3.10/dist-packages:${PYTHONPATH} /usr/bin/cmake /home/acl3-ubuntu/holohover_ws/src/holohover/bota_driver/rokubimini_ethercat -DCMAKE_INSTALL_PREFIX=/home/acl3-ubuntu/holohover_ws/src/holohover/install/rokubimini_ethercat
[2.819s] Invoking command in '/home/acl3-ubuntu/holohover_ws/src/holohover/build/rokubimini_ethercat': AMENT_PREFIX_PATH=/home/acl3-ubuntu/holohover_ws/src/holohover/install/rokubimini_bus_manager:/home/acl3-ubuntu/holohover_ws/src/holohover/install/bota_node:/home/acl3-ubuntu/holohover_ws/src/holohover/install/soem:/home/acl3-ubuntu/holohover_ws/src/holohover/install/rokubimini_msgs:/home/acl3-ubuntu/holohover_ws/src/holohover/install/rokubimini:/home/acl3-ubuntu/holohover_ws/src/holohover/install/bota_worker:/home/acl3-ubuntu/holohover_ws/src/holohover/install/bota_signal_handler:${AMENT_PREFIX_PATH} CMAKE_PREFIX_PATH=/home/acl3-ubuntu/holohover_ws/src/holohover/install/rokubimini_bus_manager:/home/acl3-ubuntu/holohover_ws/src/holohover/install/bota_node:/home/acl3-ubuntu/holohover_ws/src/holohover/install/soem:/home/acl3-ubuntu/holohover_ws/src/holohover/install/rokubimini_msgs:/home/acl3-ubuntu/holohover_ws/src/holohover/install/rokubimini:/home/acl3-ubuntu/holohover_ws/src/holohover/install/bota_worker:/home/acl3-ubuntu/holohover_ws/src/holohover/install/bota_signal_handler:/home/acl3-ubuntu/holohover_ws/install/bota_driver_testing:/home/acl3-ubuntu/holohover_ws/install/bota_driver:/home/acl3-ubuntu/holohover_ws/install/rokubimini_ethercat:/home/acl3-ubuntu/holohover_ws/install/soem:/home/acl3-ubuntu/holohover_ws/install/holohover_utils:/home/acl3-ubuntu/holohover_ws/install/holohover_gnc:/home/acl3-ubuntu/holohover_ws/install/ros_polympc:/home/acl3-ubuntu/holohover_ws/install/rokubimini_serial:/home/acl3-ubuntu/holohover_ws/install/rokubimini_msgs:/home/acl3-ubuntu/holohover_ws/install/rokubimini_description:/home/acl3-ubuntu/holohover_ws/install/rokubimini_bus_manager:/home/acl3-ubuntu/holohover_ws/install/rokubimini:/home/acl3-ubuntu/holohover_ws/install/mocap_optitrack:/home/acl3-ubuntu/holohover_ws/install/micro_ros_setup:/home/acl3-ubuntu/holohover_ws/install/micro_ros_agent:/home/acl3-ubuntu/holohover_ws/install/micro_ros_msgs:/home/acl3-ubuntu/holohover_ws/install/holohover_msgs:/home/acl3-ubuntu/holohover_ws/install/bota_node:/home/acl3-ubuntu/holohover_ws/install/bota_worker:/home/acl3-ubuntu/holohover_ws/install/bota_signal_handler:/opt/ros/humble LD_LIBRARY_PATH=/home/acl3-ubuntu/holohover_ws/src/holohover/install/rokubimini_bus_manager/lib:/home/acl3-ubuntu/holohover_ws/src/holohover/install/bota_node/lib:/home/acl3-ubuntu/holohover_ws/src/holohover/install/soem/lib:/home/acl3-ubuntu/holohover_ws/src/holohover/install/rokubimini_msgs/lib:/home/acl3-ubuntu/holohover_ws/src/holohover/install/rokubimini/lib:/home/acl3-ubuntu/holohover_ws/src/holohover/install/bota_worker/lib:/home/acl3-ubuntu/holohover_ws/src/holohover/install/bota_signal_handler/lib:${LD_LIBRARY_PATH} PATH=/home/acl3-ubuntu/holohover_ws/src/holohover/install/soem/bin:${PATH} PYTHONPATH=/home/acl3-ubuntu/holohover_ws/src/holohover/install/rokubimini_msgs/local/lib/python3.10/dist-packages:${PYTHONPATH} /usr/bin/cmake --build /home/acl3-ubuntu/holohover_ws/src/holohover/build/rokubimini_ethercat -- -j8 -l8
[2.907s] [ 12%] [32mBuilding CXX object CMakeFiles/rokubimini_ethercat.dir/src/rokubimini_ethercat/RokubiminiEthercat.cpp.o[0m
[2.908s] [ 25%] [32mBuilding CXX object CMakeFiles/rokubimini_ethercat.dir/src/rokubimini_ethercat/RokubiminiEthercatBusManager.cpp.o[0m
[18.339s] [ 37%] [32mBuilding CXX object CMakeFiles/rokubimini_ethercat.dir/src/rokubimini_ethercat/soem_interface/EthercatSlaveBase.cpp.o[0m
[21.761s] [ 50%] [32mBuilding CXX object CMakeFiles/rokubimini_ethercat.dir/src/rokubimini_ethercat/RokubiminiEthercatSlave.cpp.o[0m
[21.763s] [ 62%] [32mBuilding CXX object CMakeFiles/rokubimini_ethercat.dir/src/rokubimini_ethercat/soem_interface/EthercatBusBase.cpp.o[0m
[30.238s] [ 75%] [32m[1mLinking CXX static library librokubimini_ethercat.a[0m
[30.564s] [ 75%] Built target rokubimini_ethercat
[30.619s] [ 87%] [32mBuilding CXX object CMakeFiles/rokubimini_ethercat_bus_manager_node.dir/src/rokubimini_ethercat/rokubimini_ethercat_bus_manager_node.cpp.o[0m
[37.771s] [100%] [32m[1mLinking CXX executable rokubimini_ethercat_bus_manager_node[0m
[38.709s] [100%] Built target rokubimini_ethercat_bus_manager_node
[38.722s] Invoked command in '/home/acl3-ubuntu/holohover_ws/src/holohover/build/rokubimini_ethercat' returned '0': AMENT_PREFIX_PATH=/home/acl3-ubuntu/holohover_ws/src/holohover/install/rokubimini_bus_manager:/home/acl3-ubuntu/holohover_ws/src/holohover/install/bota_node:/home/acl3-ubuntu/holohover_ws/src/holohover/install/soem:/home/acl3-ubuntu/holohover_ws/src/holohover/install/rokubimini_msgs:/home/acl3-ubuntu/holohover_ws/src/holohover/install/rokubimini:/home/acl3-ubuntu/holohover_ws/src/holohover/install/bota_worker:/home/acl3-ubuntu/holohover_ws/src/holohover/install/bota_signal_handler:${AMENT_PREFIX_PATH} CMAKE_PREFIX_PATH=/home/acl3-ubuntu/holohover_ws/src/holohover/install/rokubimini_bus_manager:/home/acl3-ubuntu/holohover_ws/src/holohover/install/bota_node:/home/acl3-ubuntu/holohover_ws/src/holohover/install/soem:/home/acl3-ubuntu/holohover_ws/src/holohover/install/rokubimini_msgs:/home/acl3-ubuntu/holohover_ws/src/holohover/install/rokubimini:/home/acl3-ubuntu/holohover_ws/src/holohover/install/bota_worker:/home/acl3-ubuntu/holohover_ws/src/holohover/install/bota_signal_handler:/home/acl3-ubuntu/holohover_ws/install/bota_driver_testing:/home/acl3-ubuntu/holohover_ws/install/bota_driver:/home/acl3-ubuntu/holohover_ws/install/rokubimini_ethercat:/home/acl3-ubuntu/holohover_ws/install/soem:/home/acl3-ubuntu/holohover_ws/install/holohover_utils:/home/acl3-ubuntu/holohover_ws/install/holohover_gnc:/home/acl3-ubuntu/holohover_ws/install/ros_polympc:/home/acl3-ubuntu/holohover_ws/install/rokubimini_serial:/home/acl3-ubuntu/holohover_ws/install/rokubimini_msgs:/home/acl3-ubuntu/holohover_ws/install/rokubimini_description:/home/acl3-ubuntu/holohover_ws/install/rokubimini_bus_manager:/home/acl3-ubuntu/holohover_ws/install/rokubimini:/home/acl3-ubuntu/holohover_ws/install/mocap_optitrack:/home/acl3-ubuntu/holohover_ws/install/micro_ros_setup:/home/acl3-ubuntu/holohover_ws/install/micro_ros_agent:/home/acl3-ubuntu/holohover_ws/install/micro_ros_msgs:/home/acl3-ubuntu/holohover_ws/install/holohover_msgs:/home/acl3-ubuntu/holohover_ws/install/bota_node:/home/acl3-ubuntu/holohover_ws/install/bota_worker:/home/acl3-ubuntu/holohover_ws/install/bota_signal_handler:/opt/ros/humble LD_LIBRARY_PATH=/home/acl3-ubuntu/holohover_ws/src/holohover/install/rokubimini_bus_manager/lib:/home/acl3-ubuntu/holohover_ws/src/holohover/install/bota_node/lib:/home/acl3-ubuntu/holohover_ws/src/holohover/install/soem/lib:/home/acl3-ubuntu/holohover_ws/src/holohover/install/rokubimini_msgs/lib:/home/acl3-ubuntu/holohover_ws/src/holohover/install/rokubimini/lib:/home/acl3-ubuntu/holohover_ws/src/holohover/install/bota_worker/lib:/home/acl3-ubuntu/holohover_ws/src/holohover/install/bota_signal_handler/lib:${LD_LIBRARY_PATH} PATH=/home/acl3-ubuntu/holohover_ws/src/holohover/install/soem/bin:${PATH} PYTHONPATH=/home/acl3-ubuntu/holohover_ws/src/holohover/install/rokubimini_msgs/local/lib/python3.10/dist-packages:${PYTHONPATH} /usr/bin/cmake --build /home/acl3-ubuntu/holohover_ws/src/holohover/build/rokubimini_ethercat -- -j8 -l8
[38.768s] Invoking command in '/home/acl3-ubuntu/holohover_ws/src/holohover/build/rokubimini_ethercat': AMENT_PREFIX_PATH=/home/acl3-ubuntu/holohover_ws/src/holohover/install/rokubimini_bus_manager:/home/acl3-ubuntu/holohover_ws/src/holohover/install/bota_node:/home/acl3-ubuntu/holohover_ws/src/holohover/install/soem:/home/acl3-ubuntu/holohover_ws/src/holohover/install/rokubimini_msgs:/home/acl3-ubuntu/holohover_ws/src/holohover/install/rokubimini:/home/acl3-ubuntu/holohover_ws/src/holohover/install/bota_worker:/home/acl3-ubuntu/holohover_ws/src/holohover/install/bota_signal_handler:${AMENT_PREFIX_PATH} CMAKE_PREFIX_PATH=/home/acl3-ubuntu/holohover_ws/src/holohover/install/rokubimini_bus_manager:/home/acl3-ubuntu/holohover_ws/src/holohover/install/bota_node:/home/acl3-ubuntu/holohover_ws/src/holohover/install/soem:/home/acl3-ubuntu/holohover_ws/src/holohover/install/rokubimini_msgs:/home/acl3-ubuntu/holohover_ws/src/holohover/install/rokubimini:/home/acl3-ubuntu/holohover_ws/src/holohover/install/bota_worker:/home/acl3-ubuntu/holohover_ws/src/holohover/install/bota_signal_handler:/home/acl3-ubuntu/holohover_ws/install/bota_driver_testing:/home/acl3-ubuntu/holohover_ws/install/bota_driver:/home/acl3-ubuntu/holohover_ws/install/rokubimini_ethercat:/home/acl3-ubuntu/holohover_ws/install/soem:/home/acl3-ubuntu/holohover_ws/install/holohover_utils:/home/acl3-ubuntu/holohover_ws/install/holohover_gnc:/home/acl3-ubuntu/holohover_ws/install/ros_polympc:/home/acl3-ubuntu/holohover_ws/install/rokubimini_serial:/home/acl3-ubuntu/holohover_ws/install/rokubimini_msgs:/home/acl3-ubuntu/holohover_ws/install/rokubimini_description:/home/acl3-ubuntu/holohover_ws/install/rokubimini_bus_manager:/home/acl3-ubuntu/holohover_ws/install/rokubimini:/home/acl3-ubuntu/holohover_ws/install/mocap_optitrack:/home/acl3-ubuntu/holohover_ws/install/micro_ros_setup:/home/acl3-ubuntu/holohover_ws/install/micro_ros_agent:/home/acl3-ubuntu/holohover_ws/install/micro_ros_msgs:/home/acl3-ubuntu/holohover_ws/install/holohover_msgs:/home/acl3-ubuntu/holohover_ws/install/bota_node:/home/acl3-ubuntu/holohover_ws/install/bota_worker:/home/acl3-ubuntu/holohover_ws/install/bota_signal_handler:/opt/ros/humble LD_LIBRARY_PATH=/home/acl3-ubuntu/holohover_ws/src/holohover/install/rokubimini_bus_manager/lib:/home/acl3-ubuntu/holohover_ws/src/holohover/install/bota_node/lib:/home/acl3-ubuntu/holohover_ws/src/holohover/install/soem/lib:/home/acl3-ubuntu/holohover_ws/src/holohover/install/rokubimini_msgs/lib:/home/acl3-ubuntu/holohover_ws/src/holohover/install/rokubimini/lib:/home/acl3-ubuntu/holohover_ws/src/holohover/install/bota_worker/lib:/home/acl3-ubuntu/holohover_ws/src/holohover/install/bota_signal_handler/lib:${LD_LIBRARY_PATH} PATH=/home/acl3-ubuntu/holohover_ws/src/holohover/install/soem/bin:${PATH} PYTHONPATH=/home/acl3-ubuntu/holohover_ws/src/holohover/install/rokubimini_msgs/local/lib/python3.10/dist-packages:${PYTHONPATH} /usr/bin/cmake --install /home/acl3-ubuntu/holohover_ws/src/holohover/build/rokubimini_ethercat
[38.776s] -- Install configuration: ""
[38.777s] -- Installing: /home/acl3-ubuntu/holohover_ws/src/holohover/install/rokubimini_ethercat/lib/librokubimini_ethercat.a
[38.786s] -- Installing: /home/acl3-ubuntu/holohover_ws/src/holohover/install/rokubimini_ethercat/lib/rokubimini_ethercat/rokubimini_ethercat_bus_manager_node
[38.790s] -- Set runtime path of "/home/acl3-ubuntu/holohover_ws/src/holohover/install/rokubimini_ethercat/lib/rokubimini_ethercat/rokubimini_ethercat_bus_manager_node" to ""
[38.790s] -- Installing: /home/acl3-ubuntu/holohover_ws/src/holohover/install/rokubimini_ethercat/include/rokubimini_ethercat
[38.791s] -- Installing: /home/acl3-ubuntu/holohover_ws/src/holohover/install/rokubimini_ethercat/include/rokubimini_ethercat/PdoTypeEnum.hpp
[38.791s] -- Installing: /home/acl3-ubuntu/holohover_ws/src/holohover/install/rokubimini_ethercat/include/rokubimini_ethercat/ObjectDictionary.hpp
[38.791s] -- Installing: /home/acl3-ubuntu/holohover_ws/src/holohover/install/rokubimini_ethercat/include/rokubimini_ethercat/sdo
[38.792s] -- Installing: /home/acl3-ubuntu/holohover_ws/src/holohover/install/rokubimini_ethercat/include/rokubimini_ethercat/sdo/RxSdoCalibration.hpp
[38.792s] -- Installing: /home/acl3-ubuntu/holohover_ws/src/holohover/install/rokubimini_ethercat/include/rokubimini_ethercat/sdo/RxSdoAccelerationRange.hpp
[38.792s] -- Installing: /home/acl3-ubuntu/holohover_ws/src/holohover/install/rokubimini_ethercat/include/rokubimini_ethercat/sdo/RxSdoAngularRateRange.hpp
[38.792s] -- Installing: /home/acl3-ubuntu/holohover_ws/src/holohover/install/rokubimini_ethercat/include/rokubimini_ethercat/RokubiminiEthercat.hpp
[38.792s] -- Installing: /home/acl3-ubuntu/holohover_ws/src/holohover/install/rokubimini_ethercat/include/rokubimini_ethercat/TxPdoC.hpp
[38.792s] -- Installing: /home/acl3-ubuntu/holohover_ws/src/holohover/install/rokubimini_ethercat/include/rokubimini_ethercat/RokubiminiEthercatSlave.hpp
[38.792s] -- Installing: /home/acl3-ubuntu/holohover_ws/src/holohover/install/rokubimini_ethercat/include/rokubimini_ethercat/TxPdoA.hpp
[38.792s] -- Installing: /home/acl3-ubuntu/holohover_ws/src/holohover/install/rokubimini_ethercat/include/rokubimini_ethercat/RokubiminiEthercatBusManager.hpp
[38.793s] -- Installing: /home/acl3-ubuntu/holohover_ws/src/holohover/install/rokubimini_ethercat/include/rokubimini_ethercat/TxPdoB.hpp
[38.793s] -- Installing: /home/acl3-ubuntu/holohover_ws/src/holohover/install/rokubimini_ethercat/include/rokubimini_ethercat/TxPdoZ.hpp
[38.793s] -- Installing: /home/acl3-ubuntu/holohover_ws/src/holohover/install/rokubimini_ethercat/include/rokubimini_ethercat/soem_interface
[38.793s] -- Installing: /home/acl3-ubuntu/holohover_ws/src/holohover/install/rokubimini_ethercat/include/rokubimini_ethercat/soem_interface/EthercatSlaveBase.hpp
[38.793s] -- Installing: /home/acl3-ubuntu/holohover_ws/src/holohover/install/rokubimini_ethercat/include/rokubimini_ethercat/soem_interface/EthercatBusBase.hpp
[38.793s] -- Installing: /home/acl3-ubuntu/holohover_ws/src/holohover/install/rokubimini_ethercat/include/rokubimini_ethercat/RxPdo.hpp
[38.793s] -- Installing: /home/acl3-ubuntu/holohover_ws/src/holohover/install/rokubimini_ethercat/share/rokubimini_ethercat//launch
[38.793s] -- Installing: /home/acl3-ubuntu/holohover_ws/src/holohover/install/rokubimini_ethercat/share/rokubimini_ethercat//launch/rokubimini_ethercat.launch
[38.794s] -- Installing: /home/acl3-ubuntu/holohover_ws/src/holohover/install/rokubimini_ethercat/share/rokubimini_ethercat//launch/rokubimini_ethercat.launch.py
[38.794s] -- Installing: /home/acl3-ubuntu/holohover_ws/src/holohover/install/rokubimini_ethercat/share/rokubimini_ethercat/environment/library_path.sh
[38.794s] -- Installing: /home/acl3-ubuntu/holohover_ws/src/holohover/install/rokubimini_ethercat/share/rokubimini_ethercat/environment/library_path.dsv
[38.794s] -- Installing: /home/acl3-ubuntu/holohover_ws/src/holohover/install/rokubimini_ethercat/share/ament_index/resource_index/package_run_dependencies/rokubimini_ethercat
[38.794s] -- Installing: /home/acl3-ubuntu/holohover_ws/src/holohover/install/rokubimini_ethercat/share/ament_index/resource_index/parent_prefix_path/rokubimini_ethercat
[38.794s] -- Installing: /home/acl3-ubuntu/holohover_ws/src/holohover/install/rokubimini_ethercat/share/rokubimini_ethercat/environment/ament_prefix_path.sh
[38.794s] -- Installing: /home/acl3-ubuntu/holohover_ws/src/holohover/install/rokubimini_ethercat/share/rokubimini_ethercat/environment/ament_prefix_path.dsv
[38.795s] -- Installing: /home/acl3-ubuntu/holohover_ws/src/holohover/install/rokubimini_ethercat/share/rokubimini_ethercat/environment/path.sh
[38.795s] -- Installing: /home/acl3-ubuntu/holohover_ws/src/holohover/install/rokubimini_ethercat/share/rokubimini_ethercat/environment/path.dsv
[38.795s] -- Installing: /home/acl3-ubuntu/holohover_ws/src/holohover/install/rokubimini_ethercat/share/rokubimini_ethercat/local_setup.bash
[38.795s] -- Installing: /home/acl3-ubuntu/holohover_ws/src/holohover/install/rokubimini_ethercat/share/rokubimini_ethercat/local_setup.sh
[38.795s] -- Installing: /home/acl3-ubuntu/holohover_ws/src/holohover/install/rokubimini_ethercat/share/rokubimini_ethercat/local_setup.zsh
[38.796s] -- Installing: /home/acl3-ubuntu/holohover_ws/src/holohover/install/rokubimini_ethercat/share/rokubimini_ethercat/local_setup.dsv
[38.796s] -- Installing: /home/acl3-ubuntu/holohover_ws/src/holohover/install/rokubimini_ethercat/share/rokubimini_ethercat/package.dsv
[38.796s] -- Installing: /home/acl3-ubuntu/holohover_ws/src/holohover/install/rokubimini_ethercat/share/ament_index/resource_index/packages/rokubimini_ethercat
[38.796s] -- Installing: /home/acl3-ubuntu/holohover_ws/src/holohover/install/rokubimini_ethercat/share/rokubimini_ethercat/cmake/ament_cmake_export_dependencies-extras.cmake
[38.796s] -- Installing: /home/acl3-ubuntu/holohover_ws/src/holohover/install/rokubimini_ethercat/share/rokubimini_ethercat/cmake/ament_cmake_export_include_directories-extras.cmake
[38.797s] -- Installing: /home/acl3-ubuntu/holohover_ws/src/holohover/install/rokubimini_ethercat/share/rokubimini_ethercat/cmake/ament_cmake_export_libraries-extras.cmake
[38.797s] -- Installing: /home/acl3-ubuntu/holohover_ws/src/holohover/install/rokubimini_ethercat/share/rokubimini_ethercat/cmake/rokubimini_ethercatConfig.cmake
[38.797s] -- Installing: /home/acl3-ubuntu/holohover_ws/src/holohover/install/rokubimini_ethercat/share/rokubimini_ethercat/cmake/rokubimini_ethercatConfig-version.cmake
[38.797s] -- Installing: /home/acl3-ubuntu/holohover_ws/src/holohover/install/rokubimini_ethercat/share/rokubimini_ethercat/package.xml
[38.803s] Invoked command in '/home/acl3-ubuntu/holohover_ws/src/holohover/build/rokubimini_ethercat' returned '0': AMENT_PREFIX_PATH=/home/acl3-ubuntu/holohover_ws/src/holohover/install/rokubimini_bus_manager:/home/acl3-ubuntu/holohover_ws/src/holohover/install/bota_node:/home/acl3-ubuntu/holohover_ws/src/holohover/install/soem:/home/acl3-ubuntu/holohover_ws/src/holohover/install/rokubimini_msgs:/home/acl3-ubuntu/holohover_ws/src/holohover/install/rokubimini:/home/acl3-ubuntu/holohover_ws/src/holohover/install/bota_worker:/home/acl3-ubuntu/holohover_ws/src/holohover/install/bota_signal_handler:${AMENT_PREFIX_PATH} CMAKE_PREFIX_PATH=/home/acl3-ubuntu/holohover_ws/src/holohover/install/rokubimini_bus_manager:/home/acl3-ubuntu/holohover_ws/src/holohover/install/bota_node:/home/acl3-ubuntu/holohover_ws/src/holohover/install/soem:/home/acl3-ubuntu/holohover_ws/src/holohover/install/rokubimini_msgs:/home/acl3-ubuntu/holohover_ws/src/holohover/install/rokubimini:/home/acl3-ubuntu/holohover_ws/src/holohover/install/bota_worker:/home/acl3-ubuntu/holohover_ws/src/holohover/install/bota_signal_handler:/home/acl3-ubuntu/holohover_ws/install/bota_driver_testing:/home/acl3-ubuntu/holohover_ws/install/bota_driver:/home/acl3-ubuntu/holohover_ws/install/rokubimini_ethercat:/home/acl3-ubuntu/holohover_ws/install/soem:/home/acl3-ubuntu/holohover_ws/install/holohover_utils:/home/acl3-ubuntu/holohover_ws/install/holohover_gnc:/home/acl3-ubuntu/holohover_ws/install/ros_polympc:/home/acl3-ubuntu/holohover_ws/install/rokubimini_serial:/home/acl3-ubuntu/holohover_ws/install/rokubimini_msgs:/home/acl3-ubuntu/holohover_ws/install/rokubimini_description:/home/acl3-ubuntu/holohover_ws/install/rokubimini_bus_manager:/home/acl3-ubuntu/holohover_ws/install/rokubimini:/home/acl3-ubuntu/holohover_ws/install/mocap_optitrack:/home/acl3-ubuntu/holohover_ws/install/micro_ros_setup:/home/acl3-ubuntu/holohover_ws/install/micro_ros_agent:/home/acl3-ubuntu/holohover_ws/install/micro_ros_msgs:/home/acl3-ubuntu/holohover_ws/install/holohover_msgs:/home/acl3-ubuntu/holohover_ws/install/bota_node:/home/acl3-ubuntu/holohover_ws/install/bota_worker:/home/acl3-ubuntu/holohover_ws/install/bota_signal_handler:/opt/ros/humble LD_LIBRARY_PATH=/home/acl3-ubuntu/holohover_ws/src/holohover/install/rokubimini_bus_manager/lib:/home/acl3-ubuntu/holohover_ws/src/holohover/install/bota_node/lib:/home/acl3-ubuntu/holohover_ws/src/holohover/install/soem/lib:/home/acl3-ubuntu/holohover_ws/src/holohover/install/rokubimini_msgs/lib:/home/acl3-ubuntu/holohover_ws/src/holohover/install/rokubimini/lib:/home/acl3-ubuntu/holohover_ws/src/holohover/install/bota_worker/lib:/home/acl3-ubuntu/holohover_ws/src/holohover/install/bota_signal_handler/lib:${LD_LIBRARY_PATH} PATH=/home/acl3-ubuntu/holohover_ws/src/holohover/install/soem/bin:${PATH} PYTHONPATH=/home/acl3-ubuntu/holohover_ws/src/holohover/install/rokubimini_msgs/local/lib/python3.10/dist-packages:${PYTHONPATH} /usr/bin/cmake --install /home/acl3-ubuntu/holohover_ws/src/holohover/build/rokubimini_ethercat
