-- The C compiler identification is GNU 11.3.0
-- The CXX compiler identification is GNU 11.3.0
-- Detecting C compiler ABI info
-- Detecting C compiler ABI info - done
-- Check for working C compiler: /usr/bin/cc - skipped
-- Detecting C compile features
-- Detecting C compile features - done
-- Detecting CXX compiler ABI info
-- Detecting CXX compiler ABI info - done
-- Check for working CXX compiler: /usr/bin/c++ - skipped
-- Detecting CXX compile features
-- Detecting CXX compile features - done
-- Found ament_cmake: 1.3.3 (/opt/ros/humble/share/ament_cmake/cmake)
-- Found Python3: /usr/bin/python3.10 (found version "3.10.6") found components: Interpreter 
-- Found rclcpp: 16.0.3 (/opt/ros/humble/share/rclcpp/cmake)
-- Found rosidl_generator_c: 3.1.4 (/opt/ros/humble/share/rosidl_generator_c/cmake)
-- Found rosidl_adapter: 3.1.4 (/opt/ros/humble/share/rosidl_adapter/cmake)
-- Found rosidl_generator_cpp: 3.1.4 (/opt/ros/humble/share/rosidl_generator_cpp/cmake)
-- Using all available rosidl_typesupport_c: rosidl_typesupport_fastrtps_c;rosidl_typesupport_introspection_c
-- Using all available rosidl_typesupport_cpp: rosidl_typesupport_fastrtps_cpp;rosidl_typesupport_introspection_cpp
-- Found rmw_implementation_cmake: 6.1.1 (/opt/ros/humble/share/rmw_implementation_cmake/cmake)
-- Found rmw_fastrtps_cpp: 6.2.2 (/opt/ros/humble/share/rmw_fastrtps_cpp/cmake)
-- Found OpenSSL: /usr/lib/x86_64-linux-gnu/libcrypto.so (found version "3.0.2")  
-- Found FastRTPS: /opt/ros/humble/include  
-- Using RMW implementation 'rmw_fastrtps_cpp' as default
-- Looking for pthread.h
-- Looking for pthread.h - found
-- Performing Test CMAKE_HAVE_LIBC_PTHREAD
-- Performing Test CMAKE_HAVE_LIBC_PTHREAD - Success
-- Found Threads: TRUE  
-- Found rclpy: 3.3.7 (/opt/ros/humble/share/rclpy/cmake)
-- Found tf2: 0.25.2 (/opt/ros/humble/share/tf2/cmake)
-- Found tf2_geometry_msgs: 0.25.2 (/opt/ros/humble/share/tf2_geometry_msgs/cmake)
-- Found eigen3_cmake_module: 0.1.1 (/opt/ros/humble/share/eigen3_cmake_module/cmake)
-- Found Eigen3: TRUE (found version "3.4.0") 
-- Ensuring Eigen3 include directory is part of orocos-kdl CMake target
-- Found visualization_msgs: 4.2.3 (/opt/ros/humble/share/visualization_msgs/cmake)
-- Found ros_polympc: 0.0.0 (/home/acl3-ubuntu/holohover_ws/src/holohover/install/ros_polympc/share/ros_polympc/cmake)
-- Found holohover_msgs: 0.0.0 (/home/acl3-ubuntu/holohover_ws/src/holohover/install/holohover_msgs/share/holohover_msgs/cmake)
-- Found holohover_gnc: 0.0.0 (/home/acl3-ubuntu/holohover_ws/src/holohover/install/holohover_gnc/share/holohover_gnc/cmake)
-- Configuring done
-- Generating done
-- Build files have been written to: /home/acl3-ubuntu/holohover_ws/src/holohover/build/holohover_utils
[ 25%] [32mBuilding CXX object CMakeFiles/optitrack_interface.dir/src/optitrack_interface_node.cpp.o[0m
[ 50%] [32mBuilding CXX object CMakeFiles/rviz_interface.dir/src/rviz_interface_node.cpp.o[0m
[ 50%] Built target ament_cmake_python_copy_holohover_utils
running egg_info
creating holohover_utils.egg-info
writing holohover_utils.egg-info/PKG-INFO
writing dependency_links to holohover_utils.egg-info/dependency_links.txt
writing top-level names to holohover_utils.egg-info/top_level.txt
writing manifest file 'holohover_utils.egg-info/SOURCES.txt'
reading manifest file 'holohover_utils.egg-info/SOURCES.txt'
writing manifest file 'holohover_utils.egg-info/SOURCES.txt'
[ 50%] Built target ament_cmake_python_build_holohover_utils_egg
[ 75%] [32m[1mLinking CXX executable optitrack_interface[0m
[ 75%] Built target optitrack_interface
[100%] [32m[1mLinking CXX executable rviz_interface[0m
[100%] Built target rviz_interface
-- Install configuration: ""
-- Installing: /home/acl3-ubuntu/holohover_ws/src/holohover/install/holohover_utils/share/holohover_utils/environment/pythonpath.sh
-- Installing: /home/acl3-ubuntu/holohover_ws/src/holohover/install/holohover_utils/share/holohover_utils/environment/pythonpath.dsv
-- Installing: /home/acl3-ubuntu/holohover_ws/src/holohover/install/holohover_utils/local/lib/python3.10/dist-packages/holohover_utils-0.0.0-py3.10.egg-info
-- Installing: /home/acl3-ubuntu/holohover_ws/src/holohover/install/holohover_utils/local/lib/python3.10/dist-packages/holohover_utils-0.0.0-py3.10.egg-info/top_level.txt
-- Installing: /home/acl3-ubuntu/holohover_ws/src/holohover/install/holohover_utils/local/lib/python3.10/dist-packages/holohover_utils-0.0.0-py3.10.egg-info/dependency_links.txt
-- Installing: /home/acl3-ubuntu/holohover_ws/src/holohover/install/holohover_utils/local/lib/python3.10/dist-packages/holohover_utils-0.0.0-py3.10.egg-info/SOURCES.txt
-- Installing: /home/acl3-ubuntu/holohover_ws/src/holohover/install/holohover_utils/local/lib/python3.10/dist-packages/holohover_utils-0.0.0-py3.10.egg-info/PKG-INFO
-- Up-to-date: /home/acl3-ubuntu/holohover_ws/src/holohover/install/holohover_utils/local/lib/python3.10/dist-packages/holohover_utils
-- Installing: /home/acl3-ubuntu/holohover_ws/src/holohover/install/holohover_utils/local/lib/python3.10/dist-packages/holohover_utils/ping_estimator.py
-- Installing: /home/acl3-ubuntu/holohover_ws/src/holohover/install/holohover_utils/local/lib/python3.10/dist-packages/holohover_utils/__init__.py
Listing '/home/acl3-ubuntu/holohover_ws/src/holohover/install/holohover_utils/local/lib/python3.10/dist-packages/holohover_utils'...
Compiling '/home/acl3-ubuntu/holohover_ws/src/holohover/install/holohover_utils/local/lib/python3.10/dist-packages/holohover_utils/ping_estimator.py'...
-- Installing: /home/acl3-ubuntu/holohover_ws/src/holohover/install/holohover_utils/share/holohover_utils/config
-- Installing: /home/acl3-ubuntu/holohover_ws/src/holohover/install/holohover_utils/share/holohover_utils/config/mocap_config.yaml
-- Installing: /home/acl3-ubuntu/holohover_ws/src/holohover/install/holohover_utils/share/holohover_utils/config/vrpn_config.yaml
-- Installing: /home/acl3-ubuntu/holohover_ws/src/holohover/install/holohover_utils/share/holohover_utils/gui
-- Installing: /home/acl3-ubuntu/holohover_ws/src/holohover/install/holohover_utils/share/holohover_utils/gui/estimator.perspective
-- Installing: /home/acl3-ubuntu/holohover_ws/src/holohover/install/holohover_utils/share/holohover_utils/gui/holohover.stl
-- Installing: /home/acl3-ubuntu/holohover_ws/src/holohover/install/holohover_utils/share/holohover_utils/gui/holohover_config.rviz
-- Installing: /home/acl3-ubuntu/holohover_ws/src/holohover/install/holohover_utils/share/holohover_utils/gui/controller.perspective
-- Up-to-date: /home/acl3-ubuntu/holohover_ws/src/holohover/install/holohover_utils/share/holohover_utils/launch
-- Installing: /home/acl3-ubuntu/holohover_ws/src/holohover/install/holohover_utils/share/holohover_utils/launch/exp_simulation_delayed.launch.py
-- Installing: /home/acl3-ubuntu/holohover_ws/src/holohover/install/holohover_utils/share/holohover_utils/launch/holohover_optitrack.launch.py
-- Installing: /home/acl3-ubuntu/holohover_ws/src/holohover/install/holohover_utils/share/holohover_utils/launch/exp_simulation.launch.py
-- Installing: /home/acl3-ubuntu/holohover_ws/src/holohover/install/holohover_utils/share/holohover_utils/launch/micro_agent.launch.py
-- Installing: /home/acl3-ubuntu/holohover_ws/src/holohover/install/holohover_utils/share/holohover_utils/launch/exp_holohover_optitrack.launch.py
-- Installing: /home/acl3-ubuntu/holohover_ws/src/holohover/install/holohover_utils/share/holohover_utils/launch/simulation.launch.py
-- Installing: /home/acl3-ubuntu/holohover_ws/src/holohover/install/holohover_utils/share/holohover_utils/launch/signal_simulation.launch.py
-- Up-to-date: /home/acl3-ubuntu/holohover_ws/src/holohover/install/holohover_utils/share/holohover_utils/launch/__pycache__
-- Up-to-date: /home/acl3-ubuntu/holohover_ws/src/holohover/install/holohover_utils/share/holohover_utils/launch/__pycache__/simulation.launch.cpython-310.pyc
-- Installing: /home/acl3-ubuntu/holohover_ws/src/holohover/install/holohover_utils/share/holohover_utils/launch/signal_holohover_optitrack.launch.py
-- Installing: /home/acl3-ubuntu/holohover_ws/src/holohover/install/holohover_utils/lib/holohover_utils/rviz_interface
-- Set runtime path of "/home/acl3-ubuntu/holohover_ws/src/holohover/install/holohover_utils/lib/holohover_utils/rviz_interface" to ""
-- Installing: /home/acl3-ubuntu/holohover_ws/src/holohover/install/holohover_utils/lib/holohover_utils/optitrack_interface
-- Set runtime path of "/home/acl3-ubuntu/holohover_ws/src/holohover/install/holohover_utils/lib/holohover_utils/optitrack_interface" to ""
-- Installing: /home/acl3-ubuntu/holohover_ws/src/holohover/install/holohover_utils/lib/holohover_utils/ping_estimator.py
-- Installing: /home/acl3-ubuntu/holohover_ws/src/holohover/install/holohover_utils/share/ament_index/resource_index/package_run_dependencies/holohover_utils
-- Installing: /home/acl3-ubuntu/holohover_ws/src/holohover/install/holohover_utils/share/ament_index/resource_index/parent_prefix_path/holohover_utils
-- Installing: /home/acl3-ubuntu/holohover_ws/src/holohover/install/holohover_utils/share/holohover_utils/environment/ament_prefix_path.sh
-- Installing: /home/acl3-ubuntu/holohover_ws/src/holohover/install/holohover_utils/share/holohover_utils/environment/ament_prefix_path.dsv
-- Installing: /home/acl3-ubuntu/holohover_ws/src/holohover/install/holohover_utils/share/holohover_utils/environment/path.sh
-- Installing: /home/acl3-ubuntu/holohover_ws/src/holohover/install/holohover_utils/share/holohover_utils/environment/path.dsv
-- Installing: /home/acl3-ubuntu/holohover_ws/src/holohover/install/holohover_utils/share/holohover_utils/local_setup.bash
-- Installing: /home/acl3-ubuntu/holohover_ws/src/holohover/install/holohover_utils/share/holohover_utils/local_setup.sh
-- Installing: /home/acl3-ubuntu/holohover_ws/src/holohover/install/holohover_utils/share/holohover_utils/local_setup.zsh
-- Installing: /home/acl3-ubuntu/holohover_ws/src/holohover/install/holohover_utils/share/holohover_utils/local_setup.dsv
-- Installing: /home/acl3-ubuntu/holohover_ws/src/holohover/install/holohover_utils/share/holohover_utils/package.dsv
-- Installing: /home/acl3-ubuntu/holohover_ws/src/holohover/install/holohover_utils/share/ament_index/resource_index/packages/holohover_utils
-- Installing: /home/acl3-ubuntu/holohover_ws/src/holohover/install/holohover_utils/share/holohover_utils/cmake/holohover_utilsConfig.cmake
-- Installing: /home/acl3-ubuntu/holohover_ws/src/holohover/install/holohover_utils/share/holohover_utils/cmake/holohover_utilsConfig-version.cmake
-- Installing: /home/acl3-ubuntu/holohover_ws/src/holohover/install/holohover_utils/share/holohover_utils/package.xml
