[0.016s] Invoking command in '/home/acl3-ubuntu/holohover_ws/src/holohover/build/holohover_utils': AMENT_PREFIX_PATH=/home/acl3-ubuntu/holohover_ws/src/holohover/install/holohover_gnc:/home/acl3-ubuntu/holohover_ws/src/holohover/install/ros_polympc:/home/acl3-ubuntu/holohover_ws/src/holohover/install/mocap_optitrack:/home/acl3-ubuntu/holohover_ws/src/holohover/install/holohover_msgs:${AMENT_PREFIX_PATH} CMAKE_PREFIX_PATH=/home/acl3-ubuntu/holohover_ws/src/holohover/install/holohover_gnc:/home/acl3-ubuntu/holohover_ws/src/holohover/install/ros_polympc:/home/acl3-ubuntu/holohover_ws/src/holohover/install/mocap_optitrack:/home/acl3-ubuntu/holohover_ws/src/holohover/install/holohover_msgs:/home/acl3-ubuntu/holohover_ws/install/bota_driver_testing:/home/acl3-ubuntu/holohover_ws/install/bota_driver:/home/acl3-ubuntu/holohover_ws/install/rokubimini_ethercat:/home/acl3-ubuntu/holohover_ws/install/soem:/home/acl3-ubuntu/holohover_ws/install/holohover_utils:/home/acl3-ubuntu/holohover_ws/install/holohover_gnc:/home/acl3-ubuntu/holohover_ws/install/ros_polympc:/home/acl3-ubuntu/holohover_ws/install/rokubimini_serial:/home/acl3-ubuntu/holohover_ws/install/rokubimini_msgs:/home/acl3-ubuntu/holohover_ws/install/rokubimini_description:/home/acl3-ubuntu/holohover_ws/install/rokubimini_bus_manager:/home/acl3-ubuntu/holohover_ws/install/rokubimini:/home/acl3-ubuntu/holohover_ws/install/mocap_optitrack:/home/acl3-ubuntu/holohover_ws/install/micro_ros_setup:/home/acl3-ubuntu/holohover_ws/install/micro_ros_agent:/home/acl3-ubuntu/holohover_ws/install/micro_ros_msgs:/home/acl3-ubuntu/holohover_ws/install/holohover_msgs:/home/acl3-ubuntu/holohover_ws/install/bota_node:/home/acl3-ubuntu/holohover_ws/install/bota_worker:/home/acl3-ubuntu/holohover_ws/install/bota_signal_handler:/opt/ros/humble LD_LIBRARY_PATH=/home/acl3-ubuntu/holohover_ws/src/holohover/install/mocap_optitrack/lib:/home/acl3-ubuntu/holohover_ws/src/holohover/install/holohover_msgs/lib:${LD_LIBRARY_PATH} PYTHONPATH=/home/acl3-ubuntu/holohover_ws/src/holohover/install/mocap_optitrack/local/lib/python3.10/dist-packages:/home/acl3-ubuntu/holohover_ws/src/holohover/install/holohover_msgs/local/lib/python3.10/dist-packages:${PYTHONPATH} /usr/bin/cmake /home/acl3-ubuntu/holohover_ws/src/holohover/holohover_utils -DCMAKE_INSTALL_PREFIX=/home/acl3-ubuntu/holohover_ws/src/holohover/install/holohover_utils
[0.073s] -- The C compiler identification is GNU 11.3.0
[0.130s] -- The CXX compiler identification is GNU 11.3.0
[0.137s] -- Detecting C compiler ABI info
[0.203s] -- Detecting C compiler ABI info - done
[0.211s] -- Check for working C compiler: /usr/bin/cc - skipped
[0.211s] -- Detecting C compile features
[0.211s] -- Detecting C compile features - done
[0.214s] -- Detecting CXX compiler ABI info
[0.292s] -- Detecting CXX compiler ABI info - done
[0.304s] -- Check for working CXX compiler: /usr/bin/c++ - skipped
[0.304s] -- Detecting CXX compile features
[0.305s] -- Detecting CXX compile features - done
[0.309s] -- Found ament_cmake: 1.3.3 (/opt/ros/humble/share/ament_cmake/cmake)
[0.489s] -- Found Python3: /usr/bin/python3.10 (found version "3.10.6") found components: Interpreter 
[0.600s] -- Found rclcpp: 16.0.3 (/opt/ros/humble/share/rclcpp/cmake)
[0.665s] -- Found rosidl_generator_c: 3.1.4 (/opt/ros/humble/share/rosidl_generator_c/cmake)
[0.675s] -- Found rosidl_adapter: 3.1.4 (/opt/ros/humble/share/rosidl_adapter/cmake)
[0.687s] -- Found rosidl_generator_cpp: 3.1.4 (/opt/ros/humble/share/rosidl_generator_cpp/cmake)
[0.705s] -- Using all available rosidl_typesupport_c: rosidl_typesupport_fastrtps_c;rosidl_typesupport_introspection_c
[0.730s] -- Using all available rosidl_typesupport_cpp: rosidl_typesupport_fastrtps_cpp;rosidl_typesupport_introspection_cpp
[0.813s] -- Found rmw_implementation_cmake: 6.1.1 (/opt/ros/humble/share/rmw_implementation_cmake/cmake)
[0.818s] -- Found rmw_fastrtps_cpp: 6.2.2 (/opt/ros/humble/share/rmw_fastrtps_cpp/cmake)
[0.924s] -- Found OpenSSL: /usr/lib/x86_64-linux-gnu/libcrypto.so (found version "3.0.2")  
[0.950s] -- Found FastRTPS: /opt/ros/humble/include  
[1.001s] -- Using RMW implementation 'rmw_fastrtps_cpp' as default
[1.016s] -- Looking for pthread.h
[1.087s] -- Looking for pthread.h - found
[1.087s] -- Performing Test CMAKE_HAVE_LIBC_PTHREAD
[1.156s] -- Performing Test CMAKE_HAVE_LIBC_PTHREAD - Success
[1.157s] -- Found Threads: TRUE  
[1.322s] -- Found rclpy: 3.3.7 (/opt/ros/humble/share/rclpy/cmake)
[1.331s] -- Found tf2: 0.25.2 (/opt/ros/humble/share/tf2/cmake)
[1.397s] -- Found tf2_geometry_msgs: 0.25.2 (/opt/ros/humble/share/tf2_geometry_msgs/cmake)
[1.411s] -- Found eigen3_cmake_module: 0.1.1 (/opt/ros/humble/share/eigen3_cmake_module/cmake)
[1.412s] -- Found Eigen3: TRUE (found version "3.4.0") 
[1.413s] -- Ensuring Eigen3 include directory is part of orocos-kdl CMake target
[1.773s] -- Found visualization_msgs: 4.2.3 (/opt/ros/humble/share/visualization_msgs/cmake)
[1.984s] -- Found ros_polympc: 0.0.0 (/home/acl3-ubuntu/holohover_ws/src/holohover/install/ros_polympc/share/ros_polympc/cmake)
[1.986s] -- Found holohover_msgs: 0.0.0 (/home/acl3-ubuntu/holohover_ws/src/holohover/install/holohover_msgs/share/holohover_msgs/cmake)
[2.050s] -- Found holohover_gnc: 0.0.0 (/home/acl3-ubuntu/holohover_ws/src/holohover/install/holohover_gnc/share/holohover_gnc/cmake)
[2.209s] -- Configuring done
[2.226s] -- Generating done
[2.228s] -- Build files have been written to: /home/acl3-ubuntu/holohover_ws/src/holohover/build/holohover_utils
[2.240s] Invoked command in '/home/acl3-ubuntu/holohover_ws/src/holohover/build/holohover_utils' returned '0': AMENT_PREFIX_PATH=/home/acl3-ubuntu/holohover_ws/src/holohover/install/holohover_gnc:/home/acl3-ubuntu/holohover_ws/src/holohover/install/ros_polympc:/home/acl3-ubuntu/holohover_ws/src/holohover/install/mocap_optitrack:/home/acl3-ubuntu/holohover_ws/src/holohover/install/holohover_msgs:${AMENT_PREFIX_PATH} CMAKE_PREFIX_PATH=/home/acl3-ubuntu/holohover_ws/src/holohover/install/holohover_gnc:/home/acl3-ubuntu/holohover_ws/src/holohover/install/ros_polympc:/home/acl3-ubuntu/holohover_ws/src/holohover/install/mocap_optitrack:/home/acl3-ubuntu/holohover_ws/src/holohover/install/holohover_msgs:/home/acl3-ubuntu/holohover_ws/install/bota_driver_testing:/home/acl3-ubuntu/holohover_ws/install/bota_driver:/home/acl3-ubuntu/holohover_ws/install/rokubimini_ethercat:/home/acl3-ubuntu/holohover_ws/install/soem:/home/acl3-ubuntu/holohover_ws/install/holohover_utils:/home/acl3-ubuntu/holohover_ws/install/holohover_gnc:/home/acl3-ubuntu/holohover_ws/install/ros_polympc:/home/acl3-ubuntu/holohover_ws/install/rokubimini_serial:/home/acl3-ubuntu/holohover_ws/install/rokubimini_msgs:/home/acl3-ubuntu/holohover_ws/install/rokubimini_description:/home/acl3-ubuntu/holohover_ws/install/rokubimini_bus_manager:/home/acl3-ubuntu/holohover_ws/install/rokubimini:/home/acl3-ubuntu/holohover_ws/install/mocap_optitrack:/home/acl3-ubuntu/holohover_ws/install/micro_ros_setup:/home/acl3-ubuntu/holohover_ws/install/micro_ros_agent:/home/acl3-ubuntu/holohover_ws/install/micro_ros_msgs:/home/acl3-ubuntu/holohover_ws/install/holohover_msgs:/home/acl3-ubuntu/holohover_ws/install/bota_node:/home/acl3-ubuntu/holohover_ws/install/bota_worker:/home/acl3-ubuntu/holohover_ws/install/bota_signal_handler:/opt/ros/humble LD_LIBRARY_PATH=/home/acl3-ubuntu/holohover_ws/src/holohover/install/mocap_optitrack/lib:/home/acl3-ubuntu/holohover_ws/src/holohover/install/holohover_msgs/lib:${LD_LIBRARY_PATH} PYTHONPATH=/home/acl3-ubuntu/holohover_ws/src/holohover/install/mocap_optitrack/local/lib/python3.10/dist-packages:/home/acl3-ubuntu/holohover_ws/src/holohover/install/holohover_msgs/local/lib/python3.10/dist-packages:${PYTHONPATH} /usr/bin/cmake /home/acl3-ubuntu/holohover_ws/src/holohover/holohover_utils -DCMAKE_INSTALL_PREFIX=/home/acl3-ubuntu/holohover_ws/src/holohover/install/holohover_utils
[2.241s] Invoking command in '/home/acl3-ubuntu/holohover_ws/src/holohover/build/holohover_utils': AMENT_PREFIX_PATH=/home/acl3-ubuntu/holohover_ws/src/holohover/install/holohover_gnc:/home/acl3-ubuntu/holohover_ws/src/holohover/install/ros_polympc:/home/acl3-ubuntu/holohover_ws/src/holohover/install/mocap_optitrack:/home/acl3-ubuntu/holohover_ws/src/holohover/install/holohover_msgs:${AMENT_PREFIX_PATH} CMAKE_PREFIX_PATH=/home/acl3-ubuntu/holohover_ws/src/holohover/install/holohover_gnc:/home/acl3-ubuntu/holohover_ws/src/holohover/install/ros_polympc:/home/acl3-ubuntu/holohover_ws/src/holohover/install/mocap_optitrack:/home/acl3-ubuntu/holohover_ws/src/holohover/install/holohover_msgs:/home/acl3-ubuntu/holohover_ws/install/bota_driver_testing:/home/acl3-ubuntu/holohover_ws/install/bota_driver:/home/acl3-ubuntu/holohover_ws/install/rokubimini_ethercat:/home/acl3-ubuntu/holohover_ws/install/soem:/home/acl3-ubuntu/holohover_ws/install/holohover_utils:/home/acl3-ubuntu/holohover_ws/install/holohover_gnc:/home/acl3-ubuntu/holohover_ws/install/ros_polympc:/home/acl3-ubuntu/holohover_ws/install/rokubimini_serial:/home/acl3-ubuntu/holohover_ws/install/rokubimini_msgs:/home/acl3-ubuntu/holohover_ws/install/rokubimini_description:/home/acl3-ubuntu/holohover_ws/install/rokubimini_bus_manager:/home/acl3-ubuntu/holohover_ws/install/rokubimini:/home/acl3-ubuntu/holohover_ws/install/mocap_optitrack:/home/acl3-ubuntu/holohover_ws/install/micro_ros_setup:/home/acl3-ubuntu/holohover_ws/install/micro_ros_agent:/home/acl3-ubuntu/holohover_ws/install/micro_ros_msgs:/home/acl3-ubuntu/holohover_ws/install/holohover_msgs:/home/acl3-ubuntu/holohover_ws/install/bota_node:/home/acl3-ubuntu/holohover_ws/install/bota_worker:/home/acl3-ubuntu/holohover_ws/install/bota_signal_handler:/opt/ros/humble LD_LIBRARY_PATH=/home/acl3-ubuntu/holohover_ws/src/holohover/install/mocap_optitrack/lib:/home/acl3-ubuntu/holohover_ws/src/holohover/install/holohover_msgs/lib:${LD_LIBRARY_PATH} PYTHONPATH=/home/acl3-ubuntu/holohover_ws/src/holohover/install/mocap_optitrack/local/lib/python3.10/dist-packages:/home/acl3-ubuntu/holohover_ws/src/holohover/install/holohover_msgs/local/lib/python3.10/dist-packages:${PYTHONPATH} /usr/bin/cmake --build /home/acl3-ubuntu/holohover_ws/src/holohover/build/holohover_utils -- -j8 -l8
[2.294s] [ 25%] [32mBuilding CXX object CMakeFiles/optitrack_interface.dir/src/optitrack_interface_node.cpp.o[0m
[2.294s] [ 50%] [32mBuilding CXX object CMakeFiles/rviz_interface.dir/src/rviz_interface_node.cpp.o[0m
[2.302s] [ 50%] Built target ament_cmake_python_copy_holohover_utils
[2.559s] running egg_info
[2.559s] creating holohover_utils.egg-info
[2.559s] writing holohover_utils.egg-info/PKG-INFO
[2.560s] writing dependency_links to holohover_utils.egg-info/dependency_links.txt
[2.560s] writing top-level names to holohover_utils.egg-info/top_level.txt
[2.560s] writing manifest file 'holohover_utils.egg-info/SOURCES.txt'
[2.562s] reading manifest file 'holohover_utils.egg-info/SOURCES.txt'
[2.562s] writing manifest file 'holohover_utils.egg-info/SOURCES.txt'
[2.605s] [ 50%] Built target ament_cmake_python_build_holohover_utils_egg
[11.291s] [ 75%] [32m[1mLinking CXX executable optitrack_interface[0m
[11.755s] [ 75%] Built target optitrack_interface
[19.602s] [100%] [32m[1mLinking CXX executable rviz_interface[0m
[20.429s] [100%] Built target rviz_interface
[20.441s] Invoked command in '/home/acl3-ubuntu/holohover_ws/src/holohover/build/holohover_utils' returned '0': AMENT_PREFIX_PATH=/home/acl3-ubuntu/holohover_ws/src/holohover/install/holohover_gnc:/home/acl3-ubuntu/holohover_ws/src/holohover/install/ros_polympc:/home/acl3-ubuntu/holohover_ws/src/holohover/install/mocap_optitrack:/home/acl3-ubuntu/holohover_ws/src/holohover/install/holohover_msgs:${AMENT_PREFIX_PATH} CMAKE_PREFIX_PATH=/home/acl3-ubuntu/holohover_ws/src/holohover/install/holohover_gnc:/home/acl3-ubuntu/holohover_ws/src/holohover/install/ros_polympc:/home/acl3-ubuntu/holohover_ws/src/holohover/install/mocap_optitrack:/home/acl3-ubuntu/holohover_ws/src/holohover/install/holohover_msgs:/home/acl3-ubuntu/holohover_ws/install/bota_driver_testing:/home/acl3-ubuntu/holohover_ws/install/bota_driver:/home/acl3-ubuntu/holohover_ws/install/rokubimini_ethercat:/home/acl3-ubuntu/holohover_ws/install/soem:/home/acl3-ubuntu/holohover_ws/install/holohover_utils:/home/acl3-ubuntu/holohover_ws/install/holohover_gnc:/home/acl3-ubuntu/holohover_ws/install/ros_polympc:/home/acl3-ubuntu/holohover_ws/install/rokubimini_serial:/home/acl3-ubuntu/holohover_ws/install/rokubimini_msgs:/home/acl3-ubuntu/holohover_ws/install/rokubimini_description:/home/acl3-ubuntu/holohover_ws/install/rokubimini_bus_manager:/home/acl3-ubuntu/holohover_ws/install/rokubimini:/home/acl3-ubuntu/holohover_ws/install/mocap_optitrack:/home/acl3-ubuntu/holohover_ws/install/micro_ros_setup:/home/acl3-ubuntu/holohover_ws/install/micro_ros_agent:/home/acl3-ubuntu/holohover_ws/install/micro_ros_msgs:/home/acl3-ubuntu/holohover_ws/install/holohover_msgs:/home/acl3-ubuntu/holohover_ws/install/bota_node:/home/acl3-ubuntu/holohover_ws/install/bota_worker:/home/acl3-ubuntu/holohover_ws/install/bota_signal_handler:/opt/ros/humble LD_LIBRARY_PATH=/home/acl3-ubuntu/holohover_ws/src/holohover/install/mocap_optitrack/lib:/home/acl3-ubuntu/holohover_ws/src/holohover/install/holohover_msgs/lib:${LD_LIBRARY_PATH} PYTHONPATH=/home/acl3-ubuntu/holohover_ws/src/holohover/install/mocap_optitrack/local/lib/python3.10/dist-packages:/home/acl3-ubuntu/holohover_ws/src/holohover/install/holohover_msgs/local/lib/python3.10/dist-packages:${PYTHONPATH} /usr/bin/cmake --build /home/acl3-ubuntu/holohover_ws/src/holohover/build/holohover_utils -- -j8 -l8
[20.474s] Invoking command in '/home/acl3-ubuntu/holohover_ws/src/holohover/build/holohover_utils': AMENT_PREFIX_PATH=/home/acl3-ubuntu/holohover_ws/src/holohover/install/holohover_gnc:/home/acl3-ubuntu/holohover_ws/src/holohover/install/ros_polympc:/home/acl3-ubuntu/holohover_ws/src/holohover/install/mocap_optitrack:/home/acl3-ubuntu/holohover_ws/src/holohover/install/holohover_msgs:${AMENT_PREFIX_PATH} CMAKE_PREFIX_PATH=/home/acl3-ubuntu/holohover_ws/src/holohover/install/holohover_gnc:/home/acl3-ubuntu/holohover_ws/src/holohover/install/ros_polympc:/home/acl3-ubuntu/holohover_ws/src/holohover/install/mocap_optitrack:/home/acl3-ubuntu/holohover_ws/src/holohover/install/holohover_msgs:/home/acl3-ubuntu/holohover_ws/install/bota_driver_testing:/home/acl3-ubuntu/holohover_ws/install/bota_driver:/home/acl3-ubuntu/holohover_ws/install/rokubimini_ethercat:/home/acl3-ubuntu/holohover_ws/install/soem:/home/acl3-ubuntu/holohover_ws/install/holohover_utils:/home/acl3-ubuntu/holohover_ws/install/holohover_gnc:/home/acl3-ubuntu/holohover_ws/install/ros_polympc:/home/acl3-ubuntu/holohover_ws/install/rokubimini_serial:/home/acl3-ubuntu/holohover_ws/install/rokubimini_msgs:/home/acl3-ubuntu/holohover_ws/install/rokubimini_description:/home/acl3-ubuntu/holohover_ws/install/rokubimini_bus_manager:/home/acl3-ubuntu/holohover_ws/install/rokubimini:/home/acl3-ubuntu/holohover_ws/install/mocap_optitrack:/home/acl3-ubuntu/holohover_ws/install/micro_ros_setup:/home/acl3-ubuntu/holohover_ws/install/micro_ros_agent:/home/acl3-ubuntu/holohover_ws/install/micro_ros_msgs:/home/acl3-ubuntu/holohover_ws/install/holohover_msgs:/home/acl3-ubuntu/holohover_ws/install/bota_node:/home/acl3-ubuntu/holohover_ws/install/bota_worker:/home/acl3-ubuntu/holohover_ws/install/bota_signal_handler:/opt/ros/humble LD_LIBRARY_PATH=/home/acl3-ubuntu/holohover_ws/src/holohover/install/mocap_optitrack/lib:/home/acl3-ubuntu/holohover_ws/src/holohover/install/holohover_msgs/lib:${LD_LIBRARY_PATH} PYTHONPATH=/home/acl3-ubuntu/holohover_ws/src/holohover/install/mocap_optitrack/local/lib/python3.10/dist-packages:/home/acl3-ubuntu/holohover_ws/src/holohover/install/holohover_msgs/local/lib/python3.10/dist-packages:${PYTHONPATH} /usr/bin/cmake --install /home/acl3-ubuntu/holohover_ws/src/holohover/build/holohover_utils
[20.482s] -- Install configuration: ""
[20.482s] -- Installing: /home/acl3-ubuntu/holohover_ws/src/holohover/install/holohover_utils/share/holohover_utils/environment/pythonpath.sh
[20.482s] -- Installing: /home/acl3-ubuntu/holohover_ws/src/holohover/install/holohover_utils/share/holohover_utils/environment/pythonpath.dsv
[20.482s] -- Installing: /home/acl3-ubuntu/holohover_ws/src/holohover/install/holohover_utils/local/lib/python3.10/dist-packages/holohover_utils-0.0.0-py3.10.egg-info
[20.482s] -- Installing: /home/acl3-ubuntu/holohover_ws/src/holohover/install/holohover_utils/local/lib/python3.10/dist-packages/holohover_utils-0.0.0-py3.10.egg-info/top_level.txt
[20.483s] -- Installing: /home/acl3-ubuntu/holohover_ws/src/holohover/install/holohover_utils/local/lib/python3.10/dist-packages/holohover_utils-0.0.0-py3.10.egg-info/dependency_links.txt
[20.483s] -- Installing: /home/acl3-ubuntu/holohover_ws/src/holohover/install/holohover_utils/local/lib/python3.10/dist-packages/holohover_utils-0.0.0-py3.10.egg-info/SOURCES.txt
[20.483s] -- Installing: /home/acl3-ubuntu/holohover_ws/src/holohover/install/holohover_utils/local/lib/python3.10/dist-packages/holohover_utils-0.0.0-py3.10.egg-info/PKG-INFO
[20.483s] -- Up-to-date: /home/acl3-ubuntu/holohover_ws/src/holohover/install/holohover_utils/local/lib/python3.10/dist-packages/holohover_utils
[20.483s] -- Installing: /home/acl3-ubuntu/holohover_ws/src/holohover/install/holohover_utils/local/lib/python3.10/dist-packages/holohover_utils/ping_estimator.py
[20.483s] -- Installing: /home/acl3-ubuntu/holohover_ws/src/holohover/install/holohover_utils/local/lib/python3.10/dist-packages/holohover_utils/__init__.py
[20.515s] Listing '/home/acl3-ubuntu/holohover_ws/src/holohover/install/holohover_utils/local/lib/python3.10/dist-packages/holohover_utils'...
[20.515s] Compiling '/home/acl3-ubuntu/holohover_ws/src/holohover/install/holohover_utils/local/lib/python3.10/dist-packages/holohover_utils/ping_estimator.py'...
[20.519s] -- Installing: /home/acl3-ubuntu/holohover_ws/src/holohover/install/holohover_utils/share/holohover_utils/config
[20.519s] -- Installing: /home/acl3-ubuntu/holohover_ws/src/holohover/install/holohover_utils/share/holohover_utils/config/mocap_config.yaml
[20.519s] -- Installing: /home/acl3-ubuntu/holohover_ws/src/holohover/install/holohover_utils/share/holohover_utils/config/vrpn_config.yaml
[20.519s] -- Installing: /home/acl3-ubuntu/holohover_ws/src/holohover/install/holohover_utils/share/holohover_utils/gui
[20.519s] -- Installing: /home/acl3-ubuntu/holohover_ws/src/holohover/install/holohover_utils/share/holohover_utils/gui/estimator.perspective
[20.519s] -- Installing: /home/acl3-ubuntu/holohover_ws/src/holohover/install/holohover_utils/share/holohover_utils/gui/holohover.stl
[20.521s] -- Installing: /home/acl3-ubuntu/holohover_ws/src/holohover/install/holohover_utils/share/holohover_utils/gui/holohover_config.rviz
[20.521s] -- Installing: /home/acl3-ubuntu/holohover_ws/src/holohover/install/holohover_utils/share/holohover_utils/gui/controller.perspective
[20.521s] -- Up-to-date: /home/acl3-ubuntu/holohover_ws/src/holohover/install/holohover_utils/share/holohover_utils/launch
[20.521s] -- Installing: /home/acl3-ubuntu/holohover_ws/src/holohover/install/holohover_utils/share/holohover_utils/launch/exp_simulation_delayed.launch.py
[20.521s] -- Installing: /home/acl3-ubuntu/holohover_ws/src/holohover/install/holohover_utils/share/holohover_utils/launch/holohover_optitrack.launch.py
[20.521s] -- Installing: /home/acl3-ubuntu/holohover_ws/src/holohover/install/holohover_utils/share/holohover_utils/launch/exp_simulation.launch.py
[20.522s] -- Installing: /home/acl3-ubuntu/holohover_ws/src/holohover/install/holohover_utils/share/holohover_utils/launch/micro_agent.launch.py
[20.522s] -- Installing: /home/acl3-ubuntu/holohover_ws/src/holohover/install/holohover_utils/share/holohover_utils/launch/exp_holohover_optitrack.launch.py
[20.522s] -- Installing: /home/acl3-ubuntu/holohover_ws/src/holohover/install/holohover_utils/share/holohover_utils/launch/simulation.launch.py
[20.522s] -- Installing: /home/acl3-ubuntu/holohover_ws/src/holohover/install/holohover_utils/share/holohover_utils/launch/signal_simulation.launch.py
[20.522s] -- Up-to-date: /home/acl3-ubuntu/holohover_ws/src/holohover/install/holohover_utils/share/holohover_utils/launch/__pycache__
[20.522s] -- Up-to-date: /home/acl3-ubuntu/holohover_ws/src/holohover/install/holohover_utils/share/holohover_utils/launch/__pycache__/simulation.launch.cpython-310.pyc
[20.522s] -- Installing: /home/acl3-ubuntu/holohover_ws/src/holohover/install/holohover_utils/share/holohover_utils/launch/signal_holohover_optitrack.launch.py
[20.522s] -- Installing: /home/acl3-ubuntu/holohover_ws/src/holohover/install/holohover_utils/lib/holohover_utils/rviz_interface
[20.529s] -- Set runtime path of "/home/acl3-ubuntu/holohover_ws/src/holohover/install/holohover_utils/lib/holohover_utils/rviz_interface" to ""
[20.529s] -- Installing: /home/acl3-ubuntu/holohover_ws/src/holohover/install/holohover_utils/lib/holohover_utils/optitrack_interface
[20.532s] -- Set runtime path of "/home/acl3-ubuntu/holohover_ws/src/holohover/install/holohover_utils/lib/holohover_utils/optitrack_interface" to ""
[20.532s] -- Installing: /home/acl3-ubuntu/holohover_ws/src/holohover/install/holohover_utils/lib/holohover_utils/ping_estimator.py
[20.533s] -- Installing: /home/acl3-ubuntu/holohover_ws/src/holohover/install/holohover_utils/share/ament_index/resource_index/package_run_dependencies/holohover_utils
[20.533s] -- Installing: /home/acl3-ubuntu/holohover_ws/src/holohover/install/holohover_utils/share/ament_index/resource_index/parent_prefix_path/holohover_utils
[20.533s] -- Installing: /home/acl3-ubuntu/holohover_ws/src/holohover/install/holohover_utils/share/holohover_utils/environment/ament_prefix_path.sh
[20.533s] -- Installing: /home/acl3-ubuntu/holohover_ws/src/holohover/install/holohover_utils/share/holohover_utils/environment/ament_prefix_path.dsv
[20.533s] -- Installing: /home/acl3-ubuntu/holohover_ws/src/holohover/install/holohover_utils/share/holohover_utils/environment/path.sh
[20.533s] -- Installing: /home/acl3-ubuntu/holohover_ws/src/holohover/install/holohover_utils/share/holohover_utils/environment/path.dsv
[20.533s] -- Installing: /home/acl3-ubuntu/holohover_ws/src/holohover/install/holohover_utils/share/holohover_utils/local_setup.bash
[20.533s] -- Installing: /home/acl3-ubuntu/holohover_ws/src/holohover/install/holohover_utils/share/holohover_utils/local_setup.sh
[20.534s] -- Installing: /home/acl3-ubuntu/holohover_ws/src/holohover/install/holohover_utils/share/holohover_utils/local_setup.zsh
[20.534s] -- Installing: /home/acl3-ubuntu/holohover_ws/src/holohover/install/holohover_utils/share/holohover_utils/local_setup.dsv
[20.534s] -- Installing: /home/acl3-ubuntu/holohover_ws/src/holohover/install/holohover_utils/share/holohover_utils/package.dsv
[20.534s] -- Installing: /home/acl3-ubuntu/holohover_ws/src/holohover/install/holohover_utils/share/ament_index/resource_index/packages/holohover_utils
[20.534s] -- Installing: /home/acl3-ubuntu/holohover_ws/src/holohover/install/holohover_utils/share/holohover_utils/cmake/holohover_utilsConfig.cmake
[20.534s] -- Installing: /home/acl3-ubuntu/holohover_ws/src/holohover/install/holohover_utils/share/holohover_utils/cmake/holohover_utilsConfig-version.cmake
[20.534s] -- Installing: /home/acl3-ubuntu/holohover_ws/src/holohover/install/holohover_utils/share/holohover_utils/package.xml
[20.536s] Invoked command in '/home/acl3-ubuntu/holohover_ws/src/holohover/build/holohover_utils' returned '0': AMENT_PREFIX_PATH=/home/acl3-ubuntu/holohover_ws/src/holohover/install/holohover_gnc:/home/acl3-ubuntu/holohover_ws/src/holohover/install/ros_polympc:/home/acl3-ubuntu/holohover_ws/src/holohover/install/mocap_optitrack:/home/acl3-ubuntu/holohover_ws/src/holohover/install/holohover_msgs:${AMENT_PREFIX_PATH} CMAKE_PREFIX_PATH=/home/acl3-ubuntu/holohover_ws/src/holohover/install/holohover_gnc:/home/acl3-ubuntu/holohover_ws/src/holohover/install/ros_polympc:/home/acl3-ubuntu/holohover_ws/src/holohover/install/mocap_optitrack:/home/acl3-ubuntu/holohover_ws/src/holohover/install/holohover_msgs:/home/acl3-ubuntu/holohover_ws/install/bota_driver_testing:/home/acl3-ubuntu/holohover_ws/install/bota_driver:/home/acl3-ubuntu/holohover_ws/install/rokubimini_ethercat:/home/acl3-ubuntu/holohover_ws/install/soem:/home/acl3-ubuntu/holohover_ws/install/holohover_utils:/home/acl3-ubuntu/holohover_ws/install/holohover_gnc:/home/acl3-ubuntu/holohover_ws/install/ros_polympc:/home/acl3-ubuntu/holohover_ws/install/rokubimini_serial:/home/acl3-ubuntu/holohover_ws/install/rokubimini_msgs:/home/acl3-ubuntu/holohover_ws/install/rokubimini_description:/home/acl3-ubuntu/holohover_ws/install/rokubimini_bus_manager:/home/acl3-ubuntu/holohover_ws/install/rokubimini:/home/acl3-ubuntu/holohover_ws/install/mocap_optitrack:/home/acl3-ubuntu/holohover_ws/install/micro_ros_setup:/home/acl3-ubuntu/holohover_ws/install/micro_ros_agent:/home/acl3-ubuntu/holohover_ws/install/micro_ros_msgs:/home/acl3-ubuntu/holohover_ws/install/holohover_msgs:/home/acl3-ubuntu/holohover_ws/install/bota_node:/home/acl3-ubuntu/holohover_ws/install/bota_worker:/home/acl3-ubuntu/holohover_ws/install/bota_signal_handler:/opt/ros/humble LD_LIBRARY_PATH=/home/acl3-ubuntu/holohover_ws/src/holohover/install/mocap_optitrack/lib:/home/acl3-ubuntu/holohover_ws/src/holohover/install/holohover_msgs/lib:${LD_LIBRARY_PATH} PYTHONPATH=/home/acl3-ubuntu/holohover_ws/src/holohover/install/mocap_optitrack/local/lib/python3.10/dist-packages:/home/acl3-ubuntu/holohover_ws/src/holohover/install/holohover_msgs/local/lib/python3.10/dist-packages:${PYTHONPATH} /usr/bin/cmake --install /home/acl3-ubuntu/holohover_ws/src/holohover/build/holohover_utils
