[0.039s] Invoking command in '/home/acl3-ubuntu/holohover_ws/src/holohover/build/micro_ros_msgs': CMAKE_PREFIX_PATH=${CMAKE_PREFIX_PATH}:/opt/ros/humble /usr/bin/cmake /home/acl3-ubuntu/holohover_ws/src/holohover/micro_ros/micro_ros_msgs -DCMAKE_INSTALL_PREFIX=/home/acl3-ubuntu/holohover_ws/src/holohover/install/micro_ros_msgs
[0.890s] -- The C compiler identification is GNU 11.3.0
[1.334s] -- The CXX compiler identification is GNU 11.3.0
[1.443s] -- Detecting C compiler ABI info
[1.590s] -- Detecting C compiler ABI info - done
[1.598s] -- Check for working C compiler: /usr/bin/cc - skipped
[1.599s] -- Detecting C compile features
[1.620s] -- Detecting C compile features - done
[1.625s] -- Detecting CXX compiler ABI info
[1.755s] -- Detecting CXX compiler ABI info - done
[1.763s] -- Check for working CXX compiler: /usr/bin/c++ - skipped
[1.763s] -- Detecting CXX compile features
[1.764s] -- Detecting CXX compile features - done
[1.869s] -- Found ament_cmake: 1.3.3 (/opt/ros/humble/share/ament_cmake/cmake)
[2.168s] -- Found Python3: /usr/bin/python3.10 (found version "3.10.6") found components: Interpreter 
[2.468s] -- Found rosidl_default_generators: 1.2.0 (/opt/ros/humble/share/rosidl_default_generators/cmake)
[2.586s] -- Using all available rosidl_typesupport_c: rosidl_typesupport_fastrtps_c;rosidl_typesupport_introspection_c
[2.789s] -- Found rosidl_adapter: 3.1.4 (/opt/ros/humble/share/rosidl_adapter/cmake)
[4.043s] -- Using all available rosidl_typesupport_cpp: rosidl_typesupport_fastrtps_cpp;rosidl_typesupport_introspection_cpp
[4.563s] -- Found ament_lint_auto: 0.12.5 (/opt/ros/humble/share/ament_lint_auto/cmake)
[5.182s] -- Found ament_cmake_ros: 0.10.0 (/opt/ros/humble/share/ament_cmake_ros/cmake)
[5.550s] -- Using all available rosidl_typesupport_c: rosidl_typesupport_fastrtps_c;rosidl_typesupport_introspection_c
[5.825s] -- Using all available rosidl_typesupport_cpp: rosidl_typesupport_fastrtps_cpp;rosidl_typesupport_introspection_cpp
[5.860s] -- Found PythonInterp: /usr/bin/python3 (found suitable version "3.10.6", minimum required is "3.6") 
[5.908s] -- Found python_cmake_module: 0.10.0 (/opt/ros/humble/share/python_cmake_module/cmake)
[6.027s] -- Found PythonLibs: /usr/lib/x86_64-linux-gnu/libpython3.10.so (found suitable version "3.10.6", minimum required is "3.5") 
[6.027s] -- Using PYTHON_EXECUTABLE: /usr/bin/python3
[6.027s] -- Using PYTHON_INCLUDE_DIRS: /usr/include/python3.10
[6.027s] -- Using PYTHON_LIBRARIES: /usr/lib/x86_64-linux-gnu/libpython3.10.so
[6.053s] -- Found PythonExtra: .so  
[6.153s] -- Added test 'copyright' to check source files copyright and LICENSE
[6.155s] -- Added test 'lint_cmake' to check CMake code style
[6.157s] -- Added test 'xmllint' to check XML markup files
[6.221s] -- Configuring done
[6.250s] -- Generating done
[6.253s] -- Build files have been written to: /home/acl3-ubuntu/holohover_ws/src/holohover/build/micro_ros_msgs
[6.259s] Invoked command in '/home/acl3-ubuntu/holohover_ws/src/holohover/build/micro_ros_msgs' returned '0': CMAKE_PREFIX_PATH=${CMAKE_PREFIX_PATH}:/opt/ros/humble /usr/bin/cmake /home/acl3-ubuntu/holohover_ws/src/holohover/micro_ros/micro_ros_msgs -DCMAKE_INSTALL_PREFIX=/home/acl3-ubuntu/holohover_ws/src/holohover/install/micro_ros_msgs
[6.261s] Invoking command in '/home/acl3-ubuntu/holohover_ws/src/holohover/build/micro_ros_msgs': CMAKE_PREFIX_PATH=${CMAKE_PREFIX_PATH}:/opt/ros/humble /usr/bin/cmake --build /home/acl3-ubuntu/holohover_ws/src/holohover/build/micro_ros_msgs -- -j8 -l8
[6.300s] [  2%] [34m[1mGenerating C code for ROS interfaces[0m
[6.309s] [  4%] [34m[1mGenerating C++ code for ROS interfaces[0m
[6.318s] [  4%] Built target ament_cmake_python_copy_micro_ros_msgs
[6.692s] running egg_info
[6.693s] creating micro_ros_msgs.egg-info
[6.693s] writing micro_ros_msgs.egg-info/PKG-INFO
[6.693s] writing dependency_links to micro_ros_msgs.egg-info/dependency_links.txt
[6.694s] writing top-level names to micro_ros_msgs.egg-info/top_level.txt
[6.694s] writing manifest file 'micro_ros_msgs.egg-info/SOURCES.txt'
[6.715s] reading manifest file 'micro_ros_msgs.egg-info/SOURCES.txt'
[6.716s] writing manifest file 'micro_ros_msgs.egg-info/SOURCES.txt'
[6.759s] [  4%] Built target ament_cmake_python_build_micro_ros_msgs_egg
[7.009s] [  4%] Built target micro_ros_msgs__cpp
[7.028s] [  6%] [34m[1mGenerating C++ introspection for ROS interfaces[0m
[7.031s] [  8%] [34m[1mGenerating C++ type support for eProsima Fast-RTPS[0m
[7.033s] [ 10%] [34m[1mGenerating C++ type support dispatch for ROS interfaces[0m
[7.054s] [ 12%] [32mBuilding C object CMakeFiles/micro_ros_msgs__rosidl_generator_c.dir/rosidl_generator_c/micro_ros_msgs/msg/detail/node__functions.c.o[0m
[7.075s] [ 14%] [32mBuilding C object CMakeFiles/micro_ros_msgs__rosidl_generator_c.dir/rosidl_generator_c/micro_ros_msgs/msg/detail/graph__functions.c.o[0m
[7.079s] [ 17%] [32mBuilding C object CMakeFiles/micro_ros_msgs__rosidl_generator_c.dir/rosidl_generator_c/micro_ros_msgs/msg/detail/entity__functions.c.o[0m
[7.567s] [ 19%] [32mBuilding CXX object CMakeFiles/micro_ros_msgs__rosidl_typesupport_cpp.dir/rosidl_typesupport_cpp/micro_ros_msgs/msg/graph__type_support.cpp.o[0m
[7.575s] [ 21%] [32mBuilding CXX object CMakeFiles/micro_ros_msgs__rosidl_typesupport_cpp.dir/rosidl_typesupport_cpp/micro_ros_msgs/msg/node__type_support.cpp.o[0m
[7.580s] [ 23%] [32mBuilding CXX object CMakeFiles/micro_ros_msgs__rosidl_typesupport_cpp.dir/rosidl_typesupport_cpp/micro_ros_msgs/msg/entity__type_support.cpp.o[0m
[7.645s] [ 25%] [32m[1mLinking C shared library libmicro_ros_msgs__rosidl_generator_c.so[0m
[7.677s] [ 27%] [32mBuilding CXX object CMakeFiles/micro_ros_msgs__rosidl_typesupport_fastrtps_cpp.dir/rosidl_typesupport_fastrtps_cpp/micro_ros_msgs/msg/detail/dds_fastrtps/graph__type_support.cpp.o[0m
[7.680s] [ 29%] [32mBuilding CXX object CMakeFiles/micro_ros_msgs__rosidl_typesupport_fastrtps_cpp.dir/rosidl_typesupport_fastrtps_cpp/micro_ros_msgs/msg/detail/dds_fastrtps/node__type_support.cpp.o[0m
[7.685s] [ 31%] [32mBuilding CXX object CMakeFiles/micro_ros_msgs__rosidl_typesupport_introspection_cpp.dir/rosidl_typesupport_introspection_cpp/micro_ros_msgs/msg/detail/graph__type_support.cpp.o[0m
[7.692s] [ 34%] [32mBuilding CXX object CMakeFiles/micro_ros_msgs__rosidl_typesupport_fastrtps_cpp.dir/rosidl_typesupport_fastrtps_cpp/micro_ros_msgs/msg/detail/dds_fastrtps/entity__type_support.cpp.o[0m
[7.719s] [ 34%] Built target micro_ros_msgs__rosidl_generator_c
[7.738s] [ 36%] [32mBuilding CXX object CMakeFiles/micro_ros_msgs__rosidl_typesupport_introspection_cpp.dir/rosidl_typesupport_introspection_cpp/micro_ros_msgs/msg/detail/node__type_support.cpp.o[0m
[9.304s] [ 38%] [32mBuilding CXX object CMakeFiles/micro_ros_msgs__rosidl_typesupport_introspection_cpp.dir/rosidl_typesupport_introspection_cpp/micro_ros_msgs/msg/detail/entity__type_support.cpp.o[0m
[9.374s] gmake[2]: *** [CMakeFiles/micro_ros_msgs__rosidl_typesupport_introspection_cpp.dir/build.make:119: CMakeFiles/micro_ros_msgs__rosidl_typesupport_introspection_cpp.dir/rosidl_typesupport_introspection_cpp/micro_ros_msgs/msg/detail/node__type_support.cpp.o] Interrupt
[9.374s] gmake[2]: *** [CMakeFiles/micro_ros_msgs__rosidl_typesupport_fastrtps_cpp.dir/build.make:119: CMakeFiles/micro_ros_msgs__rosidl_typesupport_fastrtps_cpp.dir/rosidl_typesupport_fastrtps_cpp/micro_ros_msgs/msg/detail/dds_fastrtps/node__type_support.cpp.o] Interrupt
[9.374s] gmake[2]: *** [CMakeFiles/micro_ros_msgs__rosidl_typesupport_cpp.dir/build.make:94: CMakeFiles/micro_ros_msgs__rosidl_typesupport_cpp.dir/rosidl_typesupport_cpp/micro_ros_msgs/msg/graph__type_support.cpp.o] Interrupt
[9.374s] gmake[2]: *** [CMakeFiles/micro_ros_msgs__rosidl_typesupport_fastrtps_cpp.dir/build.make:133: CMakeFiles/micro_ros_msgs__rosidl_typesupport_fastrtps_cpp.dir/rosidl_typesupport_fastrtps_cpp/micro_ros_msgs/msg/detail/dds_fastrtps/entity__type_support.cpp.o] Interrupt
[9.374s] gmake[2]: *** wait: No child processes.  Stop.
[9.374s] gmake[2]: *** Waiting for unfinished jobs....
[9.374s] gmake[2]: *** wait: No child processes.  Stop.
[9.377s] gmake[2]: *** [CMakeFiles/micro_ros_msgs__rosidl_typesupport_introspection_cpp.dir/build.make:133: CMakeFiles/micro_ros_msgs__rosidl_typesupport_introspection_cpp.dir/rosidl_typesupport_introspection_cpp/micro_ros_msgs/msg/detail/entity__type_support.cpp.o] Interrupt
[9.378s] gmake[2]: *** wait: No child processes.  Stop.
[9.378s] gmake[2]: *** Waiting for unfinished jobs....
[9.378s] gmake[2]: *** wait: No child processes.  Stop.
[9.382s] gmake[1]: *** [CMakeFiles/Makefile2:395: CMakeFiles/micro_ros_msgs__rosidl_typesupport_cpp.dir/all] Interrupt
[9.382s] gmake[1]: *** [CMakeFiles/Makefile2:343: CMakeFiles/micro_ros_msgs__rosidl_typesupport_fastrtps_cpp.dir/all] Error 2
[9.383s] gmake[1]: *** [CMakeFiles/Makefile2:369: CMakeFiles/micro_ros_msgs__rosidl_typesupport_introspection_cpp.dir/all] Error 2
[9.383s] gmake[1]: *** [CMakeFiles/Makefile2:238: CMakeFiles/micro_ros_msgs__rosidl_typesupport_fastrtps_c.dir/all] Interrupt
[9.383s] gmake: *** [Makefile:146: all] Interrupt
