-- The C compiler identification is GNU 11.3.0
-- The CXX compiler identification is GNU 11.3.0
-- Detecting C compiler ABI info
-- Detecting C compiler ABI info - done
-- Check for working C compiler: /usr/bin/cc - skipped
-- Detecting C compile features
-- Detecting C compile features - done
-- Detecting CXX compiler ABI info
-- Detecting CXX compiler ABI info - done
-- Check for working CXX compiler: /usr/bin/c++ - skipped
-- Detecting CXX compile features
-- Detecting CXX compile features - done
-- Found ament_cmake: 1.3.3 (/opt/ros/humble/share/ament_cmake/cmake)
-- Found Python3: /usr/bin/python3.10 (found version "3.10.6") found components: Interpreter 
-- Found rclcpp: 16.0.3 (/opt/ros/humble/share/rclcpp/cmake)
-- Found rosidl_generator_c: 3.1.4 (/opt/ros/humble/share/rosidl_generator_c/cmake)
-- Found rosidl_adapter: 3.1.4 (/opt/ros/humble/share/rosidl_adapter/cmake)
-- Found rosidl_generator_cpp: 3.1.4 (/opt/ros/humble/share/rosidl_generator_cpp/cmake)
-- Using all available rosidl_typesupport_c: rosidl_typesupport_fastrtps_c;rosidl_typesupport_introspection_c
-- Using all available rosidl_typesupport_cpp: rosidl_typesupport_fastrtps_cpp;rosidl_typesupport_introspection_cpp
-- Found rmw_implementation_cmake: 6.1.1 (/opt/ros/humble/share/rmw_implementation_cmake/cmake)
-- Found rmw_fastrtps_cpp: 6.2.2 (/opt/ros/humble/share/rmw_fastrtps_cpp/cmake)
-- Found OpenSSL: /usr/lib/x86_64-linux-gnu/libcrypto.so (found version "3.0.2")  
-- Found FastRTPS: /opt/ros/humble/include  
-- Using RMW implementation 'rmw_fastrtps_cpp' as default
-- Looking for pthread.h
-- Looking for pthread.h - found
-- Performing Test CMAKE_HAVE_LIBC_PTHREAD
-- Performing Test CMAKE_HAVE_LIBC_PTHREAD - Success
-- Found Threads: TRUE  
-- Found rclpy: 3.3.7 (/opt/ros/humble/share/rclpy/cmake)
-- Found tf2_ros: 0.25.2 (/opt/ros/humble/share/tf2_ros/cmake)
-- Found ros_polympc: 0.0.0 (/home/acl3-ubuntu/holohover_ws/src/holohover/install/ros_polympc/share/ros_polympc/cmake)
-- Found holohover_msgs: 0.0.0 (/home/acl3-ubuntu/holohover_ws/src/holohover/install/holohover_msgs/share/holohover_msgs/cmake)
-- Configuring done
-- Generating done
-- Build files have been written to: /home/acl3-ubuntu/holohover_ws/src/holohover/build/holohover_gnc
[ 10%] [32mBuilding CXX object CMakeFiles/simulation.dir/src/simulation/simulation_node.cpp.o[0m
[ 20%] [32m[1mLinking CXX executable simulation[0m
[ 20%] Built target simulation
[ 30%] [32mBuilding CXX object CMakeFiles/control_exp.dir/src/control/control_exp_node.cpp.o[0m
[ 40%] [32m[1mLinking CXX executable control_exp[0m
[ 40%] Built target control_exp
[ 50%] [32mBuilding CXX object CMakeFiles/control_signal.dir/src/control/control_signal_node.cpp.o[0m
[ 60%] [32m[1mLinking CXX executable control_signal[0m
[ 60%] Built target control_signal
[ 70%] [32mBuilding CXX object CMakeFiles/control_lqr.dir/src/control/control_lqr_node.cpp.o[0m
[ 80%] [32mBuilding CXX object CMakeFiles/navigation.dir/src/navigation/navigation_node.cpp.o[0m
[ 90%] [32m[1mLinking CXX executable navigation[0m
[ 90%] Built target navigation
[100%] [32m[1mLinking CXX executable control_lqr[0m
[100%] Built target control_lqr
-- Install configuration: ""
-- Installing: /home/acl3-ubuntu/holohover_ws/src/holohover/install/holohover_gnc/include
-- Installing: /home/acl3-ubuntu/holohover_ws/src/holohover/install/holohover_gnc/include/holohover_gnc
-- Installing: /home/acl3-ubuntu/holohover_ws/src/holohover/install/holohover_gnc/include/holohover_gnc/utils
-- Installing: /home/acl3-ubuntu/holohover_ws/src/holohover/install/holohover_gnc/include/holohover_gnc/utils/load_holohover_props.hpp
-- Installing: /home/acl3-ubuntu/holohover_ws/src/holohover/install/holohover_gnc/include/holohover_gnc/riccati_solver.hpp
-- Installing: /home/acl3-ubuntu/holohover_ws/src/holohover/install/holohover_gnc/include/holohover_gnc/models
-- Installing: /home/acl3-ubuntu/holohover_ws/src/holohover/install/holohover_gnc/include/holohover_gnc/models/holohover_model.hpp
-- Installing: /home/acl3-ubuntu/holohover_ws/src/holohover/install/holohover_gnc/share/holohover_gnc/config
-- Installing: /home/acl3-ubuntu/holohover_ws/src/holohover/install/holohover_gnc/share/holohover_gnc/config/simulation_config.yaml
-- Installing: /home/acl3-ubuntu/holohover_ws/src/holohover/install/holohover_gnc/share/holohover_gnc/config/navigation_config.yaml
-- Installing: /home/acl3-ubuntu/holohover_ws/src/holohover/install/holohover_gnc/share/holohover_gnc/config/control_lqr_config.yaml
-- Installing: /home/acl3-ubuntu/holohover_ws/src/holohover/install/holohover_gnc/share/holohover_gnc/config/holohover_params.yaml
-- Installing: /home/acl3-ubuntu/holohover_ws/src/holohover/install/holohover_gnc/share/holohover_gnc/config/navigation_config_old.yaml
-- Installing: /home/acl3-ubuntu/holohover_ws/src/holohover/install/holohover_gnc/lib/holohover_gnc/simulation
-- Set runtime path of "/home/acl3-ubuntu/holohover_ws/src/holohover/install/holohover_gnc/lib/holohover_gnc/simulation" to ""
-- Installing: /home/acl3-ubuntu/holohover_ws/src/holohover/install/holohover_gnc/lib/holohover_gnc/navigation
-- Set runtime path of "/home/acl3-ubuntu/holohover_ws/src/holohover/install/holohover_gnc/lib/holohover_gnc/navigation" to ""
-- Installing: /home/acl3-ubuntu/holohover_ws/src/holohover/install/holohover_gnc/lib/holohover_gnc/control_lqr
-- Set runtime path of "/home/acl3-ubuntu/holohover_ws/src/holohover/install/holohover_gnc/lib/holohover_gnc/control_lqr" to ""
-- Installing: /home/acl3-ubuntu/holohover_ws/src/holohover/install/holohover_gnc/lib/holohover_gnc/control_signal
-- Set runtime path of "/home/acl3-ubuntu/holohover_ws/src/holohover/install/holohover_gnc/lib/holohover_gnc/control_signal" to ""
-- Installing: /home/acl3-ubuntu/holohover_ws/src/holohover/install/holohover_gnc/lib/holohover_gnc/control_exp
-- Set runtime path of "/home/acl3-ubuntu/holohover_ws/src/holohover/install/holohover_gnc/lib/holohover_gnc/control_exp" to ""
-- Installing: /home/acl3-ubuntu/holohover_ws/src/holohover/install/holohover_gnc/share/ament_index/resource_index/package_run_dependencies/holohover_gnc
-- Installing: /home/acl3-ubuntu/holohover_ws/src/holohover/install/holohover_gnc/share/ament_index/resource_index/parent_prefix_path/holohover_gnc
-- Installing: /home/acl3-ubuntu/holohover_ws/src/holohover/install/holohover_gnc/share/holohover_gnc/environment/ament_prefix_path.sh
-- Installing: /home/acl3-ubuntu/holohover_ws/src/holohover/install/holohover_gnc/share/holohover_gnc/environment/ament_prefix_path.dsv
-- Installing: /home/acl3-ubuntu/holohover_ws/src/holohover/install/holohover_gnc/share/holohover_gnc/environment/path.sh
-- Installing: /home/acl3-ubuntu/holohover_ws/src/holohover/install/holohover_gnc/share/holohover_gnc/environment/path.dsv
-- Installing: /home/acl3-ubuntu/holohover_ws/src/holohover/install/holohover_gnc/share/holohover_gnc/local_setup.bash
-- Installing: /home/acl3-ubuntu/holohover_ws/src/holohover/install/holohover_gnc/share/holohover_gnc/local_setup.sh
-- Installing: /home/acl3-ubuntu/holohover_ws/src/holohover/install/holohover_gnc/share/holohover_gnc/local_setup.zsh
-- Installing: /home/acl3-ubuntu/holohover_ws/src/holohover/install/holohover_gnc/share/holohover_gnc/local_setup.dsv
-- Installing: /home/acl3-ubuntu/holohover_ws/src/holohover/install/holohover_gnc/share/holohover_gnc/package.dsv
-- Installing: /home/acl3-ubuntu/holohover_ws/src/holohover/install/holohover_gnc/share/ament_index/resource_index/packages/holohover_gnc
-- Installing: /home/acl3-ubuntu/holohover_ws/src/holohover/install/holohover_gnc/share/holohover_gnc/cmake/ament_cmake_export_include_directories-extras.cmake
-- Installing: /home/acl3-ubuntu/holohover_ws/src/holohover/install/holohover_gnc/share/holohover_gnc/cmake/holohover_gncConfig.cmake
-- Installing: /home/acl3-ubuntu/holohover_ws/src/holohover/install/holohover_gnc/share/holohover_gnc/cmake/holohover_gncConfig-version.cmake
-- Installing: /home/acl3-ubuntu/holohover_ws/src/holohover/install/holohover_gnc/share/holohover_gnc/package.xml
