[0.028s] Invoking command in '/home/acl3-ubuntu/holohover_ws/src/holohover/build/holohover_gnc': AMENT_PREFIX_PATH=/home/acl3-ubuntu/holohover_ws/src/holohover/install/ros_polympc:/home/acl3-ubuntu/holohover_ws/src/holohover/install/holohover_msgs:${AMENT_PREFIX_PATH} CMAKE_PREFIX_PATH=/home/acl3-ubuntu/holohover_ws/src/holohover/install/ros_polympc:/home/acl3-ubuntu/holohover_ws/src/holohover/install/holohover_msgs:/home/acl3-ubuntu/holohover_ws/install/bota_driver_testing:/home/acl3-ubuntu/holohover_ws/install/bota_driver:/home/acl3-ubuntu/holohover_ws/install/rokubimini_ethercat:/home/acl3-ubuntu/holohover_ws/install/soem:/home/acl3-ubuntu/holohover_ws/install/holohover_utils:/home/acl3-ubuntu/holohover_ws/install/holohover_gnc:/home/acl3-ubuntu/holohover_ws/install/ros_polympc:/home/acl3-ubuntu/holohover_ws/install/rokubimini_serial:/home/acl3-ubuntu/holohover_ws/install/rokubimini_msgs:/home/acl3-ubuntu/holohover_ws/install/rokubimini_description:/home/acl3-ubuntu/holohover_ws/install/rokubimini_bus_manager:/home/acl3-ubuntu/holohover_ws/install/rokubimini:/home/acl3-ubuntu/holohover_ws/install/mocap_optitrack:/home/acl3-ubuntu/holohover_ws/install/micro_ros_setup:/home/acl3-ubuntu/holohover_ws/install/micro_ros_agent:/home/acl3-ubuntu/holohover_ws/install/micro_ros_msgs:/home/acl3-ubuntu/holohover_ws/install/holohover_msgs:/home/acl3-ubuntu/holohover_ws/install/bota_node:/home/acl3-ubuntu/holohover_ws/install/bota_worker:/home/acl3-ubuntu/holohover_ws/install/bota_signal_handler:/opt/ros/humble LD_LIBRARY_PATH=/home/acl3-ubuntu/holohover_ws/src/holohover/install/holohover_msgs/lib:${LD_LIBRARY_PATH} PYTHONPATH=/home/acl3-ubuntu/holohover_ws/src/holohover/install/holohover_msgs/local/lib/python3.10/dist-packages:${PYTHONPATH} /usr/bin/cmake /home/acl3-ubuntu/holohover_ws/src/holohover/holohover_gnc -DCMAKE_INSTALL_PREFIX=/home/acl3-ubuntu/holohover_ws/src/holohover/install/holohover_gnc
[0.195s] -- The C compiler identification is GNU 11.3.0
[0.316s] -- The CXX compiler identification is GNU 11.3.0
[0.325s] -- Detecting C compiler ABI info
[0.455s] -- Detecting C compiler ABI info - done
[0.469s] -- Check for working C compiler: /usr/bin/cc - skipped
[0.470s] -- Detecting C compile features
[0.470s] -- Detecting C compile features - done
[0.475s] -- Detecting CXX compiler ABI info
[0.639s] -- Detecting CXX compiler ABI info - done
[0.655s] -- Check for working CXX compiler: /usr/bin/c++ - skipped
[0.655s] -- Detecting CXX compile features
[0.655s] -- Detecting CXX compile features - done
[0.664s] -- Found ament_cmake: 1.3.3 (/opt/ros/humble/share/ament_cmake/cmake)
[0.951s] -- Found Python3: /usr/bin/python3.10 (found version "3.10.6") found components: Interpreter 
[1.105s] -- Found rclcpp: 16.0.3 (/opt/ros/humble/share/rclcpp/cmake)
[1.184s] -- Found rosidl_generator_c: 3.1.4 (/opt/ros/humble/share/rosidl_generator_c/cmake)
[1.193s] -- Found rosidl_adapter: 3.1.4 (/opt/ros/humble/share/rosidl_adapter/cmake)
[1.206s] -- Found rosidl_generator_cpp: 3.1.4 (/opt/ros/humble/share/rosidl_generator_cpp/cmake)
[1.237s] -- Using all available rosidl_typesupport_c: rosidl_typesupport_fastrtps_c;rosidl_typesupport_introspection_c
[1.260s] -- Using all available rosidl_typesupport_cpp: rosidl_typesupport_fastrtps_cpp;rosidl_typesupport_introspection_cpp
[1.367s] -- Found rmw_implementation_cmake: 6.1.1 (/opt/ros/humble/share/rmw_implementation_cmake/cmake)
[1.375s] -- Found rmw_fastrtps_cpp: 6.2.2 (/opt/ros/humble/share/rmw_fastrtps_cpp/cmake)
[1.519s] -- Found OpenSSL: /usr/lib/x86_64-linux-gnu/libcrypto.so (found version "3.0.2")  
[1.569s] -- Found FastRTPS: /opt/ros/humble/include  
[1.638s] -- Using RMW implementation 'rmw_fastrtps_cpp' as default
[1.658s] -- Looking for pthread.h
[1.753s] -- Looking for pthread.h - found
[1.754s] -- Performing Test CMAKE_HAVE_LIBC_PTHREAD
[1.855s] -- Performing Test CMAKE_HAVE_LIBC_PTHREAD - Success
[1.856s] -- Found Threads: TRUE  
[2.066s] -- Found rclpy: 3.3.7 (/opt/ros/humble/share/rclpy/cmake)
[2.077s] -- Found tf2_ros: 0.25.2 (/opt/ros/humble/share/tf2_ros/cmake)
[2.787s] -- Found ros_polympc: 0.0.0 (/home/acl3-ubuntu/holohover_ws/src/holohover/install/ros_polympc/share/ros_polympc/cmake)
[2.788s] -- Found holohover_msgs: 0.0.0 (/home/acl3-ubuntu/holohover_ws/src/holohover/install/holohover_msgs/share/holohover_msgs/cmake)
[3.058s] -- Configuring done
[3.098s] -- Generating done
[3.101s] -- Build files have been written to: /home/acl3-ubuntu/holohover_ws/src/holohover/build/holohover_gnc
[3.122s] Invoked command in '/home/acl3-ubuntu/holohover_ws/src/holohover/build/holohover_gnc' returned '0': AMENT_PREFIX_PATH=/home/acl3-ubuntu/holohover_ws/src/holohover/install/ros_polympc:/home/acl3-ubuntu/holohover_ws/src/holohover/install/holohover_msgs:${AMENT_PREFIX_PATH} CMAKE_PREFIX_PATH=/home/acl3-ubuntu/holohover_ws/src/holohover/install/ros_polympc:/home/acl3-ubuntu/holohover_ws/src/holohover/install/holohover_msgs:/home/acl3-ubuntu/holohover_ws/install/bota_driver_testing:/home/acl3-ubuntu/holohover_ws/install/bota_driver:/home/acl3-ubuntu/holohover_ws/install/rokubimini_ethercat:/home/acl3-ubuntu/holohover_ws/install/soem:/home/acl3-ubuntu/holohover_ws/install/holohover_utils:/home/acl3-ubuntu/holohover_ws/install/holohover_gnc:/home/acl3-ubuntu/holohover_ws/install/ros_polympc:/home/acl3-ubuntu/holohover_ws/install/rokubimini_serial:/home/acl3-ubuntu/holohover_ws/install/rokubimini_msgs:/home/acl3-ubuntu/holohover_ws/install/rokubimini_description:/home/acl3-ubuntu/holohover_ws/install/rokubimini_bus_manager:/home/acl3-ubuntu/holohover_ws/install/rokubimini:/home/acl3-ubuntu/holohover_ws/install/mocap_optitrack:/home/acl3-ubuntu/holohover_ws/install/micro_ros_setup:/home/acl3-ubuntu/holohover_ws/install/micro_ros_agent:/home/acl3-ubuntu/holohover_ws/install/micro_ros_msgs:/home/acl3-ubuntu/holohover_ws/install/holohover_msgs:/home/acl3-ubuntu/holohover_ws/install/bota_node:/home/acl3-ubuntu/holohover_ws/install/bota_worker:/home/acl3-ubuntu/holohover_ws/install/bota_signal_handler:/opt/ros/humble LD_LIBRARY_PATH=/home/acl3-ubuntu/holohover_ws/src/holohover/install/holohover_msgs/lib:${LD_LIBRARY_PATH} PYTHONPATH=/home/acl3-ubuntu/holohover_ws/src/holohover/install/holohover_msgs/local/lib/python3.10/dist-packages:${PYTHONPATH} /usr/bin/cmake /home/acl3-ubuntu/holohover_ws/src/holohover/holohover_gnc -DCMAKE_INSTALL_PREFIX=/home/acl3-ubuntu/holohover_ws/src/holohover/install/holohover_gnc
[3.124s] Invoking command in '/home/acl3-ubuntu/holohover_ws/src/holohover/build/holohover_gnc': AMENT_PREFIX_PATH=/home/acl3-ubuntu/holohover_ws/src/holohover/install/ros_polympc:/home/acl3-ubuntu/holohover_ws/src/holohover/install/holohover_msgs:${AMENT_PREFIX_PATH} CMAKE_PREFIX_PATH=/home/acl3-ubuntu/holohover_ws/src/holohover/install/ros_polympc:/home/acl3-ubuntu/holohover_ws/src/holohover/install/holohover_msgs:/home/acl3-ubuntu/holohover_ws/install/bota_driver_testing:/home/acl3-ubuntu/holohover_ws/install/bota_driver:/home/acl3-ubuntu/holohover_ws/install/rokubimini_ethercat:/home/acl3-ubuntu/holohover_ws/install/soem:/home/acl3-ubuntu/holohover_ws/install/holohover_utils:/home/acl3-ubuntu/holohover_ws/install/holohover_gnc:/home/acl3-ubuntu/holohover_ws/install/ros_polympc:/home/acl3-ubuntu/holohover_ws/install/rokubimini_serial:/home/acl3-ubuntu/holohover_ws/install/rokubimini_msgs:/home/acl3-ubuntu/holohover_ws/install/rokubimini_description:/home/acl3-ubuntu/holohover_ws/install/rokubimini_bus_manager:/home/acl3-ubuntu/holohover_ws/install/rokubimini:/home/acl3-ubuntu/holohover_ws/install/mocap_optitrack:/home/acl3-ubuntu/holohover_ws/install/micro_ros_setup:/home/acl3-ubuntu/holohover_ws/install/micro_ros_agent:/home/acl3-ubuntu/holohover_ws/install/micro_ros_msgs:/home/acl3-ubuntu/holohover_ws/install/holohover_msgs:/home/acl3-ubuntu/holohover_ws/install/bota_node:/home/acl3-ubuntu/holohover_ws/install/bota_worker:/home/acl3-ubuntu/holohover_ws/install/bota_signal_handler:/opt/ros/humble LD_LIBRARY_PATH=/home/acl3-ubuntu/holohover_ws/src/holohover/install/holohover_msgs/lib:${LD_LIBRARY_PATH} PYTHONPATH=/home/acl3-ubuntu/holohover_ws/src/holohover/install/holohover_msgs/local/lib/python3.10/dist-packages:${PYTHONPATH} /usr/bin/cmake --build /home/acl3-ubuntu/holohover_ws/src/holohover/build/holohover_gnc -- -j8 -l8
[3.182s] [ 10%] [32mBuilding CXX object CMakeFiles/simulation.dir/src/simulation/simulation_node.cpp.o[0m
[21.896s] [ 20%] [32m[1mLinking CXX executable simulation[0m
[22.889s] [ 20%] Built target simulation
[22.921s] [ 30%] [32mBuilding CXX object CMakeFiles/control_exp.dir/src/control/control_exp_node.cpp.o[0m
[68.353s] [ 40%] [32m[1mLinking CXX executable control_exp[0m
[70.450s] [ 40%] Built target control_exp
[70.475s] [ 50%] [32mBuilding CXX object CMakeFiles/control_signal.dir/src/control/control_signal_node.cpp.o[0m
[81.488s] [ 60%] [32m[1mLinking CXX executable control_signal[0m
[82.378s] [ 60%] Built target control_signal
[82.423s] [ 70%] [32mBuilding CXX object CMakeFiles/control_lqr.dir/src/control/control_lqr_node.cpp.o[0m
[82.450s] [ 80%] [32mBuilding CXX object CMakeFiles/navigation.dir/src/navigation/navigation_node.cpp.o[0m
[116.718s] [ 90%] [32m[1mLinking CXX executable navigation[0m
[118.380s] [ 90%] Built target navigation
[120.105s] [100%] [32m[1mLinking CXX executable control_lqr[0m
[121.417s] [100%] Built target control_lqr
[121.427s] Invoked command in '/home/acl3-ubuntu/holohover_ws/src/holohover/build/holohover_gnc' returned '0': AMENT_PREFIX_PATH=/home/acl3-ubuntu/holohover_ws/src/holohover/install/ros_polympc:/home/acl3-ubuntu/holohover_ws/src/holohover/install/holohover_msgs:${AMENT_PREFIX_PATH} CMAKE_PREFIX_PATH=/home/acl3-ubuntu/holohover_ws/src/holohover/install/ros_polympc:/home/acl3-ubuntu/holohover_ws/src/holohover/install/holohover_msgs:/home/acl3-ubuntu/holohover_ws/install/bota_driver_testing:/home/acl3-ubuntu/holohover_ws/install/bota_driver:/home/acl3-ubuntu/holohover_ws/install/rokubimini_ethercat:/home/acl3-ubuntu/holohover_ws/install/soem:/home/acl3-ubuntu/holohover_ws/install/holohover_utils:/home/acl3-ubuntu/holohover_ws/install/holohover_gnc:/home/acl3-ubuntu/holohover_ws/install/ros_polympc:/home/acl3-ubuntu/holohover_ws/install/rokubimini_serial:/home/acl3-ubuntu/holohover_ws/install/rokubimini_msgs:/home/acl3-ubuntu/holohover_ws/install/rokubimini_description:/home/acl3-ubuntu/holohover_ws/install/rokubimini_bus_manager:/home/acl3-ubuntu/holohover_ws/install/rokubimini:/home/acl3-ubuntu/holohover_ws/install/mocap_optitrack:/home/acl3-ubuntu/holohover_ws/install/micro_ros_setup:/home/acl3-ubuntu/holohover_ws/install/micro_ros_agent:/home/acl3-ubuntu/holohover_ws/install/micro_ros_msgs:/home/acl3-ubuntu/holohover_ws/install/holohover_msgs:/home/acl3-ubuntu/holohover_ws/install/bota_node:/home/acl3-ubuntu/holohover_ws/install/bota_worker:/home/acl3-ubuntu/holohover_ws/install/bota_signal_handler:/opt/ros/humble LD_LIBRARY_PATH=/home/acl3-ubuntu/holohover_ws/src/holohover/install/holohover_msgs/lib:${LD_LIBRARY_PATH} PYTHONPATH=/home/acl3-ubuntu/holohover_ws/src/holohover/install/holohover_msgs/local/lib/python3.10/dist-packages:${PYTHONPATH} /usr/bin/cmake --build /home/acl3-ubuntu/holohover_ws/src/holohover/build/holohover_gnc -- -j8 -l8
[121.468s] Invoking command in '/home/acl3-ubuntu/holohover_ws/src/holohover/build/holohover_gnc': AMENT_PREFIX_PATH=/home/acl3-ubuntu/holohover_ws/src/holohover/install/ros_polympc:/home/acl3-ubuntu/holohover_ws/src/holohover/install/holohover_msgs:${AMENT_PREFIX_PATH} CMAKE_PREFIX_PATH=/home/acl3-ubuntu/holohover_ws/src/holohover/install/ros_polympc:/home/acl3-ubuntu/holohover_ws/src/holohover/install/holohover_msgs:/home/acl3-ubuntu/holohover_ws/install/bota_driver_testing:/home/acl3-ubuntu/holohover_ws/install/bota_driver:/home/acl3-ubuntu/holohover_ws/install/rokubimini_ethercat:/home/acl3-ubuntu/holohover_ws/install/soem:/home/acl3-ubuntu/holohover_ws/install/holohover_utils:/home/acl3-ubuntu/holohover_ws/install/holohover_gnc:/home/acl3-ubuntu/holohover_ws/install/ros_polympc:/home/acl3-ubuntu/holohover_ws/install/rokubimini_serial:/home/acl3-ubuntu/holohover_ws/install/rokubimini_msgs:/home/acl3-ubuntu/holohover_ws/install/rokubimini_description:/home/acl3-ubuntu/holohover_ws/install/rokubimini_bus_manager:/home/acl3-ubuntu/holohover_ws/install/rokubimini:/home/acl3-ubuntu/holohover_ws/install/mocap_optitrack:/home/acl3-ubuntu/holohover_ws/install/micro_ros_setup:/home/acl3-ubuntu/holohover_ws/install/micro_ros_agent:/home/acl3-ubuntu/holohover_ws/install/micro_ros_msgs:/home/acl3-ubuntu/holohover_ws/install/holohover_msgs:/home/acl3-ubuntu/holohover_ws/install/bota_node:/home/acl3-ubuntu/holohover_ws/install/bota_worker:/home/acl3-ubuntu/holohover_ws/install/bota_signal_handler:/opt/ros/humble LD_LIBRARY_PATH=/home/acl3-ubuntu/holohover_ws/src/holohover/install/holohover_msgs/lib:${LD_LIBRARY_PATH} PYTHONPATH=/home/acl3-ubuntu/holohover_ws/src/holohover/install/holohover_msgs/local/lib/python3.10/dist-packages:${PYTHONPATH} /usr/bin/cmake --install /home/acl3-ubuntu/holohover_ws/src/holohover/build/holohover_gnc
[121.476s] -- Install configuration: ""
[121.476s] -- Installing: /home/acl3-ubuntu/holohover_ws/src/holohover/install/holohover_gnc/include
[121.476s] -- Installing: /home/acl3-ubuntu/holohover_ws/src/holohover/install/holohover_gnc/include/holohover_gnc
[121.476s] -- Installing: /home/acl3-ubuntu/holohover_ws/src/holohover/install/holohover_gnc/include/holohover_gnc/utils
[121.477s] -- Installing: /home/acl3-ubuntu/holohover_ws/src/holohover/install/holohover_gnc/include/holohover_gnc/utils/load_holohover_props.hpp
[121.477s] -- Installing: /home/acl3-ubuntu/holohover_ws/src/holohover/install/holohover_gnc/include/holohover_gnc/riccati_solver.hpp
[121.477s] -- Installing: /home/acl3-ubuntu/holohover_ws/src/holohover/install/holohover_gnc/include/holohover_gnc/models
[121.477s] -- Installing: /home/acl3-ubuntu/holohover_ws/src/holohover/install/holohover_gnc/include/holohover_gnc/models/holohover_model.hpp
[121.477s] -- Installing: /home/acl3-ubuntu/holohover_ws/src/holohover/install/holohover_gnc/share/holohover_gnc/config
[121.477s] -- Installing: /home/acl3-ubuntu/holohover_ws/src/holohover/install/holohover_gnc/share/holohover_gnc/config/simulation_config.yaml
[121.477s] -- Installing: /home/acl3-ubuntu/holohover_ws/src/holohover/install/holohover_gnc/share/holohover_gnc/config/navigation_config.yaml
[121.477s] -- Installing: /home/acl3-ubuntu/holohover_ws/src/holohover/install/holohover_gnc/share/holohover_gnc/config/control_lqr_config.yaml
[121.477s] -- Installing: /home/acl3-ubuntu/holohover_ws/src/holohover/install/holohover_gnc/share/holohover_gnc/config/holohover_params.yaml
[121.477s] -- Installing: /home/acl3-ubuntu/holohover_ws/src/holohover/install/holohover_gnc/share/holohover_gnc/config/navigation_config_old.yaml
[121.477s] -- Installing: /home/acl3-ubuntu/holohover_ws/src/holohover/install/holohover_gnc/lib/holohover_gnc/simulation
[121.483s] -- Set runtime path of "/home/acl3-ubuntu/holohover_ws/src/holohover/install/holohover_gnc/lib/holohover_gnc/simulation" to ""
[121.483s] -- Installing: /home/acl3-ubuntu/holohover_ws/src/holohover/install/holohover_gnc/lib/holohover_gnc/navigation
[121.493s] -- Set runtime path of "/home/acl3-ubuntu/holohover_ws/src/holohover/install/holohover_gnc/lib/holohover_gnc/navigation" to ""
[121.493s] -- Installing: /home/acl3-ubuntu/holohover_ws/src/holohover/install/holohover_gnc/lib/holohover_gnc/control_lqr
[121.501s] -- Set runtime path of "/home/acl3-ubuntu/holohover_ws/src/holohover/install/holohover_gnc/lib/holohover_gnc/control_lqr" to ""
[121.502s] -- Installing: /home/acl3-ubuntu/holohover_ws/src/holohover/install/holohover_gnc/lib/holohover_gnc/control_signal
[121.504s] -- Set runtime path of "/home/acl3-ubuntu/holohover_ws/src/holohover/install/holohover_gnc/lib/holohover_gnc/control_signal" to ""
[121.504s] -- Installing: /home/acl3-ubuntu/holohover_ws/src/holohover/install/holohover_gnc/lib/holohover_gnc/control_exp
[121.513s] -- Set runtime path of "/home/acl3-ubuntu/holohover_ws/src/holohover/install/holohover_gnc/lib/holohover_gnc/control_exp" to ""
[121.513s] -- Installing: /home/acl3-ubuntu/holohover_ws/src/holohover/install/holohover_gnc/share/ament_index/resource_index/package_run_dependencies/holohover_gnc
[121.513s] -- Installing: /home/acl3-ubuntu/holohover_ws/src/holohover/install/holohover_gnc/share/ament_index/resource_index/parent_prefix_path/holohover_gnc
[121.513s] -- Installing: /home/acl3-ubuntu/holohover_ws/src/holohover/install/holohover_gnc/share/holohover_gnc/environment/ament_prefix_path.sh
[121.513s] -- Installing: /home/acl3-ubuntu/holohover_ws/src/holohover/install/holohover_gnc/share/holohover_gnc/environment/ament_prefix_path.dsv
[121.513s] -- Installing: /home/acl3-ubuntu/holohover_ws/src/holohover/install/holohover_gnc/share/holohover_gnc/environment/path.sh
[121.513s] -- Installing: /home/acl3-ubuntu/holohover_ws/src/holohover/install/holohover_gnc/share/holohover_gnc/environment/path.dsv
[121.513s] -- Installing: /home/acl3-ubuntu/holohover_ws/src/holohover/install/holohover_gnc/share/holohover_gnc/local_setup.bash
[121.514s] -- Installing: /home/acl3-ubuntu/holohover_ws/src/holohover/install/holohover_gnc/share/holohover_gnc/local_setup.sh
[121.514s] -- Installing: /home/acl3-ubuntu/holohover_ws/src/holohover/install/holohover_gnc/share/holohover_gnc/local_setup.zsh
[121.514s] -- Installing: /home/acl3-ubuntu/holohover_ws/src/holohover/install/holohover_gnc/share/holohover_gnc/local_setup.dsv
[121.514s] -- Installing: /home/acl3-ubuntu/holohover_ws/src/holohover/install/holohover_gnc/share/holohover_gnc/package.dsv
[121.514s] -- Installing: /home/acl3-ubuntu/holohover_ws/src/holohover/install/holohover_gnc/share/ament_index/resource_index/packages/holohover_gnc
[121.514s] -- Installing: /home/acl3-ubuntu/holohover_ws/src/holohover/install/holohover_gnc/share/holohover_gnc/cmake/ament_cmake_export_include_directories-extras.cmake
[121.514s] -- Installing: /home/acl3-ubuntu/holohover_ws/src/holohover/install/holohover_gnc/share/holohover_gnc/cmake/holohover_gncConfig.cmake
[121.514s] -- Installing: /home/acl3-ubuntu/holohover_ws/src/holohover/install/holohover_gnc/share/holohover_gnc/cmake/holohover_gncConfig-version.cmake
[121.515s] -- Installing: /home/acl3-ubuntu/holohover_ws/src/holohover/install/holohover_gnc/share/holohover_gnc/package.xml
[121.519s] Invoked command in '/home/acl3-ubuntu/holohover_ws/src/holohover/build/holohover_gnc' returned '0': AMENT_PREFIX_PATH=/home/acl3-ubuntu/holohover_ws/src/holohover/install/ros_polympc:/home/acl3-ubuntu/holohover_ws/src/holohover/install/holohover_msgs:${AMENT_PREFIX_PATH} CMAKE_PREFIX_PATH=/home/acl3-ubuntu/holohover_ws/src/holohover/install/ros_polympc:/home/acl3-ubuntu/holohover_ws/src/holohover/install/holohover_msgs:/home/acl3-ubuntu/holohover_ws/install/bota_driver_testing:/home/acl3-ubuntu/holohover_ws/install/bota_driver:/home/acl3-ubuntu/holohover_ws/install/rokubimini_ethercat:/home/acl3-ubuntu/holohover_ws/install/soem:/home/acl3-ubuntu/holohover_ws/install/holohover_utils:/home/acl3-ubuntu/holohover_ws/install/holohover_gnc:/home/acl3-ubuntu/holohover_ws/install/ros_polympc:/home/acl3-ubuntu/holohover_ws/install/rokubimini_serial:/home/acl3-ubuntu/holohover_ws/install/rokubimini_msgs:/home/acl3-ubuntu/holohover_ws/install/rokubimini_description:/home/acl3-ubuntu/holohover_ws/install/rokubimini_bus_manager:/home/acl3-ubuntu/holohover_ws/install/rokubimini:/home/acl3-ubuntu/holohover_ws/install/mocap_optitrack:/home/acl3-ubuntu/holohover_ws/install/micro_ros_setup:/home/acl3-ubuntu/holohover_ws/install/micro_ros_agent:/home/acl3-ubuntu/holohover_ws/install/micro_ros_msgs:/home/acl3-ubuntu/holohover_ws/install/holohover_msgs:/home/acl3-ubuntu/holohover_ws/install/bota_node:/home/acl3-ubuntu/holohover_ws/install/bota_worker:/home/acl3-ubuntu/holohover_ws/install/bota_signal_handler:/opt/ros/humble LD_LIBRARY_PATH=/home/acl3-ubuntu/holohover_ws/src/holohover/install/holohover_msgs/lib:${LD_LIBRARY_PATH} PYTHONPATH=/home/acl3-ubuntu/holohover_ws/src/holohover/install/holohover_msgs/local/lib/python3.10/dist-packages:${PYTHONPATH} /usr/bin/cmake --install /home/acl3-ubuntu/holohover_ws/src/holohover/build/holohover_gnc
