[0.636s] DEBUG:colcon:Command line arguments: ['/usr/bin/colcon', 'build']
[0.636s] DEBUG:colcon:Parsed command line arguments: Namespace(log_base=None, log_level=None, verb_name='build', build_base='build', install_base='install', merge_install=False, symlink_install=False, test_result_base=None, continue_on_error=False, executor='parallel', parallel_workers=8, event_handlers=None, ignore_user_meta=False, metas=['./colcon.meta'], base_paths=['.'], packages_ignore=None, packages_ignore_regex=None, paths=None, packages_up_to=None, packages_up_to_regex=None, packages_above=None, packages_above_and_dependencies=None, packages_above_depth=None, packages_select_by_dep=None, packages_skip_by_dep=None, packages_skip_up_to=None, packages_select_build_failed=False, packages_skip_build_finished=False, packages_select_test_failures=False, packages_skip_test_passed=False, packages_select=None, packages_skip=None, packages_select_regex=None, packages_skip_regex=None, packages_start=None, packages_end=None, allow_overriding=[], cmake_args=None, cmake_target=None, cmake_target_skip_unavailable=False, cmake_clean_cache=False, cmake_clean_first=False, cmake_force_configure=False, ament_cmake_args=None, catkin_cmake_args=None, catkin_skip_building_tests=False, verb_parser=<colcon_defaults.argument_parser.defaults.DefaultArgumentsDecorator object at 0x7f24c14f3d60>, verb_extension=<colcon_core.verb.build.BuildVerb object at 0x7f24c1d46d40>, main=<bound method BuildVerb.main of <colcon_core.verb.build.BuildVerb object at 0x7f24c1d46d40>>)
[0.901s] Level 1:colcon.colcon_core.package_discovery:discover_packages(colcon_meta) check parameters
[0.901s] Level 1:colcon.colcon_core.package_discovery:discover_packages(recursive) check parameters
[0.901s] Level 1:colcon.colcon_core.package_discovery:discover_packages(ignore) check parameters
[0.901s] Level 1:colcon.colcon_core.package_discovery:discover_packages(path) check parameters
[0.901s] Level 1:colcon.colcon_core.package_discovery:discover_packages(colcon_meta) discover
[0.901s] Level 1:colcon.colcon_core.package_discovery:discover_packages(recursive) discover
[0.901s] INFO:colcon.colcon_core.package_discovery:Crawling recursively for packages in '/home/acl3-ubuntu/holohover_ws/src/holohover'
[0.901s] Level 1:colcon.colcon_core.package_identification:_identify(.) by extensions ['ignore', 'ignore_ament_install']
[0.901s] Level 1:colcon.colcon_core.package_identification:_identify(.) by extension 'ignore'
[0.901s] Level 1:colcon.colcon_core.package_identification:_identify(.) by extension 'ignore_ament_install'
[0.901s] Level 1:colcon.colcon_core.package_identification:_identify(.) by extensions ['colcon_pkg']
[0.901s] Level 1:colcon.colcon_core.package_identification:_identify(.) by extension 'colcon_pkg'
[0.901s] Level 1:colcon.colcon_core.package_identification:_identify(.) by extensions ['colcon_meta']
[0.901s] Level 1:colcon.colcon_core.package_identification:_identify(.) by extension 'colcon_meta'
[0.902s] Level 1:colcon.colcon_core.package_identification:_identify(.) by extensions ['ros']
[0.902s] Level 1:colcon.colcon_core.package_identification:_identify(.) by extension 'ros'
[0.912s] Level 1:colcon.colcon_core.package_identification:_identify(.) by extensions ['cmake', 'python']
[0.912s] Level 1:colcon.colcon_core.package_identification:_identify(.) by extension 'cmake'
[0.912s] Level 1:colcon.colcon_core.package_identification:_identify(.) by extension 'python'
[0.912s] Level 1:colcon.colcon_core.package_identification:_identify(.) by extensions ['python_setup_py']
[0.912s] Level 1:colcon.colcon_core.package_identification:_identify(.) by extension 'python_setup_py'
[0.912s] Level 1:colcon.colcon_core.package_identification:_identify(bota_driver) by extensions ['ignore', 'ignore_ament_install']
[0.912s] Level 1:colcon.colcon_core.package_identification:_identify(bota_driver) by extension 'ignore'
[0.912s] Level 1:colcon.colcon_core.package_identification:_identify(bota_driver) by extension 'ignore_ament_install'
[0.912s] Level 1:colcon.colcon_core.package_identification:_identify(bota_driver) by extensions ['colcon_pkg']
[0.912s] Level 1:colcon.colcon_core.package_identification:_identify(bota_driver) by extension 'colcon_pkg'
[0.912s] Level 1:colcon.colcon_core.package_identification:_identify(bota_driver) by extensions ['colcon_meta']
[0.912s] Level 1:colcon.colcon_core.package_identification:_identify(bota_driver) by extension 'colcon_meta'
[0.912s] Level 1:colcon.colcon_core.package_identification:_identify(bota_driver) by extensions ['ros']
[0.912s] Level 1:colcon.colcon_core.package_identification:_identify(bota_driver) by extension 'ros'
[0.912s] Level 1:colcon.colcon_core.package_identification:_identify(bota_driver) by extensions ['cmake', 'python']
[0.912s] Level 1:colcon.colcon_core.package_identification:_identify(bota_driver) by extension 'cmake'
[0.912s] Level 1:colcon.colcon_core.package_identification:_identify(bota_driver) by extension 'python'
[0.912s] Level 1:colcon.colcon_core.package_identification:_identify(bota_driver) by extensions ['python_setup_py']
[0.912s] Level 1:colcon.colcon_core.package_identification:_identify(bota_driver) by extension 'python_setup_py'
[0.913s] Level 1:colcon.colcon_core.package_identification:_identify(build) by extensions ['ignore', 'ignore_ament_install']
[0.913s] Level 1:colcon.colcon_core.package_identification:_identify(build) by extension 'ignore'
[0.913s] Level 1:colcon.colcon_core.package_identification:_identify(build) ignored
[0.913s] Level 1:colcon.colcon_core.package_identification:_identify(firmware) by extensions ['ignore', 'ignore_ament_install']
[0.913s] Level 1:colcon.colcon_core.package_identification:_identify(firmware) by extension 'ignore'
[0.913s] Level 1:colcon.colcon_core.package_identification:_identify(firmware) ignored
[0.913s] Level 1:colcon.colcon_core.package_identification:_identify(holohover_gnc) by extensions ['ignore', 'ignore_ament_install']
[0.913s] Level 1:colcon.colcon_core.package_identification:_identify(holohover_gnc) by extension 'ignore'
[0.913s] Level 1:colcon.colcon_core.package_identification:_identify(holohover_gnc) by extension 'ignore_ament_install'
[0.913s] Level 1:colcon.colcon_core.package_identification:_identify(holohover_gnc) by extensions ['colcon_pkg']
[0.913s] Level 1:colcon.colcon_core.package_identification:_identify(holohover_gnc) by extension 'colcon_pkg'
[0.913s] Level 1:colcon.colcon_core.package_identification:_identify(holohover_gnc) by extensions ['colcon_meta']
[0.913s] Level 1:colcon.colcon_core.package_identification:_identify(holohover_gnc) by extension 'colcon_meta'
[0.913s] Level 1:colcon.colcon_core.package_identification:_identify(holohover_gnc) by extensions ['ros']
[0.913s] Level 1:colcon.colcon_core.package_identification:_identify(holohover_gnc) by extension 'ros'
[0.916s] DEBUG:colcon.colcon_core.package_identification:Package 'holohover_gnc' with type 'ros.ament_cmake' and name 'holohover_gnc'
[0.916s] Level 1:colcon.colcon_core.package_identification:_identify(holohover_msgs) by extensions ['ignore', 'ignore_ament_install']
[0.916s] Level 1:colcon.colcon_core.package_identification:_identify(holohover_msgs) by extension 'ignore'
[0.916s] Level 1:colcon.colcon_core.package_identification:_identify(holohover_msgs) by extension 'ignore_ament_install'
[0.916s] Level 1:colcon.colcon_core.package_identification:_identify(holohover_msgs) by extensions ['colcon_pkg']
[0.916s] Level 1:colcon.colcon_core.package_identification:_identify(holohover_msgs) by extension 'colcon_pkg'
[0.916s] Level 1:colcon.colcon_core.package_identification:_identify(holohover_msgs) by extensions ['colcon_meta']
[0.916s] Level 1:colcon.colcon_core.package_identification:_identify(holohover_msgs) by extension 'colcon_meta'
[0.916s] Level 1:colcon.colcon_core.package_identification:_identify(holohover_msgs) by extensions ['ros']
[0.916s] Level 1:colcon.colcon_core.package_identification:_identify(holohover_msgs) by extension 'ros'
[0.917s] DEBUG:colcon.colcon_core.package_identification:Package 'holohover_msgs' with type 'ros.ament_cmake' and name 'holohover_msgs'
[0.917s] Level 1:colcon.colcon_core.package_identification:_identify(holohover_utils) by extensions ['ignore', 'ignore_ament_install']
[0.917s] Level 1:colcon.colcon_core.package_identification:_identify(holohover_utils) by extension 'ignore'
[0.917s] Level 1:colcon.colcon_core.package_identification:_identify(holohover_utils) by extension 'ignore_ament_install'
[0.917s] Level 1:colcon.colcon_core.package_identification:_identify(holohover_utils) by extensions ['colcon_pkg']
[0.917s] Level 1:colcon.colcon_core.package_identification:_identify(holohover_utils) by extension 'colcon_pkg'
[0.917s] Level 1:colcon.colcon_core.package_identification:_identify(holohover_utils) by extensions ['colcon_meta']
[0.917s] Level 1:colcon.colcon_core.package_identification:_identify(holohover_utils) by extension 'colcon_meta'
[0.917s] Level 1:colcon.colcon_core.package_identification:_identify(holohover_utils) by extensions ['ros']
[0.917s] Level 1:colcon.colcon_core.package_identification:_identify(holohover_utils) by extension 'ros'
[0.918s] DEBUG:colcon.colcon_core.package_identification:Package 'holohover_utils' with type 'ros.ament_cmake' and name 'holohover_utils'
[0.918s] Level 1:colcon.colcon_core.package_identification:_identify(install) by extensions ['ignore', 'ignore_ament_install']
[0.918s] Level 1:colcon.colcon_core.package_identification:_identify(install) by extension 'ignore'
[0.918s] Level 1:colcon.colcon_core.package_identification:_identify(install) ignored
[0.919s] Level 1:colcon.colcon_core.package_identification:_identify(log) by extensions ['ignore', 'ignore_ament_install']
[0.919s] Level 1:colcon.colcon_core.package_identification:_identify(log) by extension 'ignore'
[0.919s] Level 1:colcon.colcon_core.package_identification:_identify(log) ignored
[0.919s] Level 1:colcon.colcon_core.package_identification:_identify(micro_ros) by extensions ['ignore', 'ignore_ament_install']
[0.919s] Level 1:colcon.colcon_core.package_identification:_identify(micro_ros) by extension 'ignore'
[0.919s] Level 1:colcon.colcon_core.package_identification:_identify(micro_ros) by extension 'ignore_ament_install'
[0.919s] Level 1:colcon.colcon_core.package_identification:_identify(micro_ros) by extensions ['colcon_pkg']
[0.919s] Level 1:colcon.colcon_core.package_identification:_identify(micro_ros) by extension 'colcon_pkg'
[0.919s] Level 1:colcon.colcon_core.package_identification:_identify(micro_ros) by extensions ['colcon_meta']
[0.919s] Level 1:colcon.colcon_core.package_identification:_identify(micro_ros) by extension 'colcon_meta'
[0.919s] Level 1:colcon.colcon_core.package_identification:_identify(micro_ros) by extensions ['ros']
[0.919s] Level 1:colcon.colcon_core.package_identification:_identify(micro_ros) by extension 'ros'
[0.919s] Level 1:colcon.colcon_core.package_identification:_identify(micro_ros) by extensions ['cmake', 'python']
[0.919s] Level 1:colcon.colcon_core.package_identification:_identify(micro_ros) by extension 'cmake'
[0.919s] Level 1:colcon.colcon_core.package_identification:_identify(micro_ros) by extension 'python'
[0.919s] Level 1:colcon.colcon_core.package_identification:_identify(micro_ros) by extensions ['python_setup_py']
[0.919s] Level 1:colcon.colcon_core.package_identification:_identify(micro_ros) by extension 'python_setup_py'
[0.919s] Level 1:colcon.colcon_core.package_identification:_identify(micro_ros/micro_ros_agent) by extensions ['ignore', 'ignore_ament_install']
[0.919s] Level 1:colcon.colcon_core.package_identification:_identify(micro_ros/micro_ros_agent) by extension 'ignore'
[0.920s] Level 1:colcon.colcon_core.package_identification:_identify(micro_ros/micro_ros_agent) by extension 'ignore_ament_install'
[0.920s] Level 1:colcon.colcon_core.package_identification:_identify(micro_ros/micro_ros_agent) by extensions ['colcon_pkg']
[0.920s] Level 1:colcon.colcon_core.package_identification:_identify(micro_ros/micro_ros_agent) by extension 'colcon_pkg'
[0.920s] Level 1:colcon.colcon_core.package_identification:_identify(micro_ros/micro_ros_agent) by extensions ['colcon_meta']
[0.920s] Level 1:colcon.colcon_core.package_identification:_identify(micro_ros/micro_ros_agent) by extension 'colcon_meta'
[0.920s] Level 1:colcon.colcon_core.package_identification:_identify(micro_ros/micro_ros_agent) by extensions ['ros']
[0.920s] Level 1:colcon.colcon_core.package_identification:_identify(micro_ros/micro_ros_agent) by extension 'ros'
[0.920s] Level 1:colcon.colcon_core.package_identification:_identify(micro_ros/micro_ros_agent) by extensions ['cmake', 'python']
[0.920s] Level 1:colcon.colcon_core.package_identification:_identify(micro_ros/micro_ros_agent) by extension 'cmake'
[0.920s] Level 1:colcon.colcon_core.package_identification:_identify(micro_ros/micro_ros_agent) by extension 'python'
[0.920s] Level 1:colcon.colcon_core.package_identification:_identify(micro_ros/micro_ros_agent) by extensions ['python_setup_py']
[0.920s] Level 1:colcon.colcon_core.package_identification:_identify(micro_ros/micro_ros_agent) by extension 'python_setup_py'
[0.920s] Level 1:colcon.colcon_core.package_identification:_identify(micro_ros/micro_ros_agent/micro_ros_agent) by extensions ['ignore', 'ignore_ament_install']
[0.920s] Level 1:colcon.colcon_core.package_identification:_identify(micro_ros/micro_ros_agent/micro_ros_agent) by extension 'ignore'
[0.920s] Level 1:colcon.colcon_core.package_identification:_identify(micro_ros/micro_ros_agent/micro_ros_agent) by extension 'ignore_ament_install'
[0.920s] Level 1:colcon.colcon_core.package_identification:_identify(micro_ros/micro_ros_agent/micro_ros_agent) by extensions ['colcon_pkg']
[0.920s] Level 1:colcon.colcon_core.package_identification:_identify(micro_ros/micro_ros_agent/micro_ros_agent) by extension 'colcon_pkg'
[0.920s] Level 1:colcon.colcon_core.package_identification:_identify(micro_ros/micro_ros_agent/micro_ros_agent) by extensions ['colcon_meta']
[0.920s] Level 1:colcon.colcon_core.package_identification:_identify(micro_ros/micro_ros_agent/micro_ros_agent) by extension 'colcon_meta'
[0.920s] Level 1:colcon.colcon_core.package_identification:_identify(micro_ros/micro_ros_agent/micro_ros_agent) by extensions ['ros']
[0.920s] Level 1:colcon.colcon_core.package_identification:_identify(micro_ros/micro_ros_agent/micro_ros_agent) by extension 'ros'
[0.921s] DEBUG:colcon.colcon_core.package_identification:Package 'micro_ros/micro_ros_agent/micro_ros_agent' with type 'ros.ament_cmake' and name 'micro_ros_agent'
[0.921s] Level 1:colcon.colcon_core.package_identification:_identify(micro_ros/micro_ros_agent/snap) by extensions ['ignore', 'ignore_ament_install']
[0.921s] Level 1:colcon.colcon_core.package_identification:_identify(micro_ros/micro_ros_agent/snap) by extension 'ignore'
[0.921s] Level 1:colcon.colcon_core.package_identification:_identify(micro_ros/micro_ros_agent/snap) by extension 'ignore_ament_install'
[0.921s] Level 1:colcon.colcon_core.package_identification:_identify(micro_ros/micro_ros_agent/snap) by extensions ['colcon_pkg']
[0.921s] Level 1:colcon.colcon_core.package_identification:_identify(micro_ros/micro_ros_agent/snap) by extension 'colcon_pkg'
[0.921s] Level 1:colcon.colcon_core.package_identification:_identify(micro_ros/micro_ros_agent/snap) by extensions ['colcon_meta']
[0.922s] Level 1:colcon.colcon_core.package_identification:_identify(micro_ros/micro_ros_agent/snap) by extension 'colcon_meta'
[0.922s] Level 1:colcon.colcon_core.package_identification:_identify(micro_ros/micro_ros_agent/snap) by extensions ['ros']
[0.922s] Level 1:colcon.colcon_core.package_identification:_identify(micro_ros/micro_ros_agent/snap) by extension 'ros'
[0.922s] Level 1:colcon.colcon_core.package_identification:_identify(micro_ros/micro_ros_agent/snap) by extensions ['cmake', 'python']
[0.922s] Level 1:colcon.colcon_core.package_identification:_identify(micro_ros/micro_ros_agent/snap) by extension 'cmake'
[0.922s] Level 1:colcon.colcon_core.package_identification:_identify(micro_ros/micro_ros_agent/snap) by extension 'python'
[0.922s] Level 1:colcon.colcon_core.package_identification:_identify(micro_ros/micro_ros_agent/snap) by extensions ['python_setup_py']
[0.922s] Level 1:colcon.colcon_core.package_identification:_identify(micro_ros/micro_ros_agent/snap) by extension 'python_setup_py'
[0.922s] Level 1:colcon.colcon_core.package_identification:_identify(micro_ros/micro_ros_agent/snap/hooks) by extensions ['ignore', 'ignore_ament_install']
[0.922s] Level 1:colcon.colcon_core.package_identification:_identify(micro_ros/micro_ros_agent/snap/hooks) by extension 'ignore'
[0.922s] Level 1:colcon.colcon_core.package_identification:_identify(micro_ros/micro_ros_agent/snap/hooks) by extension 'ignore_ament_install'
[0.922s] Level 1:colcon.colcon_core.package_identification:_identify(micro_ros/micro_ros_agent/snap/hooks) by extensions ['colcon_pkg']
[0.922s] Level 1:colcon.colcon_core.package_identification:_identify(micro_ros/micro_ros_agent/snap/hooks) by extension 'colcon_pkg'
[0.922s] Level 1:colcon.colcon_core.package_identification:_identify(micro_ros/micro_ros_agent/snap/hooks) by extensions ['colcon_meta']
[0.922s] Level 1:colcon.colcon_core.package_identification:_identify(micro_ros/micro_ros_agent/snap/hooks) by extension 'colcon_meta'
[0.922s] Level 1:colcon.colcon_core.package_identification:_identify(micro_ros/micro_ros_agent/snap/hooks) by extensions ['ros']
[0.922s] Level 1:colcon.colcon_core.package_identification:_identify(micro_ros/micro_ros_agent/snap/hooks) by extension 'ros'
[0.922s] Level 1:colcon.colcon_core.package_identification:_identify(micro_ros/micro_ros_agent/snap/hooks) by extensions ['cmake', 'python']
[0.922s] Level 1:colcon.colcon_core.package_identification:_identify(micro_ros/micro_ros_agent/snap/hooks) by extension 'cmake'
[0.922s] Level 1:colcon.colcon_core.package_identification:_identify(micro_ros/micro_ros_agent/snap/hooks) by extension 'python'
[0.922s] Level 1:colcon.colcon_core.package_identification:_identify(micro_ros/micro_ros_agent/snap/hooks) by extensions ['python_setup_py']
[0.922s] Level 1:colcon.colcon_core.package_identification:_identify(micro_ros/micro_ros_agent/snap/hooks) by extension 'python_setup_py'
[0.923s] Level 1:colcon.colcon_core.package_identification:_identify(micro_ros/micro_ros_agent/snap/local) by extensions ['ignore', 'ignore_ament_install']
[0.923s] Level 1:colcon.colcon_core.package_identification:_identify(micro_ros/micro_ros_agent/snap/local) by extension 'ignore'
[0.923s] Level 1:colcon.colcon_core.package_identification:_identify(micro_ros/micro_ros_agent/snap/local) by extension 'ignore_ament_install'
[0.923s] Level 1:colcon.colcon_core.package_identification:_identify(micro_ros/micro_ros_agent/snap/local) by extensions ['colcon_pkg']
[0.923s] Level 1:colcon.colcon_core.package_identification:_identify(micro_ros/micro_ros_agent/snap/local) by extension 'colcon_pkg'
[0.923s] Level 1:colcon.colcon_core.package_identification:_identify(micro_ros/micro_ros_agent/snap/local) by extensions ['colcon_meta']
[0.923s] Level 1:colcon.colcon_core.package_identification:_identify(micro_ros/micro_ros_agent/snap/local) by extension 'colcon_meta'
[0.923s] Level 1:colcon.colcon_core.package_identification:_identify(micro_ros/micro_ros_agent/snap/local) by extensions ['ros']
[0.923s] Level 1:colcon.colcon_core.package_identification:_identify(micro_ros/micro_ros_agent/snap/local) by extension 'ros'
[0.923s] Level 1:colcon.colcon_core.package_identification:_identify(micro_ros/micro_ros_agent/snap/local) by extensions ['cmake', 'python']
[0.923s] Level 1:colcon.colcon_core.package_identification:_identify(micro_ros/micro_ros_agent/snap/local) by extension 'cmake'
[0.923s] Level 1:colcon.colcon_core.package_identification:_identify(micro_ros/micro_ros_agent/snap/local) by extension 'python'
[0.923s] Level 1:colcon.colcon_core.package_identification:_identify(micro_ros/micro_ros_agent/snap/local) by extensions ['python_setup_py']
[0.923s] Level 1:colcon.colcon_core.package_identification:_identify(micro_ros/micro_ros_agent/snap/local) by extension 'python_setup_py'
[0.923s] Level 1:colcon.colcon_core.package_identification:_identify(micro_ros/micro_ros_msgs) by extensions ['ignore', 'ignore_ament_install']
[0.923s] Level 1:colcon.colcon_core.package_identification:_identify(micro_ros/micro_ros_msgs) by extension 'ignore'
[0.923s] Level 1:colcon.colcon_core.package_identification:_identify(micro_ros/micro_ros_msgs) by extension 'ignore_ament_install'
[0.923s] Level 1:colcon.colcon_core.package_identification:_identify(micro_ros/micro_ros_msgs) by extensions ['colcon_pkg']
[0.924s] Level 1:colcon.colcon_core.package_identification:_identify(micro_ros/micro_ros_msgs) by extension 'colcon_pkg'
[0.924s] Level 1:colcon.colcon_core.package_identification:_identify(micro_ros/micro_ros_msgs) by extensions ['colcon_meta']
[0.924s] Level 1:colcon.colcon_core.package_identification:_identify(micro_ros/micro_ros_msgs) by extension 'colcon_meta'
[0.924s] Level 1:colcon.colcon_core.package_identification:_identify(micro_ros/micro_ros_msgs) by extensions ['ros']
[0.924s] Level 1:colcon.colcon_core.package_identification:_identify(micro_ros/micro_ros_msgs) by extension 'ros'
[0.924s] DEBUG:colcon.colcon_core.package_identification:Package 'micro_ros/micro_ros_msgs' with type 'ros.ament_cmake' and name 'micro_ros_msgs'
[0.924s] Level 1:colcon.colcon_core.package_identification:_identify(micro_ros_setup) by extensions ['ignore', 'ignore_ament_install']
[0.924s] Level 1:colcon.colcon_core.package_identification:_identify(micro_ros_setup) by extension 'ignore'
[0.924s] Level 1:colcon.colcon_core.package_identification:_identify(micro_ros_setup) by extension 'ignore_ament_install'
[0.924s] Level 1:colcon.colcon_core.package_identification:_identify(micro_ros_setup) by extensions ['colcon_pkg']
[0.924s] Level 1:colcon.colcon_core.package_identification:_identify(micro_ros_setup) by extension 'colcon_pkg'
[0.924s] Level 1:colcon.colcon_core.package_identification:_identify(micro_ros_setup) by extensions ['colcon_meta']
[0.925s] Level 1:colcon.colcon_core.package_identification:_identify(micro_ros_setup) by extension 'colcon_meta'
[0.925s] Level 1:colcon.colcon_core.package_identification:_identify(micro_ros_setup) by extensions ['ros']
[0.925s] Level 1:colcon.colcon_core.package_identification:_identify(micro_ros_setup) by extension 'ros'
[0.925s] DEBUG:colcon.colcon_core.package_identification:Package 'micro_ros_setup' with type 'ros.ament_cmake' and name 'micro_ros_setup'
[0.925s] Level 1:colcon.colcon_core.package_identification:_identify(mocap_optitrack) by extensions ['ignore', 'ignore_ament_install']
[0.925s] Level 1:colcon.colcon_core.package_identification:_identify(mocap_optitrack) by extension 'ignore'
[0.926s] Level 1:colcon.colcon_core.package_identification:_identify(mocap_optitrack) by extension 'ignore_ament_install'
[0.926s] Level 1:colcon.colcon_core.package_identification:_identify(mocap_optitrack) by extensions ['colcon_pkg']
[0.926s] Level 1:colcon.colcon_core.package_identification:_identify(mocap_optitrack) by extension 'colcon_pkg'
[0.926s] Level 1:colcon.colcon_core.package_identification:_identify(mocap_optitrack) by extensions ['colcon_meta']
[0.926s] Level 1:colcon.colcon_core.package_identification:_identify(mocap_optitrack) by extension 'colcon_meta'
[0.926s] Level 1:colcon.colcon_core.package_identification:_identify(mocap_optitrack) by extensions ['ros']
[0.926s] Level 1:colcon.colcon_core.package_identification:_identify(mocap_optitrack) by extension 'ros'
[0.927s] DEBUG:colcon.colcon_core.package_identification:Package 'mocap_optitrack' with type 'ros.ament_cmake' and name 'mocap_optitrack'
[0.927s] Level 1:colcon.colcon_core.package_identification:_identify(ros_polympc) by extensions ['ignore', 'ignore_ament_install']
[0.927s] Level 1:colcon.colcon_core.package_identification:_identify(ros_polympc) by extension 'ignore'
[0.927s] Level 1:colcon.colcon_core.package_identification:_identify(ros_polympc) by extension 'ignore_ament_install'
[0.927s] Level 1:colcon.colcon_core.package_identification:_identify(ros_polympc) by extensions ['colcon_pkg']
[0.927s] Level 1:colcon.colcon_core.package_identification:_identify(ros_polympc) by extension 'colcon_pkg'
[0.927s] Level 1:colcon.colcon_core.package_identification:_identify(ros_polympc) by extensions ['colcon_meta']
[0.927s] Level 1:colcon.colcon_core.package_identification:_identify(ros_polympc) by extension 'colcon_meta'
[0.927s] Level 1:colcon.colcon_core.package_identification:_identify(ros_polympc) by extensions ['ros']
[0.927s] Level 1:colcon.colcon_core.package_identification:_identify(ros_polympc) by extension 'ros'
[0.927s] DEBUG:colcon.colcon_core.package_identification:Package 'ros_polympc' with type 'ros.ament_cmake' and name 'ros_polympc'
[0.927s] Level 1:colcon.colcon_core.package_identification:_identify(rosbag2_2023_04_06-14_38_56) by extensions ['ignore', 'ignore_ament_install']
[0.928s] Level 1:colcon.colcon_core.package_identification:_identify(rosbag2_2023_04_06-14_38_56) by extension 'ignore'
[0.928s] Level 1:colcon.colcon_core.package_identification:_identify(rosbag2_2023_04_06-14_38_56) by extension 'ignore_ament_install'
[0.928s] Level 1:colcon.colcon_core.package_identification:_identify(rosbag2_2023_04_06-14_38_56) by extensions ['colcon_pkg']
[0.928s] Level 1:colcon.colcon_core.package_identification:_identify(rosbag2_2023_04_06-14_38_56) by extension 'colcon_pkg'
[0.928s] Level 1:colcon.colcon_core.package_identification:_identify(rosbag2_2023_04_06-14_38_56) by extensions ['colcon_meta']
[0.928s] Level 1:colcon.colcon_core.package_identification:_identify(rosbag2_2023_04_06-14_38_56) by extension 'colcon_meta'
[0.928s] Level 1:colcon.colcon_core.package_identification:_identify(rosbag2_2023_04_06-14_38_56) by extensions ['ros']
[0.928s] Level 1:colcon.colcon_core.package_identification:_identify(rosbag2_2023_04_06-14_38_56) by extension 'ros'
[0.928s] Level 1:colcon.colcon_core.package_identification:_identify(rosbag2_2023_04_06-14_38_56) by extensions ['cmake', 'python']
[0.928s] Level 1:colcon.colcon_core.package_identification:_identify(rosbag2_2023_04_06-14_38_56) by extension 'cmake'
[0.928s] Level 1:colcon.colcon_core.package_identification:_identify(rosbag2_2023_04_06-14_38_56) by extension 'python'
[0.928s] Level 1:colcon.colcon_core.package_identification:_identify(rosbag2_2023_04_06-14_38_56) by extensions ['python_setup_py']
[0.928s] Level 1:colcon.colcon_core.package_identification:_identify(rosbag2_2023_04_06-14_38_56) by extension 'python_setup_py'
[0.928s] Level 1:colcon.colcon_core.package_identification:_identify(soem) by extensions ['ignore', 'ignore_ament_install']
[0.928s] Level 1:colcon.colcon_core.package_identification:_identify(soem) by extension 'ignore'
[0.928s] Level 1:colcon.colcon_core.package_identification:_identify(soem) by extension 'ignore_ament_install'
[0.928s] Level 1:colcon.colcon_core.package_identification:_identify(soem) by extensions ['colcon_pkg']
[0.928s] Level 1:colcon.colcon_core.package_identification:_identify(soem) by extension 'colcon_pkg'
[0.928s] Level 1:colcon.colcon_core.package_identification:_identify(soem) by extensions ['colcon_meta']
[0.928s] Level 1:colcon.colcon_core.package_identification:_identify(soem) by extension 'colcon_meta'
[0.928s] Level 1:colcon.colcon_core.package_identification:_identify(soem) by extensions ['ros']
[0.928s] Level 1:colcon.colcon_core.package_identification:_identify(soem) by extension 'ros'
[0.929s] Level 1:colcon.colcon_core.package_identification:_identify(soem) by extensions ['cmake', 'python']
[0.929s] Level 1:colcon.colcon_core.package_identification:_identify(soem) by extension 'cmake'
[0.929s] Level 1:colcon.colcon_core.package_identification:_identify(soem) by extension 'python'
[0.929s] Level 1:colcon.colcon_core.package_identification:_identify(soem) by extensions ['python_setup_py']
[0.929s] Level 1:colcon.colcon_core.package_identification:_identify(soem) by extension 'python_setup_py'
[0.929s] Level 1:colcon.colcon_core.package_discovery:discover_packages(recursive) using defaults
[0.929s] Level 1:colcon.colcon_core.package_discovery:discover_packages(ignore) discover
[0.929s] Level 1:colcon.colcon_core.package_discovery:discover_packages(ignore) using defaults
[0.929s] Level 1:colcon.colcon_core.package_discovery:discover_packages(path) discover
[0.929s] Level 1:colcon.colcon_core.package_discovery:discover_packages(path) using defaults
[1.090s] Level 1:colcon.colcon_core.package_discovery:discover_packages(prefix_path) check parameters
[1.090s] Level 1:colcon.colcon_core.package_discovery:discover_packages(prefix_path) discover
[1.123s] DEBUG:colcon.colcon_installed_package_information.package_discovery:Found 20 installed packages in /home/acl3-ubuntu/holohover_ws/install
[1.125s] DEBUG:colcon.colcon_installed_package_information.package_discovery:Found 276 installed packages in /opt/ros/humble
[1.126s] Level 1:colcon.colcon_core.package_discovery:discover_packages(prefix_path) using defaults
[2.066s] Level 5:colcon.colcon_core.verb:set package 'holohover_msgs' build argument 'cmake_args' from command line to 'None'
[2.067s] Level 5:colcon.colcon_core.verb:set package 'holohover_msgs' build argument 'cmake_target' from command line to 'None'
[2.067s] Level 5:colcon.colcon_core.verb:set package 'holohover_msgs' build argument 'cmake_target_skip_unavailable' from command line to 'False'
[2.067s] Level 5:colcon.colcon_core.verb:set package 'holohover_msgs' build argument 'cmake_clean_cache' from command line to 'False'
[2.067s] Level 5:colcon.colcon_core.verb:set package 'holohover_msgs' build argument 'cmake_clean_first' from command line to 'False'
[2.067s] Level 5:colcon.colcon_core.verb:set package 'holohover_msgs' build argument 'cmake_force_configure' from command line to 'False'
[2.067s] Level 5:colcon.colcon_core.verb:set package 'holohover_msgs' build argument 'ament_cmake_args' from command line to 'None'
[2.067s] Level 5:colcon.colcon_core.verb:set package 'holohover_msgs' build argument 'catkin_cmake_args' from command line to 'None'
[2.067s] Level 5:colcon.colcon_core.verb:set package 'holohover_msgs' build argument 'catkin_skip_building_tests' from command line to 'False'
[2.067s] DEBUG:colcon.colcon_core.verb:Building package 'holohover_msgs' with the following arguments: {'ament_cmake_args': None, 'build_base': '/home/acl3-ubuntu/holohover_ws/src/holohover/build/holohover_msgs', 'catkin_cmake_args': None, 'catkin_skip_building_tests': False, 'cmake_args': None, 'cmake_clean_cache': False, 'cmake_clean_first': False, 'cmake_force_configure': False, 'cmake_target': None, 'cmake_target_skip_unavailable': False, 'install_base': '/home/acl3-ubuntu/holohover_ws/src/holohover/install/holohover_msgs', 'merge_install': False, 'path': '/home/acl3-ubuntu/holohover_ws/src/holohover/holohover_msgs', 'symlink_install': False, 'test_result_base': None}
[2.068s] Level 5:colcon.colcon_core.verb:set package 'micro_ros_msgs' build argument 'cmake_args' from command line to 'None'
[2.068s] Level 5:colcon.colcon_core.verb:set package 'micro_ros_msgs' build argument 'cmake_target' from command line to 'None'
[2.068s] Level 5:colcon.colcon_core.verb:set package 'micro_ros_msgs' build argument 'cmake_target_skip_unavailable' from command line to 'False'
[2.068s] Level 5:colcon.colcon_core.verb:set package 'micro_ros_msgs' build argument 'cmake_clean_cache' from command line to 'False'
[2.068s] Level 5:colcon.colcon_core.verb:set package 'micro_ros_msgs' build argument 'cmake_clean_first' from command line to 'False'
[2.068s] Level 5:colcon.colcon_core.verb:set package 'micro_ros_msgs' build argument 'cmake_force_configure' from command line to 'False'
[2.068s] Level 5:colcon.colcon_core.verb:set package 'micro_ros_msgs' build argument 'ament_cmake_args' from command line to 'None'
[2.068s] Level 5:colcon.colcon_core.verb:set package 'micro_ros_msgs' build argument 'catkin_cmake_args' from command line to 'None'
[2.068s] Level 5:colcon.colcon_core.verb:set package 'micro_ros_msgs' build argument 'catkin_skip_building_tests' from command line to 'False'
[2.068s] DEBUG:colcon.colcon_core.verb:Building package 'micro_ros_msgs' with the following arguments: {'ament_cmake_args': None, 'build_base': '/home/acl3-ubuntu/holohover_ws/src/holohover/build/micro_ros_msgs', 'catkin_cmake_args': None, 'catkin_skip_building_tests': False, 'cmake_args': None, 'cmake_clean_cache': False, 'cmake_clean_first': False, 'cmake_force_configure': False, 'cmake_target': None, 'cmake_target_skip_unavailable': False, 'install_base': '/home/acl3-ubuntu/holohover_ws/src/holohover/install/micro_ros_msgs', 'merge_install': False, 'path': '/home/acl3-ubuntu/holohover_ws/src/holohover/micro_ros/micro_ros_msgs', 'symlink_install': False, 'test_result_base': None}
[2.069s] Level 5:colcon.colcon_core.verb:set package 'micro_ros_setup' build argument 'cmake_args' from command line to 'None'
[2.069s] Level 5:colcon.colcon_core.verb:set package 'micro_ros_setup' build argument 'cmake_target' from command line to 'None'
[2.069s] Level 5:colcon.colcon_core.verb:set package 'micro_ros_setup' build argument 'cmake_target_skip_unavailable' from command line to 'False'
[2.069s] Level 5:colcon.colcon_core.verb:set package 'micro_ros_setup' build argument 'cmake_clean_cache' from command line to 'False'
[2.069s] Level 5:colcon.colcon_core.verb:set package 'micro_ros_setup' build argument 'cmake_clean_first' from command line to 'False'
[2.069s] Level 5:colcon.colcon_core.verb:set package 'micro_ros_setup' build argument 'cmake_force_configure' from command line to 'False'
[2.069s] Level 5:colcon.colcon_core.verb:set package 'micro_ros_setup' build argument 'ament_cmake_args' from command line to 'None'
[2.069s] Level 5:colcon.colcon_core.verb:set package 'micro_ros_setup' build argument 'catkin_cmake_args' from command line to 'None'
[2.069s] Level 5:colcon.colcon_core.verb:set package 'micro_ros_setup' build argument 'catkin_skip_building_tests' from command line to 'False'
[2.069s] DEBUG:colcon.colcon_core.verb:Building package 'micro_ros_setup' with the following arguments: {'ament_cmake_args': None, 'build_base': '/home/acl3-ubuntu/holohover_ws/src/holohover/build/micro_ros_setup', 'catkin_cmake_args': None, 'catkin_skip_building_tests': False, 'cmake_args': None, 'cmake_clean_cache': False, 'cmake_clean_first': False, 'cmake_force_configure': False, 'cmake_target': None, 'cmake_target_skip_unavailable': False, 'install_base': '/home/acl3-ubuntu/holohover_ws/src/holohover/install/micro_ros_setup', 'merge_install': False, 'path': '/home/acl3-ubuntu/holohover_ws/src/holohover/micro_ros_setup', 'symlink_install': False, 'test_result_base': None}
[2.070s] Level 5:colcon.colcon_core.verb:set package 'mocap_optitrack' build argument 'cmake_args' from command line to 'None'
[2.070s] Level 5:colcon.colcon_core.verb:set package 'mocap_optitrack' build argument 'cmake_target' from command line to 'None'
[2.070s] Level 5:colcon.colcon_core.verb:set package 'mocap_optitrack' build argument 'cmake_target_skip_unavailable' from command line to 'False'
[2.070s] Level 5:colcon.colcon_core.verb:set package 'mocap_optitrack' build argument 'cmake_clean_cache' from command line to 'False'
[2.070s] Level 5:colcon.colcon_core.verb:set package 'mocap_optitrack' build argument 'cmake_clean_first' from command line to 'False'
[2.070s] Level 5:colcon.colcon_core.verb:set package 'mocap_optitrack' build argument 'cmake_force_configure' from command line to 'False'
[2.070s] Level 5:colcon.colcon_core.verb:set package 'mocap_optitrack' build argument 'ament_cmake_args' from command line to 'None'
[2.070s] Level 5:colcon.colcon_core.verb:set package 'mocap_optitrack' build argument 'catkin_cmake_args' from command line to 'None'
[2.070s] Level 5:colcon.colcon_core.verb:set package 'mocap_optitrack' build argument 'catkin_skip_building_tests' from command line to 'False'
[2.070s] DEBUG:colcon.colcon_core.verb:Building package 'mocap_optitrack' with the following arguments: {'ament_cmake_args': None, 'build_base': '/home/acl3-ubuntu/holohover_ws/src/holohover/build/mocap_optitrack', 'catkin_cmake_args': None, 'catkin_skip_building_tests': False, 'cmake_args': None, 'cmake_clean_cache': False, 'cmake_clean_first': False, 'cmake_force_configure': False, 'cmake_target': None, 'cmake_target_skip_unavailable': False, 'install_base': '/home/acl3-ubuntu/holohover_ws/src/holohover/install/mocap_optitrack', 'merge_install': False, 'path': '/home/acl3-ubuntu/holohover_ws/src/holohover/mocap_optitrack', 'symlink_install': False, 'test_result_base': None}
[2.071s] Level 5:colcon.colcon_core.verb:set package 'ros_polympc' build argument 'cmake_args' from command line to 'None'
[2.071s] Level 5:colcon.colcon_core.verb:set package 'ros_polympc' build argument 'cmake_target' from command line to 'None'
[2.071s] Level 5:colcon.colcon_core.verb:set package 'ros_polympc' build argument 'cmake_target_skip_unavailable' from command line to 'False'
[2.071s] Level 5:colcon.colcon_core.verb:set package 'ros_polympc' build argument 'cmake_clean_cache' from command line to 'False'
[2.071s] Level 5:colcon.colcon_core.verb:set package 'ros_polympc' build argument 'cmake_clean_first' from command line to 'False'
[2.071s] Level 5:colcon.colcon_core.verb:set package 'ros_polympc' build argument 'cmake_force_configure' from command line to 'False'
[2.071s] Level 5:colcon.colcon_core.verb:set package 'ros_polympc' build argument 'ament_cmake_args' from command line to 'None'
[2.071s] Level 5:colcon.colcon_core.verb:set package 'ros_polympc' build argument 'catkin_cmake_args' from command line to 'None'
[2.071s] Level 5:colcon.colcon_core.verb:set package 'ros_polympc' build argument 'catkin_skip_building_tests' from command line to 'False'
[2.071s] DEBUG:colcon.colcon_core.verb:Building package 'ros_polympc' with the following arguments: {'ament_cmake_args': None, 'build_base': '/home/acl3-ubuntu/holohover_ws/src/holohover/build/ros_polympc', 'catkin_cmake_args': None, 'catkin_skip_building_tests': False, 'cmake_args': None, 'cmake_clean_cache': False, 'cmake_clean_first': False, 'cmake_force_configure': False, 'cmake_target': None, 'cmake_target_skip_unavailable': False, 'install_base': '/home/acl3-ubuntu/holohover_ws/src/holohover/install/ros_polympc', 'merge_install': False, 'path': '/home/acl3-ubuntu/holohover_ws/src/holohover/ros_polympc', 'symlink_install': False, 'test_result_base': None}
[2.072s] Level 5:colcon.colcon_core.verb:set package 'holohover_gnc' build argument 'cmake_args' from command line to 'None'
[2.072s] Level 5:colcon.colcon_core.verb:set package 'holohover_gnc' build argument 'cmake_target' from command line to 'None'
[2.072s] Level 5:colcon.colcon_core.verb:set package 'holohover_gnc' build argument 'cmake_target_skip_unavailable' from command line to 'False'
[2.072s] Level 5:colcon.colcon_core.verb:set package 'holohover_gnc' build argument 'cmake_clean_cache' from command line to 'False'
[2.072s] Level 5:colcon.colcon_core.verb:set package 'holohover_gnc' build argument 'cmake_clean_first' from command line to 'False'
[2.072s] Level 5:colcon.colcon_core.verb:set package 'holohover_gnc' build argument 'cmake_force_configure' from command line to 'False'
[2.072s] Level 5:colcon.colcon_core.verb:set package 'holohover_gnc' build argument 'ament_cmake_args' from command line to 'None'
[2.072s] Level 5:colcon.colcon_core.verb:set package 'holohover_gnc' build argument 'catkin_cmake_args' from command line to 'None'
[2.072s] Level 5:colcon.colcon_core.verb:set package 'holohover_gnc' build argument 'catkin_skip_building_tests' from command line to 'False'
[2.072s] DEBUG:colcon.colcon_core.verb:Building package 'holohover_gnc' with the following arguments: {'ament_cmake_args': None, 'build_base': '/home/acl3-ubuntu/holohover_ws/src/holohover/build/holohover_gnc', 'catkin_cmake_args': None, 'catkin_skip_building_tests': False, 'cmake_args': None, 'cmake_clean_cache': False, 'cmake_clean_first': False, 'cmake_force_configure': False, 'cmake_target': None, 'cmake_target_skip_unavailable': False, 'install_base': '/home/acl3-ubuntu/holohover_ws/src/holohover/install/holohover_gnc', 'merge_install': False, 'path': '/home/acl3-ubuntu/holohover_ws/src/holohover/holohover_gnc', 'symlink_install': False, 'test_result_base': None}
[2.073s] Level 5:colcon.colcon_core.verb:set package 'micro_ros_agent' build argument 'cmake_args' from command line to 'None'
[2.073s] Level 5:colcon.colcon_core.verb:set package 'micro_ros_agent' build argument 'cmake_target' from command line to 'None'
[2.073s] Level 5:colcon.colcon_core.verb:set package 'micro_ros_agent' build argument 'cmake_target_skip_unavailable' from command line to 'False'
[2.073s] Level 5:colcon.colcon_core.verb:set package 'micro_ros_agent' build argument 'cmake_clean_cache' from command line to 'False'
[2.073s] Level 5:colcon.colcon_core.verb:set package 'micro_ros_agent' build argument 'cmake_clean_first' from command line to 'False'
[2.073s] Level 5:colcon.colcon_core.verb:set package 'micro_ros_agent' build argument 'cmake_force_configure' from command line to 'False'
[2.073s] Level 5:colcon.colcon_core.verb:set package 'micro_ros_agent' build argument 'ament_cmake_args' from command line to 'None'
[2.073s] Level 5:colcon.colcon_core.verb:set package 'micro_ros_agent' build argument 'catkin_cmake_args' from command line to 'None'
[2.073s] Level 5:colcon.colcon_core.verb:set package 'micro_ros_agent' build argument 'catkin_skip_building_tests' from command line to 'False'
[2.073s] DEBUG:colcon.colcon_core.verb:Building package 'micro_ros_agent' with the following arguments: {'ament_cmake_args': None, 'build_base': '/home/acl3-ubuntu/holohover_ws/src/holohover/build/micro_ros_agent', 'catkin_cmake_args': None, 'catkin_skip_building_tests': False, 'cmake_args': None, 'cmake_clean_cache': False, 'cmake_clean_first': False, 'cmake_force_configure': False, 'cmake_target': None, 'cmake_target_skip_unavailable': False, 'install_base': '/home/acl3-ubuntu/holohover_ws/src/holohover/install/micro_ros_agent', 'merge_install': False, 'path': '/home/acl3-ubuntu/holohover_ws/src/holohover/micro_ros/micro_ros_agent/micro_ros_agent', 'symlink_install': False, 'test_result_base': None}
[2.074s] Level 5:colcon.colcon_core.verb:set package 'holohover_utils' build argument 'cmake_args' from command line to 'None'
[2.074s] Level 5:colcon.colcon_core.verb:set package 'holohover_utils' build argument 'cmake_target' from command line to 'None'
[2.074s] Level 5:colcon.colcon_core.verb:set package 'holohover_utils' build argument 'cmake_target_skip_unavailable' from command line to 'False'
[2.074s] Level 5:colcon.colcon_core.verb:set package 'holohover_utils' build argument 'cmake_clean_cache' from command line to 'False'
[2.074s] Level 5:colcon.colcon_core.verb:set package 'holohover_utils' build argument 'cmake_clean_first' from command line to 'False'
[2.074s] Level 5:colcon.colcon_core.verb:set package 'holohover_utils' build argument 'cmake_force_configure' from command line to 'False'
[2.074s] Level 5:colcon.colcon_core.verb:set package 'holohover_utils' build argument 'ament_cmake_args' from command line to 'None'
[2.074s] Level 5:colcon.colcon_core.verb:set package 'holohover_utils' build argument 'catkin_cmake_args' from command line to 'None'
[2.074s] Level 5:colcon.colcon_core.verb:set package 'holohover_utils' build argument 'catkin_skip_building_tests' from command line to 'False'
[2.074s] DEBUG:colcon.colcon_core.verb:Building package 'holohover_utils' with the following arguments: {'ament_cmake_args': None, 'build_base': '/home/acl3-ubuntu/holohover_ws/src/holohover/build/holohover_utils', 'catkin_cmake_args': None, 'catkin_skip_building_tests': False, 'cmake_args': None, 'cmake_clean_cache': False, 'cmake_clean_first': False, 'cmake_force_configure': False, 'cmake_target': None, 'cmake_target_skip_unavailable': False, 'install_base': '/home/acl3-ubuntu/holohover_ws/src/holohover/install/holohover_utils', 'merge_install': False, 'path': '/home/acl3-ubuntu/holohover_ws/src/holohover/holohover_utils', 'symlink_install': False, 'test_result_base': None}
[2.074s] INFO:colcon.colcon_core.executor:Executing jobs using 'parallel' executor
[2.077s] DEBUG:colcon.colcon_parallel_executor.executor.parallel:run_until_complete
[2.078s] INFO:colcon.colcon_ros.task.ament_cmake.build:Building ROS package in '/home/acl3-ubuntu/holohover_ws/src/holohover/holohover_msgs' with build type 'ament_cmake'
[2.078s] INFO:colcon.colcon_cmake.task.cmake.build:Building CMake package in '/home/acl3-ubuntu/holohover_ws/src/holohover/holohover_msgs'
[2.161s] INFO:colcon.colcon_core.plugin_system:Skipping extension 'colcon_core.shell.bat': Not used on non-Windows systems
[2.161s] INFO:colcon.colcon_core.shell:Skip shell extension 'powershell' for command environment: Not usable outside of PowerShell
[2.161s] DEBUG:colcon.colcon_core.shell:Skip shell extension 'dsv' for command environment
[2.173s] INFO:colcon.colcon_ros.task.ament_cmake.build:Building ROS package in '/home/acl3-ubuntu/holohover_ws/src/holohover/ros_polympc' with build type 'ament_cmake'
[2.173s] INFO:colcon.colcon_cmake.task.cmake.build:Building CMake package in '/home/acl3-ubuntu/holohover_ws/src/holohover/ros_polympc'
[2.174s] INFO:colcon.colcon_core.shell:Skip shell extension 'powershell' for command environment: Not usable outside of PowerShell
[2.175s] DEBUG:colcon.colcon_core.shell:Skip shell extension 'dsv' for command environment
[2.179s] INFO:colcon.colcon_ros.task.ament_cmake.build:Building ROS package in '/home/acl3-ubuntu/holohover_ws/src/holohover/micro_ros/micro_ros_msgs' with build type 'ament_cmake'
[2.180s] INFO:colcon.colcon_cmake.task.cmake.build:Building CMake package in '/home/acl3-ubuntu/holohover_ws/src/holohover/micro_ros/micro_ros_msgs'
[2.181s] INFO:colcon.colcon_core.shell:Skip shell extension 'powershell' for command environment: Not usable outside of PowerShell
[2.181s] DEBUG:colcon.colcon_core.shell:Skip shell extension 'dsv' for command environment
[2.185s] INFO:colcon.colcon_ros.task.ament_cmake.build:Building ROS package in '/home/acl3-ubuntu/holohover_ws/src/holohover/mocap_optitrack' with build type 'ament_cmake'
[2.185s] INFO:colcon.colcon_cmake.task.cmake.build:Building CMake package in '/home/acl3-ubuntu/holohover_ws/src/holohover/mocap_optitrack'
[2.186s] INFO:colcon.colcon_core.shell:Skip shell extension 'powershell' for command environment: Not usable outside of PowerShell
[2.186s] DEBUG:colcon.colcon_core.shell:Skip shell extension 'dsv' for command environment
[2.191s] INFO:colcon.colcon_ros.task.ament_cmake.build:Building ROS package in '/home/acl3-ubuntu/holohover_ws/src/holohover/micro_ros_setup' with build type 'ament_cmake'
[2.192s] INFO:colcon.colcon_cmake.task.cmake.build:Building CMake package in '/home/acl3-ubuntu/holohover_ws/src/holohover/micro_ros_setup'
[2.193s] INFO:colcon.colcon_core.shell:Skip shell extension 'powershell' for command environment: Not usable outside of PowerShell
[2.193s] DEBUG:colcon.colcon_core.shell:Skip shell extension 'dsv' for command environment
[2.214s] DEBUG:colcon.colcon_core.event_handler.log_command:Invoking command in '/home/acl3-ubuntu/holohover_ws/src/holohover/build/holohover_msgs': CMAKE_PREFIX_PATH=${CMAKE_PREFIX_PATH}:/opt/ros/humble /usr/bin/cmake /home/acl3-ubuntu/holohover_ws/src/holohover/holohover_msgs -DCMAKE_INSTALL_PREFIX=/home/acl3-ubuntu/holohover_ws/src/holohover/install/holohover_msgs
[2.217s] DEBUG:colcon.colcon_core.event_handler.log_command:Invoking command in '/home/acl3-ubuntu/holohover_ws/src/holohover/build/ros_polympc': CMAKE_PREFIX_PATH=${CMAKE_PREFIX_PATH}:/opt/ros/humble /usr/bin/cmake /home/acl3-ubuntu/holohover_ws/src/holohover/ros_polympc -DCMAKE_INSTALL_PREFIX=/home/acl3-ubuntu/holohover_ws/src/holohover/install/ros_polympc
[2.219s] DEBUG:colcon.colcon_core.event_handler.log_command:Invoking command in '/home/acl3-ubuntu/holohover_ws/src/holohover/build/micro_ros_msgs': CMAKE_PREFIX_PATH=${CMAKE_PREFIX_PATH}:/opt/ros/humble /usr/bin/cmake /home/acl3-ubuntu/holohover_ws/src/holohover/micro_ros/micro_ros_msgs -DCMAKE_INSTALL_PREFIX=/home/acl3-ubuntu/holohover_ws/src/holohover/install/micro_ros_msgs
[2.222s] DEBUG:colcon.colcon_core.event_handler.log_command:Invoking command in '/home/acl3-ubuntu/holohover_ws/src/holohover/build/mocap_optitrack': CMAKE_PREFIX_PATH=${CMAKE_PREFIX_PATH}:/opt/ros/humble /usr/bin/cmake /home/acl3-ubuntu/holohover_ws/src/holohover/mocap_optitrack -DCMAKE_INSTALL_PREFIX=/home/acl3-ubuntu/holohover_ws/src/holohover/install/mocap_optitrack
[2.225s] DEBUG:colcon.colcon_core.event_handler.log_command:Invoking command in '/home/acl3-ubuntu/holohover_ws/src/holohover/build/micro_ros_setup': CMAKE_PREFIX_PATH=${CMAKE_PREFIX_PATH}:/opt/ros/humble /usr/bin/cmake /home/acl3-ubuntu/holohover_ws/src/holohover/micro_ros_setup -DCMAKE_INSTALL_PREFIX=/home/acl3-ubuntu/holohover_ws/src/holohover/install/micro_ros_setup
[4.686s] DEBUG:colcon.colcon_core.event_handler.log_command:Invoked command in '/home/acl3-ubuntu/holohover_ws/src/holohover/build/ros_polympc' returned '0': CMAKE_PREFIX_PATH=${CMAKE_PREFIX_PATH}:/opt/ros/humble /usr/bin/cmake /home/acl3-ubuntu/holohover_ws/src/holohover/ros_polympc -DCMAKE_INSTALL_PREFIX=/home/acl3-ubuntu/holohover_ws/src/holohover/install/ros_polympc
[4.688s] DEBUG:colcon.colcon_core.event_handler.log_command:Invoking command in '/home/acl3-ubuntu/holohover_ws/src/holohover/build/ros_polympc': CMAKE_PREFIX_PATH=${CMAKE_PREFIX_PATH}:/opt/ros/humble /usr/bin/cmake --build /home/acl3-ubuntu/holohover_ws/src/holohover/build/ros_polympc -- -j8 -l8
[4.724s] DEBUG:colcon.colcon_core.event_handler.log_command:Invoked command in '/home/acl3-ubuntu/holohover_ws/src/holohover/build/ros_polympc' returned '0': CMAKE_PREFIX_PATH=${CMAKE_PREFIX_PATH}:/opt/ros/humble /usr/bin/cmake --build /home/acl3-ubuntu/holohover_ws/src/holohover/build/ros_polympc -- -j8 -l8
[4.756s] DEBUG:colcon.colcon_core.event_handler.log_command:Invoking command in '/home/acl3-ubuntu/holohover_ws/src/holohover/build/ros_polympc': CMAKE_PREFIX_PATH=${CMAKE_PREFIX_PATH}:/opt/ros/humble /usr/bin/cmake --install /home/acl3-ubuntu/holohover_ws/src/holohover/build/ros_polympc
[5.334s] DEBUG:colcon.colcon_core.event_handler.log_command:Invoked command in '/home/acl3-ubuntu/holohover_ws/src/holohover/build/micro_ros_setup' returned '0': CMAKE_PREFIX_PATH=${CMAKE_PREFIX_PATH}:/opt/ros/humble /usr/bin/cmake /home/acl3-ubuntu/holohover_ws/src/holohover/micro_ros_setup -DCMAKE_INSTALL_PREFIX=/home/acl3-ubuntu/holohover_ws/src/holohover/install/micro_ros_setup
[5.336s] DEBUG:colcon.colcon_core.event_handler.log_command:Invoking command in '/home/acl3-ubuntu/holohover_ws/src/holohover/build/micro_ros_setup': CMAKE_PREFIX_PATH=${CMAKE_PREFIX_PATH}:/opt/ros/humble /usr/bin/cmake --build /home/acl3-ubuntu/holohover_ws/src/holohover/build/micro_ros_setup -- -j8 -l8
[5.372s] DEBUG:colcon.colcon_core.event_handler.log_command:Invoked command in '/home/acl3-ubuntu/holohover_ws/src/holohover/build/micro_ros_setup' returned '0': CMAKE_PREFIX_PATH=${CMAKE_PREFIX_PATH}:/opt/ros/humble /usr/bin/cmake --build /home/acl3-ubuntu/holohover_ws/src/holohover/build/micro_ros_setup -- -j8 -l8
[5.393s] DEBUG:colcon.colcon_core.event_handler.log_command:Invoking command in '/home/acl3-ubuntu/holohover_ws/src/holohover/build/micro_ros_setup': CMAKE_PREFIX_PATH=${CMAKE_PREFIX_PATH}:/opt/ros/humble /usr/bin/cmake --install /home/acl3-ubuntu/holohover_ws/src/holohover/build/micro_ros_setup
[5.851s] Level 1:colcon.colcon_core.environment:create_environment_scripts_only(ros_polympc)
[5.852s] DEBUG:colcon.colcon_core.event_handler.log_command:Invoked command in '/home/acl3-ubuntu/holohover_ws/src/holohover/build/ros_polympc' returned '0': CMAKE_PREFIX_PATH=${CMAKE_PREFIX_PATH}:/opt/ros/humble /usr/bin/cmake --install /home/acl3-ubuntu/holohover_ws/src/holohover/build/ros_polympc
[6.277s] Level 1:colcon.colcon_core.environment:checking '/home/acl3-ubuntu/holohover_ws/src/holohover/install/ros_polympc' for CMake module files
[6.277s] Level 1:colcon.colcon_core.environment:checking '/home/acl3-ubuntu/holohover_ws/src/holohover/install/ros_polympc' for CMake config files
[6.277s] Level 1:colcon.colcon_core.shell:create_environment_hook('ros_polympc', 'cmake_prefix_path')
[6.279s] INFO:colcon.colcon_core.shell:Creating environment hook '/home/acl3-ubuntu/holohover_ws/src/holohover/install/ros_polympc/share/ros_polympc/hook/cmake_prefix_path.ps1'
[6.298s] INFO:colcon.colcon_core.shell:Creating environment descriptor '/home/acl3-ubuntu/holohover_ws/src/holohover/install/ros_polympc/share/ros_polympc/hook/cmake_prefix_path.dsv'
[6.373s] INFO:colcon.colcon_core.shell:Creating environment hook '/home/acl3-ubuntu/holohover_ws/src/holohover/install/ros_polympc/share/ros_polympc/hook/cmake_prefix_path.sh'
[6.375s] Level 1:colcon.colcon_core.environment:checking '/home/acl3-ubuntu/holohover_ws/src/holohover/install/ros_polympc/bin'
[6.375s] Level 1:colcon.colcon_core.environment:checking '/home/acl3-ubuntu/holohover_ws/src/holohover/install/ros_polympc/lib/pkgconfig/ros_polympc.pc'
[6.375s] Level 1:colcon.colcon_core.environment:checking '/home/acl3-ubuntu/holohover_ws/src/holohover/install/ros_polympc/lib/python3.10/site-packages'
[6.375s] Level 1:colcon.colcon_core.environment:checking '/home/acl3-ubuntu/holohover_ws/src/holohover/install/ros_polympc/bin'
[6.376s] INFO:colcon.colcon_core.shell:Creating package script '/home/acl3-ubuntu/holohover_ws/src/holohover/install/ros_polympc/share/ros_polympc/package.ps1'
[6.377s] INFO:colcon.colcon_core.shell:Creating package descriptor '/home/acl3-ubuntu/holohover_ws/src/holohover/install/ros_polympc/share/ros_polympc/package.dsv'
[6.378s] INFO:colcon.colcon_core.shell:Creating package script '/home/acl3-ubuntu/holohover_ws/src/holohover/install/ros_polympc/share/ros_polympc/package.sh'
[6.379s] INFO:colcon.colcon_core.shell:Creating package script '/home/acl3-ubuntu/holohover_ws/src/holohover/install/ros_polympc/share/ros_polympc/package.bash'
[6.459s] INFO:colcon.colcon_core.shell:Creating package script '/home/acl3-ubuntu/holohover_ws/src/holohover/install/ros_polympc/share/ros_polympc/package.zsh'
[6.484s] Level 1:colcon.colcon_core.environment:create_file_with_runtime_dependencies(/home/acl3-ubuntu/holohover_ws/src/holohover/install/ros_polympc/share/colcon-core/packages/ros_polympc)
[6.507s] Level 1:colcon.colcon_core.environment:create_environment_scripts_only(ros_polympc)
[6.508s] Level 1:colcon.colcon_core.environment:checking '/home/acl3-ubuntu/holohover_ws/src/holohover/install/ros_polympc' for CMake module files
[6.509s] Level 1:colcon.colcon_core.environment:checking '/home/acl3-ubuntu/holohover_ws/src/holohover/install/ros_polympc' for CMake config files
[6.509s] Level 1:colcon.colcon_core.shell:create_environment_hook('ros_polympc', 'cmake_prefix_path')
[6.510s] INFO:colcon.colcon_core.shell:Creating environment hook '/home/acl3-ubuntu/holohover_ws/src/holohover/install/ros_polympc/share/ros_polympc/hook/cmake_prefix_path.ps1'
[6.510s] INFO:colcon.colcon_core.shell:Creating environment descriptor '/home/acl3-ubuntu/holohover_ws/src/holohover/install/ros_polympc/share/ros_polympc/hook/cmake_prefix_path.dsv'
[6.511s] INFO:colcon.colcon_core.shell:Creating environment hook '/home/acl3-ubuntu/holohover_ws/src/holohover/install/ros_polympc/share/ros_polympc/hook/cmake_prefix_path.sh'
[6.511s] Level 1:colcon.colcon_core.environment:checking '/home/acl3-ubuntu/holohover_ws/src/holohover/install/ros_polympc/bin'
[6.511s] Level 1:colcon.colcon_core.environment:checking '/home/acl3-ubuntu/holohover_ws/src/holohover/install/ros_polympc/lib/pkgconfig/ros_polympc.pc'
[6.511s] Level 1:colcon.colcon_core.environment:checking '/home/acl3-ubuntu/holohover_ws/src/holohover/install/ros_polympc/lib/python3.10/site-packages'
[6.512s] Level 1:colcon.colcon_core.environment:checking '/home/acl3-ubuntu/holohover_ws/src/holohover/install/ros_polympc/bin'
[6.513s] INFO:colcon.colcon_core.shell:Creating package script '/home/acl3-ubuntu/holohover_ws/src/holohover/install/ros_polympc/share/ros_polympc/package.ps1'
[6.514s] INFO:colcon.colcon_core.shell:Creating package descriptor '/home/acl3-ubuntu/holohover_ws/src/holohover/install/ros_polympc/share/ros_polympc/package.dsv'
[6.514s] INFO:colcon.colcon_core.shell:Creating package script '/home/acl3-ubuntu/holohover_ws/src/holohover/install/ros_polympc/share/ros_polympc/package.sh'
[6.514s] INFO:colcon.colcon_core.shell:Creating package script '/home/acl3-ubuntu/holohover_ws/src/holohover/install/ros_polympc/share/ros_polympc/package.bash'
[6.515s] INFO:colcon.colcon_core.shell:Creating package script '/home/acl3-ubuntu/holohover_ws/src/holohover/install/ros_polympc/share/ros_polympc/package.zsh'
[6.515s] Level 1:colcon.colcon_core.environment:create_file_with_runtime_dependencies(/home/acl3-ubuntu/holohover_ws/src/holohover/install/ros_polympc/share/colcon-core/packages/ros_polympc)
[6.671s] Level 1:colcon.colcon_core.environment:create_environment_scripts_only(micro_ros_setup)
[6.673s] Level 1:colcon.colcon_core.environment:checking '/home/acl3-ubuntu/holohover_ws/src/holohover/install/micro_ros_setup' for CMake module files
[6.673s] DEBUG:colcon.colcon_core.event_handler.log_command:Invoked command in '/home/acl3-ubuntu/holohover_ws/src/holohover/build/micro_ros_setup' returned '0': CMAKE_PREFIX_PATH=${CMAKE_PREFIX_PATH}:/opt/ros/humble /usr/bin/cmake --install /home/acl3-ubuntu/holohover_ws/src/holohover/build/micro_ros_setup
[6.673s] Level 1:colcon.colcon_core.environment:checking '/home/acl3-ubuntu/holohover_ws/src/holohover/install/micro_ros_setup' for CMake config files
[6.674s] Level 1:colcon.colcon_core.shell:create_environment_hook('micro_ros_setup', 'cmake_prefix_path')
[6.675s] INFO:colcon.colcon_core.shell:Creating environment hook '/home/acl3-ubuntu/holohover_ws/src/holohover/install/micro_ros_setup/share/micro_ros_setup/hook/cmake_prefix_path.ps1'
[6.675s] INFO:colcon.colcon_core.shell:Creating environment descriptor '/home/acl3-ubuntu/holohover_ws/src/holohover/install/micro_ros_setup/share/micro_ros_setup/hook/cmake_prefix_path.dsv'
[6.675s] INFO:colcon.colcon_core.shell:Creating environment hook '/home/acl3-ubuntu/holohover_ws/src/holohover/install/micro_ros_setup/share/micro_ros_setup/hook/cmake_prefix_path.sh'
[6.676s] Level 1:colcon.colcon_core.environment:checking '/home/acl3-ubuntu/holohover_ws/src/holohover/install/micro_ros_setup/lib'
[6.676s] Level 1:colcon.colcon_core.environment:checking '/home/acl3-ubuntu/holohover_ws/src/holohover/install/micro_ros_setup/bin'
[6.676s] Level 1:colcon.colcon_core.environment:checking '/home/acl3-ubuntu/holohover_ws/src/holohover/install/micro_ros_setup/lib/pkgconfig/micro_ros_setup.pc'
[6.676s] Level 1:colcon.colcon_core.environment:checking '/home/acl3-ubuntu/holohover_ws/src/holohover/install/micro_ros_setup/lib/python3.10/site-packages'
[6.676s] Level 1:colcon.colcon_core.environment:checking '/home/acl3-ubuntu/holohover_ws/src/holohover/install/micro_ros_setup/bin'
[6.677s] INFO:colcon.colcon_core.shell:Creating package script '/home/acl3-ubuntu/holohover_ws/src/holohover/install/micro_ros_setup/share/micro_ros_setup/package.ps1'
[6.678s] INFO:colcon.colcon_core.shell:Creating package descriptor '/home/acl3-ubuntu/holohover_ws/src/holohover/install/micro_ros_setup/share/micro_ros_setup/package.dsv'
[6.678s] INFO:colcon.colcon_core.shell:Creating package script '/home/acl3-ubuntu/holohover_ws/src/holohover/install/micro_ros_setup/share/micro_ros_setup/package.sh'
[6.678s] INFO:colcon.colcon_core.shell:Creating package script '/home/acl3-ubuntu/holohover_ws/src/holohover/install/micro_ros_setup/share/micro_ros_setup/package.bash'
[6.679s] INFO:colcon.colcon_core.shell:Creating package script '/home/acl3-ubuntu/holohover_ws/src/holohover/install/micro_ros_setup/share/micro_ros_setup/package.zsh'
[6.679s] Level 1:colcon.colcon_core.environment:create_file_with_runtime_dependencies(/home/acl3-ubuntu/holohover_ws/src/holohover/install/micro_ros_setup/share/colcon-core/packages/micro_ros_setup)
[6.702s] Level 1:colcon.colcon_core.environment:create_environment_scripts_only(micro_ros_setup)
[6.704s] Level 1:colcon.colcon_core.environment:checking '/home/acl3-ubuntu/holohover_ws/src/holohover/install/micro_ros_setup' for CMake module files
[6.704s] Level 1:colcon.colcon_core.environment:checking '/home/acl3-ubuntu/holohover_ws/src/holohover/install/micro_ros_setup' for CMake config files
[6.704s] Level 1:colcon.colcon_core.shell:create_environment_hook('micro_ros_setup', 'cmake_prefix_path')
[6.705s] INFO:colcon.colcon_core.shell:Creating environment hook '/home/acl3-ubuntu/holohover_ws/src/holohover/install/micro_ros_setup/share/micro_ros_setup/hook/cmake_prefix_path.ps1'
[6.706s] INFO:colcon.colcon_core.shell:Creating environment descriptor '/home/acl3-ubuntu/holohover_ws/src/holohover/install/micro_ros_setup/share/micro_ros_setup/hook/cmake_prefix_path.dsv'
[6.706s] INFO:colcon.colcon_core.shell:Creating environment hook '/home/acl3-ubuntu/holohover_ws/src/holohover/install/micro_ros_setup/share/micro_ros_setup/hook/cmake_prefix_path.sh'
[6.706s] Level 1:colcon.colcon_core.environment:checking '/home/acl3-ubuntu/holohover_ws/src/holohover/install/micro_ros_setup/lib'
[6.706s] Level 1:colcon.colcon_core.environment:checking '/home/acl3-ubuntu/holohover_ws/src/holohover/install/micro_ros_setup/bin'
[6.706s] Level 1:colcon.colcon_core.environment:checking '/home/acl3-ubuntu/holohover_ws/src/holohover/install/micro_ros_setup/lib/pkgconfig/micro_ros_setup.pc'
[6.707s] Level 1:colcon.colcon_core.environment:checking '/home/acl3-ubuntu/holohover_ws/src/holohover/install/micro_ros_setup/lib/python3.10/site-packages'
[6.707s] Level 1:colcon.colcon_core.environment:checking '/home/acl3-ubuntu/holohover_ws/src/holohover/install/micro_ros_setup/bin'
[6.708s] INFO:colcon.colcon_core.shell:Creating package script '/home/acl3-ubuntu/holohover_ws/src/holohover/install/micro_ros_setup/share/micro_ros_setup/package.ps1'
[6.709s] INFO:colcon.colcon_core.shell:Creating package descriptor '/home/acl3-ubuntu/holohover_ws/src/holohover/install/micro_ros_setup/share/micro_ros_setup/package.dsv'
[6.709s] INFO:colcon.colcon_core.shell:Creating package script '/home/acl3-ubuntu/holohover_ws/src/holohover/install/micro_ros_setup/share/micro_ros_setup/package.sh'
[6.710s] INFO:colcon.colcon_core.shell:Creating package script '/home/acl3-ubuntu/holohover_ws/src/holohover/install/micro_ros_setup/share/micro_ros_setup/package.bash'
[6.710s] INFO:colcon.colcon_core.shell:Creating package script '/home/acl3-ubuntu/holohover_ws/src/holohover/install/micro_ros_setup/share/micro_ros_setup/package.zsh'
[6.710s] Level 1:colcon.colcon_core.environment:create_file_with_runtime_dependencies(/home/acl3-ubuntu/holohover_ws/src/holohover/install/micro_ros_setup/share/colcon-core/packages/micro_ros_setup)
[8.439s] DEBUG:colcon.colcon_core.event_handler.log_command:Invoked command in '/home/acl3-ubuntu/holohover_ws/src/holohover/build/micro_ros_msgs' returned '0': CMAKE_PREFIX_PATH=${CMAKE_PREFIX_PATH}:/opt/ros/humble /usr/bin/cmake /home/acl3-ubuntu/holohover_ws/src/holohover/micro_ros/micro_ros_msgs -DCMAKE_INSTALL_PREFIX=/home/acl3-ubuntu/holohover_ws/src/holohover/install/micro_ros_msgs
[8.441s] DEBUG:colcon.colcon_core.event_handler.log_command:Invoking command in '/home/acl3-ubuntu/holohover_ws/src/holohover/build/micro_ros_msgs': CMAKE_PREFIX_PATH=${CMAKE_PREFIX_PATH}:/opt/ros/humble /usr/bin/cmake --build /home/acl3-ubuntu/holohover_ws/src/holohover/build/micro_ros_msgs -- -j8 -l8
[8.470s] DEBUG:colcon.colcon_core.event_handler.log_command:Invoked command in '/home/acl3-ubuntu/holohover_ws/src/holohover/build/holohover_msgs' returned '0': CMAKE_PREFIX_PATH=${CMAKE_PREFIX_PATH}:/opt/ros/humble /usr/bin/cmake /home/acl3-ubuntu/holohover_ws/src/holohover/holohover_msgs -DCMAKE_INSTALL_PREFIX=/home/acl3-ubuntu/holohover_ws/src/holohover/install/holohover_msgs
[8.472s] DEBUG:colcon.colcon_core.event_handler.log_command:Invoking command in '/home/acl3-ubuntu/holohover_ws/src/holohover/build/holohover_msgs': CMAKE_PREFIX_PATH=${CMAKE_PREFIX_PATH}:/opt/ros/humble /usr/bin/cmake --build /home/acl3-ubuntu/holohover_ws/src/holohover/build/holohover_msgs -- -j8 -l8
[11.548s] DEBUG:colcon.colcon_parallel_executor.executor.parallel:run_until_complete was interrupted
[11.549s] DEBUG:colcon.colcon_parallel_executor.executor.parallel:run_until_complete again
[11.564s] DEBUG:colcon.colcon_core.event_handler.log_command:Invoked command in '/home/acl3-ubuntu/holohover_ws/src/holohover/build/mocap_optitrack' returned '-2': CMAKE_PREFIX_PATH=${CMAKE_PREFIX_PATH}:/opt/ros/humble /usr/bin/cmake /home/acl3-ubuntu/holohover_ws/src/holohover/mocap_optitrack -DCMAKE_INSTALL_PREFIX=/home/acl3-ubuntu/holohover_ws/src/holohover/install/mocap_optitrack
[11.802s] DEBUG:colcon.colcon_parallel_executor.executor.parallel:run_until_complete finished
[11.802s] DEBUG:colcon.colcon_parallel_executor.executor.parallel:closing loop
[11.802s] DEBUG:colcon.colcon_parallel_executor.executor.parallel:loop closed
[11.802s] DEBUG:colcon.colcon_core.event_reactor:joining thread
[11.831s] INFO:colcon.colcon_core.plugin_system:Skipping extension 'colcon_notification.desktop_notification.terminal_notifier': Not used on non-Darwin systems
[11.831s] INFO:colcon.colcon_core.plugin_system:Skipping extension 'colcon_notification.desktop_notification.win32': Not used on non-Windows systems
[11.831s] INFO:colcon.colcon_notification.desktop_notification:Sending desktop notification using 'notify2'
[11.855s] DEBUG:colcon.colcon_core.event_reactor:joined thread
[11.857s] INFO:colcon.colcon_core.shell:Creating prefix script '/home/acl3-ubuntu/holohover_ws/src/holohover/install/local_setup.ps1'
[11.858s] INFO:colcon.colcon_core.shell:Creating prefix util module '/home/acl3-ubuntu/holohover_ws/src/holohover/install/_local_setup_util_ps1.py'
[11.860s] INFO:colcon.colcon_core.shell:Creating prefix chain script '/home/acl3-ubuntu/holohover_ws/src/holohover/install/setup.ps1'
[11.882s] INFO:colcon.colcon_core.shell:Creating prefix script '/home/acl3-ubuntu/holohover_ws/src/holohover/install/local_setup.sh'
[11.883s] INFO:colcon.colcon_core.shell:Creating prefix util module '/home/acl3-ubuntu/holohover_ws/src/holohover/install/_local_setup_util_sh.py'
[11.883s] INFO:colcon.colcon_core.shell:Creating prefix chain script '/home/acl3-ubuntu/holohover_ws/src/holohover/install/setup.sh'
[11.886s] INFO:colcon.colcon_core.shell:Creating prefix script '/home/acl3-ubuntu/holohover_ws/src/holohover/install/local_setup.bash'
[11.902s] INFO:colcon.colcon_core.shell:Creating prefix chain script '/home/acl3-ubuntu/holohover_ws/src/holohover/install/setup.bash'
[11.905s] INFO:colcon.colcon_core.shell:Creating prefix script '/home/acl3-ubuntu/holohover_ws/src/holohover/install/local_setup.zsh'
[11.907s] INFO:colcon.colcon_core.shell:Creating prefix chain script '/home/acl3-ubuntu/holohover_ws/src/holohover/install/setup.zsh'
