-- The C compiler identification is GNU 11.3.0
-- The CXX compiler identification is GNU 11.3.0
-- Detecting C compiler ABI info
-- Detecting C compiler ABI info - done
-- Check for working C compiler: /usr/bin/cc - skipped
-- Detecting C compile features
-- Detecting C compile features - done
-- Detecting CXX compiler ABI info
-- Detecting CXX compiler ABI info - done
-- Check for working CXX compiler: /usr/bin/c++ - skipped
-- Detecting CXX compile features
-- Detecting CXX compile features - done
-- Found ament_cmake: 1.3.3 (/opt/ros/humble/share/ament_cmake/cmake)
-- Found Python3: /usr/bin/python3.10 (found version "3.10.6") found components: Interpreter 
-- Found rclcpp: 16.0.3 (/opt/ros/humble/share/rclcpp/cmake)
-- Found rosidl_generator_c: 3.1.4 (/opt/ros/humble/share/rosidl_generator_c/cmake)
-- Found rosidl_adapter: 3.1.4 (/opt/ros/humble/share/rosidl_adapter/cmake)
-- Found rosidl_generator_cpp: 3.1.4 (/opt/ros/humble/share/rosidl_generator_cpp/cmake)
-- Using all available rosidl_typesupport_c: rosidl_typesupport_fastrtps_c;rosidl_typesupport_introspection_c
-- Using all available rosidl_typesupport_cpp: rosidl_typesupport_fastrtps_cpp;rosidl_typesupport_introspection_cpp
-- Found rmw_implementation_cmake: 6.1.1 (/opt/ros/humble/share/rmw_implementation_cmake/cmake)
-- Found rmw_fastrtps_cpp: 6.2.2 (/opt/ros/humble/share/rmw_fastrtps_cpp/cmake)
-- Found OpenSSL: /usr/lib/x86_64-linux-gnu/libcrypto.so (found version "3.0.2")  
-- Found FastRTPS: /opt/ros/humble/include  
-- Using RMW implementation 'rmw_fastrtps_cpp' as default
-- Looking for pthread.h
-- Looking for pthread.h - found
-- Performing Test CMAKE_HAVE_LIBC_PTHREAD
-- Performing Test CMAKE_HAVE_LIBC_PTHREAD - Success
-- Found Threads: TRUE  
-- Found sensor_msgs: 4.2.3 (/opt/ros/humble/share/sensor_msgs/cmake)
-- Found diagnostic_updater: 3.0.0 (/opt/ros/humble/share/diagnostic_updater/cmake)
-- Found Boost: /usr/lib/x86_64-linux-gnu/cmake/Boost-1.74.0/BoostConfig.cmake (found version "1.74.0") found components: system 
-- Found ament_cmake_gtest: 1.3.3 (/opt/ros/humble/share/ament_cmake_gtest/cmake)
-- Found gtest sources under '/opt/ros/humble/src/gtest_vendor': C++ tests using 'Google Test' will be built
-- Configuring done
-- Generating done
-- Build files have been written to: /home/acl3-ubuntu/holohover_ws/src/holohover/build/rokubimini
[  4%] [32mBuilding CXX object CMakeFiles/rokubimini.dir/src/rokubimini/calibration/SensorCalibration.cpp.o[0m
[  9%] [32mBuilding CXX object CMakeFiles/rokubimini.dir/src/rokubimini/configuration/Configuration.cpp.o[0m
[ 14%] [32mBuilding CXX object gtest/CMakeFiles/gtest_main.dir/src/gtest_main.cc.o[0m
[ 19%] [32mBuilding CXX object CMakeFiles/rokubimini.dir/src/rokubimini/configuration/ForceTorqueFilter.cpp.o[0m
[ 23%] [32mBuilding CXX object gtest/CMakeFiles/gtest.dir/src/gtest-all.cc.o[0m
[ 28%] [32mBuilding CXX object CMakeFiles/rokubimini.dir/src/rokubimini/configuration/SensorConfiguration.cpp.o[0m
[ 33%] [32mBuilding CXX object CMakeFiles/rokubimini.dir/src/rokubimini/fsm/StateEnum.cpp.o[0m
[ 38%] [32mBuilding CXX object CMakeFiles/rokubimini.dir/src/rokubimini/Reading.cpp.o[0m
[ 42%] [32mBuilding CXX object CMakeFiles/rokubimini.dir/src/rokubimini/Rokubimini.cpp.o[0m
[ 47%] [32m[1mLinking CXX static library libgtest_main.a[0m
[ 47%] Built target gtest_main
[ 52%] [32mBuilding CXX object CMakeFiles/rokubimini.dir/src/rokubimini/Statusword.cpp.o[0m
[ 57%] [32mBuilding CXX object CMakeFiles/rokubimini.dir/src/rokubimini/calibration/ForceTorqueCalibration.cpp.o[0m
[ 61%] [32m[1mLinking CXX static library libgtest.a[0m
[ 61%] Built target gtest
[ 66%] [32m[1mLinking CXX static library librokubimini.a[0m
[ 66%] Built target rokubimini
[ 76%] [32mBuilding CXX object CMakeFiles/test_rokubimini.dir/test/main.cpp.o[0m
[ 76%] [32mBuilding CXX object CMakeFiles/test_rokubimini.dir/test/TestConfiguration.cpp.o[0m
[ 80%] [32mBuilding CXX object CMakeFiles/test_rokubimini.dir/test/TestRokubimini.cpp.o[0m
[ 85%] [32mBuilding CXX object CMakeFiles/test_rokubimini.dir/test/TestStateEnum.cpp.o[0m
[ 90%] [32mBuilding CXX object CMakeFiles/test_rokubimini.dir/test/TestStatusWord.cpp.o[0m
[ 95%] [32mBuilding CXX object CMakeFiles/test_rokubimini.dir/test/TestReading.cpp.o[0m
[100%] [32m[1mLinking CXX executable test_rokubimini[0m
[100%] Built target test_rokubimini
-- Install configuration: ""
-- Installing: /home/acl3-ubuntu/holohover_ws/src/holohover/install/rokubimini/lib/librokubimini.a
-- Installing: /home/acl3-ubuntu/holohover_ws/src/holohover/install/rokubimini/include/rokubimini
-- Installing: /home/acl3-ubuntu/holohover_ws/src/holohover/install/rokubimini/include/rokubimini/configuration
-- Installing: /home/acl3-ubuntu/holohover_ws/src/holohover/install/rokubimini/include/rokubimini/configuration/Configuration.hpp
-- Installing: /home/acl3-ubuntu/holohover_ws/src/holohover/install/rokubimini/include/rokubimini/configuration/SensorConfiguration.hpp
-- Installing: /home/acl3-ubuntu/holohover_ws/src/holohover/install/rokubimini/include/rokubimini/configuration/ForceTorqueFilter.hpp
-- Installing: /home/acl3-ubuntu/holohover_ws/src/holohover/install/rokubimini/include/rokubimini/calibration
-- Installing: /home/acl3-ubuntu/holohover_ws/src/holohover/install/rokubimini/include/rokubimini/calibration/ForceTorqueCalibration.hpp
-- Installing: /home/acl3-ubuntu/holohover_ws/src/holohover/install/rokubimini/include/rokubimini/calibration/SensorCalibration.hpp
-- Installing: /home/acl3-ubuntu/holohover_ws/src/holohover/install/rokubimini/include/rokubimini/Rokubimini.hpp
-- Installing: /home/acl3-ubuntu/holohover_ws/src/holohover/install/rokubimini/include/rokubimini/Statusword.hpp
-- Installing: /home/acl3-ubuntu/holohover_ws/src/holohover/install/rokubimini/include/rokubimini/Reading.hpp
-- Installing: /home/acl3-ubuntu/holohover_ws/src/holohover/install/rokubimini/include/rokubimini/fsm
-- Installing: /home/acl3-ubuntu/holohover_ws/src/holohover/install/rokubimini/include/rokubimini/fsm/StateEnum.hpp
-- Installing: /home/acl3-ubuntu/holohover_ws/src/holohover/install/rokubimini/share/rokubimini/config
-- Installing: /home/acl3-ubuntu/holohover_ws/src/holohover/install/rokubimini/share/rokubimini/config/rokubimini_sensor.yaml
-- Installing: /home/acl3-ubuntu/holohover_ws/src/holohover/install/rokubimini/share/rokubimini/environment/library_path.sh
-- Installing: /home/acl3-ubuntu/holohover_ws/src/holohover/install/rokubimini/share/rokubimini/environment/library_path.dsv
-- Installing: /home/acl3-ubuntu/holohover_ws/src/holohover/install/rokubimini/share/ament_index/resource_index/package_run_dependencies/rokubimini
-- Installing: /home/acl3-ubuntu/holohover_ws/src/holohover/install/rokubimini/share/ament_index/resource_index/parent_prefix_path/rokubimini
-- Installing: /home/acl3-ubuntu/holohover_ws/src/holohover/install/rokubimini/share/rokubimini/environment/ament_prefix_path.sh
-- Installing: /home/acl3-ubuntu/holohover_ws/src/holohover/install/rokubimini/share/rokubimini/environment/ament_prefix_path.dsv
-- Installing: /home/acl3-ubuntu/holohover_ws/src/holohover/install/rokubimini/share/rokubimini/environment/path.sh
-- Installing: /home/acl3-ubuntu/holohover_ws/src/holohover/install/rokubimini/share/rokubimini/environment/path.dsv
-- Installing: /home/acl3-ubuntu/holohover_ws/src/holohover/install/rokubimini/share/rokubimini/local_setup.bash
-- Installing: /home/acl3-ubuntu/holohover_ws/src/holohover/install/rokubimini/share/rokubimini/local_setup.sh
-- Installing: /home/acl3-ubuntu/holohover_ws/src/holohover/install/rokubimini/share/rokubimini/local_setup.zsh
-- Installing: /home/acl3-ubuntu/holohover_ws/src/holohover/install/rokubimini/share/rokubimini/local_setup.dsv
-- Installing: /home/acl3-ubuntu/holohover_ws/src/holohover/install/rokubimini/share/rokubimini/package.dsv
-- Installing: /home/acl3-ubuntu/holohover_ws/src/holohover/install/rokubimini/share/ament_index/resource_index/packages/rokubimini
-- Installing: /home/acl3-ubuntu/holohover_ws/src/holohover/install/rokubimini/share/rokubimini/cmake/ament_cmake_export_dependencies-extras.cmake
-- Installing: /home/acl3-ubuntu/holohover_ws/src/holohover/install/rokubimini/share/rokubimini/cmake/ament_cmake_export_include_directories-extras.cmake
-- Installing: /home/acl3-ubuntu/holohover_ws/src/holohover/install/rokubimini/share/rokubimini/cmake/ament_cmake_export_libraries-extras.cmake
-- Installing: /home/acl3-ubuntu/holohover_ws/src/holohover/install/rokubimini/share/rokubimini/cmake/rokubiminiConfig.cmake
-- Installing: /home/acl3-ubuntu/holohover_ws/src/holohover/install/rokubimini/share/rokubimini/cmake/rokubiminiConfig-version.cmake
-- Installing: /home/acl3-ubuntu/holohover_ws/src/holohover/install/rokubimini/share/rokubimini/package.xml
