[0.042s] Invoking command in '/home/acl3-ubuntu/holohover_ws/src/holohover/build/micro_ros_msgs': CMAKE_PREFIX_PATH=${CMAKE_PREFIX_PATH}:/opt/ros/humble /usr/bin/cmake /home/acl3-ubuntu/holohover_ws/src/holohover/micro_ros/micro_ros_msgs -DCMAKE_INSTALL_PREFIX=/home/acl3-ubuntu/holohover_ws/src/holohover/install/micro_ros_msgs
[1.532s] -- The C compiler identification is GNU 11.3.0
[1.532s] -- The CXX compiler identification is GNU 11.3.0
[1.532s] -- Detecting C compiler ABI info
[1.532s] -- Detecting C compiler ABI info - done
[1.532s] -- Check for working C compiler: /usr/bin/cc - skipped
[1.532s] -- Detecting C compile features
[1.532s] -- Detecting C compile features - done
[1.532s] -- Detecting CXX compiler ABI info
[1.533s] -- Detecting CXX compiler ABI info - done
[1.533s] -- Check for working CXX compiler: /usr/bin/c++ - skipped
[1.533s] -- Detecting CXX compile features
[1.533s] -- Detecting CXX compile features - done
[1.533s] -- Found ament_cmake: 1.3.3 (/opt/ros/humble/share/ament_cmake/cmake)
[1.533s] -- Found Python3: /usr/bin/python3.10 (found version "3.10.6") found components: Interpreter 
[1.533s] -- Found rosidl_default_generators: 1.2.0 (/opt/ros/humble/share/rosidl_default_generators/cmake)
[1.533s] -- Using all available rosidl_typesupport_c: rosidl_typesupport_fastrtps_c;rosidl_typesupport_introspection_c
[1.533s] -- Found rosidl_adapter: 3.1.4 (/opt/ros/humble/share/rosidl_adapter/cmake)
[1.533s] -- Using all available rosidl_typesupport_cpp: rosidl_typesupport_fastrtps_cpp;rosidl_typesupport_introspection_cpp
[1.533s] -- Found ament_lint_auto: 0.12.5 (/opt/ros/humble/share/ament_lint_auto/cmake)
[1.708s] -- Found ament_cmake_ros: 0.10.0 (/opt/ros/humble/share/ament_cmake_ros/cmake)
[2.319s] -- Using all available rosidl_typesupport_c: rosidl_typesupport_fastrtps_c;rosidl_typesupport_introspection_c
[2.893s] -- Using all available rosidl_typesupport_cpp: rosidl_typesupport_fastrtps_cpp;rosidl_typesupport_introspection_cpp
[2.932s] -- Found PythonInterp: /usr/bin/python3 (found suitable version "3.10.6", minimum required is "3.6") 
[2.937s] -- Found python_cmake_module: 0.10.0 (/opt/ros/humble/share/python_cmake_module/cmake)
[3.016s] -- Found PythonLibs: /usr/lib/x86_64-linux-gnu/libpython3.10.so (found suitable version "3.10.6", minimum required is "3.5") 
[3.016s] -- Using PYTHON_EXECUTABLE: /usr/bin/python3
[3.016s] -- Using PYTHON_INCLUDE_DIRS: /usr/include/python3.10
[3.016s] -- Using PYTHON_LIBRARIES: /usr/lib/x86_64-linux-gnu/libpython3.10.so
[3.066s] -- Found PythonExtra: .so  
[3.155s] -- Added test 'copyright' to check source files copyright and LICENSE
[3.160s] -- Added test 'lint_cmake' to check CMake code style
[3.163s] -- Added test 'xmllint' to check XML markup files
[3.172s] -- Configuring done
[3.263s] -- Generating done
[3.268s] -- Build files have been written to: /home/acl3-ubuntu/holohover_ws/src/holohover/build/micro_ros_msgs
[3.425s] Invoked command in '/home/acl3-ubuntu/holohover_ws/src/holohover/build/micro_ros_msgs' returned '0': CMAKE_PREFIX_PATH=${CMAKE_PREFIX_PATH}:/opt/ros/humble /usr/bin/cmake /home/acl3-ubuntu/holohover_ws/src/holohover/micro_ros/micro_ros_msgs -DCMAKE_INSTALL_PREFIX=/home/acl3-ubuntu/holohover_ws/src/holohover/install/micro_ros_msgs
[3.435s] Invoking command in '/home/acl3-ubuntu/holohover_ws/src/holohover/build/micro_ros_msgs': CMAKE_PREFIX_PATH=${CMAKE_PREFIX_PATH}:/opt/ros/humble /usr/bin/cmake --build /home/acl3-ubuntu/holohover_ws/src/holohover/build/micro_ros_msgs -- -j8 -l8
[3.640s] [  2%] [34m[1mGenerating C code for ROS interfaces[0m
[3.657s] [  4%] [34m[1mGenerating C++ code for ROS interfaces[0m
[3.718s] [  4%] Built target ament_cmake_python_copy_micro_ros_msgs
[5.353s] running egg_info
[5.360s] creating micro_ros_msgs.egg-info
[5.360s] writing micro_ros_msgs.egg-info/PKG-INFO
[5.361s] writing dependency_links to micro_ros_msgs.egg-info/dependency_links.txt
[5.364s] writing top-level names to micro_ros_msgs.egg-info/top_level.txt
[5.365s] writing manifest file 'micro_ros_msgs.egg-info/SOURCES.txt'
[5.384s] reading manifest file 'micro_ros_msgs.egg-info/SOURCES.txt'
[5.388s] writing manifest file 'micro_ros_msgs.egg-info/SOURCES.txt'
[5.642s] [  4%] Built target ament_cmake_python_build_micro_ros_msgs_egg
[6.286s] [  6%] [32mBuilding C object CMakeFiles/micro_ros_msgs__rosidl_generator_c.dir/rosidl_generator_c/micro_ros_msgs/msg/detail/graph__functions.c.o[0m
[6.289s] [  6%] Built target micro_ros_msgs__cpp
[6.298s] [  8%] [32mBuilding C object CMakeFiles/micro_ros_msgs__rosidl_generator_c.dir/rosidl_generator_c/micro_ros_msgs/msg/detail/entity__functions.c.o[0m
[6.323s] [ 10%] [32mBuilding C object CMakeFiles/micro_ros_msgs__rosidl_generator_c.dir/rosidl_generator_c/micro_ros_msgs/msg/detail/node__functions.c.o[0m
[6.434s] [ 12%] [34m[1mGenerating C++ type support dispatch for ROS interfaces[0m
[6.437s] [ 14%] [34m[1mGenerating C++ type support for eProsima Fast-RTPS[0m
[6.457s] [ 17%] [34m[1mGenerating C++ introspection for ROS interfaces[0m
[6.687s] [ 19%] [32m[1mLinking C shared library libmicro_ros_msgs__rosidl_generator_c.so[0m
[6.935s] [ 19%] Built target micro_ros_msgs__rosidl_generator_c
[7.032s] [ 23%] [34m[1mGenerating C introspection for ROS interfaces[0m
[7.032s] [ 23%] [34m[1mGenerating C type support for eProsima Fast-RTPS[0m
[7.086s] [ 25%] [34m[1mGenerating C type support dispatch for ROS interfaces[0m
[8.412s] [ 27%] [32mBuilding CXX object CMakeFiles/micro_ros_msgs__rosidl_typesupport_c.dir/rosidl_typesupport_c/micro_ros_msgs/msg/graph__type_support.cpp.o[0m
[8.497s] [ 29%] [32mBuilding CXX object CMakeFiles/micro_ros_msgs__rosidl_typesupport_c.dir/rosidl_typesupport_c/micro_ros_msgs/msg/entity__type_support.cpp.o[0m
[8.523s] [ 31%] [32mBuilding CXX object CMakeFiles/micro_ros_msgs__rosidl_typesupport_c.dir/rosidl_typesupport_c/micro_ros_msgs/msg/node__type_support.cpp.o[0m
[8.574s] [ 34%] [32mBuilding CXX object CMakeFiles/micro_ros_msgs__rosidl_typesupport_cpp.dir/rosidl_typesupport_cpp/micro_ros_msgs/msg/graph__type_support.cpp.o[0m
[8.603s] [ 36%] [32mBuilding CXX object CMakeFiles/micro_ros_msgs__rosidl_typesupport_introspection_cpp.dir/rosidl_typesupport_introspection_cpp/micro_ros_msgs/msg/detail/graph__type_support.cpp.o[0m
[8.611s] [ 38%] [32mBuilding CXX object CMakeFiles/micro_ros_msgs__rosidl_typesupport_cpp.dir/rosidl_typesupport_cpp/micro_ros_msgs/msg/node__type_support.cpp.o[0m
[8.747s] [ 40%] [32mBuilding CXX object CMakeFiles/micro_ros_msgs__rosidl_typesupport_introspection_cpp.dir/rosidl_typesupport_introspection_cpp/micro_ros_msgs/msg/detail/node__type_support.cpp.o[0m
[8.777s] [ 42%] [32m[1mLinking CXX shared library libmicro_ros_msgs__rosidl_typesupport_c.so[0m
[9.129s] [ 42%] Built target micro_ros_msgs__rosidl_typesupport_c
[9.255s] [ 44%] [32mBuilding CXX object CMakeFiles/micro_ros_msgs__rosidl_typesupport_introspection_cpp.dir/rosidl_typesupport_introspection_cpp/micro_ros_msgs/msg/detail/entity__type_support.cpp.o[0m
[9.574s] [ 46%] [32mBuilding CXX object CMakeFiles/micro_ros_msgs__rosidl_typesupport_fastrtps_cpp.dir/rosidl_typesupport_fastrtps_cpp/micro_ros_msgs/msg/detail/dds_fastrtps/graph__type_support.cpp.o[0m
[9.896s] [ 48%] [32mBuilding CXX object CMakeFiles/micro_ros_msgs__rosidl_typesupport_cpp.dir/rosidl_typesupport_cpp/micro_ros_msgs/msg/entity__type_support.cpp.o[0m
[10.221s] [ 51%] [32mBuilding CXX object CMakeFiles/micro_ros_msgs__rosidl_typesupport_fastrtps_cpp.dir/rosidl_typesupport_fastrtps_cpp/micro_ros_msgs/msg/detail/dds_fastrtps/node__type_support.cpp.o[0m
[10.543s] [ 53%] [32mBuilding CXX object CMakeFiles/micro_ros_msgs__rosidl_typesupport_fastrtps_c.dir/rosidl_typesupport_fastrtps_c/micro_ros_msgs/msg/detail/graph__type_support_c.cpp.o[0m
[11.071s] [ 55%] [32mBuilding C object CMakeFiles/micro_ros_msgs__rosidl_typesupport_introspection_c.dir/rosidl_typesupport_introspection_c/micro_ros_msgs/msg/detail/graph__type_support.c.o[0m
[11.110s] [ 57%] [32mBuilding C object CMakeFiles/micro_ros_msgs__rosidl_typesupport_introspection_c.dir/rosidl_typesupport_introspection_c/micro_ros_msgs/msg/detail/node__type_support.c.o[0m
[11.528s] [ 59%] [32mBuilding C object CMakeFiles/micro_ros_msgs__rosidl_typesupport_introspection_c.dir/rosidl_typesupport_introspection_c/micro_ros_msgs/msg/detail/entity__type_support.c.o[0m
[11.579s] [ 61%] [32mBuilding CXX object CMakeFiles/micro_ros_msgs__rosidl_typesupport_fastrtps_c.dir/rosidl_typesupport_fastrtps_c/micro_ros_msgs/msg/detail/node__type_support_c.cpp.o[0m
[12.011s] [ 63%] [32m[1mLinking C shared library libmicro_ros_msgs__rosidl_typesupport_introspection_c.so[0m
[12.197s] [ 63%] Built target micro_ros_msgs__rosidl_typesupport_introspection_c
[12.263s] [ 65%] [32mBuilding CXX object CMakeFiles/micro_ros_msgs__rosidl_typesupport_fastrtps_c.dir/rosidl_typesupport_fastrtps_c/micro_ros_msgs/msg/detail/entity__type_support_c.cpp.o[0m
[12.723s] [ 68%] [32mBuilding CXX object CMakeFiles/micro_ros_msgs__rosidl_typesupport_fastrtps_cpp.dir/rosidl_typesupport_fastrtps_cpp/micro_ros_msgs/msg/detail/dds_fastrtps/entity__type_support.cpp.o[0m
[12.909s] [ 70%] [32m[1mLinking CXX shared library libmicro_ros_msgs__rosidl_typesupport_cpp.so[0m
[13.215s] [ 70%] Built target micro_ros_msgs__rosidl_typesupport_cpp
[14.178s] [ 72%] [32m[1mLinking CXX shared library libmicro_ros_msgs__rosidl_typesupport_introspection_cpp.so[0m
[14.986s] [ 72%] Built target micro_ros_msgs__rosidl_typesupport_introspection_cpp
[15.380s] [ 74%] [32m[1mLinking CXX shared library libmicro_ros_msgs__rosidl_typesupport_fastrtps_cpp.so[0m
[15.800s] [ 74%] Built target micro_ros_msgs__rosidl_typesupport_fastrtps_cpp
[15.804s] [ 76%] [32m[1mLinking CXX shared library libmicro_ros_msgs__rosidl_typesupport_fastrtps_c.so[0m
[16.140s] [ 76%] Built target micro_ros_msgs__rosidl_typesupport_fastrtps_c
[16.344s] [ 76%] Built target micro_ros_msgs
[16.599s] [ 78%] [34m[1mGenerating Python code for ROS interfaces[0m
[19.349s] [ 78%] Built target micro_ros_msgs__py
[19.506s] [ 80%] [32mBuilding C object CMakeFiles/micro_ros_msgs__rosidl_generator_py.dir/rosidl_generator_py/micro_ros_msgs/msg/_graph_s.c.o[0m
[20.031s] [ 82%] [32mBuilding C object CMakeFiles/micro_ros_msgs__rosidl_generator_py.dir/rosidl_generator_py/micro_ros_msgs/msg/_entity_s.c.o[0m
[20.523s] [ 85%] [32mBuilding C object CMakeFiles/micro_ros_msgs__rosidl_generator_py.dir/rosidl_generator_py/micro_ros_msgs/msg/_node_s.c.o[0m
[21.240s] [ 87%] [32m[1mLinking C shared library rosidl_generator_py/micro_ros_msgs/libmicro_ros_msgs__rosidl_generator_py.so[0m
[21.510s] [ 87%] Built target micro_ros_msgs__rosidl_generator_py
[21.664s] [ 89%] [32mBuilding C object CMakeFiles/micro_ros_msgs__rosidl_typesupport_fastrtps_c__pyext.dir/rosidl_generator_py/micro_ros_msgs/_micro_ros_msgs_s.ep.rosidl_typesupport_fastrtps_c.c.o[0m
[22.166s] [ 91%] [32m[1mLinking C shared library rosidl_generator_py/micro_ros_msgs/micro_ros_msgs_s__rosidl_typesupport_fastrtps_c.cpython-310-x86_64-linux-gnu.so[0m
[22.316s] [ 91%] Built target micro_ros_msgs__rosidl_typesupport_fastrtps_c__pyext
[22.463s] [ 93%] [32mBuilding C object CMakeFiles/micro_ros_msgs__rosidl_typesupport_c__pyext.dir/rosidl_generator_py/micro_ros_msgs/_micro_ros_msgs_s.ep.rosidl_typesupport_c.c.o[0m
[22.882s] [ 95%] [32m[1mLinking C shared library rosidl_generator_py/micro_ros_msgs/micro_ros_msgs_s__rosidl_typesupport_c.cpython-310-x86_64-linux-gnu.so[0m
[23.050s] [ 95%] Built target micro_ros_msgs__rosidl_typesupport_c__pyext
[23.175s] [ 97%] [32mBuilding C object CMakeFiles/micro_ros_msgs__rosidl_typesupport_introspection_c__pyext.dir/rosidl_generator_py/micro_ros_msgs/_micro_ros_msgs_s.ep.rosidl_typesupport_introspection_c.c.o[0m
[23.480s] [100%] [32m[1mLinking C shared library rosidl_generator_py/micro_ros_msgs/micro_ros_msgs_s__rosidl_typesupport_introspection_c.cpython-310-x86_64-linux-gnu.so[0m
[23.595s] [100%] Built target micro_ros_msgs__rosidl_typesupport_introspection_c__pyext
[23.638s] Invoked command in '/home/acl3-ubuntu/holohover_ws/src/holohover/build/micro_ros_msgs' returned '0': CMAKE_PREFIX_PATH=${CMAKE_PREFIX_PATH}:/opt/ros/humble /usr/bin/cmake --build /home/acl3-ubuntu/holohover_ws/src/holohover/build/micro_ros_msgs -- -j8 -l8
[24.913s] Invoking command in '/home/acl3-ubuntu/holohover_ws/src/holohover/build/micro_ros_msgs': CMAKE_PREFIX_PATH=${CMAKE_PREFIX_PATH}:/opt/ros/humble /usr/bin/cmake --install /home/acl3-ubuntu/holohover_ws/src/holohover/build/micro_ros_msgs
[25.736s] -- Install configuration: ""
[25.737s] -- Installing: /home/acl3-ubuntu/holohover_ws/src/holohover/install/micro_ros_msgs/share/ament_index/resource_index/rosidl_interfaces/micro_ros_msgs
[25.737s] -- Up-to-date: /home/acl3-ubuntu/holohover_ws/src/holohover/install/micro_ros_msgs/include/micro_ros_msgs/micro_ros_msgs
[25.737s] -- Up-to-date: /home/acl3-ubuntu/holohover_ws/src/holohover/install/micro_ros_msgs/include/micro_ros_msgs/micro_ros_msgs/msg
[25.737s] -- Installing: /home/acl3-ubuntu/holohover_ws/src/holohover/install/micro_ros_msgs/include/micro_ros_msgs/micro_ros_msgs/msg/rosidl_generator_c__visibility_control.h
[25.737s] -- Installing: /home/acl3-ubuntu/holohover_ws/src/holohover/install/micro_ros_msgs/include/micro_ros_msgs/micro_ros_msgs/msg/entity.h
[25.737s] -- Up-to-date: /home/acl3-ubuntu/holohover_ws/src/holohover/install/micro_ros_msgs/include/micro_ros_msgs/micro_ros_msgs/msg/detail
[25.737s] -- Installing: /home/acl3-ubuntu/holohover_ws/src/holohover/install/micro_ros_msgs/include/micro_ros_msgs/micro_ros_msgs/msg/detail/entity__type_support.h
[25.737s] -- Installing: /home/acl3-ubuntu/holohover_ws/src/holohover/install/micro_ros_msgs/include/micro_ros_msgs/micro_ros_msgs/msg/detail/entity__functions.c
[25.738s] -- Installing: /home/acl3-ubuntu/holohover_ws/src/holohover/install/micro_ros_msgs/include/micro_ros_msgs/micro_ros_msgs/msg/detail/entity__struct.h
[25.738s] -- Installing: /home/acl3-ubuntu/holohover_ws/src/holohover/install/micro_ros_msgs/include/micro_ros_msgs/micro_ros_msgs/msg/detail/graph__struct.h
[25.738s] -- Installing: /home/acl3-ubuntu/holohover_ws/src/holohover/install/micro_ros_msgs/include/micro_ros_msgs/micro_ros_msgs/msg/detail/graph__functions.h
[25.738s] -- Installing: /home/acl3-ubuntu/holohover_ws/src/holohover/install/micro_ros_msgs/include/micro_ros_msgs/micro_ros_msgs/msg/detail/graph__functions.c
[25.738s] -- Installing: /home/acl3-ubuntu/holohover_ws/src/holohover/install/micro_ros_msgs/include/micro_ros_msgs/micro_ros_msgs/msg/detail/node__functions.c
[25.738s] -- Installing: /home/acl3-ubuntu/holohover_ws/src/holohover/install/micro_ros_msgs/include/micro_ros_msgs/micro_ros_msgs/msg/detail/node__functions.h
[25.738s] -- Installing: /home/acl3-ubuntu/holohover_ws/src/holohover/install/micro_ros_msgs/include/micro_ros_msgs/micro_ros_msgs/msg/detail/node__type_support.h
[25.739s] -- Installing: /home/acl3-ubuntu/holohover_ws/src/holohover/install/micro_ros_msgs/include/micro_ros_msgs/micro_ros_msgs/msg/detail/graph__type_support.h
[25.739s] -- Installing: /home/acl3-ubuntu/holohover_ws/src/holohover/install/micro_ros_msgs/include/micro_ros_msgs/micro_ros_msgs/msg/detail/node__struct.h
[25.739s] -- Installing: /home/acl3-ubuntu/holohover_ws/src/holohover/install/micro_ros_msgs/include/micro_ros_msgs/micro_ros_msgs/msg/detail/entity__functions.h
[25.739s] -- Installing: /home/acl3-ubuntu/holohover_ws/src/holohover/install/micro_ros_msgs/include/micro_ros_msgs/micro_ros_msgs/msg/graph.h
[25.739s] -- Installing: /home/acl3-ubuntu/holohover_ws/src/holohover/install/micro_ros_msgs/include/micro_ros_msgs/micro_ros_msgs/msg/node.h
[25.739s] -- Installing: /home/acl3-ubuntu/holohover_ws/src/holohover/install/micro_ros_msgs/share/micro_ros_msgs/environment/library_path.sh
[25.739s] -- Installing: /home/acl3-ubuntu/holohover_ws/src/holohover/install/micro_ros_msgs/share/micro_ros_msgs/environment/library_path.dsv
[25.740s] -- Installing: /home/acl3-ubuntu/holohover_ws/src/holohover/install/micro_ros_msgs/lib/libmicro_ros_msgs__rosidl_generator_c.so
[25.740s] -- Set runtime path of "/home/acl3-ubuntu/holohover_ws/src/holohover/install/micro_ros_msgs/lib/libmicro_ros_msgs__rosidl_generator_c.so" to ""
[25.740s] -- Up-to-date: /home/acl3-ubuntu/holohover_ws/src/holohover/install/micro_ros_msgs/include/micro_ros_msgs/micro_ros_msgs
[25.740s] -- Up-to-date: /home/acl3-ubuntu/holohover_ws/src/holohover/install/micro_ros_msgs/include/micro_ros_msgs/micro_ros_msgs/msg
[25.740s] -- Up-to-date: /home/acl3-ubuntu/holohover_ws/src/holohover/install/micro_ros_msgs/include/micro_ros_msgs/micro_ros_msgs/msg/detail
[25.740s] -- Installing: /home/acl3-ubuntu/holohover_ws/src/holohover/install/micro_ros_msgs/include/micro_ros_msgs/micro_ros_msgs/msg/detail/graph__rosidl_typesupport_fastrtps_c.h
[25.740s] -- Installing: /home/acl3-ubuntu/holohover_ws/src/holohover/install/micro_ros_msgs/include/micro_ros_msgs/micro_ros_msgs/msg/detail/node__rosidl_typesupport_fastrtps_c.h
[25.740s] -- Installing: /home/acl3-ubuntu/holohover_ws/src/holohover/install/micro_ros_msgs/include/micro_ros_msgs/micro_ros_msgs/msg/detail/entity__rosidl_typesupport_fastrtps_c.h
[25.741s] -- Installing: /home/acl3-ubuntu/holohover_ws/src/holohover/install/micro_ros_msgs/include/micro_ros_msgs/micro_ros_msgs/msg/rosidl_typesupport_fastrtps_c__visibility_control.h
[25.742s] -- Installing: /home/acl3-ubuntu/holohover_ws/src/holohover/install/micro_ros_msgs/lib/libmicro_ros_msgs__rosidl_typesupport_fastrtps_c.so
[25.742s] -- Set runtime path of "/home/acl3-ubuntu/holohover_ws/src/holohover/install/micro_ros_msgs/lib/libmicro_ros_msgs__rosidl_typesupport_fastrtps_c.so" to ""
[25.742s] -- Up-to-date: /home/acl3-ubuntu/holohover_ws/src/holohover/install/micro_ros_msgs/include/micro_ros_msgs/micro_ros_msgs
[25.742s] -- Up-to-date: /home/acl3-ubuntu/holohover_ws/src/holohover/install/micro_ros_msgs/include/micro_ros_msgs/micro_ros_msgs/msg
[25.743s] -- Up-to-date: /home/acl3-ubuntu/holohover_ws/src/holohover/install/micro_ros_msgs/include/micro_ros_msgs/micro_ros_msgs/msg/detail
[25.743s] -- Installing: /home/acl3-ubuntu/holohover_ws/src/holohover/install/micro_ros_msgs/include/micro_ros_msgs/micro_ros_msgs/msg/detail/entity__rosidl_typesupport_introspection_c.h
[25.743s] -- Installing: /home/acl3-ubuntu/holohover_ws/src/holohover/install/micro_ros_msgs/include/micro_ros_msgs/micro_ros_msgs/msg/detail/graph__type_support.c
[25.743s] -- Installing: /home/acl3-ubuntu/holohover_ws/src/holohover/install/micro_ros_msgs/include/micro_ros_msgs/micro_ros_msgs/msg/detail/node__rosidl_typesupport_introspection_c.h
[25.743s] -- Installing: /home/acl3-ubuntu/holohover_ws/src/holohover/install/micro_ros_msgs/include/micro_ros_msgs/micro_ros_msgs/msg/detail/node__type_support.c
[25.743s] -- Installing: /home/acl3-ubuntu/holohover_ws/src/holohover/install/micro_ros_msgs/include/micro_ros_msgs/micro_ros_msgs/msg/detail/entity__type_support.c
[25.743s] -- Installing: /home/acl3-ubuntu/holohover_ws/src/holohover/install/micro_ros_msgs/include/micro_ros_msgs/micro_ros_msgs/msg/detail/graph__rosidl_typesupport_introspection_c.h
[25.743s] -- Installing: /home/acl3-ubuntu/holohover_ws/src/holohover/install/micro_ros_msgs/include/micro_ros_msgs/micro_ros_msgs/msg/rosidl_typesupport_introspection_c__visibility_control.h
[25.743s] -- Installing: /home/acl3-ubuntu/holohover_ws/src/holohover/install/micro_ros_msgs/lib/libmicro_ros_msgs__rosidl_typesupport_introspection_c.so
[25.744s] -- Set runtime path of "/home/acl3-ubuntu/holohover_ws/src/holohover/install/micro_ros_msgs/lib/libmicro_ros_msgs__rosidl_typesupport_introspection_c.so" to ""
[25.744s] -- Installing: /home/acl3-ubuntu/holohover_ws/src/holohover/install/micro_ros_msgs/lib/libmicro_ros_msgs__rosidl_typesupport_c.so
[25.744s] -- Set runtime path of "/home/acl3-ubuntu/holohover_ws/src/holohover/install/micro_ros_msgs/lib/libmicro_ros_msgs__rosidl_typesupport_c.so" to ""
[25.744s] -- Up-to-date: /home/acl3-ubuntu/holohover_ws/src/holohover/install/micro_ros_msgs/include/micro_ros_msgs/micro_ros_msgs
[25.744s] -- Up-to-date: /home/acl3-ubuntu/holohover_ws/src/holohover/install/micro_ros_msgs/include/micro_ros_msgs/micro_ros_msgs/msg
[25.744s] -- Installing: /home/acl3-ubuntu/holohover_ws/src/holohover/install/micro_ros_msgs/include/micro_ros_msgs/micro_ros_msgs/msg/node.hpp
[25.744s] -- Up-to-date: /home/acl3-ubuntu/holohover_ws/src/holohover/install/micro_ros_msgs/include/micro_ros_msgs/micro_ros_msgs/msg/detail
[25.744s] -- Installing: /home/acl3-ubuntu/holohover_ws/src/holohover/install/micro_ros_msgs/include/micro_ros_msgs/micro_ros_msgs/msg/detail/graph__traits.hpp
[25.744s] -- Installing: /home/acl3-ubuntu/holohover_ws/src/holohover/install/micro_ros_msgs/include/micro_ros_msgs/micro_ros_msgs/msg/detail/node__traits.hpp
[25.744s] -- Installing: /home/acl3-ubuntu/holohover_ws/src/holohover/install/micro_ros_msgs/include/micro_ros_msgs/micro_ros_msgs/msg/detail/graph__builder.hpp
[25.744s] -- Installing: /home/acl3-ubuntu/holohover_ws/src/holohover/install/micro_ros_msgs/include/micro_ros_msgs/micro_ros_msgs/msg/detail/node__struct.hpp
[25.745s] -- Installing: /home/acl3-ubuntu/holohover_ws/src/holohover/install/micro_ros_msgs/include/micro_ros_msgs/micro_ros_msgs/msg/detail/entity__struct.hpp
[25.745s] -- Installing: /home/acl3-ubuntu/holohover_ws/src/holohover/install/micro_ros_msgs/include/micro_ros_msgs/micro_ros_msgs/msg/detail/node__builder.hpp
[25.745s] -- Installing: /home/acl3-ubuntu/holohover_ws/src/holohover/install/micro_ros_msgs/include/micro_ros_msgs/micro_ros_msgs/msg/detail/entity__builder.hpp
[25.745s] -- Installing: /home/acl3-ubuntu/holohover_ws/src/holohover/install/micro_ros_msgs/include/micro_ros_msgs/micro_ros_msgs/msg/detail/graph__struct.hpp
[25.745s] -- Installing: /home/acl3-ubuntu/holohover_ws/src/holohover/install/micro_ros_msgs/include/micro_ros_msgs/micro_ros_msgs/msg/detail/entity__traits.hpp
[25.745s] -- Installing: /home/acl3-ubuntu/holohover_ws/src/holohover/install/micro_ros_msgs/include/micro_ros_msgs/micro_ros_msgs/msg/entity.hpp
[25.745s] -- Installing: /home/acl3-ubuntu/holohover_ws/src/holohover/install/micro_ros_msgs/include/micro_ros_msgs/micro_ros_msgs/msg/graph.hpp
[25.745s] -- Up-to-date: /home/acl3-ubuntu/holohover_ws/src/holohover/install/micro_ros_msgs/include/micro_ros_msgs/micro_ros_msgs
[25.745s] -- Up-to-date: /home/acl3-ubuntu/holohover_ws/src/holohover/install/micro_ros_msgs/include/micro_ros_msgs/micro_ros_msgs/msg
[25.745s] -- Installing: /home/acl3-ubuntu/holohover_ws/src/holohover/install/micro_ros_msgs/include/micro_ros_msgs/micro_ros_msgs/msg/rosidl_typesupport_fastrtps_cpp__visibility_control.h
[25.745s] -- Up-to-date: /home/acl3-ubuntu/holohover_ws/src/holohover/install/micro_ros_msgs/include/micro_ros_msgs/micro_ros_msgs/msg/detail
[25.746s] -- Up-to-date: /home/acl3-ubuntu/holohover_ws/src/holohover/install/micro_ros_msgs/include/micro_ros_msgs/micro_ros_msgs/msg/detail/dds_fastrtps
[25.746s] -- Installing: /home/acl3-ubuntu/holohover_ws/src/holohover/install/micro_ros_msgs/include/micro_ros_msgs/micro_ros_msgs/msg/detail/node__rosidl_typesupport_fastrtps_cpp.hpp
[25.746s] -- Installing: /home/acl3-ubuntu/holohover_ws/src/holohover/install/micro_ros_msgs/include/micro_ros_msgs/micro_ros_msgs/msg/detail/entity__rosidl_typesupport_fastrtps_cpp.hpp
[25.746s] -- Installing: /home/acl3-ubuntu/holohover_ws/src/holohover/install/micro_ros_msgs/include/micro_ros_msgs/micro_ros_msgs/msg/detail/graph__rosidl_typesupport_fastrtps_cpp.hpp
[25.746s] -- Installing: /home/acl3-ubuntu/holohover_ws/src/holohover/install/micro_ros_msgs/lib/libmicro_ros_msgs__rosidl_typesupport_fastrtps_cpp.so
[25.746s] -- Set runtime path of "/home/acl3-ubuntu/holohover_ws/src/holohover/install/micro_ros_msgs/lib/libmicro_ros_msgs__rosidl_typesupport_fastrtps_cpp.so" to ""
[25.746s] -- Up-to-date: /home/acl3-ubuntu/holohover_ws/src/holohover/install/micro_ros_msgs/include/micro_ros_msgs/micro_ros_msgs
[25.746s] -- Up-to-date: /home/acl3-ubuntu/holohover_ws/src/holohover/install/micro_ros_msgs/include/micro_ros_msgs/micro_ros_msgs/msg
[25.746s] -- Up-to-date: /home/acl3-ubuntu/holohover_ws/src/holohover/install/micro_ros_msgs/include/micro_ros_msgs/micro_ros_msgs/msg/detail
[25.747s] -- Installing: /home/acl3-ubuntu/holohover_ws/src/holohover/install/micro_ros_msgs/include/micro_ros_msgs/micro_ros_msgs/msg/detail/node__rosidl_typesupport_introspection_cpp.hpp
[25.747s] -- Installing: /home/acl3-ubuntu/holohover_ws/src/holohover/install/micro_ros_msgs/include/micro_ros_msgs/micro_ros_msgs/msg/detail/graph__rosidl_typesupport_introspection_cpp.hpp
[25.747s] -- Installing: /home/acl3-ubuntu/holohover_ws/src/holohover/install/micro_ros_msgs/include/micro_ros_msgs/micro_ros_msgs/msg/detail/entity__type_support.cpp
[25.747s] -- Installing: /home/acl3-ubuntu/holohover_ws/src/holohover/install/micro_ros_msgs/include/micro_ros_msgs/micro_ros_msgs/msg/detail/node__type_support.cpp
[25.747s] -- Installing: /home/acl3-ubuntu/holohover_ws/src/holohover/install/micro_ros_msgs/include/micro_ros_msgs/micro_ros_msgs/msg/detail/entity__rosidl_typesupport_introspection_cpp.hpp
[25.747s] -- Installing: /home/acl3-ubuntu/holohover_ws/src/holohover/install/micro_ros_msgs/include/micro_ros_msgs/micro_ros_msgs/msg/detail/graph__type_support.cpp
[25.747s] -- Installing: /home/acl3-ubuntu/holohover_ws/src/holohover/install/micro_ros_msgs/lib/libmicro_ros_msgs__rosidl_typesupport_introspection_cpp.so
[25.748s] -- Set runtime path of "/home/acl3-ubuntu/holohover_ws/src/holohover/install/micro_ros_msgs/lib/libmicro_ros_msgs__rosidl_typesupport_introspection_cpp.so" to ""
[25.748s] -- Installing: /home/acl3-ubuntu/holohover_ws/src/holohover/install/micro_ros_msgs/lib/libmicro_ros_msgs__rosidl_typesupport_cpp.so
[25.748s] -- Set runtime path of "/home/acl3-ubuntu/holohover_ws/src/holohover/install/micro_ros_msgs/lib/libmicro_ros_msgs__rosidl_typesupport_cpp.so" to ""
[25.748s] -- Installing: /home/acl3-ubuntu/holohover_ws/src/holohover/install/micro_ros_msgs/share/micro_ros_msgs/environment/pythonpath.sh
[25.748s] -- Installing: /home/acl3-ubuntu/holohover_ws/src/holohover/install/micro_ros_msgs/share/micro_ros_msgs/environment/pythonpath.dsv
[25.749s] -- Installing: /home/acl3-ubuntu/holohover_ws/src/holohover/install/micro_ros_msgs/local/lib/python3.10/dist-packages/micro_ros_msgs-1.0.0-py3.10.egg-info
[25.749s] -- Installing: /home/acl3-ubuntu/holohover_ws/src/holohover/install/micro_ros_msgs/local/lib/python3.10/dist-packages/micro_ros_msgs-1.0.0-py3.10.egg-info/top_level.txt
[25.749s] -- Installing: /home/acl3-ubuntu/holohover_ws/src/holohover/install/micro_ros_msgs/local/lib/python3.10/dist-packages/micro_ros_msgs-1.0.0-py3.10.egg-info/dependency_links.txt
[25.749s] -- Installing: /home/acl3-ubuntu/holohover_ws/src/holohover/install/micro_ros_msgs/local/lib/python3.10/dist-packages/micro_ros_msgs-1.0.0-py3.10.egg-info/SOURCES.txt
[25.749s] -- Installing: /home/acl3-ubuntu/holohover_ws/src/holohover/install/micro_ros_msgs/local/lib/python3.10/dist-packages/micro_ros_msgs-1.0.0-py3.10.egg-info/PKG-INFO
[25.749s] -- Up-to-date: /home/acl3-ubuntu/holohover_ws/src/holohover/install/micro_ros_msgs/local/lib/python3.10/dist-packages/micro_ros_msgs
[25.749s] -- Installing: /home/acl3-ubuntu/holohover_ws/src/holohover/install/micro_ros_msgs/local/lib/python3.10/dist-packages/micro_ros_msgs/_micro_ros_msgs_s.ep.rosidl_typesupport_introspection_c.c
[25.749s] -- Installing: /home/acl3-ubuntu/holohover_ws/src/holohover/install/micro_ros_msgs/local/lib/python3.10/dist-packages/micro_ros_msgs/_micro_ros_msgs_s.ep.rosidl_typesupport_fastrtps_c.c
[25.749s] -- Installing: /home/acl3-ubuntu/holohover_ws/src/holohover/install/micro_ros_msgs/local/lib/python3.10/dist-packages/micro_ros_msgs/libmicro_ros_msgs__rosidl_generator_py.so
[25.750s] -- Installing: /home/acl3-ubuntu/holohover_ws/src/holohover/install/micro_ros_msgs/local/lib/python3.10/dist-packages/micro_ros_msgs/__init__.py
[25.750s] -- Installing: /home/acl3-ubuntu/holohover_ws/src/holohover/install/micro_ros_msgs/local/lib/python3.10/dist-packages/micro_ros_msgs/_micro_ros_msgs_s.ep.rosidl_typesupport_c.c
[25.750s] -- Installing: /home/acl3-ubuntu/holohover_ws/src/holohover/install/micro_ros_msgs/local/lib/python3.10/dist-packages/micro_ros_msgs/micro_ros_msgs_s__rosidl_typesupport_c.cpython-310-x86_64-linux-gnu.so
[25.750s] -- Installing: /home/acl3-ubuntu/holohover_ws/src/holohover/install/micro_ros_msgs/local/lib/python3.10/dist-packages/micro_ros_msgs/micro_ros_msgs_s__rosidl_typesupport_introspection_c.cpython-310-x86_64-linux-gnu.so
[25.750s] -- Installing: /home/acl3-ubuntu/holohover_ws/src/holohover/install/micro_ros_msgs/local/lib/python3.10/dist-packages/micro_ros_msgs/micro_ros_msgs_s__rosidl_typesupport_fastrtps_c.cpython-310-x86_64-linux-gnu.so
[25.750s] -- Up-to-date: /home/acl3-ubuntu/holohover_ws/src/holohover/install/micro_ros_msgs/local/lib/python3.10/dist-packages/micro_ros_msgs/msg
[25.750s] -- Installing: /home/acl3-ubuntu/holohover_ws/src/holohover/install/micro_ros_msgs/local/lib/python3.10/dist-packages/micro_ros_msgs/msg/_node.py
[25.750s] -- Installing: /home/acl3-ubuntu/holohover_ws/src/holohover/install/micro_ros_msgs/local/lib/python3.10/dist-packages/micro_ros_msgs/msg/_node_s.c
[25.751s] -- Installing: /home/acl3-ubuntu/holohover_ws/src/holohover/install/micro_ros_msgs/local/lib/python3.10/dist-packages/micro_ros_msgs/msg/__init__.py
[25.751s] -- Installing: /home/acl3-ubuntu/holohover_ws/src/holohover/install/micro_ros_msgs/local/lib/python3.10/dist-packages/micro_ros_msgs/msg/_graph.py
[25.751s] -- Installing: /home/acl3-ubuntu/holohover_ws/src/holohover/install/micro_ros_msgs/local/lib/python3.10/dist-packages/micro_ros_msgs/msg/_entity.py
[25.751s] -- Installing: /home/acl3-ubuntu/holohover_ws/src/holohover/install/micro_ros_msgs/local/lib/python3.10/dist-packages/micro_ros_msgs/msg/_graph_s.c
[25.751s] -- Installing: /home/acl3-ubuntu/holohover_ws/src/holohover/install/micro_ros_msgs/local/lib/python3.10/dist-packages/micro_ros_msgs/msg/_entity_s.c
[25.751s] Listing '/home/acl3-ubuntu/holohover_ws/src/holohover/install/micro_ros_msgs/local/lib/python3.10/dist-packages/micro_ros_msgs'...
[25.751s] Compiling '/home/acl3-ubuntu/holohover_ws/src/holohover/install/micro_ros_msgs/local/lib/python3.10/dist-packages/micro_ros_msgs/__init__.py'...
[25.751s] Listing '/home/acl3-ubuntu/holohover_ws/src/holohover/install/micro_ros_msgs/local/lib/python3.10/dist-packages/micro_ros_msgs/msg'...
[25.751s] Compiling '/home/acl3-ubuntu/holohover_ws/src/holohover/install/micro_ros_msgs/local/lib/python3.10/dist-packages/micro_ros_msgs/msg/__init__.py'...
[25.752s] Compiling '/home/acl3-ubuntu/holohover_ws/src/holohover/install/micro_ros_msgs/local/lib/python3.10/dist-packages/micro_ros_msgs/msg/_entity.py'...
[25.752s] Compiling '/home/acl3-ubuntu/holohover_ws/src/holohover/install/micro_ros_msgs/local/lib/python3.10/dist-packages/micro_ros_msgs/msg/_graph.py'...
[25.752s] Compiling '/home/acl3-ubuntu/holohover_ws/src/holohover/install/micro_ros_msgs/local/lib/python3.10/dist-packages/micro_ros_msgs/msg/_node.py'...
[25.752s] -- Installing: /home/acl3-ubuntu/holohover_ws/src/holohover/install/micro_ros_msgs/local/lib/python3.10/dist-packages/micro_ros_msgs/micro_ros_msgs_s__rosidl_typesupport_fastrtps_c.cpython-310-x86_64-linux-gnu.so
[25.752s] -- Set runtime path of "/home/acl3-ubuntu/holohover_ws/src/holohover/install/micro_ros_msgs/local/lib/python3.10/dist-packages/micro_ros_msgs/micro_ros_msgs_s__rosidl_typesupport_fastrtps_c.cpython-310-x86_64-linux-gnu.so" to ""
[25.752s] -- Installing: /home/acl3-ubuntu/holohover_ws/src/holohover/install/micro_ros_msgs/local/lib/python3.10/dist-packages/micro_ros_msgs/micro_ros_msgs_s__rosidl_typesupport_introspection_c.cpython-310-x86_64-linux-gnu.so
[25.752s] -- Set runtime path of "/home/acl3-ubuntu/holohover_ws/src/holohover/install/micro_ros_msgs/local/lib/python3.10/dist-packages/micro_ros_msgs/micro_ros_msgs_s__rosidl_typesupport_introspection_c.cpython-310-x86_64-linux-gnu.so" to ""
[25.752s] -- Installing: /home/acl3-ubuntu/holohover_ws/src/holohover/install/micro_ros_msgs/local/lib/python3.10/dist-packages/micro_ros_msgs/micro_ros_msgs_s__rosidl_typesupport_c.cpython-310-x86_64-linux-gnu.so
[25.752s] -- Set runtime path of "/home/acl3-ubuntu/holohover_ws/src/holohover/install/micro_ros_msgs/local/lib/python3.10/dist-packages/micro_ros_msgs/micro_ros_msgs_s__rosidl_typesupport_c.cpython-310-x86_64-linux-gnu.so" to ""
[25.752s] -- Installing: /home/acl3-ubuntu/holohover_ws/src/holohover/install/micro_ros_msgs/lib/libmicro_ros_msgs__rosidl_generator_py.so
[25.753s] -- Set runtime path of "/home/acl3-ubuntu/holohover_ws/src/holohover/install/micro_ros_msgs/lib/libmicro_ros_msgs__rosidl_generator_py.so" to ""
[25.753s] -- Installing: /home/acl3-ubuntu/holohover_ws/src/holohover/install/micro_ros_msgs/share/micro_ros_msgs/msg/Graph.idl
[25.753s] -- Installing: /home/acl3-ubuntu/holohover_ws/src/holohover/install/micro_ros_msgs/share/micro_ros_msgs/msg/Node.idl
[25.753s] -- Installing: /home/acl3-ubuntu/holohover_ws/src/holohover/install/micro_ros_msgs/share/micro_ros_msgs/msg/Entity.idl
[25.753s] -- Installing: /home/acl3-ubuntu/holohover_ws/src/holohover/install/micro_ros_msgs/share/micro_ros_msgs/msg/Graph.msg
[25.753s] -- Installing: /home/acl3-ubuntu/holohover_ws/src/holohover/install/micro_ros_msgs/share/micro_ros_msgs/msg/Node.msg
[25.753s] -- Installing: /home/acl3-ubuntu/holohover_ws/src/holohover/install/micro_ros_msgs/share/micro_ros_msgs/msg/Entity.msg
[25.753s] -- Installing: /home/acl3-ubuntu/holohover_ws/src/holohover/install/micro_ros_msgs/share/ament_index/resource_index/package_run_dependencies/micro_ros_msgs
[25.753s] -- Installing: /home/acl3-ubuntu/holohover_ws/src/holohover/install/micro_ros_msgs/share/ament_index/resource_index/parent_prefix_path/micro_ros_msgs
[25.754s] -- Installing: /home/acl3-ubuntu/holohover_ws/src/holohover/install/micro_ros_msgs/share/micro_ros_msgs/environment/ament_prefix_path.sh
[25.754s] -- Installing: /home/acl3-ubuntu/holohover_ws/src/holohover/install/micro_ros_msgs/share/micro_ros_msgs/environment/ament_prefix_path.dsv
[25.754s] -- Installing: /home/acl3-ubuntu/holohover_ws/src/holohover/install/micro_ros_msgs/share/micro_ros_msgs/environment/path.sh
[25.754s] -- Installing: /home/acl3-ubuntu/holohover_ws/src/holohover/install/micro_ros_msgs/share/micro_ros_msgs/environment/path.dsv
[25.754s] -- Installing: /home/acl3-ubuntu/holohover_ws/src/holohover/install/micro_ros_msgs/share/micro_ros_msgs/local_setup.bash
[25.754s] -- Installing: /home/acl3-ubuntu/holohover_ws/src/holohover/install/micro_ros_msgs/share/micro_ros_msgs/local_setup.sh
[25.754s] -- Installing: /home/acl3-ubuntu/holohover_ws/src/holohover/install/micro_ros_msgs/share/micro_ros_msgs/local_setup.zsh
[25.754s] -- Installing: /home/acl3-ubuntu/holohover_ws/src/holohover/install/micro_ros_msgs/share/micro_ros_msgs/local_setup.dsv
[25.754s] -- Installing: /home/acl3-ubuntu/holohover_ws/src/holohover/install/micro_ros_msgs/share/micro_ros_msgs/package.dsv
[25.754s] -- Installing: /home/acl3-ubuntu/holohover_ws/src/holohover/install/micro_ros_msgs/share/ament_index/resource_index/packages/micro_ros_msgs
[25.755s] -- Installing: /home/acl3-ubuntu/holohover_ws/src/holohover/install/micro_ros_msgs/share/micro_ros_msgs/cmake/export_micro_ros_msgs__rosidl_generator_cExport.cmake
[25.755s] -- Installing: /home/acl3-ubuntu/holohover_ws/src/holohover/install/micro_ros_msgs/share/micro_ros_msgs/cmake/export_micro_ros_msgs__rosidl_generator_cExport-noconfig.cmake
[25.764s] -- Installing: /home/acl3-ubuntu/holohover_ws/src/holohover/install/micro_ros_msgs/share/micro_ros_msgs/cmake/export_micro_ros_msgs__rosidl_typesupport_fastrtps_cExport.cmake
[25.764s] -- Installing: /home/acl3-ubuntu/holohover_ws/src/holohover/install/micro_ros_msgs/share/micro_ros_msgs/cmake/export_micro_ros_msgs__rosidl_typesupport_fastrtps_cExport-noconfig.cmake
[25.764s] -- Installing: /home/acl3-ubuntu/holohover_ws/src/holohover/install/micro_ros_msgs/share/micro_ros_msgs/cmake/micro_ros_msgs__rosidl_typesupport_introspection_cExport.cmake
[25.764s] -- Installing: /home/acl3-ubuntu/holohover_ws/src/holohover/install/micro_ros_msgs/share/micro_ros_msgs/cmake/micro_ros_msgs__rosidl_typesupport_introspection_cExport-noconfig.cmake
[25.764s] -- Installing: /home/acl3-ubuntu/holohover_ws/src/holohover/install/micro_ros_msgs/share/micro_ros_msgs/cmake/micro_ros_msgs__rosidl_typesupport_cExport.cmake
[25.764s] -- Installing: /home/acl3-ubuntu/holohover_ws/src/holohover/install/micro_ros_msgs/share/micro_ros_msgs/cmake/micro_ros_msgs__rosidl_typesupport_cExport-noconfig.cmake
[25.764s] -- Installing: /home/acl3-ubuntu/holohover_ws/src/holohover/install/micro_ros_msgs/share/micro_ros_msgs/cmake/export_micro_ros_msgs__rosidl_generator_cppExport.cmake
[25.765s] -- Installing: /home/acl3-ubuntu/holohover_ws/src/holohover/install/micro_ros_msgs/share/micro_ros_msgs/cmake/export_micro_ros_msgs__rosidl_typesupport_fastrtps_cppExport.cmake
[25.765s] -- Installing: /home/acl3-ubuntu/holohover_ws/src/holohover/install/micro_ros_msgs/share/micro_ros_msgs/cmake/export_micro_ros_msgs__rosidl_typesupport_fastrtps_cppExport-noconfig.cmake
[25.765s] -- Installing: /home/acl3-ubuntu/holohover_ws/src/holohover/install/micro_ros_msgs/share/micro_ros_msgs/cmake/micro_ros_msgs__rosidl_typesupport_introspection_cppExport.cmake
[25.765s] -- Installing: /home/acl3-ubuntu/holohover_ws/src/holohover/install/micro_ros_msgs/share/micro_ros_msgs/cmake/micro_ros_msgs__rosidl_typesupport_introspection_cppExport-noconfig.cmake
[25.765s] -- Installing: /home/acl3-ubuntu/holohover_ws/src/holohover/install/micro_ros_msgs/share/micro_ros_msgs/cmake/micro_ros_msgs__rosidl_typesupport_cppExport.cmake
[25.765s] -- Installing: /home/acl3-ubuntu/holohover_ws/src/holohover/install/micro_ros_msgs/share/micro_ros_msgs/cmake/micro_ros_msgs__rosidl_typesupport_cppExport-noconfig.cmake
[25.765s] -- Installing: /home/acl3-ubuntu/holohover_ws/src/holohover/install/micro_ros_msgs/share/micro_ros_msgs/cmake/export_micro_ros_msgs__rosidl_generator_pyExport.cmake
[25.765s] -- Installing: /home/acl3-ubuntu/holohover_ws/src/holohover/install/micro_ros_msgs/share/micro_ros_msgs/cmake/export_micro_ros_msgs__rosidl_generator_pyExport-noconfig.cmake
[25.765s] -- Installing: /home/acl3-ubuntu/holohover_ws/src/holohover/install/micro_ros_msgs/share/micro_ros_msgs/cmake/rosidl_cmake-extras.cmake
[25.766s] -- Installing: /home/acl3-ubuntu/holohover_ws/src/holohover/install/micro_ros_msgs/share/micro_ros_msgs/cmake/ament_cmake_export_include_directories-extras.cmake
[25.766s] -- Installing: /home/acl3-ubuntu/holohover_ws/src/holohover/install/micro_ros_msgs/share/micro_ros_msgs/cmake/ament_cmake_export_libraries-extras.cmake
[25.766s] -- Installing: /home/acl3-ubuntu/holohover_ws/src/holohover/install/micro_ros_msgs/share/micro_ros_msgs/cmake/ament_cmake_export_targets-extras.cmake
[25.766s] -- Installing: /home/acl3-ubuntu/holohover_ws/src/holohover/install/micro_ros_msgs/share/micro_ros_msgs/cmake/rosidl_cmake_export_typesupport_targets-extras.cmake
[25.766s] -- Installing: /home/acl3-ubuntu/holohover_ws/src/holohover/install/micro_ros_msgs/share/micro_ros_msgs/cmake/ament_cmake_export_dependencies-extras.cmake
[25.766s] -- Installing: /home/acl3-ubuntu/holohover_ws/src/holohover/install/micro_ros_msgs/share/micro_ros_msgs/cmake/rosidl_cmake_export_typesupport_libraries-extras.cmake
[25.766s] -- Installing: /home/acl3-ubuntu/holohover_ws/src/holohover/install/micro_ros_msgs/share/micro_ros_msgs/cmake/micro_ros_msgsConfig.cmake
[25.766s] -- Installing: /home/acl3-ubuntu/holohover_ws/src/holohover/install/micro_ros_msgs/share/micro_ros_msgs/cmake/micro_ros_msgsConfig-version.cmake
[25.766s] -- Installing: /home/acl3-ubuntu/holohover_ws/src/holohover/install/micro_ros_msgs/share/micro_ros_msgs/package.xml
[25.794s] Invoked command in '/home/acl3-ubuntu/holohover_ws/src/holohover/build/micro_ros_msgs' returned '0': CMAKE_PREFIX_PATH=${CMAKE_PREFIX_PATH}:/opt/ros/humble /usr/bin/cmake --install /home/acl3-ubuntu/holohover_ws/src/holohover/build/micro_ros_msgs
