-- The C compiler identification is GNU 11.3.0
-- The CXX compiler identification is GNU 11.3.0
-- Detecting C compiler ABI info
-- Detecting C compiler ABI info - done
-- Check for working C compiler: /usr/bin/cc - skipped
-- Detecting C compile features
-- Detecting C compile features - done
-- Detecting CXX compiler ABI info
-- Detecting CXX compiler ABI info - done
-- Check for working CXX compiler: /usr/bin/c++ - skipped
-- Detecting CXX compile features
-- Detecting CXX compile features - done
-- Found ament_cmake: 1.3.3 (/opt/ros/humble/share/ament_cmake/cmake)
-- Found Python3: /usr/bin/python3.10 (found version "3.10.6") found components: Interpreter 
-- Found rclcpp: 16.0.3 (/opt/ros/humble/share/rclcpp/cmake)
-- Found rosidl_generator_c: 3.1.4 (/opt/ros/humble/share/rosidl_generator_c/cmake)
-- Found rosidl_adapter: 3.1.4 (/opt/ros/humble/share/rosidl_adapter/cmake)
-- Found rosidl_generator_cpp: 3.1.4 (/opt/ros/humble/share/rosidl_generator_cpp/cmake)
-- Using all available rosidl_typesupport_c: rosidl_typesupport_fastrtps_c;rosidl_typesupport_introspection_c
-- Using all available rosidl_typesupport_cpp: rosidl_typesupport_fastrtps_cpp;rosidl_typesupport_introspection_cpp
-- Found rmw_implementation_cmake: 6.1.1 (/opt/ros/humble/share/rmw_implementation_cmake/cmake)
-- Found rmw_fastrtps_cpp: 6.2.2 (/opt/ros/humble/share/rmw_fastrtps_cpp/cmake)
-- Found OpenSSL: /usr/lib/x86_64-linux-gnu/libcrypto.so (found version "3.0.2")  
-- Found FastRTPS: /opt/ros/humble/include  
-- Using RMW implementation 'rmw_fastrtps_cpp' as default
-- Looking for pthread.h
-- Looking for pthread.h - found
-- Performing Test CMAKE_HAVE_LIBC_PTHREAD
-- Performing Test CMAKE_HAVE_LIBC_PTHREAD - Success
-- Found Threads: TRUE  
-- Found rokubimini: 0.6.1 (/home/acl3-ubuntu/holohover_ws/src/holohover/install/rokubimini/share/rokubimini/cmake)
-- Found bota_node: 0.6.1 (/home/acl3-ubuntu/holohover_ws/src/holohover/install/bota_node/share/bota_node/cmake)
-- Configuring done
-- Generating done
-- Build files have been written to: /home/acl3-ubuntu/holohover_ws/src/holohover/build/rokubimini_bus_manager
[ 50%] [32mBuilding CXX object CMakeFiles/rokubimini_bus_manager.dir/src/rokubimini_bus_manager/BusManager.cpp.o[0m
[100%] [32m[1mLinking CXX static library librokubimini_bus_manager.a[0m
[100%] Built target rokubimini_bus_manager
-- Install configuration: ""
-- Installing: /home/acl3-ubuntu/holohover_ws/src/holohover/install/rokubimini_bus_manager/lib/librokubimini_bus_manager.a
-- Installing: /home/acl3-ubuntu/holohover_ws/src/holohover/install/rokubimini_bus_manager/include/rokubimini_bus_manager
-- Installing: /home/acl3-ubuntu/holohover_ws/src/holohover/install/rokubimini_bus_manager/include/rokubimini_bus_manager/BusManager.hpp
-- Installing: /home/acl3-ubuntu/holohover_ws/src/holohover/install/rokubimini_bus_manager/share/rokubimini_bus_manager/environment/library_path.sh
-- Installing: /home/acl3-ubuntu/holohover_ws/src/holohover/install/rokubimini_bus_manager/share/rokubimini_bus_manager/environment/library_path.dsv
-- Installing: /home/acl3-ubuntu/holohover_ws/src/holohover/install/rokubimini_bus_manager/share/ament_index/resource_index/package_run_dependencies/rokubimini_bus_manager
-- Installing: /home/acl3-ubuntu/holohover_ws/src/holohover/install/rokubimini_bus_manager/share/ament_index/resource_index/parent_prefix_path/rokubimini_bus_manager
-- Installing: /home/acl3-ubuntu/holohover_ws/src/holohover/install/rokubimini_bus_manager/share/rokubimini_bus_manager/environment/ament_prefix_path.sh
-- Installing: /home/acl3-ubuntu/holohover_ws/src/holohover/install/rokubimini_bus_manager/share/rokubimini_bus_manager/environment/ament_prefix_path.dsv
-- Installing: /home/acl3-ubuntu/holohover_ws/src/holohover/install/rokubimini_bus_manager/share/rokubimini_bus_manager/environment/path.sh
-- Installing: /home/acl3-ubuntu/holohover_ws/src/holohover/install/rokubimini_bus_manager/share/rokubimini_bus_manager/environment/path.dsv
-- Installing: /home/acl3-ubuntu/holohover_ws/src/holohover/install/rokubimini_bus_manager/share/rokubimini_bus_manager/local_setup.bash
-- Installing: /home/acl3-ubuntu/holohover_ws/src/holohover/install/rokubimini_bus_manager/share/rokubimini_bus_manager/local_setup.sh
-- Installing: /home/acl3-ubuntu/holohover_ws/src/holohover/install/rokubimini_bus_manager/share/rokubimini_bus_manager/local_setup.zsh
-- Installing: /home/acl3-ubuntu/holohover_ws/src/holohover/install/rokubimini_bus_manager/share/rokubimini_bus_manager/local_setup.dsv
-- Installing: /home/acl3-ubuntu/holohover_ws/src/holohover/install/rokubimini_bus_manager/share/rokubimini_bus_manager/package.dsv
-- Installing: /home/acl3-ubuntu/holohover_ws/src/holohover/install/rokubimini_bus_manager/share/ament_index/resource_index/packages/rokubimini_bus_manager
-- Installing: /home/acl3-ubuntu/holohover_ws/src/holohover/install/rokubimini_bus_manager/share/rokubimini_bus_manager/cmake/ament_cmake_export_dependencies-extras.cmake
-- Installing: /home/acl3-ubuntu/holohover_ws/src/holohover/install/rokubimini_bus_manager/share/rokubimini_bus_manager/cmake/ament_cmake_export_include_directories-extras.cmake
-- Installing: /home/acl3-ubuntu/holohover_ws/src/holohover/install/rokubimini_bus_manager/share/rokubimini_bus_manager/cmake/ament_cmake_export_libraries-extras.cmake
-- Installing: /home/acl3-ubuntu/holohover_ws/src/holohover/install/rokubimini_bus_manager/share/rokubimini_bus_manager/cmake/rokubimini_bus_managerConfig.cmake
-- Installing: /home/acl3-ubuntu/holohover_ws/src/holohover/install/rokubimini_bus_manager/share/rokubimini_bus_manager/cmake/rokubimini_bus_managerConfig-version.cmake
-- Installing: /home/acl3-ubuntu/holohover_ws/src/holohover/install/rokubimini_bus_manager/share/rokubimini_bus_manager/package.xml
