[0.026s] Invoking command in '/home/acl3-ubuntu/holohover_ws/src/holohover/build/rokubimini_bus_manager': AMENT_PREFIX_PATH=/home/acl3-ubuntu/holohover_ws/src/holohover/install/bota_node:/home/acl3-ubuntu/holohover_ws/src/holohover/install/rokubimini:/home/acl3-ubuntu/holohover_ws/src/holohover/install/bota_worker:/home/acl3-ubuntu/holohover_ws/src/holohover/install/bota_signal_handler:${AMENT_PREFIX_PATH} CMAKE_PREFIX_PATH=/home/acl3-ubuntu/holohover_ws/src/holohover/install/bota_node:/home/acl3-ubuntu/holohover_ws/src/holohover/install/rokubimini:/home/acl3-ubuntu/holohover_ws/src/holohover/install/bota_worker:/home/acl3-ubuntu/holohover_ws/src/holohover/install/bota_signal_handler:/home/acl3-ubuntu/holohover_ws/install/bota_driver_testing:/home/acl3-ubuntu/holohover_ws/install/bota_driver:/home/acl3-ubuntu/holohover_ws/install/rokubimini_ethercat:/home/acl3-ubuntu/holohover_ws/install/soem:/home/acl3-ubuntu/holohover_ws/install/holohover_utils:/home/acl3-ubuntu/holohover_ws/install/holohover_gnc:/home/acl3-ubuntu/holohover_ws/install/ros_polympc:/home/acl3-ubuntu/holohover_ws/install/rokubimini_serial:/home/acl3-ubuntu/holohover_ws/install/rokubimini_msgs:/home/acl3-ubuntu/holohover_ws/install/rokubimini_description:/home/acl3-ubuntu/holohover_ws/install/rokubimini_bus_manager:/home/acl3-ubuntu/holohover_ws/install/rokubimini:/home/acl3-ubuntu/holohover_ws/install/mocap_optitrack:/home/acl3-ubuntu/holohover_ws/install/micro_ros_setup:/home/acl3-ubuntu/holohover_ws/install/micro_ros_agent:/home/acl3-ubuntu/holohover_ws/install/micro_ros_msgs:/home/acl3-ubuntu/holohover_ws/install/holohover_msgs:/home/acl3-ubuntu/holohover_ws/install/bota_node:/home/acl3-ubuntu/holohover_ws/install/bota_worker:/home/acl3-ubuntu/holohover_ws/install/bota_signal_handler:/opt/ros/humble LD_LIBRARY_PATH=/home/acl3-ubuntu/holohover_ws/src/holohover/install/bota_node/lib:/home/acl3-ubuntu/holohover_ws/src/holohover/install/rokubimini/lib:/home/acl3-ubuntu/holohover_ws/src/holohover/install/bota_worker/lib:/home/acl3-ubuntu/holohover_ws/src/holohover/install/bota_signal_handler/lib:${LD_LIBRARY_PATH} /usr/bin/cmake /home/acl3-ubuntu/holohover_ws/src/holohover/bota_driver/rokubimini_bus_manager -DCMAKE_INSTALL_PREFIX=/home/acl3-ubuntu/holohover_ws/src/holohover/install/rokubimini_bus_manager
[0.092s] -- The C compiler identification is GNU 11.3.0
[0.151s] -- The CXX compiler identification is GNU 11.3.0
[0.158s] -- Detecting C compiler ABI info
[0.226s] -- Detecting C compiler ABI info - done
[0.236s] -- Check for working C compiler: /usr/bin/cc - skipped
[0.237s] -- Detecting C compile features
[0.237s] -- Detecting C compile features - done
[0.241s] -- Detecting CXX compiler ABI info
[0.324s] -- Detecting CXX compiler ABI info - done
[0.335s] -- Check for working CXX compiler: /usr/bin/c++ - skipped
[0.335s] -- Detecting CXX compile features
[0.336s] -- Detecting CXX compile features - done
[0.341s] -- Found ament_cmake: 1.3.3 (/opt/ros/humble/share/ament_cmake/cmake)
[0.643s] -- Found Python3: /usr/bin/python3.10 (found version "3.10.6") found components: Interpreter 
[0.827s] -- Found rclcpp: 16.0.3 (/opt/ros/humble/share/rclcpp/cmake)
[0.942s] -- Found rosidl_generator_c: 3.1.4 (/opt/ros/humble/share/rosidl_generator_c/cmake)
[0.956s] -- Found rosidl_adapter: 3.1.4 (/opt/ros/humble/share/rosidl_adapter/cmake)
[0.977s] -- Found rosidl_generator_cpp: 3.1.4 (/opt/ros/humble/share/rosidl_generator_cpp/cmake)
[1.007s] -- Using all available rosidl_typesupport_c: rosidl_typesupport_fastrtps_c;rosidl_typesupport_introspection_c
[1.052s] -- Using all available rosidl_typesupport_cpp: rosidl_typesupport_fastrtps_cpp;rosidl_typesupport_introspection_cpp
[1.198s] -- Found rmw_implementation_cmake: 6.1.1 (/opt/ros/humble/share/rmw_implementation_cmake/cmake)
[1.207s] -- Found rmw_fastrtps_cpp: 6.2.2 (/opt/ros/humble/share/rmw_fastrtps_cpp/cmake)
[1.399s] -- Found OpenSSL: /usr/lib/x86_64-linux-gnu/libcrypto.so (found version "3.0.2")  
[1.448s] -- Found FastRTPS: /opt/ros/humble/include  
[1.528s] -- Using RMW implementation 'rmw_fastrtps_cpp' as default
[1.552s] -- Looking for pthread.h
[1.698s] -- Looking for pthread.h - found
[1.701s] -- Performing Test CMAKE_HAVE_LIBC_PTHREAD
[1.847s] -- Performing Test CMAKE_HAVE_LIBC_PTHREAD - Success
[1.849s] -- Found Threads: TRUE  
[2.192s] -- Found rokubimini: 0.6.1 (/home/acl3-ubuntu/holohover_ws/src/holohover/install/rokubimini/share/rokubimini/cmake)
[2.688s] -- Found bota_node: 0.6.1 (/home/acl3-ubuntu/holohover_ws/src/holohover/install/bota_node/share/bota_node/cmake)
[2.950s] -- Configuring done
[2.978s] -- Generating done
[2.980s] -- Build files have been written to: /home/acl3-ubuntu/holohover_ws/src/holohover/build/rokubimini_bus_manager
[2.999s] Invoked command in '/home/acl3-ubuntu/holohover_ws/src/holohover/build/rokubimini_bus_manager' returned '0': AMENT_PREFIX_PATH=/home/acl3-ubuntu/holohover_ws/src/holohover/install/bota_node:/home/acl3-ubuntu/holohover_ws/src/holohover/install/rokubimini:/home/acl3-ubuntu/holohover_ws/src/holohover/install/bota_worker:/home/acl3-ubuntu/holohover_ws/src/holohover/install/bota_signal_handler:${AMENT_PREFIX_PATH} CMAKE_PREFIX_PATH=/home/acl3-ubuntu/holohover_ws/src/holohover/install/bota_node:/home/acl3-ubuntu/holohover_ws/src/holohover/install/rokubimini:/home/acl3-ubuntu/holohover_ws/src/holohover/install/bota_worker:/home/acl3-ubuntu/holohover_ws/src/holohover/install/bota_signal_handler:/home/acl3-ubuntu/holohover_ws/install/bota_driver_testing:/home/acl3-ubuntu/holohover_ws/install/bota_driver:/home/acl3-ubuntu/holohover_ws/install/rokubimini_ethercat:/home/acl3-ubuntu/holohover_ws/install/soem:/home/acl3-ubuntu/holohover_ws/install/holohover_utils:/home/acl3-ubuntu/holohover_ws/install/holohover_gnc:/home/acl3-ubuntu/holohover_ws/install/ros_polympc:/home/acl3-ubuntu/holohover_ws/install/rokubimini_serial:/home/acl3-ubuntu/holohover_ws/install/rokubimini_msgs:/home/acl3-ubuntu/holohover_ws/install/rokubimini_description:/home/acl3-ubuntu/holohover_ws/install/rokubimini_bus_manager:/home/acl3-ubuntu/holohover_ws/install/rokubimini:/home/acl3-ubuntu/holohover_ws/install/mocap_optitrack:/home/acl3-ubuntu/holohover_ws/install/micro_ros_setup:/home/acl3-ubuntu/holohover_ws/install/micro_ros_agent:/home/acl3-ubuntu/holohover_ws/install/micro_ros_msgs:/home/acl3-ubuntu/holohover_ws/install/holohover_msgs:/home/acl3-ubuntu/holohover_ws/install/bota_node:/home/acl3-ubuntu/holohover_ws/install/bota_worker:/home/acl3-ubuntu/holohover_ws/install/bota_signal_handler:/opt/ros/humble LD_LIBRARY_PATH=/home/acl3-ubuntu/holohover_ws/src/holohover/install/bota_node/lib:/home/acl3-ubuntu/holohover_ws/src/holohover/install/rokubimini/lib:/home/acl3-ubuntu/holohover_ws/src/holohover/install/bota_worker/lib:/home/acl3-ubuntu/holohover_ws/src/holohover/install/bota_signal_handler/lib:${LD_LIBRARY_PATH} /usr/bin/cmake /home/acl3-ubuntu/holohover_ws/src/holohover/bota_driver/rokubimini_bus_manager -DCMAKE_INSTALL_PREFIX=/home/acl3-ubuntu/holohover_ws/src/holohover/install/rokubimini_bus_manager
[3.001s] Invoking command in '/home/acl3-ubuntu/holohover_ws/src/holohover/build/rokubimini_bus_manager': AMENT_PREFIX_PATH=/home/acl3-ubuntu/holohover_ws/src/holohover/install/bota_node:/home/acl3-ubuntu/holohover_ws/src/holohover/install/rokubimini:/home/acl3-ubuntu/holohover_ws/src/holohover/install/bota_worker:/home/acl3-ubuntu/holohover_ws/src/holohover/install/bota_signal_handler:${AMENT_PREFIX_PATH} CMAKE_PREFIX_PATH=/home/acl3-ubuntu/holohover_ws/src/holohover/install/bota_node:/home/acl3-ubuntu/holohover_ws/src/holohover/install/rokubimini:/home/acl3-ubuntu/holohover_ws/src/holohover/install/bota_worker:/home/acl3-ubuntu/holohover_ws/src/holohover/install/bota_signal_handler:/home/acl3-ubuntu/holohover_ws/install/bota_driver_testing:/home/acl3-ubuntu/holohover_ws/install/bota_driver:/home/acl3-ubuntu/holohover_ws/install/rokubimini_ethercat:/home/acl3-ubuntu/holohover_ws/install/soem:/home/acl3-ubuntu/holohover_ws/install/holohover_utils:/home/acl3-ubuntu/holohover_ws/install/holohover_gnc:/home/acl3-ubuntu/holohover_ws/install/ros_polympc:/home/acl3-ubuntu/holohover_ws/install/rokubimini_serial:/home/acl3-ubuntu/holohover_ws/install/rokubimini_msgs:/home/acl3-ubuntu/holohover_ws/install/rokubimini_description:/home/acl3-ubuntu/holohover_ws/install/rokubimini_bus_manager:/home/acl3-ubuntu/holohover_ws/install/rokubimini:/home/acl3-ubuntu/holohover_ws/install/mocap_optitrack:/home/acl3-ubuntu/holohover_ws/install/micro_ros_setup:/home/acl3-ubuntu/holohover_ws/install/micro_ros_agent:/home/acl3-ubuntu/holohover_ws/install/micro_ros_msgs:/home/acl3-ubuntu/holohover_ws/install/holohover_msgs:/home/acl3-ubuntu/holohover_ws/install/bota_node:/home/acl3-ubuntu/holohover_ws/install/bota_worker:/home/acl3-ubuntu/holohover_ws/install/bota_signal_handler:/opt/ros/humble LD_LIBRARY_PATH=/home/acl3-ubuntu/holohover_ws/src/holohover/install/bota_node/lib:/home/acl3-ubuntu/holohover_ws/src/holohover/install/rokubimini/lib:/home/acl3-ubuntu/holohover_ws/src/holohover/install/bota_worker/lib:/home/acl3-ubuntu/holohover_ws/src/holohover/install/bota_signal_handler/lib:${LD_LIBRARY_PATH} /usr/bin/cmake --build /home/acl3-ubuntu/holohover_ws/src/holohover/build/rokubimini_bus_manager -- -j8 -l8
[3.086s] [ 50%] [32mBuilding CXX object CMakeFiles/rokubimini_bus_manager.dir/src/rokubimini_bus_manager/BusManager.cpp.o[0m
[9.848s] [100%] [32m[1mLinking CXX static library librokubimini_bus_manager.a[0m
[9.913s] [100%] Built target rokubimini_bus_manager
[9.924s] Invoked command in '/home/acl3-ubuntu/holohover_ws/src/holohover/build/rokubimini_bus_manager' returned '0': AMENT_PREFIX_PATH=/home/acl3-ubuntu/holohover_ws/src/holohover/install/bota_node:/home/acl3-ubuntu/holohover_ws/src/holohover/install/rokubimini:/home/acl3-ubuntu/holohover_ws/src/holohover/install/bota_worker:/home/acl3-ubuntu/holohover_ws/src/holohover/install/bota_signal_handler:${AMENT_PREFIX_PATH} CMAKE_PREFIX_PATH=/home/acl3-ubuntu/holohover_ws/src/holohover/install/bota_node:/home/acl3-ubuntu/holohover_ws/src/holohover/install/rokubimini:/home/acl3-ubuntu/holohover_ws/src/holohover/install/bota_worker:/home/acl3-ubuntu/holohover_ws/src/holohover/install/bota_signal_handler:/home/acl3-ubuntu/holohover_ws/install/bota_driver_testing:/home/acl3-ubuntu/holohover_ws/install/bota_driver:/home/acl3-ubuntu/holohover_ws/install/rokubimini_ethercat:/home/acl3-ubuntu/holohover_ws/install/soem:/home/acl3-ubuntu/holohover_ws/install/holohover_utils:/home/acl3-ubuntu/holohover_ws/install/holohover_gnc:/home/acl3-ubuntu/holohover_ws/install/ros_polympc:/home/acl3-ubuntu/holohover_ws/install/rokubimini_serial:/home/acl3-ubuntu/holohover_ws/install/rokubimini_msgs:/home/acl3-ubuntu/holohover_ws/install/rokubimini_description:/home/acl3-ubuntu/holohover_ws/install/rokubimini_bus_manager:/home/acl3-ubuntu/holohover_ws/install/rokubimini:/home/acl3-ubuntu/holohover_ws/install/mocap_optitrack:/home/acl3-ubuntu/holohover_ws/install/micro_ros_setup:/home/acl3-ubuntu/holohover_ws/install/micro_ros_agent:/home/acl3-ubuntu/holohover_ws/install/micro_ros_msgs:/home/acl3-ubuntu/holohover_ws/install/holohover_msgs:/home/acl3-ubuntu/holohover_ws/install/bota_node:/home/acl3-ubuntu/holohover_ws/install/bota_worker:/home/acl3-ubuntu/holohover_ws/install/bota_signal_handler:/opt/ros/humble LD_LIBRARY_PATH=/home/acl3-ubuntu/holohover_ws/src/holohover/install/bota_node/lib:/home/acl3-ubuntu/holohover_ws/src/holohover/install/rokubimini/lib:/home/acl3-ubuntu/holohover_ws/src/holohover/install/bota_worker/lib:/home/acl3-ubuntu/holohover_ws/src/holohover/install/bota_signal_handler/lib:${LD_LIBRARY_PATH} /usr/bin/cmake --build /home/acl3-ubuntu/holohover_ws/src/holohover/build/rokubimini_bus_manager -- -j8 -l8
[9.951s] Invoking command in '/home/acl3-ubuntu/holohover_ws/src/holohover/build/rokubimini_bus_manager': AMENT_PREFIX_PATH=/home/acl3-ubuntu/holohover_ws/src/holohover/install/bota_node:/home/acl3-ubuntu/holohover_ws/src/holohover/install/rokubimini:/home/acl3-ubuntu/holohover_ws/src/holohover/install/bota_worker:/home/acl3-ubuntu/holohover_ws/src/holohover/install/bota_signal_handler:${AMENT_PREFIX_PATH} CMAKE_PREFIX_PATH=/home/acl3-ubuntu/holohover_ws/src/holohover/install/bota_node:/home/acl3-ubuntu/holohover_ws/src/holohover/install/rokubimini:/home/acl3-ubuntu/holohover_ws/src/holohover/install/bota_worker:/home/acl3-ubuntu/holohover_ws/src/holohover/install/bota_signal_handler:/home/acl3-ubuntu/holohover_ws/install/bota_driver_testing:/home/acl3-ubuntu/holohover_ws/install/bota_driver:/home/acl3-ubuntu/holohover_ws/install/rokubimini_ethercat:/home/acl3-ubuntu/holohover_ws/install/soem:/home/acl3-ubuntu/holohover_ws/install/holohover_utils:/home/acl3-ubuntu/holohover_ws/install/holohover_gnc:/home/acl3-ubuntu/holohover_ws/install/ros_polympc:/home/acl3-ubuntu/holohover_ws/install/rokubimini_serial:/home/acl3-ubuntu/holohover_ws/install/rokubimini_msgs:/home/acl3-ubuntu/holohover_ws/install/rokubimini_description:/home/acl3-ubuntu/holohover_ws/install/rokubimini_bus_manager:/home/acl3-ubuntu/holohover_ws/install/rokubimini:/home/acl3-ubuntu/holohover_ws/install/mocap_optitrack:/home/acl3-ubuntu/holohover_ws/install/micro_ros_setup:/home/acl3-ubuntu/holohover_ws/install/micro_ros_agent:/home/acl3-ubuntu/holohover_ws/install/micro_ros_msgs:/home/acl3-ubuntu/holohover_ws/install/holohover_msgs:/home/acl3-ubuntu/holohover_ws/install/bota_node:/home/acl3-ubuntu/holohover_ws/install/bota_worker:/home/acl3-ubuntu/holohover_ws/install/bota_signal_handler:/opt/ros/humble LD_LIBRARY_PATH=/home/acl3-ubuntu/holohover_ws/src/holohover/install/bota_node/lib:/home/acl3-ubuntu/holohover_ws/src/holohover/install/rokubimini/lib:/home/acl3-ubuntu/holohover_ws/src/holohover/install/bota_worker/lib:/home/acl3-ubuntu/holohover_ws/src/holohover/install/bota_signal_handler/lib:${LD_LIBRARY_PATH} /usr/bin/cmake --install /home/acl3-ubuntu/holohover_ws/src/holohover/build/rokubimini_bus_manager
[9.959s] -- Install configuration: ""
[9.960s] -- Installing: /home/acl3-ubuntu/holohover_ws/src/holohover/install/rokubimini_bus_manager/lib/librokubimini_bus_manager.a
[9.960s] -- Installing: /home/acl3-ubuntu/holohover_ws/src/holohover/install/rokubimini_bus_manager/include/rokubimini_bus_manager
[9.960s] -- Installing: /home/acl3-ubuntu/holohover_ws/src/holohover/install/rokubimini_bus_manager/include/rokubimini_bus_manager/BusManager.hpp
[9.960s] -- Installing: /home/acl3-ubuntu/holohover_ws/src/holohover/install/rokubimini_bus_manager/share/rokubimini_bus_manager/environment/library_path.sh
[9.961s] -- Installing: /home/acl3-ubuntu/holohover_ws/src/holohover/install/rokubimini_bus_manager/share/rokubimini_bus_manager/environment/library_path.dsv
[9.961s] -- Installing: /home/acl3-ubuntu/holohover_ws/src/holohover/install/rokubimini_bus_manager/share/ament_index/resource_index/package_run_dependencies/rokubimini_bus_manager
[9.961s] -- Installing: /home/acl3-ubuntu/holohover_ws/src/holohover/install/rokubimini_bus_manager/share/ament_index/resource_index/parent_prefix_path/rokubimini_bus_manager
[9.962s] -- Installing: /home/acl3-ubuntu/holohover_ws/src/holohover/install/rokubimini_bus_manager/share/rokubimini_bus_manager/environment/ament_prefix_path.sh
[9.962s] -- Installing: /home/acl3-ubuntu/holohover_ws/src/holohover/install/rokubimini_bus_manager/share/rokubimini_bus_manager/environment/ament_prefix_path.dsv
[9.962s] -- Installing: /home/acl3-ubuntu/holohover_ws/src/holohover/install/rokubimini_bus_manager/share/rokubimini_bus_manager/environment/path.sh
[9.962s] -- Installing: /home/acl3-ubuntu/holohover_ws/src/holohover/install/rokubimini_bus_manager/share/rokubimini_bus_manager/environment/path.dsv
[9.962s] -- Installing: /home/acl3-ubuntu/holohover_ws/src/holohover/install/rokubimini_bus_manager/share/rokubimini_bus_manager/local_setup.bash
[9.963s] -- Installing: /home/acl3-ubuntu/holohover_ws/src/holohover/install/rokubimini_bus_manager/share/rokubimini_bus_manager/local_setup.sh
[9.963s] -- Installing: /home/acl3-ubuntu/holohover_ws/src/holohover/install/rokubimini_bus_manager/share/rokubimini_bus_manager/local_setup.zsh
[9.963s] -- Installing: /home/acl3-ubuntu/holohover_ws/src/holohover/install/rokubimini_bus_manager/share/rokubimini_bus_manager/local_setup.dsv
[9.964s] -- Installing: /home/acl3-ubuntu/holohover_ws/src/holohover/install/rokubimini_bus_manager/share/rokubimini_bus_manager/package.dsv
[9.965s] -- Installing: /home/acl3-ubuntu/holohover_ws/src/holohover/install/rokubimini_bus_manager/share/ament_index/resource_index/packages/rokubimini_bus_manager
[9.965s] -- Installing: /home/acl3-ubuntu/holohover_ws/src/holohover/install/rokubimini_bus_manager/share/rokubimini_bus_manager/cmake/ament_cmake_export_dependencies-extras.cmake
[9.965s] -- Installing: /home/acl3-ubuntu/holohover_ws/src/holohover/install/rokubimini_bus_manager/share/rokubimini_bus_manager/cmake/ament_cmake_export_include_directories-extras.cmake
[9.965s] -- Installing: /home/acl3-ubuntu/holohover_ws/src/holohover/install/rokubimini_bus_manager/share/rokubimini_bus_manager/cmake/ament_cmake_export_libraries-extras.cmake
[9.966s] -- Installing: /home/acl3-ubuntu/holohover_ws/src/holohover/install/rokubimini_bus_manager/share/rokubimini_bus_manager/cmake/rokubimini_bus_managerConfig.cmake
[9.967s] -- Installing: /home/acl3-ubuntu/holohover_ws/src/holohover/install/rokubimini_bus_manager/share/rokubimini_bus_manager/cmake/rokubimini_bus_managerConfig-version.cmake
[9.971s] -- Installing: /home/acl3-ubuntu/holohover_ws/src/holohover/install/rokubimini_bus_manager/share/rokubimini_bus_manager/package.xml
[9.971s] Invoked command in '/home/acl3-ubuntu/holohover_ws/src/holohover/build/rokubimini_bus_manager' returned '0': AMENT_PREFIX_PATH=/home/acl3-ubuntu/holohover_ws/src/holohover/install/bota_node:/home/acl3-ubuntu/holohover_ws/src/holohover/install/rokubimini:/home/acl3-ubuntu/holohover_ws/src/holohover/install/bota_worker:/home/acl3-ubuntu/holohover_ws/src/holohover/install/bota_signal_handler:${AMENT_PREFIX_PATH} CMAKE_PREFIX_PATH=/home/acl3-ubuntu/holohover_ws/src/holohover/install/bota_node:/home/acl3-ubuntu/holohover_ws/src/holohover/install/rokubimini:/home/acl3-ubuntu/holohover_ws/src/holohover/install/bota_worker:/home/acl3-ubuntu/holohover_ws/src/holohover/install/bota_signal_handler:/home/acl3-ubuntu/holohover_ws/install/bota_driver_testing:/home/acl3-ubuntu/holohover_ws/install/bota_driver:/home/acl3-ubuntu/holohover_ws/install/rokubimini_ethercat:/home/acl3-ubuntu/holohover_ws/install/soem:/home/acl3-ubuntu/holohover_ws/install/holohover_utils:/home/acl3-ubuntu/holohover_ws/install/holohover_gnc:/home/acl3-ubuntu/holohover_ws/install/ros_polympc:/home/acl3-ubuntu/holohover_ws/install/rokubimini_serial:/home/acl3-ubuntu/holohover_ws/install/rokubimini_msgs:/home/acl3-ubuntu/holohover_ws/install/rokubimini_description:/home/acl3-ubuntu/holohover_ws/install/rokubimini_bus_manager:/home/acl3-ubuntu/holohover_ws/install/rokubimini:/home/acl3-ubuntu/holohover_ws/install/mocap_optitrack:/home/acl3-ubuntu/holohover_ws/install/micro_ros_setup:/home/acl3-ubuntu/holohover_ws/install/micro_ros_agent:/home/acl3-ubuntu/holohover_ws/install/micro_ros_msgs:/home/acl3-ubuntu/holohover_ws/install/holohover_msgs:/home/acl3-ubuntu/holohover_ws/install/bota_node:/home/acl3-ubuntu/holohover_ws/install/bota_worker:/home/acl3-ubuntu/holohover_ws/install/bota_signal_handler:/opt/ros/humble LD_LIBRARY_PATH=/home/acl3-ubuntu/holohover_ws/src/holohover/install/bota_node/lib:/home/acl3-ubuntu/holohover_ws/src/holohover/install/rokubimini/lib:/home/acl3-ubuntu/holohover_ws/src/holohover/install/bota_worker/lib:/home/acl3-ubuntu/holohover_ws/src/holohover/install/bota_signal_handler/lib:${LD_LIBRARY_PATH} /usr/bin/cmake --install /home/acl3-ubuntu/holohover_ws/src/holohover/build/rokubimini_bus_manager
