-- The C compiler identification is GNU 11.3.0
-- The CXX compiler identification is GNU 11.3.0
-- Detecting C compiler ABI info
-- Detecting C compiler ABI info - done
-- Check for working C compiler: /usr/bin/cc - skipped
-- Detecting C compile features
-- Detecting C compile features - done
-- Detecting CXX compiler ABI info
-- Detecting CXX compiler ABI info - done
-- Check for working CXX compiler: /usr/bin/c++ - skipped
-- Detecting CXX compile features
-- Detecting CXX compile features - done
-- Found ament_cmake: 1.3.3 (/opt/ros/humble/share/ament_cmake/cmake)
-- Found Python3: /usr/bin/python3.10 (found version "3.10.6") found components: Interpreter 
-- Found rclcpp: 16.0.3 (/opt/ros/humble/share/rclcpp/cmake)
-- Found rosidl_generator_c: 3.1.4 (/opt/ros/humble/share/rosidl_generator_c/cmake)
-- Found rosidl_adapter: 3.1.4 (/opt/ros/humble/share/rosidl_adapter/cmake)
-- Found rosidl_generator_cpp: 3.1.4 (/opt/ros/humble/share/rosidl_generator_cpp/cmake)
-- Using all available rosidl_typesupport_c: rosidl_typesupport_fastrtps_c;rosidl_typesupport_introspection_c
-- Using all available rosidl_typesupport_cpp: rosidl_typesupport_fastrtps_cpp;rosidl_typesupport_introspection_cpp
-- Found rmw_implementation_cmake: 6.1.1 (/opt/ros/humble/share/rmw_implementation_cmake/cmake)
-- Found rmw_fastrtps_cpp: 6.2.2 (/opt/ros/humble/share/rmw_fastrtps_cpp/cmake)
-- Found OpenSSL: /usr/lib/x86_64-linux-gnu/libcrypto.so (found version "3.0.2")  
-- Found FastRTPS: /opt/ros/humble/include  
-- Using RMW implementation 'rmw_fastrtps_cpp' as default
-- Looking for pthread.h
-- Looking for pthread.h - found
-- Performing Test CMAKE_HAVE_LIBC_PTHREAD
-- Performing Test CMAKE_HAVE_LIBC_PTHREAD - Success
-- Found Threads: TRUE  
-- Found ament_cmake_gtest: 1.3.3 (/opt/ros/humble/share/ament_cmake_gtest/cmake)
-- Found gtest sources under '/opt/ros/humble/src/gtest_vendor': C++ tests using 'Google Test' will be built
-- Configuring done
-- Generating done
-- Build files have been written to: /home/acl3-ubuntu/holohover_ws/src/holohover/build/bota_worker
[  9%] [32mBuilding CXX object gtest/CMakeFiles/gtest_main.dir/src/gtest_main.cc.o[0m
[ 18%] [32mBuilding CXX object CMakeFiles/bota_worker.dir/src/Rate.cpp.o[0m
[ 27%] [32mBuilding CXX object CMakeFiles/bota_worker.dir/src/Worker.cpp.o[0m
[ 36%] [32mBuilding CXX object CMakeFiles/bota_worker.dir/src/WorkerManager.cpp.o[0m
[ 45%] [32mBuilding CXX object gtest/CMakeFiles/gtest.dir/src/gtest-all.cc.o[0m
[ 54%] [32m[1mLinking CXX static library libgtest_main.a[0m
[ 54%] Built target gtest_main
[ 63%] [32m[1mLinking CXX static library libgtest.a[0m
[ 63%] Built target gtest
[ 72%] [32m[1mLinking CXX static library libbota_worker.a[0m
[ 72%] Built target bota_worker
[ 81%] [32mBuilding CXX object CMakeFiles/test_bota_worker.dir/test/bota_worker_test.cpp.o[0m
[ 90%] [32mBuilding CXX object CMakeFiles/test_bota_worker.dir/test/RateTest.cpp.o[0m
[100%] [32m[1mLinking CXX executable test_bota_worker[0m
[100%] Built target test_bota_worker
-- Install configuration: ""
-- Installing: /home/acl3-ubuntu/holohover_ws/src/holohover/install/bota_worker/include/bota_worker
-- Installing: /home/acl3-ubuntu/holohover_ws/src/holohover/install/bota_worker/include/bota_worker/WorkerEvent.hpp
-- Installing: /home/acl3-ubuntu/holohover_ws/src/holohover/install/bota_worker/include/bota_worker/WorkerOptions.hpp
-- Installing: /home/acl3-ubuntu/holohover_ws/src/holohover/install/bota_worker/include/bota_worker/Rate.hpp
-- Installing: /home/acl3-ubuntu/holohover_ws/src/holohover/install/bota_worker/include/bota_worker/RateOptions.hpp
-- Installing: /home/acl3-ubuntu/holohover_ws/src/holohover/install/bota_worker/include/bota_worker/Worker.hpp
-- Installing: /home/acl3-ubuntu/holohover_ws/src/holohover/install/bota_worker/include/bota_worker/WorkerManager.hpp
-- Installing: /home/acl3-ubuntu/holohover_ws/src/holohover/install/bota_worker/lib/libbota_worker.a
-- Installing: /home/acl3-ubuntu/holohover_ws/src/holohover/install/bota_worker/share/bota_worker/environment/library_path.sh
-- Installing: /home/acl3-ubuntu/holohover_ws/src/holohover/install/bota_worker/share/bota_worker/environment/library_path.dsv
-- Installing: /home/acl3-ubuntu/holohover_ws/src/holohover/install/bota_worker/share/ament_index/resource_index/package_run_dependencies/bota_worker
-- Installing: /home/acl3-ubuntu/holohover_ws/src/holohover/install/bota_worker/share/ament_index/resource_index/parent_prefix_path/bota_worker
-- Installing: /home/acl3-ubuntu/holohover_ws/src/holohover/install/bota_worker/share/bota_worker/environment/ament_prefix_path.sh
-- Installing: /home/acl3-ubuntu/holohover_ws/src/holohover/install/bota_worker/share/bota_worker/environment/ament_prefix_path.dsv
-- Installing: /home/acl3-ubuntu/holohover_ws/src/holohover/install/bota_worker/share/bota_worker/environment/path.sh
-- Installing: /home/acl3-ubuntu/holohover_ws/src/holohover/install/bota_worker/share/bota_worker/environment/path.dsv
-- Installing: /home/acl3-ubuntu/holohover_ws/src/holohover/install/bota_worker/share/bota_worker/local_setup.bash
-- Installing: /home/acl3-ubuntu/holohover_ws/src/holohover/install/bota_worker/share/bota_worker/local_setup.sh
-- Installing: /home/acl3-ubuntu/holohover_ws/src/holohover/install/bota_worker/share/bota_worker/local_setup.zsh
-- Installing: /home/acl3-ubuntu/holohover_ws/src/holohover/install/bota_worker/share/bota_worker/local_setup.dsv
-- Installing: /home/acl3-ubuntu/holohover_ws/src/holohover/install/bota_worker/share/bota_worker/package.dsv
-- Installing: /home/acl3-ubuntu/holohover_ws/src/holohover/install/bota_worker/share/ament_index/resource_index/packages/bota_worker
-- Installing: /home/acl3-ubuntu/holohover_ws/src/holohover/install/bota_worker/share/bota_worker/cmake/ament_cmake_export_dependencies-extras.cmake
-- Installing: /home/acl3-ubuntu/holohover_ws/src/holohover/install/bota_worker/share/bota_worker/cmake/ament_cmake_export_include_directories-extras.cmake
-- Installing: /home/acl3-ubuntu/holohover_ws/src/holohover/install/bota_worker/share/bota_worker/cmake/ament_cmake_export_libraries-extras.cmake
-- Installing: /home/acl3-ubuntu/holohover_ws/src/holohover/install/bota_worker/share/bota_worker/cmake/bota_workerConfig.cmake
-- Installing: /home/acl3-ubuntu/holohover_ws/src/holohover/install/bota_worker/share/bota_worker/cmake/bota_workerConfig-version.cmake
-- Installing: /home/acl3-ubuntu/holohover_ws/src/holohover/install/bota_worker/share/bota_worker/package.xml
