[0.064s] Invoking command in '/home/acl3-ubuntu/holohover_ws/src/holohover/build/bota_worker': CMAKE_PREFIX_PATH=${CMAKE_PREFIX_PATH}:/opt/ros/humble /usr/bin/cmake /home/acl3-ubuntu/holohover_ws/src/holohover/bota_driver/bota_node/bota_worker -DCMAKE_INSTALL_PREFIX=/home/acl3-ubuntu/holohover_ws/src/holohover/install/bota_worker
[0.154s] -- The C compiler identification is GNU 11.3.0
[0.255s] -- The CXX compiler identification is GNU 11.3.0
[0.266s] -- Detecting C compiler ABI info
[0.383s] -- Detecting C compiler ABI info - done
[0.396s] -- Check for working C compiler: /usr/bin/cc - skipped
[0.396s] -- Detecting C compile features
[0.397s] -- Detecting C compile features - done
[0.402s] -- Detecting CXX compiler ABI info
[0.559s] -- Detecting CXX compiler ABI info - done
[0.575s] -- Check for working CXX compiler: /usr/bin/c++ - skipped
[0.575s] -- Detecting CXX compile features
[0.576s] -- Detecting CXX compile features - done
[0.583s] -- Found ament_cmake: 1.3.3 (/opt/ros/humble/share/ament_cmake/cmake)
[0.950s] -- Found Python3: /usr/bin/python3.10 (found version "3.10.6") found components: Interpreter 
[1.126s] -- Found rclcpp: 16.0.3 (/opt/ros/humble/share/rclcpp/cmake)
[1.242s] -- Found rosidl_generator_c: 3.1.4 (/opt/ros/humble/share/rosidl_generator_c/cmake)
[1.254s] -- Found rosidl_adapter: 3.1.4 (/opt/ros/humble/share/rosidl_adapter/cmake)
[1.272s] -- Found rosidl_generator_cpp: 3.1.4 (/opt/ros/humble/share/rosidl_generator_cpp/cmake)
[1.302s] -- Using all available rosidl_typesupport_c: rosidl_typesupport_fastrtps_c;rosidl_typesupport_introspection_c
[1.346s] -- Using all available rosidl_typesupport_cpp: rosidl_typesupport_fastrtps_cpp;rosidl_typesupport_introspection_cpp
[1.487s] -- Found rmw_implementation_cmake: 6.1.1 (/opt/ros/humble/share/rmw_implementation_cmake/cmake)
[1.495s] -- Found rmw_fastrtps_cpp: 6.2.2 (/opt/ros/humble/share/rmw_fastrtps_cpp/cmake)
[1.684s] -- Found OpenSSL: /usr/lib/x86_64-linux-gnu/libcrypto.so (found version "3.0.2")  
[1.763s] -- Found FastRTPS: /opt/ros/humble/include  
[1.949s] -- Using RMW implementation 'rmw_fastrtps_cpp' as default
[2.001s] -- Looking for pthread.h
[2.236s] -- Looking for pthread.h - found
[2.237s] -- Performing Test CMAKE_HAVE_LIBC_PTHREAD
[2.420s] -- Performing Test CMAKE_HAVE_LIBC_PTHREAD - Success
[2.422s] -- Found Threads: TRUE  
[2.855s] -- Found ament_cmake_gtest: 1.3.3 (/opt/ros/humble/share/ament_cmake_gtest/cmake)
[2.860s] -- Found gtest sources under '/opt/ros/humble/src/gtest_vendor': C++ tests using 'Google Test' will be built
[2.976s] -- Configuring done
[2.992s] -- Generating done
[2.993s] -- Build files have been written to: /home/acl3-ubuntu/holohover_ws/src/holohover/build/bota_worker
[3.008s] Invoked command in '/home/acl3-ubuntu/holohover_ws/src/holohover/build/bota_worker' returned '0': CMAKE_PREFIX_PATH=${CMAKE_PREFIX_PATH}:/opt/ros/humble /usr/bin/cmake /home/acl3-ubuntu/holohover_ws/src/holohover/bota_driver/bota_node/bota_worker -DCMAKE_INSTALL_PREFIX=/home/acl3-ubuntu/holohover_ws/src/holohover/install/bota_worker
[3.025s] Invoking command in '/home/acl3-ubuntu/holohover_ws/src/holohover/build/bota_worker': CMAKE_PREFIX_PATH=${CMAKE_PREFIX_PATH}:/opt/ros/humble /usr/bin/cmake --build /home/acl3-ubuntu/holohover_ws/src/holohover/build/bota_worker -- -j8 -l8
[3.125s] [  9%] [32mBuilding CXX object gtest/CMakeFiles/gtest_main.dir/src/gtest_main.cc.o[0m
[3.132s] [ 18%] [32mBuilding CXX object CMakeFiles/bota_worker.dir/src/Rate.cpp.o[0m
[3.138s] [ 27%] [32mBuilding CXX object CMakeFiles/bota_worker.dir/src/Worker.cpp.o[0m
[3.142s] [ 36%] [32mBuilding CXX object CMakeFiles/bota_worker.dir/src/WorkerManager.cpp.o[0m
[3.233s] [ 45%] [32mBuilding CXX object gtest/CMakeFiles/gtest.dir/src/gtest-all.cc.o[0m
[6.405s] [ 54%] [32m[1mLinking CXX static library libgtest_main.a[0m
[6.841s] [ 54%] Built target gtest_main
[21.203s] [ 63%] [32m[1mLinking CXX static library libgtest.a[0m
[22.078s] [ 63%] Built target gtest
[23.466s] [ 72%] [32m[1mLinking CXX static library libbota_worker.a[0m
[23.660s] [ 72%] Built target bota_worker
[23.790s] [ 81%] [32mBuilding CXX object CMakeFiles/test_bota_worker.dir/test/bota_worker_test.cpp.o[0m
[25.654s] [ 90%] [32mBuilding CXX object CMakeFiles/test_bota_worker.dir/test/RateTest.cpp.o[0m
[27.832s] [100%] [32m[1mLinking CXX executable test_bota_worker[0m
[28.173s] [100%] Built target test_bota_worker
[28.189s] Invoked command in '/home/acl3-ubuntu/holohover_ws/src/holohover/build/bota_worker' returned '0': CMAKE_PREFIX_PATH=${CMAKE_PREFIX_PATH}:/opt/ros/humble /usr/bin/cmake --build /home/acl3-ubuntu/holohover_ws/src/holohover/build/bota_worker -- -j8 -l8
[28.254s] Invoking command in '/home/acl3-ubuntu/holohover_ws/src/holohover/build/bota_worker': CMAKE_PREFIX_PATH=${CMAKE_PREFIX_PATH}:/opt/ros/humble /usr/bin/cmake --install /home/acl3-ubuntu/holohover_ws/src/holohover/build/bota_worker
[28.266s] -- Install configuration: ""
[28.267s] -- Installing: /home/acl3-ubuntu/holohover_ws/src/holohover/install/bota_worker/include/bota_worker
[28.267s] -- Installing: /home/acl3-ubuntu/holohover_ws/src/holohover/install/bota_worker/include/bota_worker/WorkerEvent.hpp
[28.267s] -- Installing: /home/acl3-ubuntu/holohover_ws/src/holohover/install/bota_worker/include/bota_worker/WorkerOptions.hpp
[28.267s] -- Installing: /home/acl3-ubuntu/holohover_ws/src/holohover/install/bota_worker/include/bota_worker/Rate.hpp
[28.268s] -- Installing: /home/acl3-ubuntu/holohover_ws/src/holohover/install/bota_worker/include/bota_worker/RateOptions.hpp
[28.268s] -- Installing: /home/acl3-ubuntu/holohover_ws/src/holohover/install/bota_worker/include/bota_worker/Worker.hpp
[28.268s] -- Installing: /home/acl3-ubuntu/holohover_ws/src/holohover/install/bota_worker/include/bota_worker/WorkerManager.hpp
[28.268s] -- Installing: /home/acl3-ubuntu/holohover_ws/src/holohover/install/bota_worker/lib/libbota_worker.a
[28.269s] -- Installing: /home/acl3-ubuntu/holohover_ws/src/holohover/install/bota_worker/share/bota_worker/environment/library_path.sh
[28.269s] -- Installing: /home/acl3-ubuntu/holohover_ws/src/holohover/install/bota_worker/share/bota_worker/environment/library_path.dsv
[28.269s] -- Installing: /home/acl3-ubuntu/holohover_ws/src/holohover/install/bota_worker/share/ament_index/resource_index/package_run_dependencies/bota_worker
[28.269s] -- Installing: /home/acl3-ubuntu/holohover_ws/src/holohover/install/bota_worker/share/ament_index/resource_index/parent_prefix_path/bota_worker
[28.270s] -- Installing: /home/acl3-ubuntu/holohover_ws/src/holohover/install/bota_worker/share/bota_worker/environment/ament_prefix_path.sh
[28.270s] -- Installing: /home/acl3-ubuntu/holohover_ws/src/holohover/install/bota_worker/share/bota_worker/environment/ament_prefix_path.dsv
[28.270s] -- Installing: /home/acl3-ubuntu/holohover_ws/src/holohover/install/bota_worker/share/bota_worker/environment/path.sh
[28.270s] -- Installing: /home/acl3-ubuntu/holohover_ws/src/holohover/install/bota_worker/share/bota_worker/environment/path.dsv
[28.270s] -- Installing: /home/acl3-ubuntu/holohover_ws/src/holohover/install/bota_worker/share/bota_worker/local_setup.bash
[28.271s] -- Installing: /home/acl3-ubuntu/holohover_ws/src/holohover/install/bota_worker/share/bota_worker/local_setup.sh
[28.271s] -- Installing: /home/acl3-ubuntu/holohover_ws/src/holohover/install/bota_worker/share/bota_worker/local_setup.zsh
[28.271s] -- Installing: /home/acl3-ubuntu/holohover_ws/src/holohover/install/bota_worker/share/bota_worker/local_setup.dsv
[28.271s] -- Installing: /home/acl3-ubuntu/holohover_ws/src/holohover/install/bota_worker/share/bota_worker/package.dsv
[28.271s] -- Installing: /home/acl3-ubuntu/holohover_ws/src/holohover/install/bota_worker/share/ament_index/resource_index/packages/bota_worker
[28.272s] -- Installing: /home/acl3-ubuntu/holohover_ws/src/holohover/install/bota_worker/share/bota_worker/cmake/ament_cmake_export_dependencies-extras.cmake
[28.273s] -- Installing: /home/acl3-ubuntu/holohover_ws/src/holohover/install/bota_worker/share/bota_worker/cmake/ament_cmake_export_include_directories-extras.cmake
[28.273s] -- Installing: /home/acl3-ubuntu/holohover_ws/src/holohover/install/bota_worker/share/bota_worker/cmake/ament_cmake_export_libraries-extras.cmake
[28.273s] -- Installing: /home/acl3-ubuntu/holohover_ws/src/holohover/install/bota_worker/share/bota_worker/cmake/bota_workerConfig.cmake
[28.273s] -- Installing: /home/acl3-ubuntu/holohover_ws/src/holohover/install/bota_worker/share/bota_worker/cmake/bota_workerConfig-version.cmake
[28.273s] -- Installing: /home/acl3-ubuntu/holohover_ws/src/holohover/install/bota_worker/share/bota_worker/package.xml
[28.280s] Invoked command in '/home/acl3-ubuntu/holohover_ws/src/holohover/build/bota_worker' returned '0': CMAKE_PREFIX_PATH=${CMAKE_PREFIX_PATH}:/opt/ros/humble /usr/bin/cmake --install /home/acl3-ubuntu/holohover_ws/src/holohover/build/bota_worker
