[  0%] Built target ament_cmake_python_copy_holohover_utils
[ 50%] Built target optitrack_interface
[100%] Built target rviz_interface
running egg_info
writing holohover_utils.egg-info/PKG-INFO
writing dependency_links to holohover_utils.egg-info/dependency_links.txt
writing top-level names to holohover_utils.egg-info/top_level.txt
reading manifest file 'holohover_utils.egg-info/SOURCES.txt'
writing manifest file 'holohover_utils.egg-info/SOURCES.txt'
[100%] Built target ament_cmake_python_build_holohover_utils_egg
-- Install configuration: ""
-- Up-to-date: /home/acl3-ubuntu/holohover_ws/src/holohover/install/holohover_utils/share/holohover_utils/environment/pythonpath.sh
-- Up-to-date: /home/acl3-ubuntu/holohover_ws/src/holohover/install/holohover_utils/share/holohover_utils/environment/pythonpath.dsv
-- Up-to-date: /home/acl3-ubuntu/holohover_ws/src/holohover/install/holohover_utils/local/lib/python3.10/dist-packages/holohover_utils-0.0.0-py3.10.egg-info
-- Installing: /home/acl3-ubuntu/holohover_ws/src/holohover/install/holohover_utils/local/lib/python3.10/dist-packages/holohover_utils-0.0.0-py3.10.egg-info/top_level.txt
-- Installing: /home/acl3-ubuntu/holohover_ws/src/holohover/install/holohover_utils/local/lib/python3.10/dist-packages/holohover_utils-0.0.0-py3.10.egg-info/dependency_links.txt
-- Installing: /home/acl3-ubuntu/holohover_ws/src/holohover/install/holohover_utils/local/lib/python3.10/dist-packages/holohover_utils-0.0.0-py3.10.egg-info/SOURCES.txt
-- Installing: /home/acl3-ubuntu/holohover_ws/src/holohover/install/holohover_utils/local/lib/python3.10/dist-packages/holohover_utils-0.0.0-py3.10.egg-info/PKG-INFO
-- Up-to-date: /home/acl3-ubuntu/holohover_ws/src/holohover/install/holohover_utils/local/lib/python3.10/dist-packages/holohover_utils
-- Up-to-date: /home/acl3-ubuntu/holohover_ws/src/holohover/install/holohover_utils/local/lib/python3.10/dist-packages/holohover_utils/holohover_ping.py
-- Up-to-date: /home/acl3-ubuntu/holohover_ws/src/holohover/install/holohover_utils/local/lib/python3.10/dist-packages/holohover_utils/__init__.py
Listing '/home/acl3-ubuntu/holohover_ws/src/holohover/install/holohover_utils/local/lib/python3.10/dist-packages/holohover_utils'...
-- Up-to-date: /home/acl3-ubuntu/holohover_ws/src/holohover/install/holohover_utils/share/holohover_utils/config
-- Up-to-date: /home/acl3-ubuntu/holohover_ws/src/holohover/install/holohover_utils/share/holohover_utils/config/mocap_config.yaml
-- Up-to-date: /home/acl3-ubuntu/holohover_ws/src/holohover/install/holohover_utils/share/holohover_utils/config/vrpn_config.yaml
-- Up-to-date: /home/acl3-ubuntu/holohover_ws/src/holohover/install/holohover_utils/share/holohover_utils/gui
-- Up-to-date: /home/acl3-ubuntu/holohover_ws/src/holohover/install/holohover_utils/share/holohover_utils/gui/estimator.perspective
-- Up-to-date: /home/acl3-ubuntu/holohover_ws/src/holohover/install/holohover_utils/share/holohover_utils/gui/holohover.stl
-- Up-to-date: /home/acl3-ubuntu/holohover_ws/src/holohover/install/holohover_utils/share/holohover_utils/gui/holohover_config.rviz
-- Up-to-date: /home/acl3-ubuntu/holohover_ws/src/holohover/install/holohover_utils/share/holohover_utils/gui/controller.perspective
-- Up-to-date: /home/acl3-ubuntu/holohover_ws/src/holohover/install/holohover_utils/share/holohover_utils/launch
-- Up-to-date: /home/acl3-ubuntu/holohover_ws/src/holohover/install/holohover_utils/share/holohover_utils/launch/exp_simulation_delayed.launch.py
-- Up-to-date: /home/acl3-ubuntu/holohover_ws/src/holohover/install/holohover_utils/share/holohover_utils/launch/holohover_optitrack.launch.py
-- Up-to-date: /home/acl3-ubuntu/holohover_ws/src/holohover/install/holohover_utils/share/holohover_utils/launch/exp_simulation.launch.py
-- Up-to-date: /home/acl3-ubuntu/holohover_ws/src/holohover/install/holohover_utils/share/holohover_utils/launch/micro_agent.launch.py
-- Up-to-date: /home/acl3-ubuntu/holohover_ws/src/holohover/install/holohover_utils/share/holohover_utils/launch/exp_holohover_optitrack.launch.py
-- Installing: /home/acl3-ubuntu/holohover_ws/src/holohover/install/holohover_utils/share/holohover_utils/launch/simulation.launch.py
-- Up-to-date: /home/acl3-ubuntu/holohover_ws/src/holohover/install/holohover_utils/share/holohover_utils/launch/signal_simulation.launch.py
-- Up-to-date: /home/acl3-ubuntu/holohover_ws/src/holohover/install/holohover_utils/share/holohover_utils/launch/__pycache__
-- Up-to-date: /home/acl3-ubuntu/holohover_ws/src/holohover/install/holohover_utils/share/holohover_utils/launch/__pycache__/simulation.launch.cpython-310.pyc
-- Up-to-date: /home/acl3-ubuntu/holohover_ws/src/holohover/install/holohover_utils/share/holohover_utils/launch/signal_holohover_optitrack.launch.py
-- Up-to-date: /home/acl3-ubuntu/holohover_ws/src/holohover/install/holohover_utils/lib/holohover_utils/rviz_interface
-- Up-to-date: /home/acl3-ubuntu/holohover_ws/src/holohover/install/holohover_utils/lib/holohover_utils/optitrack_interface
-- Up-to-date: /home/acl3-ubuntu/holohover_ws/src/holohover/install/holohover_utils/lib/holohover_utils/holohover_ping.py
-- Up-to-date: /home/acl3-ubuntu/holohover_ws/src/holohover/install/holohover_utils/share/ament_index/resource_index/package_run_dependencies/holohover_utils
-- Up-to-date: /home/acl3-ubuntu/holohover_ws/src/holohover/install/holohover_utils/share/ament_index/resource_index/parent_prefix_path/holohover_utils
-- Up-to-date: /home/acl3-ubuntu/holohover_ws/src/holohover/install/holohover_utils/share/holohover_utils/environment/ament_prefix_path.sh
-- Up-to-date: /home/acl3-ubuntu/holohover_ws/src/holohover/install/holohover_utils/share/holohover_utils/environment/ament_prefix_path.dsv
-- Up-to-date: /home/acl3-ubuntu/holohover_ws/src/holohover/install/holohover_utils/share/holohover_utils/environment/path.sh
-- Up-to-date: /home/acl3-ubuntu/holohover_ws/src/holohover/install/holohover_utils/share/holohover_utils/environment/path.dsv
-- Up-to-date: /home/acl3-ubuntu/holohover_ws/src/holohover/install/holohover_utils/share/holohover_utils/local_setup.bash
-- Up-to-date: /home/acl3-ubuntu/holohover_ws/src/holohover/install/holohover_utils/share/holohover_utils/local_setup.sh
-- Up-to-date: /home/acl3-ubuntu/holohover_ws/src/holohover/install/holohover_utils/share/holohover_utils/local_setup.zsh
-- Up-to-date: /home/acl3-ubuntu/holohover_ws/src/holohover/install/holohover_utils/share/holohover_utils/local_setup.dsv
-- Installing: /home/acl3-ubuntu/holohover_ws/src/holohover/install/holohover_utils/share/holohover_utils/package.dsv
-- Up-to-date: /home/acl3-ubuntu/holohover_ws/src/holohover/install/holohover_utils/share/ament_index/resource_index/packages/holohover_utils
-- Up-to-date: /home/acl3-ubuntu/holohover_ws/src/holohover/install/holohover_utils/share/holohover_utils/cmake/holohover_utilsConfig.cmake
-- Up-to-date: /home/acl3-ubuntu/holohover_ws/src/holohover/install/holohover_utils/share/holohover_utils/cmake/holohover_utilsConfig-version.cmake
-- Up-to-date: /home/acl3-ubuntu/holohover_ws/src/holohover/install/holohover_utils/share/holohover_utils/package.xml
