-- The C compiler identification is GNU 11.3.0
-- The CXX compiler identification is GNU 11.3.0
-- Detecting C compiler ABI info
-- Detecting C compiler ABI info - done
-- Check for working C compiler: /usr/bin/cc - skipped
-- Detecting C compile features
-- Detecting C compile features - done
-- Detecting CXX compiler ABI info
-- Detecting CXX compiler ABI info - done
-- Check for working CXX compiler: /usr/bin/c++ - skipped
-- Detecting CXX compile features
-- Detecting CXX compile features - done
-- Found ament_cmake: 1.3.3 (/opt/ros/humble/share/ament_cmake/cmake)
-- Found Python3: /usr/bin/python3.10 (found version "3.10.6") found components: Interpreter 
-- Found rokubimini: 0.6.1 (/home/acl3-ubuntu/holohover_ws/src/holohover/install/rokubimini/share/rokubimini/cmake)
-- Found rosidl_generator_c: 3.1.4 (/opt/ros/humble/share/rosidl_generator_c/cmake)
-- Found rosidl_adapter: 3.1.4 (/opt/ros/humble/share/rosidl_adapter/cmake)
-- Found rosidl_generator_cpp: 3.1.4 (/opt/ros/humble/share/rosidl_generator_cpp/cmake)
-- Using all available rosidl_typesupport_c: rosidl_typesupport_fastrtps_c;rosidl_typesupport_introspection_c
-- Using all available rosidl_typesupport_cpp: rosidl_typesupport_fastrtps_cpp;rosidl_typesupport_introspection_cpp
-- Found rmw_implementation_cmake: 6.1.1 (/opt/ros/humble/share/rmw_implementation_cmake/cmake)
-- Found rmw_fastrtps_cpp: 6.2.2 (/opt/ros/humble/share/rmw_fastrtps_cpp/cmake)
-- Found OpenSSL: /usr/lib/x86_64-linux-gnu/libcrypto.so (found version "3.0.2")  
-- Found FastRTPS: /opt/ros/humble/include  
-- Using RMW implementation 'rmw_fastrtps_cpp' as default
-- Looking for pthread.h
-- Looking for pthread.h - found
-- Performing Test CMAKE_HAVE_LIBC_PTHREAD
-- Performing Test CMAKE_HAVE_LIBC_PTHREAD - Success
-- Found Threads: TRUE  
-- Found rokubimini_bus_manager: 0.6.1 (/home/acl3-ubuntu/holohover_ws/src/holohover/install/rokubimini_bus_manager/share/rokubimini_bus_manager/cmake)
-- Found rokubimini_ethercat: 0.6.1 (/home/acl3-ubuntu/holohover_ws/src/holohover/install/rokubimini_ethercat/share/rokubimini_ethercat/cmake)
-- Found rokubimini_serial: 0.6.1 (/home/acl3-ubuntu/holohover_ws/src/holohover/install/rokubimini_serial/share/rokubimini_serial/cmake)
-- Configuring done
-- Generating done
-- Build files have been written to: /home/acl3-ubuntu/holohover_ws/src/holohover/build/bota_driver
-- Install configuration: ""
-- Installing: /home/acl3-ubuntu/holohover_ws/src/holohover/install/bota_driver/share/ament_index/resource_index/package_run_dependencies/bota_driver
-- Installing: /home/acl3-ubuntu/holohover_ws/src/holohover/install/bota_driver/share/ament_index/resource_index/parent_prefix_path/bota_driver
-- Installing: /home/acl3-ubuntu/holohover_ws/src/holohover/install/bota_driver/share/bota_driver/environment/ament_prefix_path.sh
-- Installing: /home/acl3-ubuntu/holohover_ws/src/holohover/install/bota_driver/share/bota_driver/environment/ament_prefix_path.dsv
-- Installing: /home/acl3-ubuntu/holohover_ws/src/holohover/install/bota_driver/share/bota_driver/environment/path.sh
-- Installing: /home/acl3-ubuntu/holohover_ws/src/holohover/install/bota_driver/share/bota_driver/environment/path.dsv
-- Installing: /home/acl3-ubuntu/holohover_ws/src/holohover/install/bota_driver/share/bota_driver/local_setup.bash
-- Installing: /home/acl3-ubuntu/holohover_ws/src/holohover/install/bota_driver/share/bota_driver/local_setup.sh
-- Installing: /home/acl3-ubuntu/holohover_ws/src/holohover/install/bota_driver/share/bota_driver/local_setup.zsh
-- Installing: /home/acl3-ubuntu/holohover_ws/src/holohover/install/bota_driver/share/bota_driver/local_setup.dsv
-- Installing: /home/acl3-ubuntu/holohover_ws/src/holohover/install/bota_driver/share/bota_driver/package.dsv
-- Installing: /home/acl3-ubuntu/holohover_ws/src/holohover/install/bota_driver/share/ament_index/resource_index/packages/bota_driver
-- Installing: /home/acl3-ubuntu/holohover_ws/src/holohover/install/bota_driver/share/bota_driver/cmake/bota_driverConfig.cmake
-- Installing: /home/acl3-ubuntu/holohover_ws/src/holohover/install/bota_driver/share/bota_driver/cmake/bota_driverConfig-version.cmake
-- Installing: /home/acl3-ubuntu/holohover_ws/src/holohover/install/bota_driver/share/bota_driver/package.xml
